<?xml version="1.0" encoding="UTF-8"?>
<testsuite xmlns:xsi="http://www.w3.org/2001/XMLSchema-instance" xsi:noNamespaceSchemaLocation="https://maven.apache.org/surefire/maven-surefire-plugin/xsd/surefire-test-report-3.0.xsd" version="3.0" name="TestSuite" time="48.711" tests="74" errors="0" skipped="19" failures="47">
  <properties>
    <property name="java.specification.version" value="18"/>
    <property name="sun.cpu.isalist" value="amd64"/>
    <property name="sun.jnu.encoding" value="Cp1252"/>
    <property name="java.class.path" value="C:\Users\AntonNastiukha\testTaskSpr\target\test-classes;C:\Users\AntonNastiukha\testTaskSpr\target\classes;C:\Users\AntonNastiukha\.m2\repository\org\testng\testng\7.9.0\testng-7.9.0.jar;C:\Users\AntonNastiukha\.m2\repository\com\beust\jcommander\1.82\jcommander-1.82.jar;C:\Users\AntonNastiukha\.m2\repository\org\webjars\jquery\3.7.1\jquery-3.7.1.jar;C:\Users\AntonNastiukha\.m2\repository\io\rest-assured\rest-assured\5.4.0\rest-assured-5.4.0.jar;C:\Users\AntonNastiukha\.m2\repository\org\apache\groovy\groovy\4.0.16\groovy-4.0.16.jar;C:\Users\AntonNastiukha\.m2\repository\org\apache\groovy\groovy-xml\4.0.16\groovy-xml-4.0.16.jar;C:\Users\AntonNastiukha\.m2\repository\org\apache\httpcomponents\httpclient\4.5.13\httpclient-4.5.13.jar;C:\Users\AntonNastiukha\.m2\repository\org\apache\httpcomponents\httpcore\4.4.13\httpcore-4.4.13.jar;C:\Users\AntonNastiukha\.m2\repository\commons-codec\commons-codec\1.11\commons-codec-1.11.jar;C:\Users\AntonNastiukha\.m2\repository\org\apache\httpcomponents\httpmime\4.5.13\httpmime-4.5.13.jar;C:\Users\AntonNastiukha\.m2\repository\org\hamcrest\hamcrest\2.2\hamcrest-2.2.jar;C:\Users\AntonNastiukha\.m2\repository\org\ccil\cowan\tagsoup\tagsoup\1.2.1\tagsoup-1.2.1.jar;C:\Users\AntonNastiukha\.m2\repository\io\rest-assured\json-path\5.4.0\json-path-5.4.0.jar;C:\Users\AntonNastiukha\.m2\repository\org\apache\groovy\groovy-json\4.0.16\groovy-json-4.0.16.jar;C:\Users\AntonNastiukha\.m2\repository\io\rest-assured\rest-assured-common\5.4.0\rest-assured-common-5.4.0.jar;C:\Users\AntonNastiukha\.m2\repository\io\rest-assured\xml-path\5.4.0\xml-path-5.4.0.jar;C:\Users\AntonNastiukha\.m2\repository\io\rest-assured\json-schema-validator\5.4.0\json-schema-validator-5.4.0.jar;C:\Users\AntonNastiukha\.m2\repository\com\github\java-json-tools\json-schema-validator\2.2.14\json-schema-validator-2.2.14.jar;C:\Users\AntonNastiukha\.m2\repository\com\github\java-json-tools\jackson-coreutils-equivalence\1.0\jackson-coreutils-equivalence-1.0.jar;C:\Users\AntonNastiukha\.m2\repository\com\github\java-json-tools\jackson-coreutils\2.0\jackson-coreutils-2.0.jar;C:\Users\AntonNastiukha\.m2\repository\com\github\java-json-tools\msg-simple\1.2\msg-simple-1.2.jar;C:\Users\AntonNastiukha\.m2\repository\com\github\java-json-tools\btf\1.3\btf-1.3.jar;C:\Users\AntonNastiukha\.m2\repository\com\github\java-json-tools\json-schema-core\1.2.14\json-schema-core-1.2.14.jar;C:\Users\AntonNastiukha\.m2\repository\com\github\java-json-tools\uri-template\0.10\uri-template-0.10.jar;C:\Users\AntonNastiukha\.m2\repository\org\mozilla\rhino\1.7.7.2\rhino-1.7.7.2.jar;C:\Users\AntonNastiukha\.m2\repository\com\sun\mail\mailapi\1.6.2\mailapi-1.6.2.jar;C:\Users\AntonNastiukha\.m2\repository\joda-time\joda-time\2.10.5\joda-time-2.10.5.jar;C:\Users\AntonNastiukha\.m2\repository\com\google\code\findbugs\jsr305\3.0.2\jsr305-3.0.2.jar;C:\Users\AntonNastiukha\.m2\repository\net\sf\jopt-simple\jopt-simple\5.0.4\jopt-simple-5.0.4.jar;C:\Users\AntonNastiukha\.m2\repository\com\google\guava\guava\32.0.1-jre\guava-32.0.1-jre.jar;C:\Users\AntonNastiukha\.m2\repository\com\google\guava\failureaccess\1.0.1\failureaccess-1.0.1.jar;C:\Users\AntonNastiukha\.m2\repository\com\google\guava\listenablefuture\9999.0-empty-to-avoid-conflict-with-guava\listenablefuture-9999.0-empty-to-avoid-conflict-with-guava.jar;C:\Users\AntonNastiukha\.m2\repository\org\checkerframework\checker-qual\3.33.0\checker-qual-3.33.0.jar;C:\Users\AntonNastiukha\.m2\repository\com\google\errorprone\error_prone_annotations\2.18.0\error_prone_annotations-2.18.0.jar;C:\Users\AntonNastiukha\.m2\repository\com\google\j2objc\j2objc-annotations\2.8\j2objc-annotations-2.8.jar;C:\Users\AntonNastiukha\.m2\repository\com\fasterxml\jackson\core\jackson-databind\2.17.2\jackson-databind-2.17.2.jar;C:\Users\AntonNastiukha\.m2\repository\com\fasterxml\jackson\core\jackson-annotations\2.17.2\jackson-annotations-2.17.2.jar;C:\Users\AntonNastiukha\.m2\repository\com\fasterxml\jackson\core\jackson-core\2.17.2\jackson-core-2.17.2.jar;C:\Users\AntonNastiukha\.m2\repository\org\slf4j\slf4j-api\2.0.12\slf4j-api-2.0.12.jar;C:\Users\AntonNastiukha\.m2\repository\org\apache\logging\log4j\log4j-api\2.23.1\log4j-api-2.23.1.jar;C:\Users\AntonNastiukha\.m2\repository\org\apache\logging\log4j\log4j-core\2.23.1\log4j-core-2.23.1.jar;C:\Users\AntonNastiukha\.m2\repository\org\apache\logging\log4j\log4j-slf4j2-impl\2.23.1\log4j-slf4j2-impl-2.23.1.jar;C:\Users\AntonNastiukha\.m2\repository\io\qameta\allure\allure-testng\2.29.1\allure-testng-2.29.1.jar;C:\Users\AntonNastiukha\.m2\repository\io\qameta\allure\allure-java-commons\2.29.1\allure-java-commons-2.29.1.jar;C:\Users\AntonNastiukha\.m2\repository\io\qameta\allure\allure-model\2.29.1\allure-model-2.29.1.jar;C:\Users\AntonNastiukha\.m2\repository\io\qameta\allure\allure-test-filter\2.29.1\allure-test-filter-2.29.1.jar;C:\Users\AntonNastiukha\.m2\repository\io\qameta\allure\allure-rest-assured\2.29.0\allure-rest-assured-2.29.0.jar;C:\Users\AntonNastiukha\.m2\repository\io\qameta\allure\allure-attachments\2.29.0\allure-attachments-2.29.0.jar;C:\Users\AntonNastiukha\.m2\repository\org\freemarker\freemarker\2.3.33\freemarker-2.3.33.jar;C:\Users\AntonNastiukha\.m2\repository\org\apache\commons\commons-configuration2\2.10.1\commons-configuration2-2.10.1.jar;C:\Users\AntonNastiukha\.m2\repository\org\apache\commons\commons-lang3\3.14.0\commons-lang3-3.14.0.jar;C:\Users\AntonNastiukha\.m2\repository\org\apache\commons\commons-text\1.11.0\commons-text-1.11.0.jar;C:\Users\AntonNastiukha\.m2\repository\commons-logging\commons-logging\1.3.0\commons-logging-1.3.0.jar;C:\Users\AntonNastiukha\.m2\repository\commons-beanutils\commons-beanutils\1.9.4\commons-beanutils-1.9.4.jar;C:\Users\AntonNastiukha\.m2\repository\commons-collections\commons-collections\3.2.2\commons-collections-3.2.2.jar;C:\Users\AntonNastiukha\.m2\repository\org\aeonbits\owner\owner\1.0.12\owner-1.0.12.jar;C:\Users\AntonNastiukha\.m2\repository\net\datafaker\datafaker\2.3.1\datafaker-2.3.1.jar;C:\Users\AntonNastiukha\.m2\repository\org\yaml\snakeyaml\2.2\snakeyaml-2.2.jar;C:\Users\AntonNastiukha\.m2\repository\com\github\curious-odd-man\rgxgen\2.0\rgxgen-2.0.jar;C:\Users\AntonNastiukha\.m2\repository\com\googlecode\libphonenumber\libphonenumber\8.13.41\libphonenumber-8.13.41.jar;"/>
    <property name="java.vm.vendor" value="Oracle Corporation"/>
    <property name="sun.arch.data.model" value="64"/>
    <property name="user.variant" value=""/>
    <property name="java.vendor.url" value="https://java.oracle.com/"/>
    <property name="user.timezone" value="Europe/Istanbul"/>
    <property name="os.name" value="Windows 11"/>
    <property name="java.vm.specification.version" value="18"/>
    <property name="sun.java.launcher" value="SUN_STANDARD"/>
    <property name="user.country" value="US"/>
    <property name="sun.boot.library.path" value="C:\Program Files\Java\jdk-18.0.2.1\bin"/>
    <property name="sun.java.command" value="C:\Users\AntonNastiukha\AppData\Local\Temp\surefire14358916033234842766\surefirebooter-20250810200740020_3.jar C:\Users\AntonNastiukha\AppData\Local\Temp\surefire14358916033234842766 2025-08-10T20-07-39_648-jvmRun1 surefire-20250810200740020_1tmp surefire_0-20250810200740020_2tmp"/>
    <property name="jdk.debug" value="release"/>
    <property name="surefire.test.class.path" value="C:\Users\AntonNastiukha\testTaskSpr\target\test-classes;C:\Users\AntonNastiukha\testTaskSpr\target\classes;C:\Users\AntonNastiukha\.m2\repository\org\testng\testng\7.9.0\testng-7.9.0.jar;C:\Users\AntonNastiukha\.m2\repository\com\beust\jcommander\1.82\jcommander-1.82.jar;C:\Users\AntonNastiukha\.m2\repository\org\webjars\jquery\3.7.1\jquery-3.7.1.jar;C:\Users\AntonNastiukha\.m2\repository\io\rest-assured\rest-assured\5.4.0\rest-assured-5.4.0.jar;C:\Users\AntonNastiukha\.m2\repository\org\apache\groovy\groovy\4.0.16\groovy-4.0.16.jar;C:\Users\AntonNastiukha\.m2\repository\org\apache\groovy\groovy-xml\4.0.16\groovy-xml-4.0.16.jar;C:\Users\AntonNastiukha\.m2\repository\org\apache\httpcomponents\httpclient\4.5.13\httpclient-4.5.13.jar;C:\Users\AntonNastiukha\.m2\repository\org\apache\httpcomponents\httpcore\4.4.13\httpcore-4.4.13.jar;C:\Users\AntonNastiukha\.m2\repository\commons-codec\commons-codec\1.11\commons-codec-1.11.jar;C:\Users\AntonNastiukha\.m2\repository\org\apache\httpcomponents\httpmime\4.5.13\httpmime-4.5.13.jar;C:\Users\AntonNastiukha\.m2\repository\org\hamcrest\hamcrest\2.2\hamcrest-2.2.jar;C:\Users\AntonNastiukha\.m2\repository\org\ccil\cowan\tagsoup\tagsoup\1.2.1\tagsoup-1.2.1.jar;C:\Users\AntonNastiukha\.m2\repository\io\rest-assured\json-path\5.4.0\json-path-5.4.0.jar;C:\Users\AntonNastiukha\.m2\repository\org\apache\groovy\groovy-json\4.0.16\groovy-json-4.0.16.jar;C:\Users\AntonNastiukha\.m2\repository\io\rest-assured\rest-assured-common\5.4.0\rest-assured-common-5.4.0.jar;C:\Users\AntonNastiukha\.m2\repository\io\rest-assured\xml-path\5.4.0\xml-path-5.4.0.jar;C:\Users\AntonNastiukha\.m2\repository\io\rest-assured\json-schema-validator\5.4.0\json-schema-validator-5.4.0.jar;C:\Users\AntonNastiukha\.m2\repository\com\github\java-json-tools\json-schema-validator\2.2.14\json-schema-validator-2.2.14.jar;C:\Users\AntonNastiukha\.m2\repository\com\github\java-json-tools\jackson-coreutils-equivalence\1.0\jackson-coreutils-equivalence-1.0.jar;C:\Users\AntonNastiukha\.m2\repository\com\github\java-json-tools\jackson-coreutils\2.0\jackson-coreutils-2.0.jar;C:\Users\AntonNastiukha\.m2\repository\com\github\java-json-tools\msg-simple\1.2\msg-simple-1.2.jar;C:\Users\AntonNastiukha\.m2\repository\com\github\java-json-tools\btf\1.3\btf-1.3.jar;C:\Users\AntonNastiukha\.m2\repository\com\github\java-json-tools\json-schema-core\1.2.14\json-schema-core-1.2.14.jar;C:\Users\AntonNastiukha\.m2\repository\com\github\java-json-tools\uri-template\0.10\uri-template-0.10.jar;C:\Users\AntonNastiukha\.m2\repository\org\mozilla\rhino\1.7.7.2\rhino-1.7.7.2.jar;C:\Users\AntonNastiukha\.m2\repository\com\sun\mail\mailapi\1.6.2\mailapi-1.6.2.jar;C:\Users\AntonNastiukha\.m2\repository\joda-time\joda-time\2.10.5\joda-time-2.10.5.jar;C:\Users\AntonNastiukha\.m2\repository\com\google\code\findbugs\jsr305\3.0.2\jsr305-3.0.2.jar;C:\Users\AntonNastiukha\.m2\repository\net\sf\jopt-simple\jopt-simple\5.0.4\jopt-simple-5.0.4.jar;C:\Users\AntonNastiukha\.m2\repository\com\google\guava\guava\32.0.1-jre\guava-32.0.1-jre.jar;C:\Users\AntonNastiukha\.m2\repository\com\google\guava\failureaccess\1.0.1\failureaccess-1.0.1.jar;C:\Users\AntonNastiukha\.m2\repository\com\google\guava\listenablefuture\9999.0-empty-to-avoid-conflict-with-guava\listenablefuture-9999.0-empty-to-avoid-conflict-with-guava.jar;C:\Users\AntonNastiukha\.m2\repository\org\checkerframework\checker-qual\3.33.0\checker-qual-3.33.0.jar;C:\Users\AntonNastiukha\.m2\repository\com\google\errorprone\error_prone_annotations\2.18.0\error_prone_annotations-2.18.0.jar;C:\Users\AntonNastiukha\.m2\repository\com\google\j2objc\j2objc-annotations\2.8\j2objc-annotations-2.8.jar;C:\Users\AntonNastiukha\.m2\repository\com\fasterxml\jackson\core\jackson-databind\2.17.2\jackson-databind-2.17.2.jar;C:\Users\AntonNastiukha\.m2\repository\com\fasterxml\jackson\core\jackson-annotations\2.17.2\jackson-annotations-2.17.2.jar;C:\Users\AntonNastiukha\.m2\repository\com\fasterxml\jackson\core\jackson-core\2.17.2\jackson-core-2.17.2.jar;C:\Users\AntonNastiukha\.m2\repository\org\slf4j\slf4j-api\2.0.12\slf4j-api-2.0.12.jar;C:\Users\AntonNastiukha\.m2\repository\org\apache\logging\log4j\log4j-api\2.23.1\log4j-api-2.23.1.jar;C:\Users\AntonNastiukha\.m2\repository\org\apache\logging\log4j\log4j-core\2.23.1\log4j-core-2.23.1.jar;C:\Users\AntonNastiukha\.m2\repository\org\apache\logging\log4j\log4j-slf4j2-impl\2.23.1\log4j-slf4j2-impl-2.23.1.jar;C:\Users\AntonNastiukha\.m2\repository\io\qameta\allure\allure-testng\2.29.1\allure-testng-2.29.1.jar;C:\Users\AntonNastiukha\.m2\repository\io\qameta\allure\allure-java-commons\2.29.1\allure-java-commons-2.29.1.jar;C:\Users\AntonNastiukha\.m2\repository\io\qameta\allure\allure-model\2.29.1\allure-model-2.29.1.jar;C:\Users\AntonNastiukha\.m2\repository\io\qameta\allure\allure-test-filter\2.29.1\allure-test-filter-2.29.1.jar;C:\Users\AntonNastiukha\.m2\repository\io\qameta\allure\allure-rest-assured\2.29.0\allure-rest-assured-2.29.0.jar;C:\Users\AntonNastiukha\.m2\repository\io\qameta\allure\allure-attachments\2.29.0\allure-attachments-2.29.0.jar;C:\Users\AntonNastiukha\.m2\repository\org\freemarker\freemarker\2.3.33\freemarker-2.3.33.jar;C:\Users\AntonNastiukha\.m2\repository\org\apache\commons\commons-configuration2\2.10.1\commons-configuration2-2.10.1.jar;C:\Users\AntonNastiukha\.m2\repository\org\apache\commons\commons-lang3\3.14.0\commons-lang3-3.14.0.jar;C:\Users\AntonNastiukha\.m2\repository\org\apache\commons\commons-text\1.11.0\commons-text-1.11.0.jar;C:\Users\AntonNastiukha\.m2\repository\commons-logging\commons-logging\1.3.0\commons-logging-1.3.0.jar;C:\Users\AntonNastiukha\.m2\repository\commons-beanutils\commons-beanutils\1.9.4\commons-beanutils-1.9.4.jar;C:\Users\AntonNastiukha\.m2\repository\commons-collections\commons-collections\3.2.2\commons-collections-3.2.2.jar;C:\Users\AntonNastiukha\.m2\repository\org\aeonbits\owner\owner\1.0.12\owner-1.0.12.jar;C:\Users\AntonNastiukha\.m2\repository\net\datafaker\datafaker\2.3.1\datafaker-2.3.1.jar;C:\Users\AntonNastiukha\.m2\repository\org\yaml\snakeyaml\2.2\snakeyaml-2.2.jar;C:\Users\AntonNastiukha\.m2\repository\com\github\curious-odd-man\rgxgen\2.0\rgxgen-2.0.jar;C:\Users\AntonNastiukha\.m2\repository\com\googlecode\libphonenumber\libphonenumber\8.13.41\libphonenumber-8.13.41.jar;"/>
    <property name="allure.results.directory" value="C:\Users\AntonNastiukha\testTaskSpr\target/allure-results"/>
    <property name="sun.cpu.endian" value="little"/>
    <property name="user.home" value="C:\Users\AntonNastiukha"/>
    <property name="user.language" value="en"/>
    <property name="java.specification.vendor" value="Oracle Corporation"/>
    <property name="threadCount" value="3"/>
    <property name="java.version.date" value="2022-08-18"/>
    <property name="java.home" value="C:\Program Files\Java\jdk-18.0.2.1"/>
    <property name="file.separator" value="\"/>
    <property name="basedir" value="C:\Users\AntonNastiukha\testTaskSpr"/>
    <property name="java.vm.compressedOopsMode" value="Zero based"/>
    <property name="line.separator" value="&#10;"/>
    <property name="java.vm.specification.vendor" value="Oracle Corporation"/>
    <property name="java.specification.name" value="Java Platform API Specification"/>
    <property name="surefire.real.class.path" value="C:\Users\AntonNastiukha\AppData\Local\Temp\surefire14358916033234842766\surefirebooter-20250810200740020_3.jar"/>
    <property name="user.script" value=""/>
    <property name="sun.management.compiler" value="HotSpot 64-Bit Tiered Compilers"/>
    <property name="java.runtime.version" value="18.0.2.1+1-1"/>
    <property name="user.name" value="anton.nastiukha"/>
    <property name="path.separator" value=";"/>
    <property name="os.version" value="10.0"/>
    <property name="java.runtime.name" value="Java(TM) SE Runtime Environment"/>
    <property name="file.encoding" value="UTF-8"/>
    <property name="parallel" value="methods"/>
    <property name="java.vm.name" value="Java HotSpot(TM) 64-Bit Server VM"/>
    <property name="localRepository" value="C:\Users\AntonNastiukha\.m2\repository"/>
    <property name="java.vendor.url.bug" value="https://bugreport.java.com/bugreport/"/>
    <property name="java.io.tmpdir" value="C:\Users\ANTONN~1\AppData\Local\Temp\"/>
    <property name="java.version" value="18.0.2.1"/>
    <property name="user.dir" value="C:\Users\AntonNastiukha\testTaskSpr"/>
    <property name="os.arch" value="amd64"/>
    <property name="java.vm.specification.name" value="Java Virtual Machine Specification"/>
    <property name="env" value="prod"/>
    <property name="sun.os.patch.level" value=""/>
    <property name="native.encoding" value="Cp1252"/>
    <property name="java.library.path" value="C:\Program Files\Java\jdk-18.0.2.1\bin;C:\WINDOWS\Sun\Java\bin;C:\WINDOWS\system32;C:\WINDOWS;C:\Program Files\Common Files\Oracle\Java\javapath;C:\WINDOWS\system32;C:\WINDOWS;C:\WINDOWS\System32\Wbem;C:\WINDOWS\System32\WindowsPowerShell\v1.0\;C:\WINDOWS\System32\OpenSSH\;C:\Program Files\Git\cmd;C:\Program Files\nodejs\;C:\Program Files\Java\jdk-18.0.2.1;C:\Users\AntonNastiukha\apache-maven-3.9.11-bin\apache-maven-3.9.11\bin;C:\Users\anton.nastiukha\AppData\Local\Microsoft\WindowsApps;C:\Users\AntonNastiukha\AppData\Local\JetBrains\Toolbox\scripts;C:\Users\AntonNastiukha\AppData\Local\Microsoft\WindowsApps;C:\Program Files\Java\jdk-18.0.2.1;C:\Users\AntonNastiukha\AppData\Local\Programs\cursor\resources\app\bin;C:\Users\AntonNastiukha\maven-mvnd-1.0.2-windows-amd64\bin;;."/>
    <property name="java.vm.info" value="mixed mode, sharing"/>
    <property name="java.vendor" value="Oracle Corporation"/>
    <property name="java.vm.version" value="18.0.2.1+1-1"/>
    <property name="sun.io.unicode.encoding" value="UnicodeLittle"/>
    <property name="java.class.version" value="62.0"/>
  </properties>
  <testcase name="testAdminCanUpdateOtherAdmins" classname="api.PlayerAdminEditorTest" time="0.445">
    <failure message="Response body is empty; cannot map to PlayerResponse" type="java.lang.AssertionError"><![CDATA[java.lang.AssertionError: Response body is empty; cannot map to PlayerResponse
	at api.client.ResponseWrapper.readEntity(ResponseWrapper.java:36)
	at api.PlayerAdminEditorTest.verifyPlayerFieldUpdate(PlayerAdminEditorTest.java:112)
	at api.PlayerAdminEditorTest.testAdminCanUpdateOtherAdmins(PlayerAdminEditorTest.java:77)
	at java.base/jdk.internal.reflect.DirectMethodHandleAccessor.invoke(DirectMethodHandleAccessor.java:104)
	at java.base/java.lang.reflect.Method.invoke(Method.java:577)
	at org.testng.internal.invokers.MethodInvocationHelper.invokeMethod(MethodInvocationHelper.java:139)
	at org.testng.internal.invokers.TestInvoker.invokeMethod(TestInvoker.java:664)
	at org.testng.internal.invokers.TestInvoker.invokeTestMethod(TestInvoker.java:228)
	at org.testng.internal.invokers.MethodRunner.runInSequence(MethodRunner.java:63)
	at org.testng.internal.invokers.TestInvoker$MethodInvocationAgent.invoke(TestInvoker.java:961)
	at org.testng.internal.invokers.TestInvoker.invokeTestMethods(TestInvoker.java:201)
	at org.testng.internal.invokers.TestMethodWorker.invokeTestMethods(TestMethodWorker.java:148)
	at org.testng.internal.invokers.TestMethodWorker.run(TestMethodWorker.java:128)
	at java.base/java.util.concurrent.Executors$RunnableAdapter.call(Executors.java:539)
	at java.base/java.util.concurrent.FutureTask.run(FutureTask.java:264)
	at org.testng.internal.thread.graph.TestNGFutureTask.run(TestNGFutureTask.java:22)
	at java.base/java.util.concurrent.ThreadPoolExecutor.runWorker(ThreadPoolExecutor.java:1136)
	at java.base/java.util.concurrent.ThreadPoolExecutor$Worker.run(ThreadPoolExecutor.java:635)
	at java.base/java.lang.Thread.run(Thread.java:833)
]]></failure>
    <system-out><![CDATA[2025-08-10 20:07:46.616 [TestNG-test-Player Controller Tests-2] INFO  a.PlayerUpdateTest - Setting up PlayerUpdateTest
2025-08-10 20:07:46.615 [TestNG-test-Player Controller Tests-3] INFO  a.PlayerControllerTest - Setting up PlayerControllerTest
2025-08-10 20:07:46.615 [TestNG-test-Player Controller Tests-1] INFO  a.PlayerUpdateTest - Setting up PlayerUpdateTest
2025-08-10 20:07:48.133 [TestNG-test-Player Controller Tests-2] INFO  a.c.RestClient - Initializing RestClient with baseUri=http://3.68.165.45, contentType=application/json
2025-08-10 20:07:48.133 [TestNG-test-Player Controller Tests-1] INFO  a.c.RestClient - Initializing RestClient with baseUri=http://3.68.165.45, contentType=application/json
2025-08-10 20:07:48.133 [TestNG-test-Player Controller Tests-3] INFO  a.c.RestClient - Initializing RestClient with baseUri=http://3.68.165.45, contentType=application/json
2025-08-10 20:07:49.049 [TestNG-test-Player Controller Tests-3] INFO  a.PlayerControllerTest - Testing complete player lifecycle: Create -> Get -> Update -> Delete
2025-08-10 20:07:49.198 [TestNG-test-Player Controller Tests-1] INFO  c.PropertiesReader - Loaded configuration from: src/main/resources/prod/config.properties
2025-08-10 20:07:49.925 [TestNG-test-Player Controller Tests-2] INFO  a.c.RestClient - Creating player with editor: supervisor, player: Player{age=46, gender='male', login='carrol.collier', role='admin', screenName='db31c56b'}
2025-08-10 20:07:49.925 [TestNG-test-Player Controller Tests-1] INFO  a.c.RestClient - Creating player with editor: supervisor, player: Player{age=58, gender='female', login='eusebio.boehm', role='admin', screenName='34a96888'}
2025-08-10 20:07:49.925 [TestNG-test-Player Controller Tests-3] INFO  a.c.RestClient - Creating player with editor: supervisor, player: Player{age=20, gender='male', login='rose.beahan', role='user', screenName='42dae3a4'}
2025-08-10 20:07:49.927 [TestNG-test-Player Controller Tests-2] INFO  a.c.RestClient - HTTP GET /player/create/{editor}
2025-08-10 20:07:49.927 [TestNG-test-Player Controller Tests-1] INFO  a.c.RestClient - HTTP GET /player/create/{editor}
2025-08-10 20:07:49.927 [TestNG-test-Player Controller Tests-3] INFO  a.c.RestClient - HTTP GET /player/create/{editor}
Request method:	GET
Request URI:	http://3.68.165.45/player/create/supervisor?password=vP9aZY9hXw&role=admin&gender=male&screenName=db31c56b&login=carrol.collier&age=46
Proxy:			<none>
Request params:	<none>
Query params:	password=vP9aZY9hXw
				role=admin
				gender=male
				screenName=db31c56b
				login=carrol.collier
				age=46
Form params:	<none>
Path params:	editor=supervisor
Headers:		Accept=*/*
				Content-Type=application/json
Cookies:		<none>
Multiparts:		<none>
Body:			<none>
Request method:	GET
Request URI:	http://3.68.165.45/player/create/supervisor?password=vCJ7zR3xpDq4O&role=admin&gender=female&screenName=34a96888&login=eusebio.boehm&age=58
Proxy:			<none>
Request params:	<none>
Query params:	password=vCJ7zR3xpDq4O
				role=admin
				gender=female
				screenName=34a96888
				login=eusebio.boehm
				age=58
Form params:	<none>
Path params:	editor=supervisor
Headers:		Accept=*/*
				Content-Type=application/json
Cookies:		<none>
Multiparts:		<none>
Body:			<none>
Request method:	GET
Request URI:	http://3.68.165.45/player/create/supervisor?password=pPuDs3a8qq8t&role=user&gender=male&screenName=42dae3a4&login=rose.beahan&age=20
Proxy:			<none>
Request params:	<none>
Query params:	password=pPuDs3a8qq8t
				role=user
				gender=male
				screenName=42dae3a4
				login=rose.beahan
				age=20
Form params:	<none>
Path params:	editor=supervisor
Headers:		Accept=*/*
				Content-Type=application/json
Cookies:		<none>
Multiparts:		<none>
Body:			<none>
2025-08-10 20:07:53.237 [TestNG-test-Player Controller Tests-3] INFO  a.c.RestClient - HTTP GET /player/create/{editor} -> 200 (1018 ms)
2025-08-10 20:07:53.237 [TestNG-test-Player Controller Tests-2] INFO  a.c.RestClient - HTTP GET /player/create/{editor} -> 200 (1024 ms)
2025-08-10 20:07:53.243 [TestNG-test-Player Controller Tests-1] INFO  a.c.RestClient - HTTP GET /player/create/{editor} -> 200 (1025 ms)
HTTP/1.1 200 
Content-Type: application/json
Transfer-Encoding: chunked
Date: Sun, 10 Aug 2025 17:08:02 GMT
Keep-Alive: timeout=60
Connection: keep-alive

{
    "id": 697792345,
    "login": "rose.beahan",
    "password": null,
    "screenName": null,
    "gender": null,
    "age": null,
    "role": null
}
HTTP/1.1 200 
Content-Type: application/json
Transfer-Encoding: chunked
Date: Sun, 10 Aug 2025 17:08:02 GMT
Keep-Alive: timeout=60
Connection: keep-alive

{
    "id": 918888193,
    "login": "carrol.collier",
    "password": null,
    "screenName": null,
    "gender": null,
    "age": null,
    "role": null
}
HTTP/1.1 200 
Content-Type: application/json
Transfer-Encoding: chunked
Date: Sun, 10 Aug 2025 17:08:02 GMT
Keep-Alive: timeout=60
Connection: keep-alive

{
    "id": 1102422187,
    "login": "eusebio.boehm",
    "password": null,
    "screenName": null,
    "gender": null,
    "age": null,
    "role": null
}
2025-08-10 20:07:53.782 [TestNG-test-Player Controller Tests-2] INFO  a.PlayerUpdateTest - Created first admin with ID: 918888193
2025-08-10 20:07:53.782 [TestNG-test-Player Controller Tests-1] INFO  a.PlayerUpdateTest - Created first admin with ID: 1102422187
2025-08-10 20:07:53.782 [TestNG-test-Player Controller Tests-3] INFO  a.PlayerControllerTest - Step 1: Created player with ID: 697792345
2025-08-10 20:07:53.784 [TestNG-test-Player Controller Tests-3] INFO  a.c.RestClient - Getting player with ID: 697792345
2025-08-10 20:07:53.784 [TestNG-test-Player Controller Tests-2] INFO  a.c.RestClient - Creating player with editor: supervisor, player: Player{age=26, gender='female', login='elton.fisher', role='admin', screenName='8ead9e7f'}
2025-08-10 20:07:53.785 [TestNG-test-Player Controller Tests-3] INFO  a.c.RestClient - HTTP POST /player/get
2025-08-10 20:07:53.785 [TestNG-test-Player Controller Tests-2] INFO  a.c.RestClient - HTTP GET /player/create/{editor}
2025-08-10 20:07:53.793 [TestNG-test-Player Controller Tests-1] INFO  a.c.RestClient - Creating player with editor: supervisor, player: Player{age=25, gender='female', login='venita.zulauf', role='admin', screenName='6efa9b94'}
2025-08-10 20:07:53.794 [TestNG-test-Player Controller Tests-1] INFO  a.c.RestClient - HTTP GET /player/create/{editor}
Request method:	GET
Request URI:	http://3.68.165.45/player/create/supervisor?password=H3Ifo8MuI009w&role=admin&gender=female&screenName=8ead9e7f&login=elton.fisher&age=26
Proxy:			<none>
Request params:	<none>
Query params:	password=H3Ifo8MuI009w
				role=admin
				gender=female
				screenName=8ead9e7f
				login=elton.fisher
				age=26
Form params:	<none>
Path params:	editor=supervisor
Headers:		Accept=*/*
				Content-Type=application/json
Cookies:		<none>
Multiparts:		<none>
Body:			<none>
Request method:	GET
Request URI:	http://3.68.165.45/player/create/supervisor?password=uk56q2xD&role=admin&gender=female&screenName=6efa9b94&login=venita.zulauf&age=25
Proxy:			<none>
Request params:	<none>
Query params:	password=uk56q2xD
				role=admin
				gender=female
				screenName=6efa9b94
				login=venita.zulauf
				age=25
Form params:	<none>
Path params:	editor=supervisor
Headers:		Accept=*/*
				Content-Type=application/json
Cookies:		<none>
Multiparts:		<none>
Body:			<none>
2025-08-10 20:07:53.915 [TestNG-test-Player Controller Tests-2] INFO  a.c.RestClient - HTTP GET /player/create/{editor} -> 200 (70 ms)
HTTP/1.1 200 
Content-Type: application/json
Transfer-Encoding: chunked
Date: Sun, 10 Aug 2025 17:08:02 GMT
Keep-Alive: timeout=60
Connection: keep-alive

{
    "id": 1250264091,
    "login": "elton.fisher",
    "password": null,
    "screenName": null,
    "gender": null,
    "age": null,
    "role": null
}
2025-08-10 20:07:53.915 [TestNG-test-Player Controller Tests-2] INFO  a.PlayerUpdateTest - Created second admin with ID: 1250264091
2025-08-10 20:07:53.919 [TestNG-test-Player Controller Tests-1] INFO  a.c.RestClient - HTTP GET /player/create/{editor} -> 200 (66 ms)
HTTP/1.1 200 
Content-Type: application/json
Transfer-Encoding: chunked
Date: Sun, 10 Aug 2025 17:08:02 GMT
Keep-Alive: timeout=60
Connection: keep-alive

{
    "id": 601095064,
    "login": "venita.zulauf",
    "password": null,
    "screenName": null,
    "gender": null,
    "age": null,
    "role": null
}
2025-08-10 20:07:53.921 [TestNG-test-Player Controller Tests-1] INFO  a.PlayerUpdateTest - Created second admin with ID: 601095064
2025-08-10 20:07:53.937 [TestNG-test-Player Controller Tests-2] INFO  a.PlayerUpdateTest - Testing admin can update other admins
2025-08-10 20:07:53.939 [TestNG-test-Player Controller Tests-2] INFO  a.c.RestClient - Updating player with editor: eusebio.boehm, playerId: 601095064, player: Player{age=40, gender='null', login='null', role='null', screenName='null'}
2025-08-10 20:07:53.939 [TestNG-test-Player Controller Tests-2] INFO  a.c.RestClient - HTTP PATCH /player/update/{editor}/{id}
2025-08-10 20:07:53.940 [TestNG-test-Player Controller Tests-1] INFO  a.PlayerUpdateTest - Testing admin can delete other admins
2025-08-10 20:07:53.940 [TestNG-test-Player Controller Tests-1] INFO  a.c.RestClient - Deleting player with editor: eusebio.boehm, playerId: 601095064
2025-08-10 20:07:53.942 [TestNG-test-Player Controller Tests-1] INFO  a.c.RestClient - HTTP DELETE /player/delete/{editor}
Request method:	POST
Request URI:	http://3.68.165.45/player/get
Proxy:			<none>
Request params:	<none>
Query params:	<none>
Form params:	<none>
Path params:	<none>
Headers:		Accept=*/*
				Content-Type=application/json
Cookies:		<none>
Multiparts:		<none>
Body:
{
    "playerId": 697792345
}
Request method:	DELETE
Request URI:	http://3.68.165.45/player/delete/eusebio.boehm
Proxy:			<none>
Request params:	<none>
Query params:	<none>
Form params:	<none>
Path params:	editor=eusebio.boehm
Headers:		Accept=*/*
				Content-Type=application/json
Cookies:		<none>
Multiparts:		<none>
Body:
{
    "playerId": 601095064
}
Request method:	PATCH
Request URI:	http://3.68.165.45/player/update/eusebio.boehm/601095064
Proxy:			<none>
Request params:	<none>
Query params:	<none>
Form params:	<none>
Path params:	editor=eusebio.boehm
				id=601095064
Headers:		Accept=*/*
				Content-Type=application/json
Cookies:		<none>
Multiparts:		<none>
Body:
{
    "age": 40
}
2025-08-10 20:07:54.236 [TestNG-test-Player Controller Tests-2] INFO  a.c.RestClient - HTTP PATCH /player/update/{editor}/{id} -> 200 (71 ms)
2025-08-10 20:07:54.236 [TestNG-test-Player Controller Tests-2] INFO  a.PlayerUpdateTest - Successfully updated admin by another admin
2025-08-10 20:07:54.237 [TestNG-test-Player Controller Tests-2] INFO  a.c.RestClient - Getting player with ID: 601095064
2025-08-10 20:07:54.238 [TestNG-test-Player Controller Tests-2] INFO  a.c.RestClient - HTTP POST /player/get
2025-08-10 20:07:54.242 [TestNG-test-Player Controller Tests-3] INFO  a.c.RestClient - HTTP POST /player/get -> 200 (92 ms)
HTTP/1.1 200 
Content-Type: application/json
Transfer-Encoding: chunked
Date: Sun, 10 Aug 2025 17:08:03 GMT
Keep-Alive: timeout=60
Connection: keep-alive

{
    "id": 697792345,
    "login": "rose.beahan",
    "password": "pPuDs3a8qq8t",
    "screenName": "42dae3a4",
    "gender": "male",
    "age": 20,
    "role": "user"
}
Request method:	POST
Request URI:	http://3.68.165.45/player/get
Proxy:			<none>
Request params:	<none>
Query params:	<none>
Form params:	<none>
Path params:	<none>
Headers:		Accept=*/*
				Content-Type=application/json
Cookies:		<none>
Multiparts:		<none>
Body:
{
    "playerId": 601095064
}
2025-08-10 20:07:54.261 [TestNG-test-Player Controller Tests-3] INFO  a.PlayerControllerTest - Step 2: Successfully retrieved and validated player data
2025-08-10 20:07:54.263 [TestNG-test-Player Controller Tests-3] INFO  a.c.RestClient - Updating player with editor: supervisor, playerId: 697792345, player: Player{age=30, gender='female', login='null', role='null', screenName='null'}
2025-08-10 20:07:54.263 [TestNG-test-Player Controller Tests-3] INFO  a.c.RestClient - HTTP PATCH /player/update/{editor}/{id}
2025-08-10 20:07:54.273 [TestNG-test-Player Controller Tests-1] INFO  a.c.RestClient - HTTP DELETE /player/delete/{editor} -> 204 (93 ms)
HTTP/1.1 204 
Date: Sun, 10 Aug 2025 17:08:03 GMT
Keep-Alive: timeout=60
Connection: keep-alive
2025-08-10 20:07:54.275 [TestNG-test-Player Controller Tests-1] INFO  a.PlayerUpdateTest - Successfully deleted admin by another admin
2025-08-10 20:07:54.275 [TestNG-test-Player Controller Tests-1] INFO  a.c.RestClient - Getting player with ID: 601095064
Request method:	PATCH
Request URI:	http://3.68.165.45/player/update/supervisor/697792345
Proxy:			<none>
Request params:	<none>
Query params:	<none>
Form params:	<none>
Path params:	editor=supervisor
				id=697792345
Headers:		Accept=*/*
				Content-Type=application/json
Cookies:		<none>
Multiparts:		<none>
Body:
{
    "age": 30,
    "gender": "female"
}
2025-08-10 20:07:54.277 [TestNG-test-Player Controller Tests-1] INFO  a.c.RestClient - HTTP POST /player/get
Request method:	POST
Request URI:	http://3.68.165.45/player/get
Proxy:			<none>
Request params:	<none>
Query params:	<none>
Form params:	<none>
Path params:	<none>
Headers:		Accept=*/*
				Content-Type=application/json
Cookies:		<none>
Multiparts:		<none>
Body:
{
    "playerId": 601095064
}
2025-08-10 20:07:54.361 [TestNG-test-Player Controller Tests-2] INFO  a.c.RestClient - HTTP POST /player/get -> 200 (76 ms)
HTTP/1.1 200 
Content-Length: 0
Date: Sun, 10 Aug 2025 17:08:03 GMT
Keep-Alive: timeout=60
Connection: keep-alive
]]></system-out>
  </testcase>
  <testcase name="testAdminCanDeleteOtherAdmins" classname="api.PlayerAdminEditorTest" time="0.582">
    <failure message="Expected HTTP status code 404, but was 200 expected [404] but found [200]" type="java.lang.AssertionError"><![CDATA[java.lang.AssertionError: Expected HTTP status code 404, but was 200 expected [404] but found [200]
	at org.testng.Assert.fail(Assert.java:111)
	at org.testng.Assert.failNotEquals(Assert.java:1578)
	at org.testng.Assert.assertEqualsImpl(Assert.java:150)
	at org.testng.Assert.assertEquals(Assert.java:132)
	at org.testng.Assert.assertEquals(Assert.java:1419)
	at org.testng.Assert.assertEquals(Assert.java:1383)
	at api.client.ResponseWrapper.expectingStatusCode(ResponseWrapper.java:49)
	at api.PlayerAdminEditorTest.verifyPlayerDeletion(PlayerAdminEditorTest.java:140)
	at api.PlayerAdminEditorTest.testAdminCanDeleteOtherAdmins(PlayerAdminEditorTest.java:89)
	at java.base/jdk.internal.reflect.DirectMethodHandleAccessor.invoke(DirectMethodHandleAccessor.java:104)
	at java.base/java.lang.reflect.Method.invoke(Method.java:577)
	at org.testng.internal.invokers.MethodInvocationHelper.invokeMethod(MethodInvocationHelper.java:139)
	at org.testng.internal.invokers.TestInvoker.invokeMethod(TestInvoker.java:664)
	at org.testng.internal.invokers.TestInvoker.invokeTestMethod(TestInvoker.java:228)
	at org.testng.internal.invokers.MethodRunner.runInSequence(MethodRunner.java:63)
	at org.testng.internal.invokers.TestInvoker$MethodInvocationAgent.invoke(TestInvoker.java:961)
	at org.testng.internal.invokers.TestInvoker.invokeTestMethods(TestInvoker.java:201)
	at org.testng.internal.invokers.TestMethodWorker.invokeTestMethods(TestMethodWorker.java:148)
	at org.testng.internal.invokers.TestMethodWorker.run(TestMethodWorker.java:128)
	at java.base/java.util.concurrent.Executors$RunnableAdapter.call(Executors.java:539)
	at java.base/java.util.concurrent.FutureTask.run(FutureTask.java:264)
	at org.testng.internal.thread.graph.TestNGFutureTask.run(TestNGFutureTask.java:22)
	at java.base/java.util.concurrent.ThreadPoolExecutor.runWorker(ThreadPoolExecutor.java:1136)
	at java.base/java.util.concurrent.ThreadPoolExecutor$Worker.run(ThreadPoolExecutor.java:635)
	at java.base/java.lang.Thread.run(Thread.java:833)
]]></failure>
    <system-out><![CDATA[2025-08-10 20:07:54.391 [TestNG-test-Player Controller Tests-3] INFO  a.c.RestClient - HTTP PATCH /player/update/{editor}/{id} -> 200 (66 ms)
2025-08-10 20:07:54.391 [TestNG-test-Player Controller Tests-3] INFO  a.PlayerControllerTest - Step 3: Successfully updated player
2025-08-10 20:07:54.392 [TestNG-test-Player Controller Tests-3] INFO  a.c.RestClient - Getting player with ID: 697792345
2025-08-10 20:07:54.392 [TestNG-test-Player Controller Tests-3] INFO  a.c.RestClient - HTTP POST /player/get
Request method:	POST
Request URI:	http://3.68.165.45/player/get
Proxy:			<none>
Request params:	<none>
Query params:	<none>
Form params:	<none>
Path params:	<none>
Headers:		Accept=*/*
				Content-Type=application/json
Cookies:		<none>
Multiparts:		<none>
Body:
{
    "playerId": 697792345
}
2025-08-10 20:07:54.418 [TestNG-test-Player Controller Tests-2] INFO  a.PlayerUpdateTest - Cleaning up 8 created players
2025-08-10 20:07:54.418 [TestNG-test-Player Controller Tests-2] INFO  a.c.RestClient - Deleting player with editor: supervisor, playerId: 918888193
2025-08-10 20:07:54.419 [TestNG-test-Player Controller Tests-2] INFO  a.c.RestClient - HTTP DELETE /player/delete/{editor}
2025-08-10 20:07:54.419 [TestNG-test-Player Controller Tests-1] INFO  a.c.RestClient - HTTP POST /player/get -> 200 (72 ms)
HTTP/1.1 200 
Content-Length: 0
Date: Sun, 10 Aug 2025 17:08:03 GMT
Keep-Alive: timeout=60
Connection: keep-alive
Request method:	DELETE
Request URI:	http://3.68.165.45/player/delete/supervisor
Proxy:			<none>
Request params:	<none>
Query params:	<none>
Form params:	<none>
Path params:	editor=supervisor
Headers:		Accept=*/*
				Content-Type=application/json
Cookies:		<none>
Multiparts:		<none>
Body:
{
    "playerId": 918888193
}
]]></system-out>
  </testcase>
  <testcase name="testCompletePlayerLifecycle" classname="api.PlayerControllerTest" time="0.835">
    <failure message="Expected HTTP status code 404, but was 200 expected [404] but found [200]" type="java.lang.AssertionError"><![CDATA[java.lang.AssertionError: Expected HTTP status code 404, but was 200 expected [404] but found [200]
	at org.testng.Assert.fail(Assert.java:111)
	at org.testng.Assert.failNotEquals(Assert.java:1578)
	at org.testng.Assert.assertEqualsImpl(Assert.java:150)
	at org.testng.Assert.assertEquals(Assert.java:132)
	at org.testng.Assert.assertEquals(Assert.java:1419)
	at org.testng.Assert.assertEquals(Assert.java:1383)
	at api.client.ResponseWrapper.expectingStatusCode(ResponseWrapper.java:49)
	at api.PlayerControllerTest.testCompletePlayerLifecycle(PlayerControllerTest.java:113)
	at java.base/jdk.internal.reflect.DirectMethodHandleAccessor.invoke(DirectMethodHandleAccessor.java:104)
	at java.base/java.lang.reflect.Method.invoke(Method.java:577)
	at org.testng.internal.invokers.MethodInvocationHelper.invokeMethod(MethodInvocationHelper.java:139)
	at org.testng.internal.invokers.TestInvoker.invokeMethod(TestInvoker.java:664)
	at org.testng.internal.invokers.TestInvoker.invokeTestMethod(TestInvoker.java:228)
	at org.testng.internal.invokers.MethodRunner.runInSequence(MethodRunner.java:63)
	at org.testng.internal.invokers.TestInvoker$MethodInvocationAgent.invoke(TestInvoker.java:961)
	at org.testng.internal.invokers.TestInvoker.invokeTestMethods(TestInvoker.java:201)
	at org.testng.internal.invokers.TestMethodWorker.invokeTestMethods(TestMethodWorker.java:148)
	at org.testng.internal.invokers.TestMethodWorker.run(TestMethodWorker.java:128)
	at java.base/java.util.concurrent.Executors$RunnableAdapter.call(Executors.java:539)
	at java.base/java.util.concurrent.FutureTask.run(FutureTask.java:264)
	at org.testng.internal.thread.graph.TestNGFutureTask.run(TestNGFutureTask.java:22)
	at java.base/java.util.concurrent.ThreadPoolExecutor.runWorker(ThreadPoolExecutor.java:1136)
	at java.base/java.util.concurrent.ThreadPoolExecutor$Worker.run(ThreadPoolExecutor.java:635)
	at java.base/java.lang.Thread.run(Thread.java:833)
]]></failure>
    <system-out><![CDATA[2025-08-10 20:07:54.457 [TestNG-test-Player Controller Tests-1] INFO  a.PlayerUpdateTest - Cleaning up 8 created players
2025-08-10 20:07:54.458 [TestNG-test-Player Controller Tests-1] INFO  a.c.RestClient - Deleting player with editor: supervisor, playerId: 918888193
2025-08-10 20:07:54.459 [TestNG-test-Player Controller Tests-1] INFO  a.c.RestClient - HTTP DELETE /player/delete/{editor}
Request method:	DELETE
Request URI:	http://3.68.165.45/player/delete/supervisor
Proxy:			<none>
Request params:	<none>
Query params:	<none>
Form params:	<none>
Path params:	editor=supervisor
Headers:		Accept=*/*
				Content-Type=application/json
Cookies:		<none>
Multiparts:		<none>
Body:
{
    "playerId": 918888193
}
2025-08-10 20:07:54.513 [TestNG-test-Player Controller Tests-3] INFO  a.c.RestClient - HTTP POST /player/get -> 200 (72 ms)
HTTP/1.1 200 
Content-Type: application/json
Transfer-Encoding: chunked
Date: Sun, 10 Aug 2025 17:08:03 GMT
Keep-Alive: timeout=60
Connection: keep-alive

{
    "id": 697792345,
    "login": "rose.beahan",
    "password": "pPuDs3a8qq8t",
    "screenName": "42dae3a4",
    "gender": "female",
    "age": 30,
    "role": "user"
}
2025-08-10 20:07:54.514 [TestNG-test-Player Controller Tests-3] INFO  a.PlayerControllerTest - Step 4: Successfully verified player updates
2025-08-10 20:07:54.515 [TestNG-test-Player Controller Tests-3] INFO  a.c.RestClient - Deleting player with editor: supervisor, playerId: 697792345
2025-08-10 20:07:54.516 [TestNG-test-Player Controller Tests-3] INFO  a.c.RestClient - HTTP DELETE /player/delete/{editor}
Request method:	DELETE
Request URI:	http://3.68.165.45/player/delete/supervisor
Proxy:			<none>
Request params:	<none>
Query params:	<none>
Form params:	<none>
Path params:	editor=supervisor
Headers:		Accept=*/*
				Content-Type=application/json
Cookies:		<none>
Multiparts:		<none>
Body:
{
    "playerId": 697792345
}
2025-08-10 20:07:54.564 [TestNG-test-Player Controller Tests-2] INFO  a.c.RestClient - HTTP DELETE /player/delete/{editor} -> 204 (87 ms)
HTTP/1.1 204 
Date: Sun, 10 Aug 2025 17:08:03 GMT
Keep-Alive: timeout=60
Connection: keep-alive
2025-08-10 20:07:54.564 [TestNG-test-Player Controller Tests-2] INFO  a.PlayerUpdateTest - Cleaned up player with ID: 918888193
2025-08-10 20:07:54.565 [TestNG-test-Player Controller Tests-2] INFO  a.c.RestClient - Deleting player with editor: supervisor, playerId: 918888193
2025-08-10 20:07:54.565 [TestNG-test-Player Controller Tests-2] INFO  a.c.RestClient - HTTP DELETE /player/delete/{editor}
Request method:	DELETE
Request URI:	http://3.68.165.45/player/delete/supervisor
Proxy:			<none>
Request params:	<none>
Query params:	<none>
Form params:	<none>
Path params:	editor=supervisor
Headers:		Accept=*/*
				Content-Type=application/json
Cookies:		<none>
Multiparts:		<none>
Body:
{
    "playerId": 918888193
}
2025-08-10 20:07:54.598 [TestNG-test-Player Controller Tests-1] INFO  a.c.RestClient - HTTP DELETE /player/delete/{editor} -> 403 (74 ms)
HTTP/1.1 403 
Content-Length: 0
Date: Sun, 10 Aug 2025 17:08:03 GMT
Keep-Alive: timeout=60
Connection: keep-alive
2025-08-10 20:07:54.600 [TestNG-test-Player Controller Tests-1] INFO  a.PlayerUpdateTest - Cleaned up player with ID: 918888193
2025-08-10 20:07:54.600 [TestNG-test-Player Controller Tests-1] INFO  a.c.RestClient - Deleting player with editor: supervisor, playerId: 918888193
2025-08-10 20:07:54.600 [TestNG-test-Player Controller Tests-1] INFO  a.c.RestClient - HTTP DELETE /player/delete/{editor}
Request method:	DELETE
Request URI:	http://3.68.165.45/player/delete/supervisor
Proxy:			<none>
Request params:	<none>
Query params:	<none>
Form params:	<none>
Path params:	editor=supervisor
Headers:		Accept=*/*
				Content-Type=application/json
Cookies:		<none>
Multiparts:		<none>
Body:
{
    "playerId": 918888193
}
2025-08-10 20:07:54.656 [TestNG-test-Player Controller Tests-3] INFO  a.c.RestClient - HTTP DELETE /player/delete/{editor} -> 204 (75 ms)
HTTP/1.1 204 
Date: Sun, 10 Aug 2025 17:08:03 GMT
Keep-Alive: timeout=60
Connection: keep-alive
2025-08-10 20:07:54.657 [TestNG-test-Player Controller Tests-3] INFO  a.PlayerControllerTest - Step 5: Successfully deleted player
2025-08-10 20:07:54.657 [TestNG-test-Player Controller Tests-3] INFO  a.c.RestClient - Getting player with ID: 697792345
2025-08-10 20:07:54.658 [TestNG-test-Player Controller Tests-3] INFO  a.c.RestClient - HTTP POST /player/get
Request method:	POST
Request URI:	http://3.68.165.45/player/get
Proxy:			<none>
Request params:	<none>
Query params:	<none>
Form params:	<none>
Path params:	<none>
Headers:		Accept=*/*
				Content-Type=application/json
Cookies:		<none>
Multiparts:		<none>
Body:
{
    "playerId": 697792345
}
2025-08-10 20:07:54.680 [TestNG-test-Player Controller Tests-2] INFO  a.c.RestClient - HTTP DELETE /player/delete/{editor} -> 403 (67 ms)
HTTP/1.1 403 
Content-Length: 0
Date: Sun, 10 Aug 2025 17:08:03 GMT
Keep-Alive: timeout=60
Connection: keep-alive
2025-08-10 20:07:54.680 [TestNG-test-Player Controller Tests-2] INFO  a.PlayerUpdateTest - Cleaned up player with ID: 918888193
2025-08-10 20:07:54.682 [TestNG-test-Player Controller Tests-2] INFO  a.c.RestClient - Deleting player with editor: supervisor, playerId: 1102422187
2025-08-10 20:07:54.682 [TestNG-test-Player Controller Tests-2] INFO  a.c.RestClient - HTTP DELETE /player/delete/{editor}
Request method:	DELETE
Request URI:	http://3.68.165.45/player/delete/supervisor
Proxy:			<none>
Request params:	<none>
Query params:	<none>
Form params:	<none>
Path params:	editor=supervisor
Headers:		Accept=*/*
				Content-Type=application/json
Cookies:		<none>
Multiparts:		<none>
Body:
{
    "playerId": 1102422187
}
2025-08-10 20:07:54.730 [TestNG-test-Player Controller Tests-1] INFO  a.c.RestClient - HTTP DELETE /player/delete/{editor} -> 403 (65 ms)
HTTP/1.1 403 
Content-Length: 0
Date: Sun, 10 Aug 2025 17:08:03 GMT
Keep-Alive: timeout=60
Connection: keep-alive
2025-08-10 20:07:54.730 [TestNG-test-Player Controller Tests-1] INFO  a.PlayerUpdateTest - Cleaned up player with ID: 918888193
2025-08-10 20:07:54.730 [TestNG-test-Player Controller Tests-1] INFO  a.c.RestClient - Deleting player with editor: supervisor, playerId: 1102422187
2025-08-10 20:07:54.732 [TestNG-test-Player Controller Tests-1] INFO  a.c.RestClient - HTTP DELETE /player/delete/{editor}
Request method:	DELETE
Request URI:	http://3.68.165.45/player/delete/supervisor
Proxy:			<none>
Request params:	<none>
Query params:	<none>
Form params:	<none>
Path params:	editor=supervisor
Headers:		Accept=*/*
				Content-Type=application/json
Cookies:		<none>
Multiparts:		<none>
Body:
{
    "playerId": 1102422187
}
2025-08-10 20:07:54.772 [TestNG-test-Player Controller Tests-3] INFO  a.c.RestClient - HTTP POST /player/get -> 200 (67 ms)
HTTP/1.1 200 
Content-Length: 0
Date: Sun, 10 Aug 2025 17:08:03 GMT
Keep-Alive: timeout=60
Connection: keep-alive
]]></system-out>
  </testcase>
  <testcase name="testDataConsistencyWorkflow" classname="api.PlayerControllerTest" time="0.538">
    <system-out><![CDATA[2025-08-10 20:08:05.310 [TestNG-test-Player Controller Tests-1] INFO  a.PlayerGetTest - Setting up PlayerGetTest
2025-08-10 20:08:05.311 [TestNG-test-Player Controller Tests-1] INFO  a.c.RestClient - Initializing RestClient with baseUri=http://3.68.165.45, contentType=application/json
2025-08-10 20:08:05.312 [TestNG-test-Player Controller Tests-1] INFO  a.c.RestClient - Creating player with editor: supervisor, player: Player{age=51, gender='female', login='mose.kuvalis', role='user', screenName='658157ae'}
2025-08-10 20:08:05.312 [TestNG-test-Player Controller Tests-1] INFO  a.c.RestClient - HTTP GET /player/create/{editor}
Request method:	GET
Request URI:	http://3.68.165.45/player/create/supervisor?password=VgR2B0938&role=user&gender=female&screenName=658157ae&login=mose.kuvalis&age=51
Proxy:			<none>
Request params:	<none>
Query params:	password=VgR2B0938
				role=user
				gender=female
				screenName=658157ae
				login=mose.kuvalis
				age=51
Form params:	<none>
Path params:	editor=supervisor
Headers:		Accept=*/*
				Content-Type=application/json
Cookies:		<none>
Multiparts:		<none>
Body:			<none>
2025-08-10 20:08:05.385 [TestNG-test-Player Controller Tests-3] INFO  a.c.RestClient - HTTP POST /player/get -> 200 (63 ms)
HTTP/1.1 200 
Content-Type: application/json
Transfer-Encoding: chunked
Date: Sun, 10 Aug 2025 17:08:13 GMT
Keep-Alive: timeout=60
Connection: keep-alive

{
    "id": 2061500654,
    "login": "jesse.hyatt",
    "password": "fBp18Ey8J",
    "screenName": "5b59636e",
    "gender": "female",
    "age": 20,
    "role": "user"
}
2025-08-10 20:08:05.385 [TestNG-test-Player Controller Tests-3] INFO  a.PlayerControllerTest - Iteration 1: Age update verified
2025-08-10 20:08:05.385 [TestNG-test-Player Controller Tests-3] INFO  a.c.RestClient - Getting player with ID: 2061500654
2025-08-10 20:08:05.385 [TestNG-test-Player Controller Tests-3] INFO  a.c.RestClient - HTTP POST /player/get
Request method:	POST
Request URI:	http://3.68.165.45/player/get
Proxy:			<none>
Request params:	<none>
Query params:	<none>
Form params:	<none>
Path params:	<none>
Headers:		Accept=*/*
				Content-Type=application/json
Cookies:		<none>
Multiparts:		<none>
Body:
{
    "playerId": 2061500654
}
2025-08-10 20:08:05.393 [TestNG-test-Player Controller Tests-1] INFO  a.c.RestClient - HTTP GET /player/create/{editor} -> 200 (57 ms)
HTTP/1.1 200 
Content-Type: application/json
Transfer-Encoding: chunked
Date: Sun, 10 Aug 2025 17:08:13 GMT
Keep-Alive: timeout=60
Connection: keep-alive

{
    "id": 398059,
    "login": "mose.kuvalis",
    "password": null,
    "screenName": null,
    "gender": null,
    "age": null,
    "role": null
}
2025-08-10 20:08:05.393 [TestNG-test-Player Controller Tests-1] INFO  a.PlayerGetTest - Created test player with ID: 398059
2025-08-10 20:08:05.404 [TestNG-test-Player Controller Tests-1] INFO  a.PlayerGetTest - Testing get all players
2025-08-10 20:08:05.406 [TestNG-test-Player Controller Tests-1] INFO  a.c.RestClient - Getting all players
2025-08-10 20:08:05.407 [TestNG-test-Player Controller Tests-1] INFO  a.c.RestClient - HTTP GET /player/get/all
Request method:	GET
Request URI:	http://3.68.165.45/player/get/all
Proxy:			<none>
Request params:	<none>
Query params:	<none>
Form params:	<none>
Path params:	<none>
Headers:		Accept=*/*
				Content-Type=application/json
Cookies:		<none>
Multiparts:		<none>
Body:			<none>
2025-08-10 20:08:05.469 [TestNG-test-Player Controller Tests-3] INFO  a.c.RestClient - HTTP POST /player/get -> 200 (59 ms)
HTTP/1.1 200 
Content-Type: application/json
Transfer-Encoding: chunked
Date: Sun, 10 Aug 2025 17:08:13 GMT
Keep-Alive: timeout=60
Connection: keep-alive

{
    "id": 2061500654,
    "login": "jesse.hyatt",
    "password": "fBp18Ey8J",
    "screenName": "5b59636e",
    "gender": "female",
    "age": 20,
    "role": "user"
}
2025-08-10 20:08:05.470 [TestNG-test-Player Controller Tests-3] INFO  a.PlayerControllerTest - Iteration 2: Core data consistency verified
2025-08-10 20:08:05.470 [TestNG-test-Player Controller Tests-3] INFO  a.c.RestClient - Updating player with editor: supervisor, playerId: 2061500654, player: Player{age=21, gender='null', login='null', role='null', screenName='null'}
2025-08-10 20:08:05.470 [TestNG-test-Player Controller Tests-3] INFO  a.c.RestClient - HTTP PATCH /player/update/{editor}/{id}
Request method:	PATCH
Request URI:	http://3.68.165.45/player/update/supervisor/2061500654
Proxy:			<none>
Request params:	<none>
Query params:	<none>
Form params:	<none>
Path params:	editor=supervisor
				id=2061500654
Headers:		Accept=*/*
				Content-Type=application/json
Cookies:		<none>
Multiparts:		<none>
Body:
{
    "age": 21
}
2025-08-10 20:08:05.557 [TestNG-test-Player Controller Tests-3] INFO  a.c.RestClient - HTTP PATCH /player/update/{editor}/{id} -> 200 (58 ms)
2025-08-10 20:08:05.557 [TestNG-test-Player Controller Tests-3] INFO  a.PlayerControllerTest - Iteration 2: Successfully updated player age
2025-08-10 20:08:05.557 [TestNG-test-Player Controller Tests-3] INFO  a.c.RestClient - Getting player with ID: 2061500654
2025-08-10 20:08:05.557 [TestNG-test-Player Controller Tests-3] INFO  a.c.RestClient - HTTP POST /player/get
Request method:	POST
Request URI:	http://3.68.165.45/player/get
Proxy:			<none>
Request params:	<none>
Query params:	<none>
Form params:	<none>
Path params:	<none>
Headers:		Accept=*/*
				Content-Type=application/json
Cookies:		<none>
Multiparts:		<none>
Body:
{
    "playerId": 2061500654
}
2025-08-10 20:08:05.630 [TestNG-test-Player Controller Tests-1] INFO  a.c.RestClient - HTTP GET /player/get/all -> 200 (64 ms)
2025-08-10 20:08:05.651 [TestNG-test-Player Controller Tests-3] INFO  a.c.RestClient - HTTP POST /player/get -> 200 (62 ms)
HTTP/1.1 200 
Content-Type: application/json
Transfer-Encoding: chunked
Date: Sun, 10 Aug 2025 17:08:13 GMT
Keep-Alive: timeout=60
Connection: keep-alive

{
    "id": 2061500654,
    "login": "jesse.hyatt",
    "password": "fBp18Ey8J",
    "screenName": "5b59636e",
    "gender": "female",
    "age": 21,
    "role": "user"
}
2025-08-10 20:08:05.651 [TestNG-test-Player Controller Tests-3] INFO  a.PlayerControllerTest - Iteration 2: Age update verified
2025-08-10 20:08:05.651 [TestNG-test-Player Controller Tests-3] INFO  a.c.RestClient - Getting player with ID: 2061500654
2025-08-10 20:08:05.651 [TestNG-test-Player Controller Tests-3] INFO  a.c.RestClient - HTTP POST /player/get
Request method:	POST
Request URI:	http://3.68.165.45/player/get
Proxy:			<none>
Request params:	<none>
Query params:	<none>
Form params:	<none>
Path params:	<none>
Headers:		Accept=*/*
				Content-Type=application/json
Cookies:		<none>
Multiparts:		<none>
Body:
{
    "playerId": 2061500654
}
2025-08-10 20:08:05.748 [TestNG-test-Player Controller Tests-3] INFO  a.c.RestClient - HTTP POST /player/get -> 200 (65 ms)
HTTP/1.1 200 
Content-Type: application/json
Transfer-Encoding: chunked
Date: Sun, 10 Aug 2025 17:08:13 GMT
Keep-Alive: timeout=60
Connection: keep-alive

{
    "id": 2061500654,
    "login": "jesse.hyatt",
    "password": "fBp18Ey8J",
    "screenName": "5b59636e",
    "gender": "female",
    "age": 21,
    "role": "user"
}
2025-08-10 20:08:05.749 [TestNG-test-Player Controller Tests-3] INFO  a.PlayerControllerTest - Iteration 3: Core data consistency verified
2025-08-10 20:08:05.749 [TestNG-test-Player Controller Tests-3] INFO  a.c.RestClient - Updating player with editor: supervisor, playerId: 2061500654, player: Player{age=22, gender='null', login='null', role='null', screenName='null'}
2025-08-10 20:08:05.750 [TestNG-test-Player Controller Tests-3] INFO  a.c.RestClient - HTTP PATCH /player/update/{editor}/{id}
Request method:	PATCH
Request URI:	http://3.68.165.45/player/update/supervisor/2061500654
Proxy:			<none>
Request params:	<none>
Query params:	<none>
Form params:	<none>
Path params:	editor=supervisor
				id=2061500654
Headers:		Accept=*/*
				Content-Type=application/json
Cookies:		<none>
Multiparts:		<none>
Body:
{
    "age": 22
}
2025-08-10 20:08:05.846 [TestNG-test-Player Controller Tests-3] INFO  a.c.RestClient - HTTP PATCH /player/update/{editor}/{id} -> 200 (63 ms)
2025-08-10 20:08:05.846 [TestNG-test-Player Controller Tests-3] INFO  a.PlayerControllerTest - Iteration 3: Successfully updated player age
2025-08-10 20:08:05.846 [TestNG-test-Player Controller Tests-3] INFO  a.c.RestClient - Getting player with ID: 2061500654
2025-08-10 20:08:05.846 [TestNG-test-Player Controller Tests-3] INFO  a.c.RestClient - HTTP POST /player/get
Request method:	POST
Request URI:	http://3.68.165.45/player/get
Proxy:			<none>
Request params:	<none>
Query params:	<none>
Form params:	<none>
Path params:	<none>
Headers:		Accept=*/*
				Content-Type=application/json
Cookies:		<none>
Multiparts:		<none>
Body:
{
    "playerId": 2061500654
}
2025-08-10 20:08:05.939 [TestNG-test-Player Controller Tests-3] INFO  a.c.RestClient - HTTP POST /player/get -> 200 (63 ms)
HTTP/1.1 200 
Content-Type: application/json
Transfer-Encoding: chunked
Date: Sun, 10 Aug 2025 17:08:14 GMT
Keep-Alive: timeout=60
Connection: keep-alive

{
    "id": 2061500654,
    "login": "jesse.hyatt",
    "password": "fBp18Ey8J",
    "screenName": "5b59636e",
    "gender": "female",
    "age": 22,
    "role": "user"
}
2025-08-10 20:08:05.940 [TestNG-test-Player Controller Tests-3] INFO  a.PlayerControllerTest - Iteration 3: Age update verified
2025-08-10 20:08:05.940 [TestNG-test-Player Controller Tests-3] INFO  a.PlayerControllerTest - Data consistency workflow test completed successfully
]]></system-out>
  </testcase>
  <testcase name="testMultiUserWorkflow" classname="api.PlayerControllerTest" time="0.69">
    <failure message="The following asserts failed:&#10;	Users should have different screen names did not expect [null] but found [null]" type="java.lang.AssertionError"><![CDATA[java.lang.AssertionError: 
The following asserts failed:
	Users should have different screen names did not expect [null] but found [null]
	at org.testng.asserts.SoftAssert.assertAll(SoftAssert.java:46)
	at org.testng.asserts.SoftAssert.assertAll(SoftAssert.java:30)
	at api.PlayerControllerTest.testMultiUserWorkflow(PlayerControllerTest.java:168)
	at java.base/jdk.internal.reflect.DirectMethodHandleAccessor.invoke(DirectMethodHandleAccessor.java:104)
	at java.base/java.lang.reflect.Method.invoke(Method.java:577)
	at org.testng.internal.invokers.MethodInvocationHelper.invokeMethod(MethodInvocationHelper.java:139)
	at org.testng.internal.invokers.TestInvoker.invokeMethod(TestInvoker.java:664)
	at org.testng.internal.invokers.TestInvoker.invokeTestMethod(TestInvoker.java:228)
	at org.testng.internal.invokers.MethodRunner.runInSequence(MethodRunner.java:63)
	at org.testng.internal.invokers.TestInvoker$MethodInvocationAgent.invoke(TestInvoker.java:961)
	at org.testng.internal.invokers.TestInvoker.invokeTestMethods(TestInvoker.java:201)
	at org.testng.internal.invokers.TestMethodWorker.invokeTestMethods(TestMethodWorker.java:148)
	at org.testng.internal.invokers.TestMethodWorker.run(TestMethodWorker.java:128)
	at java.base/java.util.concurrent.Executors$RunnableAdapter.call(Executors.java:539)
	at java.base/java.util.concurrent.FutureTask.run(FutureTask.java:264)
	at org.testng.internal.thread.graph.TestNGFutureTask.run(TestNGFutureTask.java:22)
	at java.base/java.util.concurrent.ThreadPoolExecutor.runWorker(ThreadPoolExecutor.java:1136)
	at java.base/java.util.concurrent.ThreadPoolExecutor$Worker.run(ThreadPoolExecutor.java:635)
	at java.base/java.lang.Thread.run(Thread.java:833)
]]></failure>
    <system-out><![CDATA[2025-08-10 20:08:05.952 [TestNG-test-Player Controller Tests-3] INFO  a.PlayerControllerTest - Cleaning up 3 created players
2025-08-10 20:08:05.954 [TestNG-test-Player Controller Tests-3] INFO  a.c.RestClient - Deleting player with editor: supervisor, playerId: 1834400328
2025-08-10 20:08:05.954 [TestNG-test-Player Controller Tests-3] INFO  a.c.RestClient - HTTP DELETE /player/delete/{editor}
Request method:	DELETE
Request URI:	http://3.68.165.45/player/delete/supervisor
Proxy:			<none>
Request params:	<none>
Query params:	<none>
Form params:	<none>
Path params:	editor=supervisor
Headers:		Accept=*/*
				Content-Type=application/json
Cookies:		<none>
Multiparts:		<none>
Body:
{
    "playerId": 1834400328
}
2025-08-10 20:08:06.050 [TestNG-test-Player Controller Tests-3] INFO  a.c.RestClient - HTTP DELETE /player/delete/{editor} -> 204 (63 ms)
HTTP/1.1 204 
Date: Sun, 10 Aug 2025 17:08:14 GMT
Keep-Alive: timeout=60
Connection: keep-alive
2025-08-10 20:08:06.050 [TestNG-test-Player Controller Tests-3] INFO  a.PlayerControllerTest - Cleaned up player with ID: 1834400328
2025-08-10 20:08:06.050 [TestNG-test-Player Controller Tests-3] INFO  a.c.RestClient - Deleting player with editor: supervisor, playerId: 1957133727
2025-08-10 20:08:06.051 [TestNG-test-Player Controller Tests-3] INFO  a.c.RestClient - HTTP DELETE /player/delete/{editor}
Request method:	DELETE
Request URI:	http://3.68.165.45/player/delete/supervisor
Proxy:			<none>
Request params:	<none>
Query params:	<none>
Form params:	<none>
Path params:	editor=supervisor
Headers:		Accept=*/*
				Content-Type=application/json
Cookies:		<none>
Multiparts:		<none>
Body:
{
    "playerId": 1957133727
}
2025-08-10 20:08:06.087 [TestNG-test-Player Controller Tests-2] INFO  a.c.RestClient - HTTP POST /player/get -> 200 (10065 ms)
HTTP/1.1 200 
Content-Type: application/json
Transfer-Encoding: chunked
Date: Sun, 10 Aug 2025 17:08:14 GMT
Keep-Alive: timeout=60
Connection: keep-alive

{
    "id": 1936633206,
    "login": "adrian.douglas",
    "password": "2iJ7j4JOf",
    "screenName": "70136e44",
    "gender": "male",
    "age": 59,
    "role": "admin"
}
2025-08-10 20:08:06.087 [TestNG-test-Player Controller Tests-2] INFO  a.PlayerControllerTest - Successfully verified admin data isolation
]]></system-out>
  </testcase>
  <testcase name="testCreatePlayerWithDuplicateLogin" classname="api.PlayerCreateDuplicateNegativeTest" time="0.1">
    <failure message="Expected HTTP status code 403, but was 200 expected [403] but found [200]" type="java.lang.AssertionError"><![CDATA[java.lang.AssertionError: Expected HTTP status code 403, but was 200 expected [403] but found [200]
	at org.testng.Assert.fail(Assert.java:111)
	at org.testng.Assert.failNotEquals(Assert.java:1578)
	at org.testng.Assert.assertEqualsImpl(Assert.java:150)
	at org.testng.Assert.assertEquals(Assert.java:132)
	at org.testng.Assert.assertEquals(Assert.java:1419)
	at org.testng.Assert.assertEquals(Assert.java:1383)
	at api.client.ResponseWrapper.expectingStatusCode(ResponseWrapper.java:49)
	at api.PlayerCreateDuplicateNegativeTest.assertCreatePlayerWithValidationError(PlayerCreateDuplicateNegativeTest.java:92)
	at api.PlayerCreateDuplicateNegativeTest.testCreatePlayerWithDuplicateLogin(PlayerCreateDuplicateNegativeTest.java:61)
	at java.base/jdk.internal.reflect.DirectMethodHandleAccessor.invoke(DirectMethodHandleAccessor.java:104)
	at java.base/java.lang.reflect.Method.invoke(Method.java:577)
	at org.testng.internal.invokers.MethodInvocationHelper.invokeMethod(MethodInvocationHelper.java:139)
	at org.testng.internal.invokers.TestInvoker.invokeMethod(TestInvoker.java:664)
	at org.testng.internal.invokers.TestInvoker.invokeTestMethod(TestInvoker.java:228)
	at org.testng.internal.invokers.MethodRunner.runInSequence(MethodRunner.java:63)
	at org.testng.internal.invokers.TestInvoker$MethodInvocationAgent.invoke(TestInvoker.java:961)
	at org.testng.internal.invokers.TestInvoker.invokeTestMethods(TestInvoker.java:201)
	at org.testng.internal.invokers.TestMethodWorker.invokeTestMethods(TestMethodWorker.java:148)
	at org.testng.internal.invokers.TestMethodWorker.run(TestMethodWorker.java:128)
	at java.base/java.util.concurrent.Executors$RunnableAdapter.call(Executors.java:539)
	at java.base/java.util.concurrent.FutureTask.run(FutureTask.java:264)
	at org.testng.internal.thread.graph.TestNGFutureTask.run(TestNGFutureTask.java:22)
	at java.base/java.util.concurrent.ThreadPoolExecutor.runWorker(ThreadPoolExecutor.java:1136)
	at java.base/java.util.concurrent.ThreadPoolExecutor$Worker.run(ThreadPoolExecutor.java:635)
	at java.base/java.lang.Thread.run(Thread.java:833)
]]></failure>
    <system-out><![CDATA[2025-08-10 20:07:54.787 [TestNG-test-Player Controller Tests-3] INFO  a.PlayerControllerTest - Cleaning up 1 created players
2025-08-10 20:07:54.788 [TestNG-test-Player Controller Tests-3] INFO  a.c.RestClient - Deleting player with editor: supervisor, playerId: 697792345
2025-08-10 20:07:54.789 [TestNG-test-Player Controller Tests-3] INFO  a.c.RestClient - HTTP DELETE /player/delete/{editor}
Request method:	DELETE
Request URI:	http://3.68.165.45/player/delete/supervisor
Proxy:			<none>
Request params:	<none>
Query params:	<none>
Form params:	<none>
Path params:	editor=supervisor
Headers:		Accept=*/*
				Content-Type=application/json
Cookies:		<none>
Multiparts:		<none>
Body:
{
    "playerId": 697792345
}
2025-08-10 20:07:54.808 [TestNG-test-Player Controller Tests-2] INFO  a.c.RestClient - HTTP DELETE /player/delete/{editor} -> 204 (61 ms)
HTTP/1.1 204 
Date: Sun, 10 Aug 2025 17:08:03 GMT
Keep-Alive: timeout=60
Connection: keep-alive
2025-08-10 20:07:54.808 [TestNG-test-Player Controller Tests-2] INFO  a.PlayerUpdateTest - Cleaned up player with ID: 1102422187
2025-08-10 20:07:54.809 [TestNG-test-Player Controller Tests-2] INFO  a.c.RestClient - Deleting player with editor: supervisor, playerId: 1102422187
2025-08-10 20:07:54.809 [TestNG-test-Player Controller Tests-2] INFO  a.c.RestClient - HTTP DELETE /player/delete/{editor}
Request method:	DELETE
Request URI:	http://3.68.165.45/player/delete/supervisor
Proxy:			<none>
Request params:	<none>
Query params:	<none>
Form params:	<none>
Path params:	editor=supervisor
Headers:		Accept=*/*
				Content-Type=application/json
Cookies:		<none>
Multiparts:		<none>
Body:
{
    "playerId": 1102422187
}
2025-08-10 20:07:54.866 [TestNG-test-Player Controller Tests-1] INFO  a.c.RestClient - HTTP DELETE /player/delete/{editor} -> 403 (76 ms)
HTTP/1.1 403 
Content-Length: 0
Date: Sun, 10 Aug 2025 17:08:03 GMT
Keep-Alive: timeout=60
Connection: keep-alive
2025-08-10 20:07:54.868 [TestNG-test-Player Controller Tests-1] INFO  a.PlayerUpdateTest - Cleaned up player with ID: 1102422187
2025-08-10 20:07:54.868 [TestNG-test-Player Controller Tests-1] INFO  a.c.RestClient - Deleting player with editor: supervisor, playerId: 1102422187
2025-08-10 20:07:54.870 [TestNG-test-Player Controller Tests-1] INFO  a.c.RestClient - HTTP DELETE /player/delete/{editor}
Request method:	DELETE
Request URI:	http://3.68.165.45/player/delete/supervisor
Proxy:			<none>
Request params:	<none>
Query params:	<none>
Form params:	<none>
Path params:	editor=supervisor
Headers:		Accept=*/*
				Content-Type=application/json
Cookies:		<none>
Multiparts:		<none>
Body:
{
    "playerId": 1102422187
}
2025-08-10 20:07:54.911 [TestNG-test-Player Controller Tests-3] INFO  a.c.RestClient - HTTP DELETE /player/delete/{editor} -> 403 (72 ms)
HTTP/1.1 403 
Content-Length: 0
Date: Sun, 10 Aug 2025 17:08:03 GMT
Keep-Alive: timeout=60
Connection: keep-alive
2025-08-10 20:07:54.911 [TestNG-test-Player Controller Tests-3] INFO  a.PlayerControllerTest - Cleaned up player with ID: 697792345
2025-08-10 20:07:54.930 [TestNG-test-Player Controller Tests-3] INFO  a.PlayerControllerTest - Setting up PlayerControllerTest
2025-08-10 20:07:54.930 [TestNG-test-Player Controller Tests-3] INFO  a.c.RestClient - Initializing RestClient with baseUri=http://3.68.165.45, contentType=application/json
2025-08-10 20:07:54.946 [TestNG-test-Player Controller Tests-2] INFO  a.c.RestClient - HTTP DELETE /player/delete/{editor} -> 403 (75 ms)
HTTP/1.1 403 
Content-Length: 0
Date: Sun, 10 Aug 2025 17:08:03 GMT
Keep-Alive: timeout=60
Connection: keep-alive
2025-08-10 20:07:54.946 [TestNG-test-Player Controller Tests-2] INFO  a.PlayerUpdateTest - Cleaned up player with ID: 1102422187
2025-08-10 20:07:54.947 [TestNG-test-Player Controller Tests-2] INFO  a.c.RestClient - Deleting player with editor: supervisor, playerId: 1250264091
2025-08-10 20:07:54.947 [TestNG-test-Player Controller Tests-2] INFO  a.c.RestClient - HTTP DELETE /player/delete/{editor}
Request method:	DELETE
Request URI:	http://3.68.165.45/player/delete/supervisor
Proxy:			<none>
Request params:	<none>
Query params:	<none>
Form params:	<none>
Path params:	editor=supervisor
Headers:		Accept=*/*
				Content-Type=application/json
Cookies:		<none>
Multiparts:		<none>
Body:
{
    "playerId": 1250264091
}
2025-08-10 20:07:54.955 [TestNG-test-Player Controller Tests-3] INFO  a.PlayerControllerTest - Testing data consistency workflow: Verify data integrity across operations
2025-08-10 20:07:54.957 [TestNG-test-Player Controller Tests-3] INFO  a.c.RestClient - Creating player with editor: supervisor, player: Player{age=48, gender='female', login='jesse.hyatt', role='user', screenName='5b59636e'}
2025-08-10 20:07:54.957 [TestNG-test-Player Controller Tests-3] INFO  a.c.RestClient - HTTP GET /player/create/{editor}
Request method:	GET
Request URI:	http://3.68.165.45/player/create/supervisor?password=fBp18Ey8J&role=user&gender=female&screenName=5b59636e&login=jesse.hyatt&age=48
Proxy:			<none>
Request params:	<none>
Query params:	password=fBp18Ey8J
				role=user
				gender=female
				screenName=5b59636e
				login=jesse.hyatt
				age=48
Form params:	<none>
Path params:	editor=supervisor
Headers:		Accept=*/*
				Content-Type=application/json
Cookies:		<none>
Multiparts:		<none>
Body:			<none>
2025-08-10 20:07:55.014 [TestNG-test-Player Controller Tests-1] INFO  a.c.RestClient - HTTP DELETE /player/delete/{editor} -> 403 (80 ms)
HTTP/1.1 403 
Content-Length: 0
Date: Sun, 10 Aug 2025 17:08:03 GMT
Keep-Alive: timeout=60
Connection: keep-alive
2025-08-10 20:07:55.015 [TestNG-test-Player Controller Tests-1] INFO  a.PlayerUpdateTest - Cleaned up player with ID: 1102422187
2025-08-10 20:07:55.015 [TestNG-test-Player Controller Tests-1] INFO  a.c.RestClient - Deleting player with editor: supervisor, playerId: 1250264091
2025-08-10 20:07:55.015 [TestNG-test-Player Controller Tests-1] INFO  a.c.RestClient - HTTP DELETE /player/delete/{editor}
Request method:	DELETE
Request URI:	http://3.68.165.45/player/delete/supervisor
Proxy:			<none>
Request params:	<none>
Query params:	<none>
Form params:	<none>
Path params:	editor=supervisor
Headers:		Accept=*/*
				Content-Type=application/json
Cookies:		<none>
Multiparts:		<none>
Body:
{
    "playerId": 1250264091
}
2025-08-10 20:07:55.070 [TestNG-test-Player Controller Tests-2] INFO  a.c.RestClient - HTTP DELETE /player/delete/{editor} -> 204 (68 ms)
HTTP/1.1 204 
Date: Sun, 10 Aug 2025 17:08:03 GMT
Keep-Alive: timeout=60
Connection: keep-alive
2025-08-10 20:07:55.072 [TestNG-test-Player Controller Tests-2] INFO  a.PlayerUpdateTest - Cleaned up player with ID: 1250264091
2025-08-10 20:07:55.073 [TestNG-test-Player Controller Tests-2] INFO  a.c.RestClient - Deleting player with editor: supervisor, playerId: 1250264091
2025-08-10 20:07:55.073 [TestNG-test-Player Controller Tests-2] INFO  a.c.RestClient - HTTP DELETE /player/delete/{editor}
Request method:	DELETE
Request URI:	http://3.68.165.45/player/delete/supervisor
Proxy:			<none>
Request params:	<none>
Query params:	<none>
Form params:	<none>
Path params:	editor=supervisor
Headers:		Accept=*/*
				Content-Type=application/json
Cookies:		<none>
Multiparts:		<none>
Body:
{
    "playerId": 1250264091
}
2025-08-10 20:07:55.092 [TestNG-test-Player Controller Tests-3] INFO  a.c.RestClient - HTTP GET /player/create/{editor} -> 200 (85 ms)
HTTP/1.1 200 
Content-Type: application/json
Transfer-Encoding: chunked
Date: Sun, 10 Aug 2025 17:08:03 GMT
Keep-Alive: timeout=60
Connection: keep-alive

{
    "id": 2061500654,
    "login": "jesse.hyatt",
    "password": null,
    "screenName": null,
    "gender": null,
    "age": null,
    "role": null
}
2025-08-10 20:07:55.093 [TestNG-test-Player Controller Tests-3] INFO  a.PlayerControllerTest - Created test player with ID: 2061500654
2025-08-10 20:07:55.093 [TestNG-test-Player Controller Tests-3] INFO  a.c.RestClient - Getting player with ID: 2061500654
2025-08-10 20:07:55.094 [TestNG-test-Player Controller Tests-3] INFO  a.c.RestClient - HTTP POST /player/get
Request method:	POST
Request URI:	http://3.68.165.45/player/get
Proxy:			<none>
Request params:	<none>
Query params:	<none>
Form params:	<none>
Path params:	<none>
Headers:		Accept=*/*
				Content-Type=application/json
Cookies:		<none>
Multiparts:		<none>
Body:
{
    "playerId": 2061500654
}
2025-08-10 20:07:55.130 [TestNG-test-Player Controller Tests-1] INFO  a.c.RestClient - HTTP DELETE /player/delete/{editor} -> 403 (70 ms)
HTTP/1.1 403 
Content-Length: 0
Date: Sun, 10 Aug 2025 17:08:03 GMT
Keep-Alive: timeout=60
Connection: keep-alive
2025-08-10 20:07:55.131 [TestNG-test-Player Controller Tests-1] INFO  a.PlayerUpdateTest - Cleaned up player with ID: 1250264091
2025-08-10 20:07:55.131 [TestNG-test-Player Controller Tests-1] INFO  a.c.RestClient - Deleting player with editor: supervisor, playerId: 1250264091
2025-08-10 20:07:55.131 [TestNG-test-Player Controller Tests-1] INFO  a.c.RestClient - HTTP DELETE /player/delete/{editor}
Request method:	DELETE
Request URI:	http://3.68.165.45/player/delete/supervisor
Proxy:			<none>
Request params:	<none>
Query params:	<none>
Form params:	<none>
Path params:	editor=supervisor
Headers:		Accept=*/*
				Content-Type=application/json
Cookies:		<none>
Multiparts:		<none>
Body:
{
    "playerId": 1250264091
}
2025-08-10 20:07:55.178 [TestNG-test-Player Controller Tests-2] INFO  a.c.RestClient - HTTP DELETE /player/delete/{editor} -> 403 (66 ms)
HTTP/1.1 403 
Content-Length: 0
Date: Sun, 10 Aug 2025 17:08:03 GMT
Keep-Alive: timeout=60
Connection: keep-alive
2025-08-10 20:07:55.179 [TestNG-test-Player Controller Tests-2] INFO  a.PlayerUpdateTest - Cleaned up player with ID: 1250264091
2025-08-10 20:07:55.179 [TestNG-test-Player Controller Tests-2] INFO  a.c.RestClient - Deleting player with editor: supervisor, playerId: 601095064
2025-08-10 20:07:55.181 [TestNG-test-Player Controller Tests-2] INFO  a.c.RestClient - HTTP DELETE /player/delete/{editor}
Request method:	DELETE
Request URI:	http://3.68.165.45/player/delete/supervisor
Proxy:			<none>
Request params:	<none>
Query params:	<none>
Form params:	<none>
Path params:	editor=supervisor
Headers:		Accept=*/*
				Content-Type=application/json
Cookies:		<none>
Multiparts:		<none>
Body:
{
    "playerId": 601095064
}
2025-08-10 20:07:55.239 [TestNG-test-Player Controller Tests-1] INFO  a.c.RestClient - HTTP DELETE /player/delete/{editor} -> 403 (66 ms)
HTTP/1.1 403 
Content-Length: 0
Date: Sun, 10 Aug 2025 17:08:04 GMT
Keep-Alive: timeout=60
Connection: keep-alive
2025-08-10 20:07:55.240 [TestNG-test-Player Controller Tests-1] INFO  a.PlayerUpdateTest - Cleaned up player with ID: 1250264091
2025-08-10 20:07:55.241 [TestNG-test-Player Controller Tests-1] INFO  a.c.RestClient - Deleting player with editor: supervisor, playerId: 601095064
2025-08-10 20:07:55.242 [TestNG-test-Player Controller Tests-1] INFO  a.c.RestClient - HTTP DELETE /player/delete/{editor}
Request method:	DELETE
Request URI:	http://3.68.165.45/player/delete/supervisor
Proxy:			<none>
Request params:	<none>
Query params:	<none>
Form params:	<none>
Path params:	editor=supervisor
Headers:		Accept=*/*
				Content-Type=application/json
Cookies:		<none>
Multiparts:		<none>
Body:
{
    "playerId": 601095064
}
2025-08-10 20:07:55.283 [TestNG-test-Player Controller Tests-2] INFO  a.c.RestClient - HTTP DELETE /player/delete/{editor} -> 403 (64 ms)
HTTP/1.1 403 
Content-Length: 0
Date: Sun, 10 Aug 2025 17:08:04 GMT
Keep-Alive: timeout=60
Connection: keep-alive
2025-08-10 20:07:55.284 [TestNG-test-Player Controller Tests-2] INFO  a.PlayerUpdateTest - Cleaned up player with ID: 601095064
2025-08-10 20:07:55.284 [TestNG-test-Player Controller Tests-2] INFO  a.c.RestClient - Deleting player with editor: supervisor, playerId: 601095064
2025-08-10 20:07:55.285 [TestNG-test-Player Controller Tests-2] INFO  a.c.RestClient - HTTP DELETE /player/delete/{editor}
Request method:	DELETE
Request URI:	http://3.68.165.45/player/delete/supervisor
Proxy:			<none>
Request params:	<none>
Query params:	<none>
Form params:	<none>
Path params:	editor=supervisor
Headers:		Accept=*/*
				Content-Type=application/json
Cookies:		<none>
Multiparts:		<none>
Body:
{
    "playerId": 601095064
}
2025-08-10 20:07:55.363 [TestNG-test-Player Controller Tests-1] INFO  a.c.RestClient - HTTP DELETE /player/delete/{editor} -> 403 (79 ms)
HTTP/1.1 403 
Content-Length: 0
Date: Sun, 10 Aug 2025 17:08:04 GMT
Keep-Alive: timeout=60
Connection: keep-alive
2025-08-10 20:07:55.363 [TestNG-test-Player Controller Tests-1] INFO  a.PlayerUpdateTest - Cleaned up player with ID: 601095064
2025-08-10 20:07:55.364 [TestNG-test-Player Controller Tests-1] INFO  a.c.RestClient - Deleting player with editor: supervisor, playerId: 601095064
2025-08-10 20:07:55.364 [TestNG-test-Player Controller Tests-1] INFO  a.c.RestClient - HTTP DELETE /player/delete/{editor}
Request method:	DELETE
Request URI:	http://3.68.165.45/player/delete/supervisor
Proxy:			<none>
Request params:	<none>
Query params:	<none>
Form params:	<none>
Path params:	editor=supervisor
Headers:		Accept=*/*
				Content-Type=application/json
Cookies:		<none>
Multiparts:		<none>
Body:
{
    "playerId": 601095064
}
2025-08-10 20:07:55.392 [TestNG-test-Player Controller Tests-2] INFO  a.c.RestClient - HTTP DELETE /player/delete/{editor} -> 403 (69 ms)
HTTP/1.1 403 
Content-Length: 0
Date: Sun, 10 Aug 2025 17:08:04 GMT
Keep-Alive: timeout=60
Connection: keep-alive
2025-08-10 20:07:55.392 [TestNG-test-Player Controller Tests-2] INFO  a.PlayerUpdateTest - Cleaned up player with ID: 601095064
2025-08-10 20:07:55.406 [TestNG-test-Player Controller Tests-2] INFO  a.PlayerControllerTest - Setting up PlayerControllerTest
2025-08-10 20:07:55.406 [TestNG-test-Player Controller Tests-2] INFO  a.c.RestClient - Initializing RestClient with baseUri=http://3.68.165.45, contentType=application/json
2025-08-10 20:07:55.420 [TestNG-test-Player Controller Tests-2] INFO  a.PlayerControllerTest - Testing multi-user workflow: Create multiple users and verify isolation
2025-08-10 20:07:55.424 [TestNG-test-Player Controller Tests-2] INFO  a.c.RestClient - Creating player with editor: supervisor, player: Player{age=25, gender='female', login='melinda.tromp', role='user', screenName='77f12de3'}
2025-08-10 20:07:55.424 [TestNG-test-Player Controller Tests-2] INFO  a.c.RestClient - HTTP GET /player/create/{editor}
Request method:	GET
Request URI:	http://3.68.165.45/player/create/supervisor?password=b4cffs1Hshb08&role=user&gender=female&screenName=77f12de3&login=melinda.tromp&age=25
Proxy:			<none>
Request params:	<none>
Query params:	password=b4cffs1Hshb08
				role=user
				gender=female
				screenName=77f12de3
				login=melinda.tromp
				age=25
Form params:	<none>
Path params:	editor=supervisor
Headers:		Accept=*/*
				Content-Type=application/json
Cookies:		<none>
Multiparts:		<none>
Body:			<none>
2025-08-10 20:07:55.478 [TestNG-test-Player Controller Tests-1] INFO  a.c.RestClient - HTTP DELETE /player/delete/{editor} -> 403 (77 ms)
HTTP/1.1 403 
Content-Length: 0
Date: Sun, 10 Aug 2025 17:08:04 GMT
Keep-Alive: timeout=60
Connection: keep-alive
2025-08-10 20:07:55.478 [TestNG-test-Player Controller Tests-1] INFO  a.PlayerUpdateTest - Cleaned up player with ID: 601095064
2025-08-10 20:07:55.493 [TestNG-test-Player Controller Tests-1] INFO  a.PlayerCreateTest - Setting up PlayerCreateTest
2025-08-10 20:07:55.493 [TestNG-test-Player Controller Tests-1] INFO  a.c.RestClient - Initializing RestClient with baseUri=http://3.68.165.45, contentType=application/json
2025-08-10 20:07:55.494 [TestNG-test-Player Controller Tests-1] INFO  a.c.RestClient - Creating player with editor: supervisor, player: Player{age=53, gender='male', login='tommie.cassin', role='user', screenName='b0a26505'}
2025-08-10 20:07:55.494 [TestNG-test-Player Controller Tests-1] INFO  a.c.RestClient - HTTP GET /player/create/{editor}
Request method:	GET
Request URI:	http://3.68.165.45/player/create/supervisor?password=6LYupR01&role=user&gender=male&screenName=b0a26505&login=tommie.cassin&age=53
Proxy:			<none>
Request params:	<none>
Query params:	password=6LYupR01
				role=user
				gender=male
				screenName=b0a26505
				login=tommie.cassin
				age=53
Form params:	<none>
Path params:	editor=supervisor
Headers:		Accept=*/*
				Content-Type=application/json
Cookies:		<none>
Multiparts:		<none>
Body:			<none>
2025-08-10 20:07:55.532 [TestNG-test-Player Controller Tests-2] INFO  a.c.RestClient - HTTP GET /player/create/{editor} -> 200 (63 ms)
HTTP/1.1 200 
Content-Type: application/json
Transfer-Encoding: chunked
Date: Sun, 10 Aug 2025 17:08:04 GMT
Keep-Alive: timeout=60
Connection: keep-alive

{
    "id": 1834400328,
    "login": "melinda.tromp",
    "password": null,
    "screenName": null,
    "gender": null,
    "age": null,
    "role": null
}
2025-08-10 20:07:55.534 [TestNG-test-Player Controller Tests-2] INFO  a.PlayerControllerTest - Created first user with ID: 1834400328
2025-08-10 20:07:55.535 [TestNG-test-Player Controller Tests-2] INFO  a.c.RestClient - Creating player with editor: supervisor, player: Player{age=28, gender='female', login='art.kris', role='user', screenName='12f4daaa'}
2025-08-10 20:07:55.536 [TestNG-test-Player Controller Tests-2] INFO  a.c.RestClient - HTTP GET /player/create/{editor}
Request method:	GET
Request URI:	http://3.68.165.45/player/create/supervisor?password=HFlMgpqS4&role=user&gender=female&screenName=12f4daaa&login=art.kris&age=28
Proxy:			<none>
Request params:	<none>
Query params:	password=HFlMgpqS4
				role=user
				gender=female
				screenName=12f4daaa
				login=art.kris
				age=28
Form params:	<none>
Path params:	editor=supervisor
Headers:		Accept=*/*
				Content-Type=application/json
Cookies:		<none>
Multiparts:		<none>
Body:			<none>
2025-08-10 20:07:55.589 [TestNG-test-Player Controller Tests-1] INFO  a.c.RestClient - HTTP GET /player/create/{editor} -> 200 (58 ms)
HTTP/1.1 200 
Content-Type: application/json
Transfer-Encoding: chunked
Date: Sun, 10 Aug 2025 17:08:04 GMT
Keep-Alive: timeout=60
Connection: keep-alive

{
    "id": 926438164,
    "login": "tommie.cassin",
    "password": null,
    "screenName": null,
    "gender": null,
    "age": null,
    "role": null
}
2025-08-10 20:07:55.590 [TestNG-test-Player Controller Tests-1] INFO  a.PlayerCreateTest - Created first player with ID: 926438164
2025-08-10 20:07:55.600 [TestNG-test-Player Controller Tests-1] INFO  a.PlayerCreateTest - Testing player creation with duplicate login
2025-08-10 20:07:55.603 [TestNG-test-Player Controller Tests-1] INFO  a.c.RestClient - Creating player with editor: supervisor, player: Player{age=47, gender='female', login='tommie.cassin', role='user', screenName='6751c883'}
2025-08-10 20:07:55.603 [TestNG-test-Player Controller Tests-1] INFO  a.c.RestClient - HTTP GET /player/create/{editor}
Request method:	GET
Request URI:	http://3.68.165.45/player/create/supervisor?password=8riUjsR0t1bV&role=user&gender=female&screenName=6751c883&login=tommie.cassin&age=47
Proxy:			<none>
Request params:	<none>
Query params:	password=8riUjsR0t1bV
				role=user
				gender=female
				screenName=6751c883
				login=tommie.cassin
				age=47
Form params:	<none>
Path params:	editor=supervisor
Headers:		Accept=*/*
				Content-Type=application/json
Cookies:		<none>
Multiparts:		<none>
Body:			<none>
2025-08-10 20:07:55.629 [TestNG-test-Player Controller Tests-2] INFO  a.c.RestClient - HTTP GET /player/create/{editor} -> 200 (59 ms)
HTTP/1.1 200 
Content-Type: application/json
Transfer-Encoding: chunked
Date: Sun, 10 Aug 2025 17:08:04 GMT
Keep-Alive: timeout=60
Connection: keep-alive

{
    "id": 1957133727,
    "login": "art.kris",
    "password": null,
    "screenName": null,
    "gender": null,
    "age": null,
    "role": null
}
2025-08-10 20:07:55.631 [TestNG-test-Player Controller Tests-2] INFO  a.PlayerControllerTest - Created second user with ID: 1957133727
2025-08-10 20:07:55.632 [TestNG-test-Player Controller Tests-2] INFO  a.c.RestClient - Creating player with editor: supervisor, player: Player{age=59, gender='male', login='adrian.douglas', role='admin', screenName='70136e44'}
2025-08-10 20:07:55.632 [TestNG-test-Player Controller Tests-2] INFO  a.c.RestClient - HTTP GET /player/create/{editor}
Request method:	GET
Request URI:	http://3.68.165.45/player/create/supervisor?password=2iJ7j4JOf&role=admin&gender=male&screenName=70136e44&login=adrian.douglas&age=59
Proxy:			<none>
Request params:	<none>
Query params:	password=2iJ7j4JOf
				role=admin
				gender=male
				screenName=70136e44
				login=adrian.douglas
				age=59
Form params:	<none>
Path params:	editor=supervisor
Headers:		Accept=*/*
				Content-Type=application/json
Cookies:		<none>
Multiparts:		<none>
Body:			<none>
2025-08-10 20:07:55.703 [TestNG-test-Player Controller Tests-1] INFO  a.c.RestClient - HTTP GET /player/create/{editor} -> 200 (62 ms)
HTTP/1.1 200 
Content-Type: application/json
Transfer-Encoding: chunked
Date: Sun, 10 Aug 2025 17:08:04 GMT
Keep-Alive: timeout=60
Connection: keep-alive

{
    "id": 926438164,
    "login": "tommie.cassin",
    "password": null,
    "screenName": null,
    "gender": null,
    "age": null,
    "role": null
}
]]></system-out>
  </testcase>
  <testcase name="testCreatePlayerWithDuplicateScreenName" classname="api.PlayerCreateDuplicateNegativeTest" time="0.105">
    <failure message="Expected HTTP status code 403, but was 200 expected [403] but found [200]" type="java.lang.AssertionError"><![CDATA[java.lang.AssertionError: Expected HTTP status code 403, but was 200 expected [403] but found [200]
	at org.testng.Assert.fail(Assert.java:111)
	at org.testng.Assert.failNotEquals(Assert.java:1578)
	at org.testng.Assert.assertEqualsImpl(Assert.java:150)
	at org.testng.Assert.assertEquals(Assert.java:132)
	at org.testng.Assert.assertEquals(Assert.java:1419)
	at org.testng.Assert.assertEquals(Assert.java:1383)
	at api.client.ResponseWrapper.expectingStatusCode(ResponseWrapper.java:49)
	at api.PlayerCreateDuplicateNegativeTest.assertCreatePlayerWithValidationError(PlayerCreateDuplicateNegativeTest.java:92)
	at api.PlayerCreateDuplicateNegativeTest.testCreatePlayerWithDuplicateScreenName(PlayerCreateDuplicateNegativeTest.java:69)
	at java.base/jdk.internal.reflect.DirectMethodHandleAccessor.invoke(DirectMethodHandleAccessor.java:104)
	at java.base/java.lang.reflect.Method.invoke(Method.java:577)
	at org.testng.internal.invokers.MethodInvocationHelper.invokeMethod(MethodInvocationHelper.java:139)
	at org.testng.internal.invokers.TestInvoker.invokeMethod(TestInvoker.java:664)
	at org.testng.internal.invokers.TestInvoker.invokeTestMethod(TestInvoker.java:228)
	at org.testng.internal.invokers.MethodRunner.runInSequence(MethodRunner.java:63)
	at org.testng.internal.invokers.TestInvoker$MethodInvocationAgent.invoke(TestInvoker.java:961)
	at org.testng.internal.invokers.TestInvoker.invokeTestMethods(TestInvoker.java:201)
	at org.testng.internal.invokers.TestMethodWorker.invokeTestMethods(TestMethodWorker.java:148)
	at org.testng.internal.invokers.TestMethodWorker.run(TestMethodWorker.java:128)
	at java.base/java.util.concurrent.Executors$RunnableAdapter.call(Executors.java:539)
	at java.base/java.util.concurrent.FutureTask.run(FutureTask.java:264)
	at org.testng.internal.thread.graph.TestNGFutureTask.run(TestNGFutureTask.java:22)
	at java.base/java.util.concurrent.ThreadPoolExecutor.runWorker(ThreadPoolExecutor.java:1136)
	at java.base/java.util.concurrent.ThreadPoolExecutor$Worker.run(ThreadPoolExecutor.java:635)
	at java.base/java.lang.Thread.run(Thread.java:833)
]]></failure>
    <system-out><![CDATA[2025-08-10 20:07:55.719 [TestNG-test-Player Controller Tests-1] INFO  a.PlayerCreateTest - Cleaning up 2 created players
2025-08-10 20:07:55.720 [TestNG-test-Player Controller Tests-1] INFO  a.c.RestClient - Deleting player with editor: supervisor, playerId: 926438164
2025-08-10 20:07:55.721 [TestNG-test-Player Controller Tests-1] INFO  a.c.RestClient - HTTP DELETE /player/delete/{editor}
Request method:	DELETE
Request URI:	http://3.68.165.45/player/delete/supervisor
Proxy:			<none>
Request params:	<none>
Query params:	<none>
Form params:	<none>
Path params:	editor=supervisor
Headers:		Accept=*/*
				Content-Type=application/json
Cookies:		<none>
Multiparts:		<none>
Body:
{
    "playerId": 926438164
}
2025-08-10 20:07:55.730 [TestNG-test-Player Controller Tests-2] INFO  a.c.RestClient - HTTP GET /player/create/{editor} -> 200 (59 ms)
HTTP/1.1 200 
Content-Type: application/json
Transfer-Encoding: chunked
Date: Sun, 10 Aug 2025 17:08:04 GMT
Keep-Alive: timeout=60
Connection: keep-alive

{
    "id": 1936633206,
    "login": "adrian.douglas",
    "password": null,
    "screenName": null,
    "gender": null,
    "age": null,
    "role": null
}
2025-08-10 20:07:55.731 [TestNG-test-Player Controller Tests-2] INFO  a.PlayerControllerTest - Created admin with ID: 1936633206
2025-08-10 20:07:55.731 [TestNG-test-Player Controller Tests-2] INFO  a.c.RestClient - Getting player with ID: 1834400328
2025-08-10 20:07:55.732 [TestNG-test-Player Controller Tests-2] INFO  a.c.RestClient - HTTP POST /player/get
Request method:	POST
Request URI:	http://3.68.165.45/player/get
Proxy:			<none>
Request params:	<none>
Query params:	<none>
Form params:	<none>
Path params:	<none>
Headers:		Accept=*/*
				Content-Type=application/json
Cookies:		<none>
Multiparts:		<none>
Body:
{
    "playerId": 1834400328
}
2025-08-10 20:07:55.830 [TestNG-test-Player Controller Tests-2] INFO  a.c.RestClient - HTTP POST /player/get -> 200 (62 ms)
HTTP/1.1 200 
Content-Type: application/json
Transfer-Encoding: chunked
Date: Sun, 10 Aug 2025 17:08:04 GMT
Keep-Alive: timeout=60
Connection: keep-alive

{
    "id": 1834400328,
    "login": "melinda.tromp",
    "password": "b4cffs1Hshb08",
    "screenName": "77f12de3",
    "gender": "female",
    "age": 25,
    "role": "user"
}
2025-08-10 20:07:55.832 [TestNG-test-Player Controller Tests-2] INFO  a.PlayerControllerTest - Successfully verified first user data isolation
2025-08-10 20:07:55.832 [TestNG-test-Player Controller Tests-2] INFO  a.c.RestClient - Getting player with ID: 1957133727
2025-08-10 20:07:55.832 [TestNG-test-Player Controller Tests-2] INFO  a.c.RestClient - HTTP POST /player/get
2025-08-10 20:07:55.837 [TestNG-test-Player Controller Tests-1] INFO  a.c.RestClient - HTTP DELETE /player/delete/{editor} -> 204 (67 ms)
Request method:	POST
Request URI:	http://3.68.165.45/player/get
Proxy:			<none>
Request params:	<none>
Query params:	<none>
Form params:	<none>
Path params:	<none>
Headers:		Accept=*/*
				Content-Type=application/json
Cookies:		<none>
Multiparts:		<none>
Body:
{
    "playerId": 1957133727
}
HTTP/1.1 204 
Date: Sun, 10 Aug 2025 17:08:04 GMT
Keep-Alive: timeout=60
Connection: keep-alive
2025-08-10 20:07:55.838 [TestNG-test-Player Controller Tests-1] INFO  a.PlayerCreateTest - Cleaned up player with ID: 926438164
2025-08-10 20:07:55.839 [TestNG-test-Player Controller Tests-1] INFO  a.c.RestClient - Deleting player with editor: supervisor, playerId: 926438164
2025-08-10 20:07:55.840 [TestNG-test-Player Controller Tests-1] INFO  a.c.RestClient - HTTP DELETE /player/delete/{editor}
Request method:	DELETE
Request URI:	http://3.68.165.45/player/delete/supervisor
Proxy:			<none>
Request params:	<none>
Query params:	<none>
Form params:	<none>
Path params:	editor=supervisor
Headers:		Accept=*/*
				Content-Type=application/json
Cookies:		<none>
Multiparts:		<none>
Body:
{
    "playerId": 926438164
}
2025-08-10 20:07:55.933 [TestNG-test-Player Controller Tests-2] INFO  a.c.RestClient - HTTP POST /player/get -> 200 (65 ms)
HTTP/1.1 200 
Content-Type: application/json
Transfer-Encoding: chunked
Date: Sun, 10 Aug 2025 17:08:04 GMT
Keep-Alive: timeout=60
Connection: keep-alive

{
    "id": 1957133727,
    "login": "art.kris",
    "password": "HFlMgpqS4",
    "screenName": "12f4daaa",
    "gender": "female",
    "age": 28,
    "role": "user"
}
2025-08-10 20:07:55.934 [TestNG-test-Player Controller Tests-2] INFO  a.PlayerControllerTest - Successfully verified second user data isolation
2025-08-10 20:07:55.935 [TestNG-test-Player Controller Tests-2] INFO  a.c.RestClient - Getting player with ID: 1936633206
2025-08-10 20:07:55.935 [TestNG-test-Player Controller Tests-2] INFO  a.c.RestClient - HTTP POST /player/get
2025-08-10 20:07:55.936 [TestNG-test-Player Controller Tests-1] INFO  a.c.RestClient - HTTP DELETE /player/delete/{editor} -> 403 (61 ms)
HTTP/1.1 403 
Content-Length: 0
Date: Sun, 10 Aug 2025 17:08:04 GMT
Keep-Alive: timeout=60
Connection: keep-alive
2025-08-10 20:07:55.937 [TestNG-test-Player Controller Tests-1] INFO  a.PlayerCreateTest - Cleaned up player with ID: 926438164
Request method:	POST
Request URI:	http://3.68.165.45/player/get
Proxy:			<none>
Request params:	<none>
Query params:	<none>
Form params:	<none>
Path params:	<none>
Headers:		Accept=*/*
				Content-Type=application/json
Cookies:		<none>
Multiparts:		<none>
Body:
{
    "playerId": 1936633206
}
2025-08-10 20:07:55.950 [TestNG-test-Player Controller Tests-1] INFO  a.PlayerCreateTest - Setting up PlayerCreateTest
2025-08-10 20:07:55.952 [TestNG-test-Player Controller Tests-1] INFO  a.c.RestClient - Initializing RestClient with baseUri=http://3.68.165.45, contentType=application/json
2025-08-10 20:07:55.954 [TestNG-test-Player Controller Tests-1] INFO  a.c.RestClient - Creating player with editor: supervisor, player: Player{age=57, gender='male', login='christa.schultz', role='user', screenName='83467eba'}
2025-08-10 20:07:55.954 [TestNG-test-Player Controller Tests-1] INFO  a.c.RestClient - HTTP GET /player/create/{editor}
Request method:	GET
Request URI:	http://3.68.165.45/player/create/supervisor?password=RAs4wg4mMzfC95&role=user&gender=male&screenName=83467eba&login=christa.schultz&age=57
Proxy:			<none>
Request params:	<none>
Query params:	password=RAs4wg4mMzfC95
				role=user
				gender=male
				screenName=83467eba
				login=christa.schultz
				age=57
Form params:	<none>
Path params:	editor=supervisor
Headers:		Accept=*/*
				Content-Type=application/json
Cookies:		<none>
Multiparts:		<none>
Body:			<none>
2025-08-10 20:07:56.093 [TestNG-test-Player Controller Tests-1] INFO  a.c.RestClient - HTTP GET /player/create/{editor} -> 200 (61 ms)
HTTP/1.1 200 
Content-Type: application/json
Transfer-Encoding: chunked
Date: Sun, 10 Aug 2025 17:08:04 GMT
Keep-Alive: timeout=60
Connection: keep-alive

{
    "id": 260030785,
    "login": "christa.schultz",
    "password": null,
    "screenName": null,
    "gender": null,
    "age": null,
    "role": null
}
2025-08-10 20:07:56.094 [TestNG-test-Player Controller Tests-1] INFO  a.PlayerCreateTest - Created first player with ID: 260030785
2025-08-10 20:07:56.113 [TestNG-test-Player Controller Tests-1] INFO  a.PlayerCreateTest - Testing player creation with duplicate screenName
2025-08-10 20:07:56.115 [TestNG-test-Player Controller Tests-1] INFO  a.c.RestClient - Creating player with editor: supervisor, player: Player{age=17, gender='female', login='aleshia.considine', role='user', screenName='83467eba'}
2025-08-10 20:07:56.115 [TestNG-test-Player Controller Tests-1] INFO  a.c.RestClient - HTTP GET /player/create/{editor}
Request method:	GET
Request URI:	http://3.68.165.45/player/create/supervisor?password=npfXb3nYnb9r5Xt&role=user&gender=female&screenName=83467eba&login=aleshia.considine&age=17
Proxy:			<none>
Request params:	<none>
Query params:	password=npfXb3nYnb9r5Xt
				role=user
				gender=female
				screenName=83467eba
				login=aleshia.considine
				age=17
Form params:	<none>
Path params:	editor=supervisor
Headers:		Accept=*/*
				Content-Type=application/json
Cookies:		<none>
Multiparts:		<none>
Body:			<none>
2025-08-10 20:07:56.222 [TestNG-test-Player Controller Tests-1] INFO  a.c.RestClient - HTTP GET /player/create/{editor} -> 200 (70 ms)
HTTP/1.1 200 
Content-Type: application/json
Transfer-Encoding: chunked
Date: Sun, 10 Aug 2025 17:08:04 GMT
Keep-Alive: timeout=60
Connection: keep-alive

{
    "id": 928589741,
    "login": "aleshia.considine",
    "password": null,
    "screenName": null,
    "gender": null,
    "age": null,
    "role": null
}
]]></system-out>
  </testcase>
  <testcase name="testCreatePlayerWithAdminRole" classname="api.PlayerCreateTest" time="0.115">
    <system-out><![CDATA[2025-08-10 20:07:56.235 [TestNG-test-Player Controller Tests-1] INFO  a.PlayerCreateTest - Cleaning up 2 created players
2025-08-10 20:07:56.235 [TestNG-test-Player Controller Tests-1] INFO  a.c.RestClient - Deleting player with editor: supervisor, playerId: 260030785
2025-08-10 20:07:56.235 [TestNG-test-Player Controller Tests-1] INFO  a.c.RestClient - HTTP DELETE /player/delete/{editor}
Request method:	DELETE
Request URI:	http://3.68.165.45/player/delete/supervisor
Proxy:			<none>
Request params:	<none>
Query params:	<none>
Form params:	<none>
Path params:	editor=supervisor
Headers:		Accept=*/*
				Content-Type=application/json
Cookies:		<none>
Multiparts:		<none>
Body:
{
    "playerId": 260030785
}
2025-08-10 20:07:56.334 [TestNG-test-Player Controller Tests-1] INFO  a.c.RestClient - HTTP DELETE /player/delete/{editor} -> 204 (66 ms)
HTTP/1.1 204 
Date: Sun, 10 Aug 2025 17:08:05 GMT
Keep-Alive: timeout=60
Connection: keep-alive
2025-08-10 20:07:56.334 [TestNG-test-Player Controller Tests-1] INFO  a.PlayerCreateTest - Cleaned up player with ID: 260030785
2025-08-10 20:07:56.336 [TestNG-test-Player Controller Tests-1] INFO  a.c.RestClient - Deleting player with editor: supervisor, playerId: 260030785
2025-08-10 20:07:56.336 [TestNG-test-Player Controller Tests-1] INFO  a.c.RestClient - HTTP DELETE /player/delete/{editor}
Request method:	DELETE
Request URI:	http://3.68.165.45/player/delete/supervisor
Proxy:			<none>
Request params:	<none>
Query params:	<none>
Form params:	<none>
Path params:	editor=supervisor
Headers:		Accept=*/*
				Content-Type=application/json
Cookies:		<none>
Multiparts:		<none>
Body:
{
    "playerId": 260030785
}
2025-08-10 20:07:56.425 [TestNG-test-Player Controller Tests-1] INFO  a.c.RestClient - HTTP DELETE /player/delete/{editor} -> 403 (59 ms)
HTTP/1.1 403 
Content-Length: 0
Date: Sun, 10 Aug 2025 17:08:05 GMT
Keep-Alive: timeout=60
Connection: keep-alive
2025-08-10 20:07:56.425 [TestNG-test-Player Controller Tests-1] INFO  a.PlayerCreateTest - Cleaned up player with ID: 260030785
2025-08-10 20:07:56.437 [TestNG-test-Player Controller Tests-1] INFO  a.PlayerCreateTest - Setting up PlayerCreateTest
2025-08-10 20:07:56.437 [TestNG-test-Player Controller Tests-1] INFO  a.c.RestClient - Initializing RestClient with baseUri=http://3.68.165.45, contentType=application/json
Running PlayerCreateTest in thread TestNG-test-Player Controller Tests-1
2025-08-10 20:07:56.453 [TestNG-test-Player Controller Tests-1] INFO  a.PlayerCreateTest - Testing player creation with admin role
2025-08-10 20:07:56.454 [TestNG-test-Player Controller Tests-1] INFO  a.c.RestClient - Creating player with editor: supervisor, player: Player{age=22, gender='male', login='doug.osinski', role='admin', screenName='9ea12eda'}
2025-08-10 20:07:56.454 [TestNG-test-Player Controller Tests-1] INFO  a.c.RestClient - HTTP GET /player/create/{editor}
Request method:	GET
Request URI:	http://3.68.165.45/player/create/supervisor?password=b7i7rL2kDn53H20&role=admin&gender=male&screenName=9ea12eda&login=doug.osinski&age=22
Proxy:			<none>
Request params:	<none>
Query params:	password=b7i7rL2kDn53H20
				role=admin
				gender=male
				screenName=9ea12eda
				login=doug.osinski
				age=22
Form params:	<none>
Path params:	editor=supervisor
Headers:		Accept=*/*
				Content-Type=application/json
Cookies:		<none>
Multiparts:		<none>
Body:			<none>
2025-08-10 20:07:56.561 [TestNG-test-Player Controller Tests-1] INFO  a.c.RestClient - HTTP GET /player/create/{editor} -> 200 (67 ms)
HTTP/1.1 200 
Content-Type: application/json
Transfer-Encoding: chunked
Date: Sun, 10 Aug 2025 17:08:05 GMT
Keep-Alive: timeout=60
Connection: keep-alive

{
    "id": 1768181965,
    "login": "doug.osinski",
    "password": null,
    "screenName": null,
    "gender": null,
    "age": null,
    "role": null
}
2025-08-10 20:07:56.562 [TestNG-test-Player Controller Tests-1] INFO  a.PlayerCreateTest - Successfully created admin player with ID: 1768181965
]]></system-out>
  </testcase>
  <testcase name="testCreatePlayerWithInvalidAgeTooOld" classname="api.PlayerCreateTest" time="0.095">
    <failure message="Response body is empty; cannot map to ErrorBody" type="java.lang.AssertionError"><![CDATA[java.lang.AssertionError: Response body is empty; cannot map to ErrorBody
	at api.client.ResponseWrapper.readError(ResponseWrapper.java:56)
	at api.PlayerCreateTest.assertCreatePlayerWithValidationError(PlayerCreateTest.java:272)
	at api.PlayerCreateTest.testCreatePlayerWithInvalidAgeTooOld(PlayerCreateTest.java:125)
	at java.base/jdk.internal.reflect.DirectMethodHandleAccessor.invoke(DirectMethodHandleAccessor.java:104)
	at java.base/java.lang.reflect.Method.invoke(Method.java:577)
	at org.testng.internal.invokers.MethodInvocationHelper.invokeMethod(MethodInvocationHelper.java:139)
	at org.testng.internal.invokers.TestInvoker.invokeMethod(TestInvoker.java:664)
	at org.testng.internal.invokers.TestInvoker.invokeTestMethod(TestInvoker.java:228)
	at org.testng.internal.invokers.MethodRunner.runInSequence(MethodRunner.java:63)
	at org.testng.internal.invokers.TestInvoker$MethodInvocationAgent.invoke(TestInvoker.java:961)
	at org.testng.internal.invokers.TestInvoker.invokeTestMethods(TestInvoker.java:201)
	at org.testng.internal.invokers.TestMethodWorker.invokeTestMethods(TestMethodWorker.java:148)
	at org.testng.internal.invokers.TestMethodWorker.run(TestMethodWorker.java:128)
	at java.base/java.util.concurrent.Executors$RunnableAdapter.call(Executors.java:539)
	at java.base/java.util.concurrent.FutureTask.run(FutureTask.java:264)
	at org.testng.internal.thread.graph.TestNGFutureTask.run(TestNGFutureTask.java:22)
	at java.base/java.util.concurrent.ThreadPoolExecutor.runWorker(ThreadPoolExecutor.java:1136)
	at java.base/java.util.concurrent.ThreadPoolExecutor$Worker.run(ThreadPoolExecutor.java:635)
	at java.base/java.lang.Thread.run(Thread.java:833)
]]></failure>
    <system-out><![CDATA[2025-08-10 20:07:56.574 [TestNG-test-Player Controller Tests-1] INFO  a.PlayerCreateTest - Cleaning up 1 created players
2025-08-10 20:07:56.574 [TestNG-test-Player Controller Tests-1] INFO  a.c.RestClient - Deleting player with editor: supervisor, playerId: 1768181965
2025-08-10 20:07:56.575 [TestNG-test-Player Controller Tests-1] INFO  a.c.RestClient - HTTP DELETE /player/delete/{editor}
Request method:	DELETE
Request URI:	http://3.68.165.45/player/delete/supervisor
Proxy:			<none>
Request params:	<none>
Query params:	<none>
Form params:	<none>
Path params:	editor=supervisor
Headers:		Accept=*/*
				Content-Type=application/json
Cookies:		<none>
Multiparts:		<none>
Body:
{
    "playerId": 1768181965
}
2025-08-10 20:07:56.668 [TestNG-test-Player Controller Tests-1] INFO  a.c.RestClient - HTTP DELETE /player/delete/{editor} -> 204 (61 ms)
HTTP/1.1 204 
Date: Sun, 10 Aug 2025 17:08:05 GMT
Keep-Alive: timeout=60
Connection: keep-alive
2025-08-10 20:07:56.670 [TestNG-test-Player Controller Tests-1] INFO  a.PlayerCreateTest - Cleaned up player with ID: 1768181965
2025-08-10 20:07:56.678 [TestNG-test-Player Controller Tests-1] INFO  a.PlayerCreateTest - Setting up PlayerCreateTest
2025-08-10 20:07:56.678 [TestNG-test-Player Controller Tests-1] INFO  a.c.RestClient - Initializing RestClient with baseUri=http://3.68.165.45, contentType=application/json
Running PlayerCreateTest in thread TestNG-test-Player Controller Tests-1
2025-08-10 20:07:56.691 [TestNG-test-Player Controller Tests-1] INFO  a.PlayerCreateTest - Testing player creation with invalid age (too old)
2025-08-10 20:07:56.693 [TestNG-test-Player Controller Tests-1] INFO  a.c.RestClient - Creating player with editor: supervisor, player: Player{age=61, gender='female', login='olene.gorczany', role='user', screenName='e3d33385'}
2025-08-10 20:07:56.693 [TestNG-test-Player Controller Tests-1] INFO  a.c.RestClient - HTTP GET /player/create/{editor}
Request method:	GET
Request URI:	http://3.68.165.45/player/create/supervisor?password=TYLX3NPk&role=user&gender=female&screenName=e3d33385&login=olene.gorczany&age=61
Proxy:			<none>
Request params:	<none>
Query params:	password=TYLX3NPk
				role=user
				gender=female
				screenName=e3d33385
				login=olene.gorczany
				age=61
Form params:	<none>
Path params:	editor=supervisor
Headers:		Accept=*/*
				Content-Type=application/json
Cookies:		<none>
Multiparts:		<none>
Body:			<none>
2025-08-10 20:07:56.784 [TestNG-test-Player Controller Tests-1] INFO  a.c.RestClient - HTTP GET /player/create/{editor} -> 400 (63 ms)
HTTP/1.1 400 
Content-Length: 0
Date: Sun, 10 Aug 2025 17:08:05 GMT
Connection: close
]]></system-out>
  </testcase>
  <testcase name="testCreatePlayerWithInvalidAgeTooYoung" classname="api.PlayerCreateTest" time="0.086">
    <failure message="Response body is empty; cannot map to ErrorBody" type="java.lang.AssertionError"><![CDATA[java.lang.AssertionError: Response body is empty; cannot map to ErrorBody
	at api.client.ResponseWrapper.readError(ResponseWrapper.java:56)
	at api.PlayerCreateTest.assertCreatePlayerWithValidationError(PlayerCreateTest.java:272)
	at api.PlayerCreateTest.testCreatePlayerWithInvalidAgeTooYoung(PlayerCreateTest.java:115)
	at java.base/jdk.internal.reflect.DirectMethodHandleAccessor.invoke(DirectMethodHandleAccessor.java:104)
	at java.base/java.lang.reflect.Method.invoke(Method.java:577)
	at org.testng.internal.invokers.MethodInvocationHelper.invokeMethod(MethodInvocationHelper.java:139)
	at org.testng.internal.invokers.TestInvoker.invokeMethod(TestInvoker.java:664)
	at org.testng.internal.invokers.TestInvoker.invokeTestMethod(TestInvoker.java:228)
	at org.testng.internal.invokers.MethodRunner.runInSequence(MethodRunner.java:63)
	at org.testng.internal.invokers.TestInvoker$MethodInvocationAgent.invoke(TestInvoker.java:961)
	at org.testng.internal.invokers.TestInvoker.invokeTestMethods(TestInvoker.java:201)
	at org.testng.internal.invokers.TestMethodWorker.invokeTestMethods(TestMethodWorker.java:148)
	at org.testng.internal.invokers.TestMethodWorker.run(TestMethodWorker.java:128)
	at java.base/java.util.concurrent.Executors$RunnableAdapter.call(Executors.java:539)
	at java.base/java.util.concurrent.FutureTask.run(FutureTask.java:264)
	at org.testng.internal.thread.graph.TestNGFutureTask.run(TestNGFutureTask.java:22)
	at java.base/java.util.concurrent.ThreadPoolExecutor.runWorker(ThreadPoolExecutor.java:1136)
	at java.base/java.util.concurrent.ThreadPoolExecutor$Worker.run(ThreadPoolExecutor.java:635)
	at java.base/java.lang.Thread.run(Thread.java:833)
]]></failure>
    <system-out><![CDATA[2025-08-10 20:07:56.798 [TestNG-test-Player Controller Tests-1] INFO  a.PlayerCreateTest - Cleaning up 0 created players
2025-08-10 20:07:56.806 [TestNG-test-Player Controller Tests-1] INFO  a.PlayerCreateTest - Setting up PlayerCreateTest
2025-08-10 20:07:56.806 [TestNG-test-Player Controller Tests-1] INFO  a.c.RestClient - Initializing RestClient with baseUri=http://3.68.165.45, contentType=application/json
Running PlayerCreateTest in thread TestNG-test-Player Controller Tests-1
2025-08-10 20:07:56.815 [TestNG-test-Player Controller Tests-1] INFO  a.PlayerCreateTest - Testing player creation with invalid age (too young)
2025-08-10 20:07:56.818 [TestNG-test-Player Controller Tests-1] INFO  a.c.RestClient - Creating player with editor: supervisor, player: Player{age=15, gender='female', login='renea.zieme', role='user', screenName='55e2b1c8'}
2025-08-10 20:07:56.818 [TestNG-test-Player Controller Tests-1] INFO  a.c.RestClient - HTTP GET /player/create/{editor}
Request method:	GET
Request URI:	http://3.68.165.45/player/create/supervisor?password=KV79TFO85&role=user&gender=female&screenName=55e2b1c8&login=renea.zieme&age=15
Proxy:			<none>
Request params:	<none>
Query params:	password=KV79TFO85
				role=user
				gender=female
				screenName=55e2b1c8
				login=renea.zieme
				age=15
Form params:	<none>
Path params:	editor=supervisor
Headers:		Accept=*/*
				Content-Type=application/json
Cookies:		<none>
Multiparts:		<none>
Body:			<none>
2025-08-10 20:07:56.902 [TestNG-test-Player Controller Tests-1] INFO  a.c.RestClient - HTTP GET /player/create/{editor} -> 400 (60 ms)
HTTP/1.1 400 
Content-Length: 0
Date: Sun, 10 Aug 2025 17:08:05 GMT
Connection: close
]]></system-out>
  </testcase>
  <testcase name="testCreatePlayerWithInvalidGender" classname="api.PlayerCreateTest" time="0.094">
    <failure message="User should not be created. expected [400] but found [200]" type="java.lang.AssertionError"><![CDATA[java.lang.AssertionError: User should not be created. expected [400] but found [200]
	at org.testng.Assert.fail(Assert.java:111)
	at org.testng.Assert.failNotEquals(Assert.java:1578)
	at org.testng.Assert.assertEqualsImpl(Assert.java:150)
	at org.testng.Assert.assertEquals(Assert.java:132)
	at org.testng.Assert.assertEquals(Assert.java:1419)
	at org.testng.Assert.assertEquals(Assert.java:1383)
	at api.PlayerCreateTest.assertCreatePlayerWithValidationError(PlayerCreateTest.java:271)
	at api.PlayerCreateTest.testCreatePlayerWithInvalidGender(PlayerCreateTest.java:137)
	at java.base/jdk.internal.reflect.DirectMethodHandleAccessor.invoke(DirectMethodHandleAccessor.java:104)
	at java.base/java.lang.reflect.Method.invoke(Method.java:577)
	at org.testng.internal.invokers.MethodInvocationHelper.invokeMethod(MethodInvocationHelper.java:139)
	at org.testng.internal.invokers.TestInvoker.invokeMethod(TestInvoker.java:664)
	at org.testng.internal.invokers.TestInvoker.invokeTestMethod(TestInvoker.java:228)
	at org.testng.internal.invokers.MethodRunner.runInSequence(MethodRunner.java:63)
	at org.testng.internal.invokers.TestInvoker$MethodInvocationAgent.invoke(TestInvoker.java:961)
	at org.testng.internal.invokers.TestInvoker.invokeTestMethods(TestInvoker.java:201)
	at org.testng.internal.invokers.TestMethodWorker.invokeTestMethods(TestMethodWorker.java:148)
	at org.testng.internal.invokers.TestMethodWorker.run(TestMethodWorker.java:128)
	at java.base/java.util.concurrent.Executors$RunnableAdapter.call(Executors.java:539)
	at java.base/java.util.concurrent.FutureTask.run(FutureTask.java:264)
	at org.testng.internal.thread.graph.TestNGFutureTask.run(TestNGFutureTask.java:22)
	at java.base/java.util.concurrent.ThreadPoolExecutor.runWorker(ThreadPoolExecutor.java:1136)
	at java.base/java.util.concurrent.ThreadPoolExecutor$Worker.run(ThreadPoolExecutor.java:635)
	at java.base/java.lang.Thread.run(Thread.java:833)
]]></failure>
    <system-out><![CDATA[2025-08-10 20:07:56.915 [TestNG-test-Player Controller Tests-1] INFO  a.PlayerCreateTest - Cleaning up 0 created players
2025-08-10 20:07:56.924 [TestNG-test-Player Controller Tests-1] INFO  a.PlayerCreateTest - Setting up PlayerCreateTest
2025-08-10 20:07:56.925 [TestNG-test-Player Controller Tests-1] INFO  a.c.RestClient - Initializing RestClient with baseUri=http://3.68.165.45, contentType=application/json
Running PlayerCreateTest in thread TestNG-test-Player Controller Tests-1
2025-08-10 20:07:56.933 [TestNG-test-Player Controller Tests-1] INFO  a.PlayerCreateTest - Testing player creation with invalid gender
2025-08-10 20:07:56.934 [TestNG-test-Player Controller Tests-1] INFO  a.c.RestClient - Creating player with editor: supervisor, player: Player{age=54, gender='invalid_gender', login='chuck.hodkiewicz', role='user', screenName='d7d18a0b'}
2025-08-10 20:07:56.934 [TestNG-test-Player Controller Tests-1] INFO  a.c.RestClient - HTTP GET /player/create/{editor}
Request method:	GET
Request URI:	http://3.68.165.45/player/create/supervisor?password=t2dR471512VI&role=user&gender=invalid_gender&screenName=d7d18a0b&login=chuck.hodkiewicz&age=54
Proxy:			<none>
Request params:	<none>
Query params:	password=t2dR471512VI
				role=user
				gender=invalid_gender
				screenName=d7d18a0b
				login=chuck.hodkiewicz
				age=54
Form params:	<none>
Path params:	editor=supervisor
Headers:		Accept=*/*
				Content-Type=application/json
Cookies:		<none>
Multiparts:		<none>
Body:			<none>
2025-08-10 20:07:57.021 [TestNG-test-Player Controller Tests-1] INFO  a.c.RestClient - HTTP GET /player/create/{editor} -> 200 (58 ms)
HTTP/1.1 200 
Content-Type: application/json
Transfer-Encoding: chunked
Date: Sun, 10 Aug 2025 17:08:05 GMT
Keep-Alive: timeout=60
Connection: keep-alive

{
    "id": 49905964,
    "login": "chuck.hodkiewicz",
    "password": null,
    "screenName": null,
    "gender": null,
    "age": null,
    "role": null
}
]]></system-out>
  </testcase>
  <testcase name="testCreatePlayerWithInvalidPasswordNoLetters" classname="api.PlayerCreateTest" time="0.093">
    <failure message="User should not be created. expected [400] but found [200]" type="java.lang.AssertionError"><![CDATA[java.lang.AssertionError: User should not be created. expected [400] but found [200]
	at org.testng.Assert.fail(Assert.java:111)
	at org.testng.Assert.failNotEquals(Assert.java:1578)
	at org.testng.Assert.assertEqualsImpl(Assert.java:150)
	at org.testng.Assert.assertEquals(Assert.java:132)
	at org.testng.Assert.assertEquals(Assert.java:1419)
	at org.testng.Assert.assertEquals(Assert.java:1383)
	at api.PlayerCreateTest.assertCreatePlayerWithValidationError(PlayerCreateTest.java:271)
	at api.PlayerCreateTest.testCreatePlayerWithInvalidPasswordNoLetters(PlayerCreateTest.java:179)
	at java.base/jdk.internal.reflect.DirectMethodHandleAccessor.invoke(DirectMethodHandleAccessor.java:104)
	at java.base/java.lang.reflect.Method.invoke(Method.java:577)
	at org.testng.internal.invokers.MethodInvocationHelper.invokeMethod(MethodInvocationHelper.java:139)
	at org.testng.internal.invokers.TestInvoker.invokeMethod(TestInvoker.java:664)
	at org.testng.internal.invokers.TestInvoker.invokeTestMethod(TestInvoker.java:228)
	at org.testng.internal.invokers.MethodRunner.runInSequence(MethodRunner.java:63)
	at org.testng.internal.invokers.TestInvoker$MethodInvocationAgent.invoke(TestInvoker.java:961)
	at org.testng.internal.invokers.TestInvoker.invokeTestMethods(TestInvoker.java:201)
	at org.testng.internal.invokers.TestMethodWorker.invokeTestMethods(TestMethodWorker.java:148)
	at org.testng.internal.invokers.TestMethodWorker.run(TestMethodWorker.java:128)
	at java.base/java.util.concurrent.Executors$RunnableAdapter.call(Executors.java:539)
	at java.base/java.util.concurrent.FutureTask.run(FutureTask.java:264)
	at org.testng.internal.thread.graph.TestNGFutureTask.run(TestNGFutureTask.java:22)
	at java.base/java.util.concurrent.ThreadPoolExecutor.runWorker(ThreadPoolExecutor.java:1136)
	at java.base/java.util.concurrent.ThreadPoolExecutor$Worker.run(ThreadPoolExecutor.java:635)
	at java.base/java.lang.Thread.run(Thread.java:833)
]]></failure>
    <system-out><![CDATA[2025-08-10 20:07:57.034 [TestNG-test-Player Controller Tests-1] INFO  a.PlayerCreateTest - Cleaning up 0 created players
2025-08-10 20:07:57.041 [TestNG-test-Player Controller Tests-1] INFO  a.PlayerCreateTest - Setting up PlayerCreateTest
2025-08-10 20:07:57.043 [TestNG-test-Player Controller Tests-1] INFO  a.c.RestClient - Initializing RestClient with baseUri=http://3.68.165.45, contentType=application/json
Running PlayerCreateTest in thread TestNG-test-Player Controller Tests-1
2025-08-10 20:07:57.052 [TestNG-test-Player Controller Tests-1] INFO  a.PlayerCreateTest - Testing player creation with invalid password (no letters)
2025-08-10 20:07:57.053 [TestNG-test-Player Controller Tests-1] INFO  a.c.RestClient - Creating player with editor: supervisor, player: Player{age=51, gender='male', login='lorrine.borer', role='user', screenName='57f3a805'}
2025-08-10 20:07:57.054 [TestNG-test-Player Controller Tests-1] INFO  a.c.RestClient - HTTP GET /player/create/{editor}
Request method:	GET
Request URI:	http://3.68.165.45/player/create/supervisor?password=3549237&role=user&gender=male&screenName=57f3a805&login=lorrine.borer&age=51
Proxy:			<none>
Request params:	<none>
Query params:	password=3549237
				role=user
				gender=male
				screenName=57f3a805
				login=lorrine.borer
				age=51
Form params:	<none>
Path params:	editor=supervisor
Headers:		Accept=*/*
				Content-Type=application/json
Cookies:		<none>
Multiparts:		<none>
Body:			<none>
2025-08-10 20:07:57.143 [TestNG-test-Player Controller Tests-1] INFO  a.c.RestClient - HTTP GET /player/create/{editor} -> 200 (63 ms)
HTTP/1.1 200 
Content-Type: application/json
Transfer-Encoding: chunked
Date: Sun, 10 Aug 2025 17:08:05 GMT
Keep-Alive: timeout=60
Connection: keep-alive

{
    "id": 1507890222,
    "login": "lorrine.borer",
    "password": null,
    "screenName": null,
    "gender": null,
    "age": null,
    "role": null
}
]]></system-out>
  </testcase>
  <testcase name="testCreatePlayerWithInvalidPasswordNoNumbers" classname="api.PlayerCreateTest" time="0.089">
    <failure message="User should not be created. expected [400] but found [200]" type="java.lang.AssertionError"><![CDATA[java.lang.AssertionError: User should not be created. expected [400] but found [200]
	at org.testng.Assert.fail(Assert.java:111)
	at org.testng.Assert.failNotEquals(Assert.java:1578)
	at org.testng.Assert.assertEqualsImpl(Assert.java:150)
	at org.testng.Assert.assertEquals(Assert.java:132)
	at org.testng.Assert.assertEquals(Assert.java:1419)
	at org.testng.Assert.assertEquals(Assert.java:1383)
	at api.PlayerCreateTest.assertCreatePlayerWithValidationError(PlayerCreateTest.java:271)
	at api.PlayerCreateTest.testCreatePlayerWithInvalidPasswordNoNumbers(PlayerCreateTest.java:169)
	at java.base/jdk.internal.reflect.DirectMethodHandleAccessor.invoke(DirectMethodHandleAccessor.java:104)
	at java.base/java.lang.reflect.Method.invoke(Method.java:577)
	at org.testng.internal.invokers.MethodInvocationHelper.invokeMethod(MethodInvocationHelper.java:139)
	at org.testng.internal.invokers.TestInvoker.invokeMethod(TestInvoker.java:664)
	at org.testng.internal.invokers.TestInvoker.invokeTestMethod(TestInvoker.java:228)
	at org.testng.internal.invokers.MethodRunner.runInSequence(MethodRunner.java:63)
	at org.testng.internal.invokers.TestInvoker$MethodInvocationAgent.invoke(TestInvoker.java:961)
	at org.testng.internal.invokers.TestInvoker.invokeTestMethods(TestInvoker.java:201)
	at org.testng.internal.invokers.TestMethodWorker.invokeTestMethods(TestMethodWorker.java:148)
	at org.testng.internal.invokers.TestMethodWorker.run(TestMethodWorker.java:128)
	at java.base/java.util.concurrent.Executors$RunnableAdapter.call(Executors.java:539)
	at java.base/java.util.concurrent.FutureTask.run(FutureTask.java:264)
	at org.testng.internal.thread.graph.TestNGFutureTask.run(TestNGFutureTask.java:22)
	at java.base/java.util.concurrent.ThreadPoolExecutor.runWorker(ThreadPoolExecutor.java:1136)
	at java.base/java.util.concurrent.ThreadPoolExecutor$Worker.run(ThreadPoolExecutor.java:635)
	at java.base/java.lang.Thread.run(Thread.java:833)
]]></failure>
    <system-out><![CDATA[2025-08-10 20:07:57.155 [TestNG-test-Player Controller Tests-1] INFO  a.PlayerCreateTest - Cleaning up 0 created players
2025-08-10 20:07:57.164 [TestNG-test-Player Controller Tests-1] INFO  a.PlayerCreateTest - Setting up PlayerCreateTest
2025-08-10 20:07:57.164 [TestNG-test-Player Controller Tests-1] INFO  a.c.RestClient - Initializing RestClient with baseUri=http://3.68.165.45, contentType=application/json
Running PlayerCreateTest in thread TestNG-test-Player Controller Tests-1
2025-08-10 20:07:57.172 [TestNG-test-Player Controller Tests-1] INFO  a.PlayerCreateTest - Testing player creation with invalid password (no numbers)
2025-08-10 20:07:57.173 [TestNG-test-Player Controller Tests-1] INFO  a.c.RestClient - Creating player with editor: supervisor, player: Player{age=50, gender='male', login='clay.rolfson', role='user', screenName='4bea0ec6'}
2025-08-10 20:07:57.174 [TestNG-test-Player Controller Tests-1] INFO  a.c.RestClient - HTTP GET /player/create/{editor}
Request method:	GET
Request URI:	http://3.68.165.45/player/create/supervisor?password=cllfOzr&role=user&gender=male&screenName=4bea0ec6&login=clay.rolfson&age=50
Proxy:			<none>
Request params:	<none>
Query params:	password=cllfOzr
				role=user
				gender=male
				screenName=4bea0ec6
				login=clay.rolfson
				age=50
Form params:	<none>
Path params:	editor=supervisor
Headers:		Accept=*/*
				Content-Type=application/json
Cookies:		<none>
Multiparts:		<none>
Body:			<none>
2025-08-10 20:07:57.258 [TestNG-test-Player Controller Tests-1] INFO  a.c.RestClient - HTTP GET /player/create/{editor} -> 200 (61 ms)
HTTP/1.1 200 
Content-Type: application/json
Transfer-Encoding: chunked
Date: Sun, 10 Aug 2025 17:08:05 GMT
Keep-Alive: timeout=60
Connection: keep-alive

{
    "id": 2081354052,
    "login": "clay.rolfson",
    "password": null,
    "screenName": null,
    "gender": null,
    "age": null,
    "role": null
}
]]></system-out>
  </testcase>
  <testcase name="testCreatePlayerWithInvalidPasswordTooLong" classname="api.PlayerCreateTest" time="0.085">
    <failure message="User should not be created. expected [400] but found [200]" type="java.lang.AssertionError"><![CDATA[java.lang.AssertionError: User should not be created. expected [400] but found [200]
	at org.testng.Assert.fail(Assert.java:111)
	at org.testng.Assert.failNotEquals(Assert.java:1578)
	at org.testng.Assert.assertEqualsImpl(Assert.java:150)
	at org.testng.Assert.assertEquals(Assert.java:132)
	at org.testng.Assert.assertEquals(Assert.java:1419)
	at org.testng.Assert.assertEquals(Assert.java:1383)
	at api.PlayerCreateTest.assertCreatePlayerWithValidationError(PlayerCreateTest.java:271)
	at api.PlayerCreateTest.testCreatePlayerWithInvalidPasswordTooLong(PlayerCreateTest.java:159)
	at java.base/jdk.internal.reflect.DirectMethodHandleAccessor.invoke(DirectMethodHandleAccessor.java:104)
	at java.base/java.lang.reflect.Method.invoke(Method.java:577)
	at org.testng.internal.invokers.MethodInvocationHelper.invokeMethod(MethodInvocationHelper.java:139)
	at org.testng.internal.invokers.TestInvoker.invokeMethod(TestInvoker.java:664)
	at org.testng.internal.invokers.TestInvoker.invokeTestMethod(TestInvoker.java:228)
	at org.testng.internal.invokers.MethodRunner.runInSequence(MethodRunner.java:63)
	at org.testng.internal.invokers.TestInvoker$MethodInvocationAgent.invoke(TestInvoker.java:961)
	at org.testng.internal.invokers.TestInvoker.invokeTestMethods(TestInvoker.java:201)
	at org.testng.internal.invokers.TestMethodWorker.invokeTestMethods(TestMethodWorker.java:148)
	at org.testng.internal.invokers.TestMethodWorker.run(TestMethodWorker.java:128)
	at java.base/java.util.concurrent.Executors$RunnableAdapter.call(Executors.java:539)
	at java.base/java.util.concurrent.FutureTask.run(FutureTask.java:264)
	at org.testng.internal.thread.graph.TestNGFutureTask.run(TestNGFutureTask.java:22)
	at java.base/java.util.concurrent.ThreadPoolExecutor.runWorker(ThreadPoolExecutor.java:1136)
	at java.base/java.util.concurrent.ThreadPoolExecutor$Worker.run(ThreadPoolExecutor.java:635)
	at java.base/java.lang.Thread.run(Thread.java:833)
]]></failure>
    <system-out><![CDATA[2025-08-10 20:07:57.269 [TestNG-test-Player Controller Tests-1] INFO  a.PlayerCreateTest - Cleaning up 0 created players
2025-08-10 20:07:57.276 [TestNG-test-Player Controller Tests-1] INFO  a.PlayerCreateTest - Setting up PlayerCreateTest
2025-08-10 20:07:57.276 [TestNG-test-Player Controller Tests-1] INFO  a.c.RestClient - Initializing RestClient with baseUri=http://3.68.165.45, contentType=application/json
Running PlayerCreateTest in thread TestNG-test-Player Controller Tests-1
2025-08-10 20:07:57.284 [TestNG-test-Player Controller Tests-1] INFO  a.PlayerCreateTest - Testing player creation with invalid password (too long)
2025-08-10 20:07:57.284 [TestNG-test-Player Controller Tests-1] INFO  a.c.RestClient - Creating player with editor: supervisor, player: Player{age=59, gender='male', login='ola.maggio', role='user', screenName='cc42de4f'}
2025-08-10 20:07:57.285 [TestNG-test-Player Controller Tests-1] INFO  a.c.RestClient - HTTP GET /player/create/{editor}
Request method:	GET
Request URI:	http://3.68.165.45/player/create/supervisor?password=s87xbtaKQWOj4gRHC&role=user&gender=male&screenName=cc42de4f&login=ola.maggio&age=59
Proxy:			<none>
Request params:	<none>
Query params:	password=s87xbtaKQWOj4gRHC
				role=user
				gender=male
				screenName=cc42de4f
				login=ola.maggio
				age=59
Form params:	<none>
Path params:	editor=supervisor
Headers:		Accept=*/*
				Content-Type=application/json
Cookies:		<none>
Multiparts:		<none>
Body:			<none>
2025-08-10 20:07:57.368 [TestNG-test-Player Controller Tests-1] INFO  a.c.RestClient - HTTP GET /player/create/{editor} -> 200 (61 ms)
HTTP/1.1 200 
Content-Type: application/json
Transfer-Encoding: chunked
Date: Sun, 10 Aug 2025 17:08:06 GMT
Keep-Alive: timeout=60
Connection: keep-alive

{
    "id": 1974197367,
    "login": "ola.maggio",
    "password": null,
    "screenName": null,
    "gender": null,
    "age": null,
    "role": null
}
]]></system-out>
  </testcase>
  <testcase name="testCreatePlayerWithInvalidPasswordTooShort" classname="api.PlayerCreateTest" time="0.086">
    <failure message="User should not be created. expected [400] but found [200]" type="java.lang.AssertionError"><![CDATA[java.lang.AssertionError: User should not be created. expected [400] but found [200]
	at org.testng.Assert.fail(Assert.java:111)
	at org.testng.Assert.failNotEquals(Assert.java:1578)
	at org.testng.Assert.assertEqualsImpl(Assert.java:150)
	at org.testng.Assert.assertEquals(Assert.java:132)
	at org.testng.Assert.assertEquals(Assert.java:1419)
	at org.testng.Assert.assertEquals(Assert.java:1383)
	at api.PlayerCreateTest.assertCreatePlayerWithValidationError(PlayerCreateTest.java:271)
	at api.PlayerCreateTest.testCreatePlayerWithInvalidPasswordTooShort(PlayerCreateTest.java:149)
	at java.base/jdk.internal.reflect.DirectMethodHandleAccessor.invoke(DirectMethodHandleAccessor.java:104)
	at java.base/java.lang.reflect.Method.invoke(Method.java:577)
	at org.testng.internal.invokers.MethodInvocationHelper.invokeMethod(MethodInvocationHelper.java:139)
	at org.testng.internal.invokers.TestInvoker.invokeMethod(TestInvoker.java:664)
	at org.testng.internal.invokers.TestInvoker.invokeTestMethod(TestInvoker.java:228)
	at org.testng.internal.invokers.MethodRunner.runInSequence(MethodRunner.java:63)
	at org.testng.internal.invokers.TestInvoker$MethodInvocationAgent.invoke(TestInvoker.java:961)
	at org.testng.internal.invokers.TestInvoker.invokeTestMethods(TestInvoker.java:201)
	at org.testng.internal.invokers.TestMethodWorker.invokeTestMethods(TestMethodWorker.java:148)
	at org.testng.internal.invokers.TestMethodWorker.run(TestMethodWorker.java:128)
	at java.base/java.util.concurrent.Executors$RunnableAdapter.call(Executors.java:539)
	at java.base/java.util.concurrent.FutureTask.run(FutureTask.java:264)
	at org.testng.internal.thread.graph.TestNGFutureTask.run(TestNGFutureTask.java:22)
	at java.base/java.util.concurrent.ThreadPoolExecutor.runWorker(ThreadPoolExecutor.java:1136)
	at java.base/java.util.concurrent.ThreadPoolExecutor$Worker.run(ThreadPoolExecutor.java:635)
	at java.base/java.lang.Thread.run(Thread.java:833)
]]></failure>
    <system-out><![CDATA[2025-08-10 20:07:57.380 [TestNG-test-Player Controller Tests-1] INFO  a.PlayerCreateTest - Cleaning up 0 created players
2025-08-10 20:07:57.388 [TestNG-test-Player Controller Tests-1] INFO  a.PlayerCreateTest - Setting up PlayerCreateTest
2025-08-10 20:07:57.388 [TestNG-test-Player Controller Tests-1] INFO  a.c.RestClient - Initializing RestClient with baseUri=http://3.68.165.45, contentType=application/json
Running PlayerCreateTest in thread TestNG-test-Player Controller Tests-1
2025-08-10 20:07:57.398 [TestNG-test-Player Controller Tests-1] INFO  a.PlayerCreateTest - Testing player creation with invalid password (too short)
2025-08-10 20:07:57.399 [TestNG-test-Player Controller Tests-1] INFO  a.c.RestClient - Creating player with editor: supervisor, player: Player{age=25, gender='female', login='edda.stamm', role='user', screenName='177af1bd'}
2025-08-10 20:07:57.399 [TestNG-test-Player Controller Tests-1] INFO  a.c.RestClient - HTTP GET /player/create/{editor}
Request method:	GET
Request URI:	http://3.68.165.45/player/create/supervisor?password=h3yDaG&role=user&gender=female&screenName=177af1bd&login=edda.stamm&age=25
Proxy:			<none>
Request params:	<none>
Query params:	password=h3yDaG
				role=user
				gender=female
				screenName=177af1bd
				login=edda.stamm
				age=25
Form params:	<none>
Path params:	editor=supervisor
Headers:		Accept=*/*
				Content-Type=application/json
Cookies:		<none>
Multiparts:		<none>
Body:			<none>
2025-08-10 20:07:57.482 [TestNG-test-Player Controller Tests-1] INFO  a.c.RestClient - HTTP GET /player/create/{editor} -> 200 (62 ms)
HTTP/1.1 200 
Content-Type: application/json
Transfer-Encoding: chunked
Date: Sun, 10 Aug 2025 17:08:06 GMT
Keep-Alive: timeout=60
Connection: keep-alive

{
    "id": 1722031110,
    "login": "edda.stamm",
    "password": null,
    "screenName": null,
    "gender": null,
    "age": null,
    "role": null
}
]]></system-out>
  </testcase>
  <testcase name="testCreatePlayerWithInvalidRole" classname="api.PlayerCreateTest" time="0.082">
    <failure message="Response body is empty; cannot map to ErrorBody" type="java.lang.AssertionError"><![CDATA[java.lang.AssertionError: Response body is empty; cannot map to ErrorBody
	at api.client.ResponseWrapper.readError(ResponseWrapper.java:56)
	at api.PlayerCreateTest.assertCreatePlayerWithValidationError(PlayerCreateTest.java:272)
	at api.PlayerCreateTest.testCreatePlayerWithInvalidRole(PlayerCreateTest.java:190)
	at java.base/jdk.internal.reflect.DirectMethodHandleAccessor.invoke(DirectMethodHandleAccessor.java:104)
	at java.base/java.lang.reflect.Method.invoke(Method.java:577)
	at org.testng.internal.invokers.MethodInvocationHelper.invokeMethod(MethodInvocationHelper.java:139)
	at org.testng.internal.invokers.TestInvoker.invokeMethod(TestInvoker.java:664)
	at org.testng.internal.invokers.TestInvoker.invokeTestMethod(TestInvoker.java:228)
	at org.testng.internal.invokers.MethodRunner.runInSequence(MethodRunner.java:63)
	at org.testng.internal.invokers.TestInvoker$MethodInvocationAgent.invoke(TestInvoker.java:961)
	at org.testng.internal.invokers.TestInvoker.invokeTestMethods(TestInvoker.java:201)
	at org.testng.internal.invokers.TestMethodWorker.invokeTestMethods(TestMethodWorker.java:148)
	at org.testng.internal.invokers.TestMethodWorker.run(TestMethodWorker.java:128)
	at java.base/java.util.concurrent.Executors$RunnableAdapter.call(Executors.java:539)
	at java.base/java.util.concurrent.FutureTask.run(FutureTask.java:264)
	at org.testng.internal.thread.graph.TestNGFutureTask.run(TestNGFutureTask.java:22)
	at java.base/java.util.concurrent.ThreadPoolExecutor.runWorker(ThreadPoolExecutor.java:1136)
	at java.base/java.util.concurrent.ThreadPoolExecutor$Worker.run(ThreadPoolExecutor.java:635)
	at java.base/java.lang.Thread.run(Thread.java:833)
]]></failure>
    <system-out><![CDATA[2025-08-10 20:07:57.494 [TestNG-test-Player Controller Tests-1] INFO  a.PlayerCreateTest - Cleaning up 0 created players
2025-08-10 20:07:57.503 [TestNG-test-Player Controller Tests-1] INFO  a.PlayerCreateTest - Setting up PlayerCreateTest
2025-08-10 20:07:57.503 [TestNG-test-Player Controller Tests-1] INFO  a.c.RestClient - Initializing RestClient with baseUri=http://3.68.165.45, contentType=application/json
2025-08-10 20:07:57.511 [TestNG-test-Player Controller Tests-1] INFO  a.PlayerCreateTest - Testing player creation with invalid role
2025-08-10 20:07:57.512 [TestNG-test-Player Controller Tests-1] INFO  a.c.RestClient - Creating player with editor: supervisor, player: Player{age=46, gender='male', login='earl.skiles', role='invalid_role', screenName='c1dc42de'}
2025-08-10 20:07:57.512 [TestNG-test-Player Controller Tests-1] INFO  a.c.RestClient - HTTP GET /player/create/{editor}
Request method:	GET
Request URI:	http://3.68.165.45/player/create/supervisor?password=lBFO500vS17&role=invalid_role&gender=male&screenName=c1dc42de&login=earl.skiles&age=46
Proxy:			<none>
Request params:	<none>
Query params:	password=lBFO500vS17
				role=invalid_role
				gender=male
				screenName=c1dc42de
				login=earl.skiles
				age=46
Form params:	<none>
Path params:	editor=supervisor
Headers:		Accept=*/*
				Content-Type=application/json
Cookies:		<none>
Multiparts:		<none>
Body:			<none>
2025-08-10 20:07:57.590 [TestNG-test-Player Controller Tests-1] INFO  a.c.RestClient - HTTP GET /player/create/{editor} -> 400 (55 ms)
HTTP/1.1 400 
Content-Length: 0
Date: Sun, 10 Aug 2025 17:08:06 GMT
Connection: close
]]></system-out>
  </testcase>
  <testcase name="testCreatePlayerWithMissingAge" classname="api.PlayerCreateTest" time="0.091">
    <failure message="Response body is empty; cannot map to ErrorBody" type="java.lang.AssertionError"><![CDATA[java.lang.AssertionError: Response body is empty; cannot map to ErrorBody
	at api.client.ResponseWrapper.readError(ResponseWrapper.java:56)
	at api.PlayerCreateTest.assertCreatePlayerWithValidationError(PlayerCreateTest.java:272)
	at api.PlayerCreateTest.testCreatePlayerWithMissingAge(PlayerCreateTest.java:201)
	at java.base/jdk.internal.reflect.DirectMethodHandleAccessor.invoke(DirectMethodHandleAccessor.java:104)
	at java.base/java.lang.reflect.Method.invoke(Method.java:577)
	at org.testng.internal.invokers.MethodInvocationHelper.invokeMethod(MethodInvocationHelper.java:139)
	at org.testng.internal.invokers.TestInvoker.invokeMethod(TestInvoker.java:664)
	at org.testng.internal.invokers.TestInvoker.invokeTestMethod(TestInvoker.java:228)
	at org.testng.internal.invokers.MethodRunner.runInSequence(MethodRunner.java:63)
	at org.testng.internal.invokers.TestInvoker$MethodInvocationAgent.invoke(TestInvoker.java:961)
	at org.testng.internal.invokers.TestInvoker.invokeTestMethods(TestInvoker.java:201)
	at org.testng.internal.invokers.TestMethodWorker.invokeTestMethods(TestMethodWorker.java:148)
	at org.testng.internal.invokers.TestMethodWorker.run(TestMethodWorker.java:128)
	at java.base/java.util.concurrent.Executors$RunnableAdapter.call(Executors.java:539)
	at java.base/java.util.concurrent.FutureTask.run(FutureTask.java:264)
	at org.testng.internal.thread.graph.TestNGFutureTask.run(TestNGFutureTask.java:22)
	at java.base/java.util.concurrent.ThreadPoolExecutor.runWorker(ThreadPoolExecutor.java:1136)
	at java.base/java.util.concurrent.ThreadPoolExecutor$Worker.run(ThreadPoolExecutor.java:635)
	at java.base/java.lang.Thread.run(Thread.java:833)
]]></failure>
    <system-out><![CDATA[2025-08-10 20:07:57.600 [TestNG-test-Player Controller Tests-1] INFO  a.PlayerCreateTest - Cleaning up 0 created players
2025-08-10 20:07:57.609 [TestNG-test-Player Controller Tests-1] INFO  a.PlayerCreateTest - Setting up PlayerCreateTest
2025-08-10 20:07:57.610 [TestNG-test-Player Controller Tests-1] INFO  a.c.RestClient - Initializing RestClient with baseUri=http://3.68.165.45, contentType=application/json
2025-08-10 20:07:57.618 [TestNG-test-Player Controller Tests-1] INFO  a.PlayerCreateTest - Testing player creation with missing age
2025-08-10 20:07:57.618 [TestNG-test-Player Controller Tests-1] INFO  a.c.RestClient - Creating player with editor: supervisor, player: Player{age=null, gender='female', login='kendrick.krajcik', role='user', screenName='75c9794e'}
2025-08-10 20:07:57.620 [TestNG-test-Player Controller Tests-1] INFO  a.c.RestClient - HTTP GET /player/create/{editor}
Request method:	GET
Request URI:	http://3.68.165.45/player/create/supervisor?password=KYrLVhL67LXS31&role=user&gender=female&screenName=75c9794e&login=kendrick.krajcik&age
Proxy:			<none>
Request params:	<none>
Query params:	password=KYrLVhL67LXS31
				role=user
				gender=female
				screenName=75c9794e
				login=kendrick.krajcik
				age
Form params:	<none>
Path params:	editor=supervisor
Headers:		Accept=*/*
				Content-Type=application/json
Cookies:		<none>
Multiparts:		<none>
Body:			<none>
2025-08-10 20:07:57.706 [TestNG-test-Player Controller Tests-1] INFO  a.c.RestClient - HTTP GET /player/create/{editor} -> 400 (59 ms)
HTTP/1.1 400 
Content-Length: 0
Date: Sun, 10 Aug 2025 17:08:06 GMT
Connection: close
]]></system-out>
  </testcase>
  <testcase name="testCreatePlayerWithMissingGender" classname="api.PlayerCreateTest" time="0.093">
    <failure message="Response body is empty; cannot map to ErrorBody" type="java.lang.AssertionError"><![CDATA[java.lang.AssertionError: Response body is empty; cannot map to ErrorBody
	at api.client.ResponseWrapper.readError(ResponseWrapper.java:56)
	at api.PlayerCreateTest.assertCreatePlayerWithValidationError(PlayerCreateTest.java:272)
	at api.PlayerCreateTest.testCreatePlayerWithMissingGender(PlayerCreateTest.java:210)
	at java.base/jdk.internal.reflect.DirectMethodHandleAccessor.invoke(DirectMethodHandleAccessor.java:104)
	at java.base/java.lang.reflect.Method.invoke(Method.java:577)
	at org.testng.internal.invokers.MethodInvocationHelper.invokeMethod(MethodInvocationHelper.java:139)
	at org.testng.internal.invokers.TestInvoker.invokeMethod(TestInvoker.java:664)
	at org.testng.internal.invokers.TestInvoker.invokeTestMethod(TestInvoker.java:228)
	at org.testng.internal.invokers.MethodRunner.runInSequence(MethodRunner.java:63)
	at org.testng.internal.invokers.TestInvoker$MethodInvocationAgent.invoke(TestInvoker.java:961)
	at org.testng.internal.invokers.TestInvoker.invokeTestMethods(TestInvoker.java:201)
	at org.testng.internal.invokers.TestMethodWorker.invokeTestMethods(TestMethodWorker.java:148)
	at org.testng.internal.invokers.TestMethodWorker.run(TestMethodWorker.java:128)
	at java.base/java.util.concurrent.Executors$RunnableAdapter.call(Executors.java:539)
	at java.base/java.util.concurrent.FutureTask.run(FutureTask.java:264)
	at org.testng.internal.thread.graph.TestNGFutureTask.run(TestNGFutureTask.java:22)
	at java.base/java.util.concurrent.ThreadPoolExecutor.runWorker(ThreadPoolExecutor.java:1136)
	at java.base/java.util.concurrent.ThreadPoolExecutor$Worker.run(ThreadPoolExecutor.java:635)
	at java.base/java.lang.Thread.run(Thread.java:833)
]]></failure>
    <system-out><![CDATA[2025-08-10 20:07:57.717 [TestNG-test-Player Controller Tests-1] INFO  a.PlayerCreateTest - Cleaning up 0 created players
2025-08-10 20:07:57.726 [TestNG-test-Player Controller Tests-1] INFO  a.PlayerCreateTest - Setting up PlayerCreateTest
2025-08-10 20:07:57.728 [TestNG-test-Player Controller Tests-1] INFO  a.c.RestClient - Initializing RestClient with baseUri=http://3.68.165.45, contentType=application/json
2025-08-10 20:07:57.737 [TestNG-test-Player Controller Tests-1] INFO  a.PlayerCreateTest - Testing player creation with missing gender
2025-08-10 20:07:57.738 [TestNG-test-Player Controller Tests-1] INFO  a.c.RestClient - Creating player with editor: supervisor, player: Player{age=47, gender='null', login='dori.cartwright', role='user', screenName='75274684'}
2025-08-10 20:07:57.739 [TestNG-test-Player Controller Tests-1] INFO  a.c.RestClient - HTTP GET /player/create/{editor}
Request method:	GET
Request URI:	http://3.68.165.45/player/create/supervisor?password=j7ry7E938J&role=user&gender&screenName=75274684&login=dori.cartwright&age=47
Proxy:			<none>
Request params:	<none>
Query params:	password=j7ry7E938J
				role=user
				gender
				screenName=75274684
				login=dori.cartwright
				age=47
Form params:	<none>
Path params:	editor=supervisor
Headers:		Accept=*/*
				Content-Type=application/json
Cookies:		<none>
Multiparts:		<none>
Body:			<none>
2025-08-10 20:07:57.827 [TestNG-test-Player Controller Tests-1] INFO  a.c.RestClient - HTTP GET /player/create/{editor} -> 400 (62 ms)
HTTP/1.1 400 
Content-Length: 0
Date: Sun, 10 Aug 2025 17:08:06 GMT
Connection: close
]]></system-out>
  </testcase>
  <testcase name="testCreatePlayerWithMissingLogin" classname="api.PlayerCreateTest" time="0.097">
    <failure message="Response body is empty; cannot map to ErrorBody" type="java.lang.AssertionError"><![CDATA[java.lang.AssertionError: Response body is empty; cannot map to ErrorBody
	at api.client.ResponseWrapper.readError(ResponseWrapper.java:56)
	at api.PlayerCreateTest.assertCreatePlayerWithValidationError(PlayerCreateTest.java:272)
	at api.PlayerCreateTest.testCreatePlayerWithMissingLogin(PlayerCreateTest.java:219)
	at java.base/jdk.internal.reflect.DirectMethodHandleAccessor.invoke(DirectMethodHandleAccessor.java:104)
	at java.base/java.lang.reflect.Method.invoke(Method.java:577)
	at org.testng.internal.invokers.MethodInvocationHelper.invokeMethod(MethodInvocationHelper.java:139)
	at org.testng.internal.invokers.TestInvoker.invokeMethod(TestInvoker.java:664)
	at org.testng.internal.invokers.TestInvoker.invokeTestMethod(TestInvoker.java:228)
	at org.testng.internal.invokers.MethodRunner.runInSequence(MethodRunner.java:63)
	at org.testng.internal.invokers.TestInvoker$MethodInvocationAgent.invoke(TestInvoker.java:961)
	at org.testng.internal.invokers.TestInvoker.invokeTestMethods(TestInvoker.java:201)
	at org.testng.internal.invokers.TestMethodWorker.invokeTestMethods(TestMethodWorker.java:148)
	at org.testng.internal.invokers.TestMethodWorker.run(TestMethodWorker.java:128)
	at java.base/java.util.concurrent.Executors$RunnableAdapter.call(Executors.java:539)
	at java.base/java.util.concurrent.FutureTask.run(FutureTask.java:264)
	at org.testng.internal.thread.graph.TestNGFutureTask.run(TestNGFutureTask.java:22)
	at java.base/java.util.concurrent.ThreadPoolExecutor.runWorker(ThreadPoolExecutor.java:1136)
	at java.base/java.util.concurrent.ThreadPoolExecutor$Worker.run(ThreadPoolExecutor.java:635)
	at java.base/java.lang.Thread.run(Thread.java:833)
]]></failure>
    <system-out><![CDATA[2025-08-10 20:07:57.840 [TestNG-test-Player Controller Tests-1] INFO  a.PlayerCreateTest - Cleaning up 0 created players
2025-08-10 20:07:57.851 [TestNG-test-Player Controller Tests-1] INFO  a.PlayerCreateTest - Setting up PlayerCreateTest
2025-08-10 20:07:57.851 [TestNG-test-Player Controller Tests-1] INFO  a.c.RestClient - Initializing RestClient with baseUri=http://3.68.165.45, contentType=application/json
2025-08-10 20:07:57.862 [TestNG-test-Player Controller Tests-1] INFO  a.PlayerCreateTest - Testing player creation with missing login
2025-08-10 20:07:57.864 [TestNG-test-Player Controller Tests-1] INFO  a.c.RestClient - Creating player with editor: supervisor, player: Player{age=42, gender='male', login='null', role='user', screenName='66fa447f'}
2025-08-10 20:07:57.864 [TestNG-test-Player Controller Tests-1] INFO  a.c.RestClient - HTTP GET /player/create/{editor}
Request method:	GET
Request URI:	http://3.68.165.45/player/create/supervisor?password=AOZ85SC49xd4SbF&role=user&gender=male&screenName=66fa447f&login&age=42
Proxy:			<none>
Request params:	<none>
Query params:	password=AOZ85SC49xd4SbF
				role=user
				gender=male
				screenName=66fa447f
				login
				age=42
Form params:	<none>
Path params:	editor=supervisor
Headers:		Accept=*/*
				Content-Type=application/json
Cookies:		<none>
Multiparts:		<none>
Body:			<none>
2025-08-10 20:07:57.959 [TestNG-test-Player Controller Tests-1] INFO  a.c.RestClient - HTTP GET /player/create/{editor} -> 400 (65 ms)
HTTP/1.1 400 
Content-Length: 0
Date: Sun, 10 Aug 2025 17:08:06 GMT
Connection: close
]]></system-out>
  </testcase>
  <testcase name="testCreatePlayerWithMissingRole" classname="api.PlayerCreateTest" time="0.106">
    <failure message="Response body is empty; cannot map to ErrorBody" type="java.lang.AssertionError"><![CDATA[java.lang.AssertionError: Response body is empty; cannot map to ErrorBody
	at api.client.ResponseWrapper.readError(ResponseWrapper.java:56)
	at api.PlayerCreateTest.assertCreatePlayerWithValidationError(PlayerCreateTest.java:272)
	at api.PlayerCreateTest.testCreatePlayerWithMissingRole(PlayerCreateTest.java:228)
	at java.base/jdk.internal.reflect.DirectMethodHandleAccessor.invoke(DirectMethodHandleAccessor.java:104)
	at java.base/java.lang.reflect.Method.invoke(Method.java:577)
	at org.testng.internal.invokers.MethodInvocationHelper.invokeMethod(MethodInvocationHelper.java:139)
	at org.testng.internal.invokers.TestInvoker.invokeMethod(TestInvoker.java:664)
	at org.testng.internal.invokers.TestInvoker.invokeTestMethod(TestInvoker.java:228)
	at org.testng.internal.invokers.MethodRunner.runInSequence(MethodRunner.java:63)
	at org.testng.internal.invokers.TestInvoker$MethodInvocationAgent.invoke(TestInvoker.java:961)
	at org.testng.internal.invokers.TestInvoker.invokeTestMethods(TestInvoker.java:201)
	at org.testng.internal.invokers.TestMethodWorker.invokeTestMethods(TestMethodWorker.java:148)
	at org.testng.internal.invokers.TestMethodWorker.run(TestMethodWorker.java:128)
	at java.base/java.util.concurrent.Executors$RunnableAdapter.call(Executors.java:539)
	at java.base/java.util.concurrent.FutureTask.run(FutureTask.java:264)
	at org.testng.internal.thread.graph.TestNGFutureTask.run(TestNGFutureTask.java:22)
	at java.base/java.util.concurrent.ThreadPoolExecutor.runWorker(ThreadPoolExecutor.java:1136)
	at java.base/java.util.concurrent.ThreadPoolExecutor$Worker.run(ThreadPoolExecutor.java:635)
	at java.base/java.lang.Thread.run(Thread.java:833)
]]></failure>
    <system-out><![CDATA[2025-08-10 20:07:57.972 [TestNG-test-Player Controller Tests-1] INFO  a.PlayerCreateTest - Cleaning up 0 created players
2025-08-10 20:07:57.981 [TestNG-test-Player Controller Tests-1] INFO  a.PlayerCreateTest - Setting up PlayerCreateTest
2025-08-10 20:07:57.983 [TestNG-test-Player Controller Tests-1] INFO  a.c.RestClient - Initializing RestClient with baseUri=http://3.68.165.45, contentType=application/json
2025-08-10 20:07:58.005 [TestNG-test-Player Controller Tests-1] INFO  a.PlayerCreateTest - Testing player creation with missing role
2025-08-10 20:07:58.007 [TestNG-test-Player Controller Tests-1] INFO  a.c.RestClient - Creating player with editor: supervisor, player: Player{age=53, gender='male', login='paris.lockman', role='null', screenName='4b51b263'}
2025-08-10 20:07:58.007 [TestNG-test-Player Controller Tests-1] INFO  a.c.RestClient - HTTP GET /player/create/{editor}
Request method:	GET
Request URI:	http://3.68.165.45/player/create/supervisor?password=1qK48UxVOfCwS&role&gender=male&screenName=4b51b263&login=paris.lockman&age=53
Proxy:			<none>
Request params:	<none>
Query params:	password=1qK48UxVOfCwS
				role
				gender=male
				screenName=4b51b263
				login=paris.lockman
				age=53
Form params:	<none>
Path params:	editor=supervisor
Headers:		Accept=*/*
				Content-Type=application/json
Cookies:		<none>
Multiparts:		<none>
Body:			<none>
2025-08-10 20:07:58.112 [TestNG-test-Player Controller Tests-1] INFO  a.c.RestClient - HTTP GET /player/create/{editor} -> 400 (74 ms)
HTTP/1.1 400 
Content-Length: 0
Date: Sun, 10 Aug 2025 17:08:06 GMT
Connection: close
]]></system-out>
  </testcase>
  <testcase name="testCreatePlayerWithMissingScreenName" classname="api.PlayerCreateTest" time="0.092">
    <failure message="Response body is empty; cannot map to ErrorBody" type="java.lang.AssertionError"><![CDATA[java.lang.AssertionError: Response body is empty; cannot map to ErrorBody
	at api.client.ResponseWrapper.readError(ResponseWrapper.java:56)
	at api.PlayerCreateTest.assertCreatePlayerWithValidationError(PlayerCreateTest.java:272)
	at api.PlayerCreateTest.testCreatePlayerWithMissingScreenName(PlayerCreateTest.java:237)
	at java.base/jdk.internal.reflect.DirectMethodHandleAccessor.invoke(DirectMethodHandleAccessor.java:104)
	at java.base/java.lang.reflect.Method.invoke(Method.java:577)
	at org.testng.internal.invokers.MethodInvocationHelper.invokeMethod(MethodInvocationHelper.java:139)
	at org.testng.internal.invokers.TestInvoker.invokeMethod(TestInvoker.java:664)
	at org.testng.internal.invokers.TestInvoker.invokeTestMethod(TestInvoker.java:228)
	at org.testng.internal.invokers.MethodRunner.runInSequence(MethodRunner.java:63)
	at org.testng.internal.invokers.TestInvoker$MethodInvocationAgent.invoke(TestInvoker.java:961)
	at org.testng.internal.invokers.TestInvoker.invokeTestMethods(TestInvoker.java:201)
	at org.testng.internal.invokers.TestMethodWorker.invokeTestMethods(TestMethodWorker.java:148)
	at org.testng.internal.invokers.TestMethodWorker.run(TestMethodWorker.java:128)
	at java.base/java.util.concurrent.Executors$RunnableAdapter.call(Executors.java:539)
	at java.base/java.util.concurrent.FutureTask.run(FutureTask.java:264)
	at org.testng.internal.thread.graph.TestNGFutureTask.run(TestNGFutureTask.java:22)
	at java.base/java.util.concurrent.ThreadPoolExecutor.runWorker(ThreadPoolExecutor.java:1136)
	at java.base/java.util.concurrent.ThreadPoolExecutor$Worker.run(ThreadPoolExecutor.java:635)
	at java.base/java.lang.Thread.run(Thread.java:833)
]]></failure>
    <system-out><![CDATA[2025-08-10 20:07:58.121 [TestNG-test-Player Controller Tests-1] INFO  a.PlayerCreateTest - Cleaning up 0 created players
2025-08-10 20:07:58.133 [TestNG-test-Player Controller Tests-1] INFO  a.PlayerCreateTest - Setting up PlayerCreateTest
2025-08-10 20:07:58.134 [TestNG-test-Player Controller Tests-1] INFO  a.c.RestClient - Initializing RestClient with baseUri=http://3.68.165.45, contentType=application/json
2025-08-10 20:07:58.144 [TestNG-test-Player Controller Tests-1] INFO  a.PlayerCreateTest - Testing player creation with missing screenName
2025-08-10 20:07:58.145 [TestNG-test-Player Controller Tests-1] INFO  a.c.RestClient - Creating player with editor: supervisor, player: Player{age=24, gender='female', login='lise.johnson', role='user', screenName='null'}
2025-08-10 20:07:58.145 [TestNG-test-Player Controller Tests-1] INFO  a.c.RestClient - HTTP GET /player/create/{editor}
Request method:	GET
Request URI:	http://3.68.165.45/player/create/supervisor?password=817OhC0&role=user&gender=female&screenName&login=lise.johnson&age=24
Proxy:			<none>
Request params:	<none>
Query params:	password=817OhC0
				role=user
				gender=female
				screenName
				login=lise.johnson
				age=24
Form params:	<none>
Path params:	editor=supervisor
Headers:		Accept=*/*
				Content-Type=application/json
Cookies:		<none>
Multiparts:		<none>
Body:			<none>
2025-08-10 20:07:58.236 [TestNG-test-Player Controller Tests-1] INFO  a.c.RestClient - HTTP GET /player/create/{editor} -> 400 (64 ms)
HTTP/1.1 400 
Content-Length: 0
Date: Sun, 10 Aug 2025 17:08:06 GMT
Connection: close
]]></system-out>
  </testcase>
  <testcase name="testCreatePlayerWithNonExistentEditor" classname="api.PlayerCreateTest" time="0.09">
    <failure message="Response body is empty; cannot map to ErrorBody" type="java.lang.AssertionError"><![CDATA[java.lang.AssertionError: Response body is empty; cannot map to ErrorBody
	at api.client.ResponseWrapper.readError(ResponseWrapper.java:56)
	at api.PlayerCreateTest.assertCreatePlayerWithAuthorizationError(PlayerCreateTest.java:282)
	at api.PlayerCreateTest.testCreatePlayerWithNonExistentEditor(PlayerCreateTest.java:248)
	at java.base/jdk.internal.reflect.DirectMethodHandleAccessor.invoke(DirectMethodHandleAccessor.java:104)
	at java.base/java.lang.reflect.Method.invoke(Method.java:577)
	at org.testng.internal.invokers.MethodInvocationHelper.invokeMethod(MethodInvocationHelper.java:139)
	at org.testng.internal.invokers.TestInvoker.invokeMethod(TestInvoker.java:664)
	at org.testng.internal.invokers.TestInvoker.invokeTestMethod(TestInvoker.java:228)
	at org.testng.internal.invokers.MethodRunner.runInSequence(MethodRunner.java:63)
	at org.testng.internal.invokers.TestInvoker$MethodInvocationAgent.invoke(TestInvoker.java:961)
	at org.testng.internal.invokers.TestInvoker.invokeTestMethods(TestInvoker.java:201)
	at org.testng.internal.invokers.TestMethodWorker.invokeTestMethods(TestMethodWorker.java:148)
	at org.testng.internal.invokers.TestMethodWorker.run(TestMethodWorker.java:128)
	at java.base/java.util.concurrent.Executors$RunnableAdapter.call(Executors.java:539)
	at java.base/java.util.concurrent.FutureTask.run(FutureTask.java:264)
	at org.testng.internal.thread.graph.TestNGFutureTask.run(TestNGFutureTask.java:22)
	at java.base/java.util.concurrent.ThreadPoolExecutor.runWorker(ThreadPoolExecutor.java:1136)
	at java.base/java.util.concurrent.ThreadPoolExecutor$Worker.run(ThreadPoolExecutor.java:635)
	at java.base/java.lang.Thread.run(Thread.java:833)
]]></failure>
    <system-out><![CDATA[2025-08-10 20:07:58.247 [TestNG-test-Player Controller Tests-1] INFO  a.PlayerCreateTest - Cleaning up 0 created players
2025-08-10 20:07:58.258 [TestNG-test-Player Controller Tests-1] INFO  a.PlayerCreateTest - Setting up PlayerCreateTest
2025-08-10 20:07:58.258 [TestNG-test-Player Controller Tests-1] INFO  a.c.RestClient - Initializing RestClient with baseUri=http://3.68.165.45, contentType=application/json
2025-08-10 20:07:58.270 [TestNG-test-Player Controller Tests-1] INFO  a.PlayerCreateTest - Testing player creation with non-existent editor
2025-08-10 20:07:58.272 [TestNG-test-Player Controller Tests-1] INFO  a.c.RestClient - Creating player with editor: nonexistent_user, player: Player{age=50, gender='female', login='rosalina.purdy', role='user', screenName='3f615a80'}
2025-08-10 20:07:58.272 [TestNG-test-Player Controller Tests-1] INFO  a.c.RestClient - HTTP GET /player/create/{editor}
Request method:	GET
Request URI:	http://3.68.165.45/player/create/nonexistent_user?password=cBxIcY7&role=user&gender=female&screenName=3f615a80&login=rosalina.purdy&age=50
Proxy:			<none>
Request params:	<none>
Query params:	password=cBxIcY7
				role=user
				gender=female
				screenName=3f615a80
				login=rosalina.purdy
				age=50
Form params:	<none>
Path params:	editor=nonexistent_user
Headers:		Accept=*/*
				Content-Type=application/json
Cookies:		<none>
Multiparts:		<none>
Body:			<none>
2025-08-10 20:07:58.359 [TestNG-test-Player Controller Tests-1] INFO  a.c.RestClient - HTTP GET /player/create/{editor} -> 403 (59 ms)
HTTP/1.1 403 
Content-Length: 0
Date: Sun, 10 Aug 2025 17:08:06 GMT
Keep-Alive: timeout=60
Connection: keep-alive
]]></system-out>
  </testcase>
  <testcase name="testCreatePlayerWithUserRole" classname="api.PlayerCreateTest" time="0.091">
    <system-out><![CDATA[2025-08-10 20:07:58.372 [TestNG-test-Player Controller Tests-1] INFO  a.PlayerCreateTest - Cleaning up 0 created players
2025-08-10 20:07:58.382 [TestNG-test-Player Controller Tests-1] INFO  a.PlayerCreateTest - Setting up PlayerCreateTest
2025-08-10 20:07:58.383 [TestNG-test-Player Controller Tests-1] INFO  a.c.RestClient - Initializing RestClient with baseUri=http://3.68.165.45, contentType=application/json
Running PlayerCreateTest in thread TestNG-test-Player Controller Tests-1
2025-08-10 20:07:58.394 [TestNG-test-Player Controller Tests-1] INFO  a.PlayerCreateTest - Testing player creation with user role
2025-08-10 20:07:58.396 [TestNG-test-Player Controller Tests-1] INFO  a.c.RestClient - Creating player with editor: supervisor, player: Player{age=39, gender='male', login='jerry.deckow', role='user', screenName='20deeaf9'}
2025-08-10 20:07:58.396 [TestNG-test-Player Controller Tests-1] INFO  a.c.RestClient - HTTP GET /player/create/{editor}
Request method:	GET
Request URI:	http://3.68.165.45/player/create/supervisor?password=qb5PO7CCB0kEH5&role=user&gender=male&screenName=20deeaf9&login=jerry.deckow&age=39
Proxy:			<none>
Request params:	<none>
Query params:	password=qb5PO7CCB0kEH5
				role=user
				gender=male
				screenName=20deeaf9
				login=jerry.deckow
				age=39
Form params:	<none>
Path params:	editor=supervisor
Headers:		Accept=*/*
				Content-Type=application/json
Cookies:		<none>
Multiparts:		<none>
Body:			<none>
2025-08-10 20:07:58.483 [TestNG-test-Player Controller Tests-1] INFO  a.c.RestClient - HTTP GET /player/create/{editor} -> 200 (61 ms)
HTTP/1.1 200 
Content-Type: application/json
Transfer-Encoding: chunked
Date: Sun, 10 Aug 2025 17:08:07 GMT
Keep-Alive: timeout=60
Connection: keep-alive

{
    "id": 200630543,
    "login": "jerry.deckow",
    "password": null,
    "screenName": null,
    "gender": null,
    "age": null,
    "role": null
}
2025-08-10 20:07:58.484 [TestNG-test-Player Controller Tests-1] INFO  a.PlayerCreateTest - Successfully created user player with ID: 200630543
]]></system-out>
  </testcase>
  <testcase name="testCreatePlayerWithValidDataUsingAdmin" classname="api.PlayerCreateTest" time="0.104">
    <failure message="The following asserts failed:&#10;	Wrong age expected [53] but found [null],&#10;	Wrong gender expected [female] but found [null],&#10;	Wrong password expected [TX2V6JVe084J3b] but found [null],&#10;	Wrong role expected [user] but found [null],&#10;	Wrong screen_name expected [04a0c6d8] but found [null]" type="java.lang.AssertionError"><![CDATA[java.lang.AssertionError: 
The following asserts failed:
	Wrong age expected [53] but found [null],
	Wrong gender expected [female] but found [null],
	Wrong password expected [TX2V6JVe084J3b] but found [null],
	Wrong role expected [user] but found [null],
	Wrong screen_name expected [04a0c6d8] but found [null]
	at org.testng.asserts.SoftAssert.assertAll(SoftAssert.java:46)
	at org.testng.asserts.SoftAssert.assertAll(SoftAssert.java:30)
	at api.PlayerCreateTest.assertPlayerEquals(PlayerCreateTest.java:296)
	at api.PlayerCreateTest.testCreatePlayerWithValidDataUsingAdmin(PlayerCreateTest.java:74)
	at java.base/jdk.internal.reflect.DirectMethodHandleAccessor.invoke(DirectMethodHandleAccessor.java:104)
	at java.base/java.lang.reflect.Method.invoke(Method.java:577)
	at org.testng.internal.invokers.MethodInvocationHelper.invokeMethod(MethodInvocationHelper.java:139)
	at org.testng.internal.invokers.TestInvoker.invokeMethod(TestInvoker.java:664)
	at org.testng.internal.invokers.TestInvoker.invokeTestMethod(TestInvoker.java:228)
	at org.testng.internal.invokers.MethodRunner.runInSequence(MethodRunner.java:63)
	at org.testng.internal.invokers.TestInvoker$MethodInvocationAgent.invoke(TestInvoker.java:961)
	at org.testng.internal.invokers.TestInvoker.invokeTestMethods(TestInvoker.java:201)
	at org.testng.internal.invokers.TestMethodWorker.invokeTestMethods(TestMethodWorker.java:148)
	at org.testng.internal.invokers.TestMethodWorker.run(TestMethodWorker.java:128)
	at java.base/java.util.concurrent.Executors$RunnableAdapter.call(Executors.java:539)
	at java.base/java.util.concurrent.FutureTask.run(FutureTask.java:264)
	at org.testng.internal.thread.graph.TestNGFutureTask.run(TestNGFutureTask.java:22)
	at java.base/java.util.concurrent.ThreadPoolExecutor.runWorker(ThreadPoolExecutor.java:1136)
	at java.base/java.util.concurrent.ThreadPoolExecutor$Worker.run(ThreadPoolExecutor.java:635)
	at java.base/java.lang.Thread.run(Thread.java:833)
]]></failure>
    <system-out><![CDATA[2025-08-10 20:07:58.492 [TestNG-test-Player Controller Tests-1] INFO  a.PlayerCreateTest - Cleaning up 1 created players
2025-08-10 20:07:58.492 [TestNG-test-Player Controller Tests-1] INFO  a.c.RestClient - Deleting player with editor: supervisor, playerId: 200630543
2025-08-10 20:07:58.493 [TestNG-test-Player Controller Tests-1] INFO  a.c.RestClient - HTTP DELETE /player/delete/{editor}
Request method:	DELETE
Request URI:	http://3.68.165.45/player/delete/supervisor
Proxy:			<none>
Request params:	<none>
Query params:	<none>
Form params:	<none>
Path params:	editor=supervisor
Headers:		Accept=*/*
				Content-Type=application/json
Cookies:		<none>
Multiparts:		<none>
Body:
{
    "playerId": 200630543
}
2025-08-10 20:07:58.580 [TestNG-test-Player Controller Tests-1] INFO  a.c.RestClient - HTTP DELETE /player/delete/{editor} -> 204 (61 ms)
HTTP/1.1 204 
Date: Sun, 10 Aug 2025 17:08:07 GMT
Keep-Alive: timeout=60
Connection: keep-alive
2025-08-10 20:07:58.580 [TestNG-test-Player Controller Tests-1] INFO  a.PlayerCreateTest - Cleaned up player with ID: 200630543
2025-08-10 20:07:58.596 [TestNG-test-Player Controller Tests-1] INFO  a.PlayerCreateTest - Setting up PlayerCreateTest
2025-08-10 20:07:58.596 [TestNG-test-Player Controller Tests-1] INFO  a.c.RestClient - Initializing RestClient with baseUri=http://3.68.165.45, contentType=application/json
Running PlayerCreateTest in thread TestNG-test-Player Controller Tests-1
2025-08-10 20:07:58.607 [TestNG-test-Player Controller Tests-1] INFO  a.PlayerCreateTest - Testing player creation with valid data using admin
2025-08-10 20:07:58.607 [TestNG-test-Player Controller Tests-1] INFO  a.c.RestClient - Creating player with editor: admin, player: Player{age=53, gender='female', login='manda.kuvalis', role='user', screenName='04a0c6d8'}
2025-08-10 20:07:58.607 [TestNG-test-Player Controller Tests-1] INFO  a.c.RestClient - HTTP GET /player/create/{editor}
Request method:	GET
Request URI:	http://3.68.165.45/player/create/admin?password=TX2V6JVe084J3b&role=user&gender=female&screenName=04a0c6d8&login=manda.kuvalis&age=53
Proxy:			<none>
Request params:	<none>
Query params:	password=TX2V6JVe084J3b
				role=user
				gender=female
				screenName=04a0c6d8
				login=manda.kuvalis
				age=53
Form params:	<none>
Path params:	editor=admin
Headers:		Accept=*/*
				Content-Type=application/json
Cookies:		<none>
Multiparts:		<none>
Body:			<none>
2025-08-10 20:07:58.706 [TestNG-test-Player Controller Tests-1] INFO  a.c.RestClient - HTTP GET /player/create/{editor} -> 200 (68 ms)
HTTP/1.1 200 
Content-Type: application/json
Transfer-Encoding: chunked
Date: Sun, 10 Aug 2025 17:08:07 GMT
Keep-Alive: timeout=60
Connection: keep-alive

{
    "id": 21849157,
    "login": "manda.kuvalis",
    "password": null,
    "screenName": null,
    "gender": null,
    "age": null,
    "role": null
}
]]></system-out>
  </testcase>
  <testcase name="testCreatePlayerWithValidDataUsingSupervisor" classname="api.PlayerCreateTest" time="0.085">
    <failure message="The following asserts failed:&#10;	Wrong age expected [49] but found [null],&#10;	Wrong gender expected [female] but found [null],&#10;	Wrong password expected [YWN5mPg2diT3mOc] but found [null],&#10;	Wrong role expected [user] but found [null],&#10;	Wrong screen_name expected [987ac94d] but found [null]" type="java.lang.AssertionError"><![CDATA[java.lang.AssertionError: 
The following asserts failed:
	Wrong age expected [49] but found [null],
	Wrong gender expected [female] but found [null],
	Wrong password expected [YWN5mPg2diT3mOc] but found [null],
	Wrong role expected [user] but found [null],
	Wrong screen_name expected [987ac94d] but found [null]
	at org.testng.asserts.SoftAssert.assertAll(SoftAssert.java:46)
	at org.testng.asserts.SoftAssert.assertAll(SoftAssert.java:30)
	at api.PlayerCreateTest.assertPlayerEquals(PlayerCreateTest.java:296)
	at api.PlayerCreateTest.testCreatePlayerWithValidDataUsingSupervisor(PlayerCreateTest.java:61)
	at java.base/jdk.internal.reflect.DirectMethodHandleAccessor.invoke(DirectMethodHandleAccessor.java:104)
	at java.base/java.lang.reflect.Method.invoke(Method.java:577)
	at org.testng.internal.invokers.MethodInvocationHelper.invokeMethod(MethodInvocationHelper.java:139)
	at org.testng.internal.invokers.TestInvoker.invokeMethod(TestInvoker.java:664)
	at org.testng.internal.invokers.TestInvoker.invokeTestMethod(TestInvoker.java:228)
	at org.testng.internal.invokers.MethodRunner.runInSequence(MethodRunner.java:63)
	at org.testng.internal.invokers.TestInvoker$MethodInvocationAgent.invoke(TestInvoker.java:961)
	at org.testng.internal.invokers.TestInvoker.invokeTestMethods(TestInvoker.java:201)
	at org.testng.internal.invokers.TestMethodWorker.invokeTestMethods(TestMethodWorker.java:148)
	at org.testng.internal.invokers.TestMethodWorker.run(TestMethodWorker.java:128)
	at java.base/java.util.concurrent.Executors$RunnableAdapter.call(Executors.java:539)
	at java.base/java.util.concurrent.FutureTask.run(FutureTask.java:264)
	at org.testng.internal.thread.graph.TestNGFutureTask.run(TestNGFutureTask.java:22)
	at java.base/java.util.concurrent.ThreadPoolExecutor.runWorker(ThreadPoolExecutor.java:1136)
	at java.base/java.util.concurrent.ThreadPoolExecutor$Worker.run(ThreadPoolExecutor.java:635)
	at java.base/java.lang.Thread.run(Thread.java:833)
]]></failure>
    <system-out><![CDATA[2025-08-10 20:07:58.717 [TestNG-test-Player Controller Tests-1] INFO  a.PlayerCreateTest - Cleaning up 1 created players
2025-08-10 20:07:58.717 [TestNG-test-Player Controller Tests-1] INFO  a.c.RestClient - Deleting player with editor: supervisor, playerId: 21849157
2025-08-10 20:07:58.717 [TestNG-test-Player Controller Tests-1] INFO  a.c.RestClient - HTTP DELETE /player/delete/{editor}
Request method:	DELETE
Request URI:	http://3.68.165.45/player/delete/supervisor
Proxy:			<none>
Request params:	<none>
Query params:	<none>
Form params:	<none>
Path params:	editor=supervisor
Headers:		Accept=*/*
				Content-Type=application/json
Cookies:		<none>
Multiparts:		<none>
Body:
{
    "playerId": 21849157
}
2025-08-10 20:07:58.814 [TestNG-test-Player Controller Tests-1] INFO  a.c.RestClient - HTTP DELETE /player/delete/{editor} -> 204 (67 ms)
HTTP/1.1 204 
Date: Sun, 10 Aug 2025 17:08:07 GMT
Keep-Alive: timeout=60
Connection: keep-alive
2025-08-10 20:07:58.815 [TestNG-test-Player Controller Tests-1] INFO  a.PlayerCreateTest - Cleaned up player with ID: 21849157
2025-08-10 20:07:58.822 [TestNG-test-Player Controller Tests-1] INFO  a.PlayerCreateTest - Setting up PlayerCreateTest
2025-08-10 20:07:58.823 [TestNG-test-Player Controller Tests-1] INFO  a.c.RestClient - Initializing RestClient with baseUri=http://3.68.165.45, contentType=application/json
Running PlayerCreateTest in thread TestNG-test-Player Controller Tests-1
2025-08-10 20:07:58.831 [TestNG-test-Player Controller Tests-1] INFO  a.PlayerCreateTest - Testing player creation with valid data using supervisor
2025-08-10 20:07:58.832 [TestNG-test-Player Controller Tests-1] INFO  a.c.RestClient - Creating player with editor: supervisor, player: Player{age=49, gender='female', login='enedina.blanda', role='user', screenName='987ac94d'}
2025-08-10 20:07:58.832 [TestNG-test-Player Controller Tests-1] INFO  a.c.RestClient - HTTP GET /player/create/{editor}
Request method:	GET
Request URI:	http://3.68.165.45/player/create/supervisor?password=YWN5mPg2diT3mOc&role=user&gender=female&screenName=987ac94d&login=enedina.blanda&age=49
Proxy:			<none>
Request params:	<none>
Query params:	password=YWN5mPg2diT3mOc
				role=user
				gender=female
				screenName=987ac94d
				login=enedina.blanda
				age=49
Form params:	<none>
Path params:	editor=supervisor
Headers:		Accept=*/*
				Content-Type=application/json
Cookies:		<none>
Multiparts:		<none>
Body:			<none>
2025-08-10 20:07:58.913 [TestNG-test-Player Controller Tests-1] INFO  a.c.RestClient - HTTP GET /player/create/{editor} -> 200 (56 ms)
HTTP/1.1 200 
Content-Type: application/json
Transfer-Encoding: chunked
Date: Sun, 10 Aug 2025 17:08:07 GMT
Keep-Alive: timeout=60
Connection: keep-alive

{
    "id": 1509727555,
    "login": "enedina.blanda",
    "password": null,
    "screenName": null,
    "gender": null,
    "age": null,
    "role": null
}
]]></system-out>
  </testcase>
  <testcase name="testAdminCannotCreateSupervisor" classname="api.PlayerCreateWithAdminEditorNegativeTest" time="0.105">
    <failure message="Expected HTTP status code 403, but was 400 expected [403] but found [400]" type="java.lang.AssertionError"><![CDATA[java.lang.AssertionError: Expected HTTP status code 403, but was 400 expected [403] but found [400]
	at org.testng.Assert.fail(Assert.java:111)
	at org.testng.Assert.failNotEquals(Assert.java:1578)
	at org.testng.Assert.assertEqualsImpl(Assert.java:150)
	at org.testng.Assert.assertEquals(Assert.java:132)
	at org.testng.Assert.assertEquals(Assert.java:1419)
	at org.testng.Assert.assertEquals(Assert.java:1383)
	at api.client.ResponseWrapper.expectingStatusCode(ResponseWrapper.java:49)
	at api.PlayerCreateWithAdminEditorNegativeTest.assertCreatePlayerWithAuthorizationError(PlayerCreateWithAdminEditorNegativeTest.java:89)
	at api.PlayerCreateWithAdminEditorNegativeTest.testAdminCannotCreateSupervisor(PlayerCreateWithAdminEditorNegativeTest.java:62)
	at java.base/jdk.internal.reflect.DirectMethodHandleAccessor.invoke(DirectMethodHandleAccessor.java:104)
	at java.base/java.lang.reflect.Method.invoke(Method.java:577)
	at org.testng.internal.invokers.MethodInvocationHelper.invokeMethod(MethodInvocationHelper.java:139)
	at org.testng.internal.invokers.TestInvoker.invokeMethod(TestInvoker.java:664)
	at org.testng.internal.invokers.TestInvoker.invokeTestMethod(TestInvoker.java:228)
	at org.testng.internal.invokers.MethodRunner.runInSequence(MethodRunner.java:63)
	at org.testng.internal.invokers.TestInvoker$MethodInvocationAgent.invoke(TestInvoker.java:961)
	at org.testng.internal.invokers.TestInvoker.invokeTestMethods(TestInvoker.java:201)
	at org.testng.internal.invokers.TestMethodWorker.invokeTestMethods(TestMethodWorker.java:148)
	at org.testng.internal.invokers.TestMethodWorker.run(TestMethodWorker.java:128)
	at java.base/java.util.concurrent.Executors$RunnableAdapter.call(Executors.java:539)
	at java.base/java.util.concurrent.FutureTask.run(FutureTask.java:264)
	at org.testng.internal.thread.graph.TestNGFutureTask.run(TestNGFutureTask.java:22)
	at java.base/java.util.concurrent.ThreadPoolExecutor.runWorker(ThreadPoolExecutor.java:1136)
	at java.base/java.util.concurrent.ThreadPoolExecutor$Worker.run(ThreadPoolExecutor.java:635)
	at java.base/java.lang.Thread.run(Thread.java:833)
]]></failure>
    <system-out><![CDATA[2025-08-10 20:07:58.924 [TestNG-test-Player Controller Tests-1] INFO  a.PlayerCreateTest - Cleaning up 1 created players
2025-08-10 20:07:58.924 [TestNG-test-Player Controller Tests-1] INFO  a.c.RestClient - Deleting player with editor: supervisor, playerId: 1509727555
2025-08-10 20:07:58.925 [TestNG-test-Player Controller Tests-1] INFO  a.c.RestClient - HTTP DELETE /player/delete/{editor}
Request method:	DELETE
Request URI:	http://3.68.165.45/player/delete/supervisor
Proxy:			<none>
Request params:	<none>
Query params:	<none>
Form params:	<none>
Path params:	editor=supervisor
Headers:		Accept=*/*
				Content-Type=application/json
Cookies:		<none>
Multiparts:		<none>
Body:
{
    "playerId": 1509727555
}
2025-08-10 20:07:59.005 [TestNG-test-Player Controller Tests-1] INFO  a.c.RestClient - HTTP DELETE /player/delete/{editor} -> 204 (59 ms)
HTTP/1.1 204 
Date: Sun, 10 Aug 2025 17:08:07 GMT
Keep-Alive: timeout=60
Connection: keep-alive
2025-08-10 20:07:59.005 [TestNG-test-Player Controller Tests-1] INFO  a.PlayerCreateTest - Cleaned up player with ID: 1509727555
2025-08-10 20:07:59.012 [TestNG-test-Player Controller Tests-1] INFO  a.PlayerCreateTest - Setting up PlayerCreateTest
2025-08-10 20:07:59.013 [TestNG-test-Player Controller Tests-1] INFO  a.c.RestClient - Initializing RestClient with baseUri=http://3.68.165.45, contentType=application/json
2025-08-10 20:07:59.014 [TestNG-test-Player Controller Tests-1] INFO  a.c.RestClient - Creating player with editor: supervisor, player: Player{age=25, gender='female', login='nathanial.rosenbaum', role='admin', screenName='bac6a0ae'}
2025-08-10 20:07:59.014 [TestNG-test-Player Controller Tests-1] INFO  a.c.RestClient - HTTP GET /player/create/{editor}
Request method:	GET
Request URI:	http://3.68.165.45/player/create/supervisor?password=ibs9TvZqu9&role=admin&gender=female&screenName=bac6a0ae&login=nathanial.rosenbaum&age=25
Proxy:			<none>
Request params:	<none>
Query params:	password=ibs9TvZqu9
				role=admin
				gender=female
				screenName=bac6a0ae
				login=nathanial.rosenbaum
				age=25
Form params:	<none>
Path params:	editor=supervisor
Headers:		Accept=*/*
				Content-Type=application/json
Cookies:		<none>
Multiparts:		<none>
Body:			<none>
2025-08-10 20:07:59.100 [TestNG-test-Player Controller Tests-1] INFO  a.c.RestClient - HTTP GET /player/create/{editor} -> 200 (64 ms)
HTTP/1.1 200 
Content-Type: application/json
Transfer-Encoding: chunked
Date: Sun, 10 Aug 2025 17:08:07 GMT
Keep-Alive: timeout=60
Connection: keep-alive

{
    "id": 760169085,
    "login": "nathanial.rosenbaum",
    "password": null,
    "screenName": null,
    "gender": null,
    "age": null,
    "role": null
}
2025-08-10 20:07:59.100 [TestNG-test-Player Controller Tests-1] INFO  a.PlayerCreateTest - Created admin with ID: 760169085
2025-08-10 20:07:59.108 [TestNG-test-Player Controller Tests-1] INFO  a.PlayerCreateTest - Testing admin cannot create supervisor
2025-08-10 20:07:59.108 [TestNG-test-Player Controller Tests-1] INFO  a.c.RestClient - Creating player with editor: nathanial.rosenbaum, player: Player{age=38, gender='female', login='clair.wuckert', role='supervisor', screenName='e9daa4ff'}
2025-08-10 20:07:59.110 [TestNG-test-Player Controller Tests-1] INFO  a.c.RestClient - HTTP GET /player/create/{editor}
Request method:	GET
Request URI:	http://3.68.165.45/player/create/nathanial.rosenbaum?password=6PjOO0LEhobwTKH&role=supervisor&gender=female&screenName=e9daa4ff&login=clair.wuckert&age=38
Proxy:			<none>
Request params:	<none>
Query params:	password=6PjOO0LEhobwTKH
				role=supervisor
				gender=female
				screenName=e9daa4ff
				login=clair.wuckert
				age=38
Form params:	<none>
Path params:	editor=nathanial.rosenbaum
Headers:		Accept=*/*
				Content-Type=application/json
Cookies:		<none>
Multiparts:		<none>
Body:			<none>
2025-08-10 20:07:59.204 [TestNG-test-Player Controller Tests-1] INFO  a.c.RestClient - HTTP GET /player/create/{editor} -> 400 (61 ms)
HTTP/1.1 400 
Content-Length: 0
Date: Sun, 10 Aug 2025 17:08:07 GMT
Connection: close
]]></system-out>
  </testcase>
  <testcase name="testCreatePlayerWithUserEditor" classname="api.PlayerCreateWithUserEditorNegativeTest" time="0.09">
    <failure message="Response body is empty; cannot map to ErrorBody" type="java.lang.AssertionError"><![CDATA[java.lang.AssertionError: Response body is empty; cannot map to ErrorBody
	at api.client.ResponseWrapper.readError(ResponseWrapper.java:56)
	at api.PlayerCreateWithUserEditorNegativeTest.assertCreatePlayerWithAuthorizationError(PlayerCreateWithUserEditorNegativeTest.java:96)
	at api.PlayerCreateWithUserEditorNegativeTest.testCreatePlayerWithUserEditor(PlayerCreateWithUserEditorNegativeTest.java:62)
	at java.base/jdk.internal.reflect.DirectMethodHandleAccessor.invoke(DirectMethodHandleAccessor.java:104)
	at java.base/java.lang.reflect.Method.invoke(Method.java:577)
	at org.testng.internal.invokers.MethodInvocationHelper.invokeMethod(MethodInvocationHelper.java:139)
	at org.testng.internal.invokers.TestInvoker.invokeMethod(TestInvoker.java:664)
	at org.testng.internal.invokers.TestInvoker.invokeTestMethod(TestInvoker.java:228)
	at org.testng.internal.invokers.MethodRunner.runInSequence(MethodRunner.java:63)
	at org.testng.internal.invokers.TestInvoker$MethodInvocationAgent.invoke(TestInvoker.java:961)
	at org.testng.internal.invokers.TestInvoker.invokeTestMethods(TestInvoker.java:201)
	at org.testng.internal.invokers.TestMethodWorker.invokeTestMethods(TestMethodWorker.java:148)
	at org.testng.internal.invokers.TestMethodWorker.run(TestMethodWorker.java:128)
	at java.base/java.util.concurrent.Executors$RunnableAdapter.call(Executors.java:539)
	at java.base/java.util.concurrent.FutureTask.run(FutureTask.java:264)
	at org.testng.internal.thread.graph.TestNGFutureTask.run(TestNGFutureTask.java:22)
	at java.base/java.util.concurrent.ThreadPoolExecutor.runWorker(ThreadPoolExecutor.java:1136)
	at java.base/java.util.concurrent.ThreadPoolExecutor$Worker.run(ThreadPoolExecutor.java:635)
	at java.base/java.lang.Thread.run(Thread.java:833)
]]></failure>
    <system-out><![CDATA[2025-08-10 20:07:59.222 [TestNG-test-Player Controller Tests-1] INFO  a.PlayerCreateTest - Cleaning up 2 created players
2025-08-10 20:07:59.222 [TestNG-test-Player Controller Tests-1] INFO  a.c.RestClient - Deleting player with editor: supervisor, playerId: 760169085
2025-08-10 20:07:59.222 [TestNG-test-Player Controller Tests-1] INFO  a.c.RestClient - HTTP DELETE /player/delete/{editor}
Request method:	DELETE
Request URI:	http://3.68.165.45/player/delete/supervisor
Proxy:			<none>
Request params:	<none>
Query params:	<none>
Form params:	<none>
Path params:	editor=supervisor
Headers:		Accept=*/*
				Content-Type=application/json
Cookies:		<none>
Multiparts:		<none>
Body:
{
    "playerId": 760169085
}
2025-08-10 20:07:59.319 [TestNG-test-Player Controller Tests-1] INFO  a.c.RestClient - HTTP DELETE /player/delete/{editor} -> 204 (64 ms)
HTTP/1.1 204 
Date: Sun, 10 Aug 2025 17:08:07 GMT
Keep-Alive: timeout=60
Connection: keep-alive
2025-08-10 20:07:59.321 [TestNG-test-Player Controller Tests-1] INFO  a.PlayerCreateTest - Cleaned up player with ID: 760169085
2025-08-10 20:07:59.321 [TestNG-test-Player Controller Tests-1] INFO  a.c.RestClient - Deleting player with editor: supervisor, playerId: 760169085
2025-08-10 20:07:59.321 [TestNG-test-Player Controller Tests-1] INFO  a.c.RestClient - HTTP DELETE /player/delete/{editor}
Request method:	DELETE
Request URI:	http://3.68.165.45/player/delete/supervisor
Proxy:			<none>
Request params:	<none>
Query params:	<none>
Form params:	<none>
Path params:	editor=supervisor
Headers:		Accept=*/*
				Content-Type=application/json
Cookies:		<none>
Multiparts:		<none>
Body:
{
    "playerId": 760169085
}
2025-08-10 20:07:59.415 [TestNG-test-Player Controller Tests-1] INFO  a.c.RestClient - HTTP DELETE /player/delete/{editor} -> 403 (62 ms)
HTTP/1.1 403 
Content-Length: 0
Date: Sun, 10 Aug 2025 17:08:07 GMT
Keep-Alive: timeout=60
Connection: keep-alive
2025-08-10 20:07:59.415 [TestNG-test-Player Controller Tests-1] INFO  a.PlayerCreateTest - Cleaned up player with ID: 760169085
2025-08-10 20:07:59.426 [TestNG-test-Player Controller Tests-1] INFO  a.PlayerCreateTest - Setting up PlayerCreateTest
2025-08-10 20:07:59.426 [TestNG-test-Player Controller Tests-1] INFO  a.c.RestClient - Initializing RestClient with baseUri=http://3.68.165.45, contentType=application/json
2025-08-10 20:07:59.428 [TestNG-test-Player Controller Tests-1] INFO  a.c.RestClient - Creating player with editor: supervisor, player: Player{age=27, gender='male', login='diego.moore', role='user', screenName='1a664d80'}
2025-08-10 20:07:59.429 [TestNG-test-Player Controller Tests-1] INFO  a.c.RestClient - HTTP GET /player/create/{editor}
Request method:	GET
Request URI:	http://3.68.165.45/player/create/supervisor?password=yMCdHcd4&role=user&gender=male&screenName=1a664d80&login=diego.moore&age=27
Proxy:			<none>
Request params:	<none>
Query params:	password=yMCdHcd4
				role=user
				gender=male
				screenName=1a664d80
				login=diego.moore
				age=27
Form params:	<none>
Path params:	editor=supervisor
Headers:		Accept=*/*
				Content-Type=application/json
Cookies:		<none>
Multiparts:		<none>
Body:			<none>
2025-08-10 20:07:59.521 [TestNG-test-Player Controller Tests-1] INFO  a.c.RestClient - HTTP GET /player/create/{editor} -> 200 (63 ms)
HTTP/1.1 200 
Content-Type: application/json
Transfer-Encoding: chunked
Date: Sun, 10 Aug 2025 17:08:08 GMT
Keep-Alive: timeout=60
Connection: keep-alive

{
    "id": 543640108,
    "login": "diego.moore",
    "password": null,
    "screenName": null,
    "gender": null,
    "age": null,
    "role": null
}
2025-08-10 20:07:59.522 [TestNG-test-Player Controller Tests-1] INFO  a.PlayerCreateTest - Created test player with ID: 543640108
2025-08-10 20:07:59.531 [TestNG-test-Player Controller Tests-1] INFO  a.PlayerCreateTest - Testing player creation with user editor (unauthorized)
2025-08-10 20:07:59.532 [TestNG-test-Player Controller Tests-1] INFO  a.c.RestClient - Creating player with editor: diego.moore, player: Player{age=39, gender='male', login='rosalinda.mitchell', role='user', screenName='6eb60b95'}
2025-08-10 20:07:59.532 [TestNG-test-Player Controller Tests-1] INFO  a.c.RestClient - HTTP GET /player/create/{editor}
Request method:	GET
Request URI:	http://3.68.165.45/player/create/diego.moore?password=l431wxz0a2I&role=user&gender=male&screenName=6eb60b95&login=rosalinda.mitchell&age=39
Proxy:			<none>
Request params:	<none>
Query params:	password=l431wxz0a2I
				role=user
				gender=male
				screenName=6eb60b95
				login=rosalinda.mitchell
				age=39
Form params:	<none>
Path params:	editor=diego.moore
Headers:		Accept=*/*
				Content-Type=application/json
Cookies:		<none>
Multiparts:		<none>
Body:			<none>
2025-08-10 20:07:59.622 [TestNG-test-Player Controller Tests-1] INFO  a.c.RestClient - HTTP GET /player/create/{editor} -> 403 (63 ms)
HTTP/1.1 403 
Content-Length: 0
Date: Sun, 10 Aug 2025 17:08:08 GMT
Keep-Alive: timeout=60
Connection: keep-alive
]]></system-out>
  </testcase>
  <testcase name="testUserCannotAccessAdminOperations" classname="api.PlayerCreateWithUserEditorNegativeTest" time="0.089">
    <failure message="Response body is empty; cannot map to ErrorBody" type="java.lang.AssertionError"><![CDATA[java.lang.AssertionError: Response body is empty; cannot map to ErrorBody
	at api.client.ResponseWrapper.readError(ResponseWrapper.java:56)
	at api.PlayerCreateWithUserEditorNegativeTest.assertCreatePlayerWithAuthorizationError(PlayerCreateWithUserEditorNegativeTest.java:96)
	at api.PlayerCreateWithUserEditorNegativeTest.testUserCannotAccessAdminOperations(PlayerCreateWithUserEditorNegativeTest.java:72)
	at java.base/jdk.internal.reflect.DirectMethodHandleAccessor.invoke(DirectMethodHandleAccessor.java:104)
	at java.base/java.lang.reflect.Method.invoke(Method.java:577)
	at org.testng.internal.invokers.MethodInvocationHelper.invokeMethod(MethodInvocationHelper.java:139)
	at org.testng.internal.invokers.TestInvoker.invokeMethod(TestInvoker.java:664)
	at org.testng.internal.invokers.TestInvoker.invokeTestMethod(TestInvoker.java:228)
	at org.testng.internal.invokers.MethodRunner.runInSequence(MethodRunner.java:63)
	at org.testng.internal.invokers.TestInvoker$MethodInvocationAgent.invoke(TestInvoker.java:961)
	at org.testng.internal.invokers.TestInvoker.invokeTestMethods(TestInvoker.java:201)
	at org.testng.internal.invokers.TestMethodWorker.invokeTestMethods(TestMethodWorker.java:148)
	at org.testng.internal.invokers.TestMethodWorker.run(TestMethodWorker.java:128)
	at java.base/java.util.concurrent.Executors$RunnableAdapter.call(Executors.java:539)
	at java.base/java.util.concurrent.FutureTask.run(FutureTask.java:264)
	at org.testng.internal.thread.graph.TestNGFutureTask.run(TestNGFutureTask.java:22)
	at java.base/java.util.concurrent.ThreadPoolExecutor.runWorker(ThreadPoolExecutor.java:1136)
	at java.base/java.util.concurrent.ThreadPoolExecutor$Worker.run(ThreadPoolExecutor.java:635)
	at java.base/java.lang.Thread.run(Thread.java:833)
]]></failure>
    <system-out><![CDATA[2025-08-10 20:07:59.638 [TestNG-test-Player Controller Tests-1] INFO  a.PlayerCreateTest - Cleaning up 2 created players
2025-08-10 20:07:59.638 [TestNG-test-Player Controller Tests-1] INFO  a.c.RestClient - Deleting player with editor: supervisor, playerId: 543640108
2025-08-10 20:07:59.638 [TestNG-test-Player Controller Tests-1] INFO  a.c.RestClient - HTTP DELETE /player/delete/{editor}
Request method:	DELETE
Request URI:	http://3.68.165.45/player/delete/supervisor
Proxy:			<none>
Request params:	<none>
Query params:	<none>
Form params:	<none>
Path params:	editor=supervisor
Headers:		Accept=*/*
				Content-Type=application/json
Cookies:		<none>
Multiparts:		<none>
Body:
{
    "playerId": 543640108
}
2025-08-10 20:07:59.738 [TestNG-test-Player Controller Tests-1] INFO  a.c.RestClient - HTTP DELETE /player/delete/{editor} -> 204 (70 ms)
HTTP/1.1 204 
Date: Sun, 10 Aug 2025 17:08:08 GMT
Keep-Alive: timeout=60
Connection: keep-alive
2025-08-10 20:07:59.739 [TestNG-test-Player Controller Tests-1] INFO  a.PlayerCreateTest - Cleaned up player with ID: 543640108
2025-08-10 20:07:59.739 [TestNG-test-Player Controller Tests-1] INFO  a.c.RestClient - Deleting player with editor: supervisor, playerId: 543640108
2025-08-10 20:07:59.739 [TestNG-test-Player Controller Tests-1] INFO  a.c.RestClient - HTTP DELETE /player/delete/{editor}
Request method:	DELETE
Request URI:	http://3.68.165.45/player/delete/supervisor
Proxy:			<none>
Request params:	<none>
Query params:	<none>
Form params:	<none>
Path params:	editor=supervisor
Headers:		Accept=*/*
				Content-Type=application/json
Cookies:		<none>
Multiparts:		<none>
Body:
{
    "playerId": 543640108
}
2025-08-10 20:07:59.835 [TestNG-test-Player Controller Tests-1] INFO  a.c.RestClient - HTTP DELETE /player/delete/{editor} -> 403 (66 ms)
HTTP/1.1 403 
Content-Length: 0
Date: Sun, 10 Aug 2025 17:08:08 GMT
Keep-Alive: timeout=60
Connection: keep-alive
2025-08-10 20:07:59.836 [TestNG-test-Player Controller Tests-1] INFO  a.PlayerCreateTest - Cleaned up player with ID: 543640108
2025-08-10 20:07:59.847 [TestNG-test-Player Controller Tests-1] INFO  a.PlayerCreateTest - Setting up PlayerCreateTest
2025-08-10 20:07:59.847 [TestNG-test-Player Controller Tests-1] INFO  a.c.RestClient - Initializing RestClient with baseUri=http://3.68.165.45, contentType=application/json
2025-08-10 20:07:59.848 [TestNG-test-Player Controller Tests-1] INFO  a.c.RestClient - Creating player with editor: supervisor, player: Player{age=40, gender='male', login='herschel.nicolas', role='user', screenName='306623b0'}
2025-08-10 20:07:59.848 [TestNG-test-Player Controller Tests-1] INFO  a.c.RestClient - HTTP GET /player/create/{editor}
Request method:	GET
Request URI:	http://3.68.165.45/player/create/supervisor?password=45w1bMXM&role=user&gender=male&screenName=306623b0&login=herschel.nicolas&age=40
Proxy:			<none>
Request params:	<none>
Query params:	password=45w1bMXM
				role=user
				gender=male
				screenName=306623b0
				login=herschel.nicolas
				age=40
Form params:	<none>
Path params:	editor=supervisor
Headers:		Accept=*/*
				Content-Type=application/json
Cookies:		<none>
Multiparts:		<none>
Body:			<none>
2025-08-10 20:07:59.933 [TestNG-test-Player Controller Tests-1] INFO  a.c.RestClient - HTTP GET /player/create/{editor} -> 200 (63 ms)
HTTP/1.1 200 
Content-Type: application/json
Transfer-Encoding: chunked
Date: Sun, 10 Aug 2025 17:08:08 GMT
Keep-Alive: timeout=60
Connection: keep-alive

{
    "id": 1319074770,
    "login": "herschel.nicolas",
    "password": null,
    "screenName": null,
    "gender": null,
    "age": null,
    "role": null
}
2025-08-10 20:07:59.934 [TestNG-test-Player Controller Tests-1] INFO  a.PlayerCreateTest - Created test player with ID: 1319074770
2025-08-10 20:07:59.943 [TestNG-test-Player Controller Tests-1] INFO  a.PlayerCreateTest - Testing user cannot access admin operations
2025-08-10 20:07:59.943 [TestNG-test-Player Controller Tests-1] INFO  a.c.RestClient - Creating player with editor: herschel.nicolas, player: Player{age=59, gender='female', login='krystyna.smith', role='admin', screenName='ac8f5285'}
2025-08-10 20:07:59.944 [TestNG-test-Player Controller Tests-1] INFO  a.c.RestClient - HTTP GET /player/create/{editor}
Request method:	GET
Request URI:	http://3.68.165.45/player/create/herschel.nicolas?password=07d3gNhYR22Q99&role=admin&gender=female&screenName=ac8f5285&login=krystyna.smith&age=59
Proxy:			<none>
Request params:	<none>
Query params:	password=07d3gNhYR22Q99
				role=admin
				gender=female
				screenName=ac8f5285
				login=krystyna.smith
				age=59
Form params:	<none>
Path params:	editor=herschel.nicolas
Headers:		Accept=*/*
				Content-Type=application/json
Cookies:		<none>
Multiparts:		<none>
Body:			<none>
2025-08-10 20:08:00.030 [TestNG-test-Player Controller Tests-1] INFO  a.c.RestClient - HTTP GET /player/create/{editor} -> 403 (64 ms)
HTTP/1.1 403 
Content-Length: 0
Date: Sun, 10 Aug 2025 17:08:08 GMT
Keep-Alive: timeout=60
Connection: keep-alive
]]></system-out>
  </testcase>
  <testcase name="testAdminCanDeleteOtherUsers" classname="api.PlayerDeleteTest" time="0.177">
    <failure message="Expected status code 404 for not found user. expected [404] but found [200]" type="java.lang.AssertionError"><![CDATA[java.lang.AssertionError: Expected status code 404 for not found user. expected [404] but found [200]
	at org.testng.Assert.fail(Assert.java:111)
	at org.testng.Assert.failNotEquals(Assert.java:1578)
	at org.testng.Assert.assertEqualsImpl(Assert.java:150)
	at org.testng.Assert.assertEquals(Assert.java:132)
	at org.testng.Assert.assertEquals(Assert.java:1419)
	at org.testng.Assert.assertEquals(Assert.java:1383)
	at api.PlayerDeleteTest.verifyPlayerDeletion(PlayerDeleteTest.java:201)
	at api.PlayerDeleteTest.testAdminCanDeleteOtherUsers(PlayerDeleteTest.java:161)
	at java.base/jdk.internal.reflect.DirectMethodHandleAccessor.invoke(DirectMethodHandleAccessor.java:104)
	at java.base/java.lang.reflect.Method.invoke(Method.java:577)
	at org.testng.internal.invokers.MethodInvocationHelper.invokeMethod(MethodInvocationHelper.java:139)
	at org.testng.internal.invokers.TestInvoker.invokeMethod(TestInvoker.java:664)
	at org.testng.internal.invokers.TestInvoker.invokeTestMethod(TestInvoker.java:228)
	at org.testng.internal.invokers.MethodRunner.runInSequence(MethodRunner.java:63)
	at org.testng.internal.invokers.TestInvoker$MethodInvocationAgent.invoke(TestInvoker.java:961)
	at org.testng.internal.invokers.TestInvoker.invokeTestMethods(TestInvoker.java:201)
	at org.testng.internal.invokers.TestMethodWorker.invokeTestMethods(TestMethodWorker.java:148)
	at org.testng.internal.invokers.TestMethodWorker.run(TestMethodWorker.java:128)
	at java.base/java.util.concurrent.Executors$RunnableAdapter.call(Executors.java:539)
	at java.base/java.util.concurrent.FutureTask.run(FutureTask.java:264)
	at org.testng.internal.thread.graph.TestNGFutureTask.run(TestNGFutureTask.java:22)
	at java.base/java.util.concurrent.ThreadPoolExecutor.runWorker(ThreadPoolExecutor.java:1136)
	at java.base/java.util.concurrent.ThreadPoolExecutor$Worker.run(ThreadPoolExecutor.java:635)
	at java.base/java.lang.Thread.run(Thread.java:833)
]]></failure>
    <system-out><![CDATA[2025-08-10 20:08:00.042 [TestNG-test-Player Controller Tests-1] INFO  a.PlayerCreateTest - Cleaning up 2 created players
2025-08-10 20:08:00.043 [TestNG-test-Player Controller Tests-1] INFO  a.c.RestClient - Deleting player with editor: supervisor, playerId: 1319074770
2025-08-10 20:08:00.043 [TestNG-test-Player Controller Tests-1] INFO  a.c.RestClient - HTTP DELETE /player/delete/{editor}
Request method:	DELETE
Request URI:	http://3.68.165.45/player/delete/supervisor
Proxy:			<none>
Request params:	<none>
Query params:	<none>
Form params:	<none>
Path params:	editor=supervisor
Headers:		Accept=*/*
				Content-Type=application/json
Cookies:		<none>
Multiparts:		<none>
Body:
{
    "playerId": 1319074770
}
2025-08-10 20:08:00.134 [TestNG-test-Player Controller Tests-1] INFO  a.c.RestClient - HTTP DELETE /player/delete/{editor} -> 204 (58 ms)
HTTP/1.1 204 
Date: Sun, 10 Aug 2025 17:08:08 GMT
Keep-Alive: timeout=60
Connection: keep-alive
2025-08-10 20:08:00.134 [TestNG-test-Player Controller Tests-1] INFO  a.PlayerCreateTest - Cleaned up player with ID: 1319074770
2025-08-10 20:08:00.134 [TestNG-test-Player Controller Tests-1] INFO  a.c.RestClient - Deleting player with editor: supervisor, playerId: 1319074770
2025-08-10 20:08:00.134 [TestNG-test-Player Controller Tests-1] INFO  a.c.RestClient - HTTP DELETE /player/delete/{editor}
Request method:	DELETE
Request URI:	http://3.68.165.45/player/delete/supervisor
Proxy:			<none>
Request params:	<none>
Query params:	<none>
Form params:	<none>
Path params:	editor=supervisor
Headers:		Accept=*/*
				Content-Type=application/json
Cookies:		<none>
Multiparts:		<none>
Body:
{
    "playerId": 1319074770
}
2025-08-10 20:08:00.225 [TestNG-test-Player Controller Tests-1] INFO  a.c.RestClient - HTTP DELETE /player/delete/{editor} -> 403 (59 ms)
HTTP/1.1 403 
Content-Length: 0
Date: Sun, 10 Aug 2025 17:08:08 GMT
Keep-Alive: timeout=60
Connection: keep-alive
2025-08-10 20:08:00.225 [TestNG-test-Player Controller Tests-1] INFO  a.PlayerCreateTest - Cleaned up player with ID: 1319074770
2025-08-10 20:08:00.237 [TestNG-test-Player Controller Tests-1] INFO  a.PlayerDeleteTest - Setting up PlayerDeleteTest
2025-08-10 20:08:00.237 [TestNG-test-Player Controller Tests-1] INFO  a.c.RestClient - Initializing RestClient with baseUri=http://3.68.165.45, contentType=application/json
2025-08-10 20:08:00.239 [TestNG-test-Player Controller Tests-1] INFO  a.c.RestClient - Creating player with editor: supervisor, player: Player{age=55, gender='male', login='alyson.nolan', role='user', screenName='fc35a771'}
2025-08-10 20:08:00.240 [TestNG-test-Player Controller Tests-1] INFO  a.c.RestClient - HTTP GET /player/create/{editor}
Request method:	GET
Request URI:	http://3.68.165.45/player/create/supervisor?password=fTB97ZEw4J8&role=user&gender=male&screenName=fc35a771&login=alyson.nolan&age=55
Proxy:			<none>
Request params:	<none>
Query params:	password=fTB97ZEw4J8
				role=user
				gender=male
				screenName=fc35a771
				login=alyson.nolan
				age=55
Form params:	<none>
Path params:	editor=supervisor
Headers:		Accept=*/*
				Content-Type=application/json
Cookies:		<none>
Multiparts:		<none>
Body:			<none>
2025-08-10 20:08:00.338 [TestNG-test-Player Controller Tests-1] INFO  a.c.RestClient - HTTP GET /player/create/{editor} -> 200 (63 ms)
HTTP/1.1 200 
Content-Type: application/json
Transfer-Encoding: chunked
Date: Sun, 10 Aug 2025 17:08:08 GMT
Keep-Alive: timeout=60
Connection: keep-alive

{
    "id": 944673566,
    "login": "alyson.nolan",
    "password": null,
    "screenName": null,
    "gender": null,
    "age": null,
    "role": null
}
2025-08-10 20:08:00.339 [TestNG-test-Player Controller Tests-1] INFO  a.PlayerDeleteTest - Created test player with ID: 944673566
2025-08-10 20:08:00.340 [TestNG-test-Player Controller Tests-1] INFO  a.c.RestClient - Creating player with editor: supervisor, player: Player{age=37, gender='male', login='nathaniel.medhurst', role='admin', screenName='07e055af'}
2025-08-10 20:08:00.340 [TestNG-test-Player Controller Tests-1] INFO  a.c.RestClient - HTTP GET /player/create/{editor}
Request method:	GET
Request URI:	http://3.68.165.45/player/create/supervisor?password=j73nVw0&role=admin&gender=male&screenName=07e055af&login=nathaniel.medhurst&age=37
Proxy:			<none>
Request params:	<none>
Query params:	password=j73nVw0
				role=admin
				gender=male
				screenName=07e055af
				login=nathaniel.medhurst
				age=37
Form params:	<none>
Path params:	editor=supervisor
Headers:		Accept=*/*
				Content-Type=application/json
Cookies:		<none>
Multiparts:		<none>
Body:			<none>
2025-08-10 20:08:00.440 [TestNG-test-Player Controller Tests-1] INFO  a.c.RestClient - HTTP GET /player/create/{editor} -> 200 (65 ms)
HTTP/1.1 200 
Content-Type: application/json
Transfer-Encoding: chunked
Date: Sun, 10 Aug 2025 17:08:08 GMT
Keep-Alive: timeout=60
Connection: keep-alive

{
    "id": 1849325903,
    "login": "nathaniel.medhurst",
    "password": null,
    "screenName": null,
    "gender": null,
    "age": null,
    "role": null
}
2025-08-10 20:08:00.440 [TestNG-test-Player Controller Tests-1] INFO  a.PlayerDeleteTest - Created admin with ID: 1849325903 for deletion test
2025-08-10 20:08:00.452 [TestNG-test-Player Controller Tests-1] INFO  a.PlayerDeleteTest - Testing admin can delete other users
2025-08-10 20:08:00.452 [TestNG-test-Player Controller Tests-1] INFO  a.c.RestClient - Deleting player with editor: nathaniel.medhurst, playerId: 944673566
2025-08-10 20:08:00.453 [TestNG-test-Player Controller Tests-1] INFO  a.c.RestClient - HTTP DELETE /player/delete/{editor}
Request method:	DELETE
Request URI:	http://3.68.165.45/player/delete/nathaniel.medhurst
Proxy:			<none>
Request params:	<none>
Query params:	<none>
Form params:	<none>
Path params:	editor=nathaniel.medhurst
Headers:		Accept=*/*
				Content-Type=application/json
Cookies:		<none>
Multiparts:		<none>
Body:
{
    "playerId": 944673566
}
2025-08-10 20:08:00.547 [TestNG-test-Player Controller Tests-1] INFO  a.c.RestClient - HTTP DELETE /player/delete/{editor} -> 204 (62 ms)
HTTP/1.1 204 
Date: Sun, 10 Aug 2025 17:08:09 GMT
Keep-Alive: timeout=60
Connection: keep-alive
2025-08-10 20:08:00.547 [TestNG-test-Player Controller Tests-1] INFO  a.PlayerDeleteTest - Successfully deleted user by admin
2025-08-10 20:08:00.548 [TestNG-test-Player Controller Tests-1] INFO  a.c.RestClient - Getting player with ID: 944673566
2025-08-10 20:08:00.548 [TestNG-test-Player Controller Tests-1] INFO  a.c.RestClient - HTTP POST /player/get
Request method:	POST
Request URI:	http://3.68.165.45/player/get
Proxy:			<none>
Request params:	<none>
Query params:	<none>
Form params:	<none>
Path params:	<none>
Headers:		Accept=*/*
				Content-Type=application/json
Cookies:		<none>
Multiparts:		<none>
Body:
{
    "playerId": 944673566
}
2025-08-10 20:08:00.627 [TestNG-test-Player Controller Tests-1] INFO  a.c.RestClient - HTTP POST /player/get -> 200 (58 ms)
HTTP/1.1 200 
Content-Length: 0
Date: Sun, 10 Aug 2025 17:08:09 GMT
Keep-Alive: timeout=60
Connection: keep-alive
]]></system-out>
  </testcase>
  <testcase name="testDeleteAdminByAdmin" classname="api.PlayerDeleteTest" time="0.094">
    <failure message="Status code should be 403 when admin tries to delete himself expected [403] but found [204]" type="java.lang.AssertionError"><![CDATA[java.lang.AssertionError: Status code should be 403 when admin tries to delete himself expected [403] but found [204]
	at org.testng.Assert.fail(Assert.java:111)
	at org.testng.Assert.failNotEquals(Assert.java:1578)
	at org.testng.Assert.assertEqualsImpl(Assert.java:150)
	at org.testng.Assert.assertEquals(Assert.java:132)
	at org.testng.Assert.assertEquals(Assert.java:1419)
	at org.testng.Assert.assertEquals(Assert.java:1383)
	at api.PlayerDeleteTest.testDeleteAdminByAdmin(PlayerDeleteTest.java:130)
	at java.base/jdk.internal.reflect.DirectMethodHandleAccessor.invoke(DirectMethodHandleAccessor.java:104)
	at java.base/java.lang.reflect.Method.invoke(Method.java:577)
	at org.testng.internal.invokers.MethodInvocationHelper.invokeMethod(MethodInvocationHelper.java:139)
	at org.testng.internal.invokers.TestInvoker.invokeMethod(TestInvoker.java:664)
	at org.testng.internal.invokers.TestInvoker.invokeTestMethod(TestInvoker.java:228)
	at org.testng.internal.invokers.MethodRunner.runInSequence(MethodRunner.java:63)
	at org.testng.internal.invokers.TestInvoker$MethodInvocationAgent.invoke(TestInvoker.java:961)
	at org.testng.internal.invokers.TestInvoker.invokeTestMethods(TestInvoker.java:201)
	at org.testng.internal.invokers.TestMethodWorker.invokeTestMethods(TestMethodWorker.java:148)
	at org.testng.internal.invokers.TestMethodWorker.run(TestMethodWorker.java:128)
	at java.base/java.util.concurrent.Executors$RunnableAdapter.call(Executors.java:539)
	at java.base/java.util.concurrent.FutureTask.run(FutureTask.java:264)
	at org.testng.internal.thread.graph.TestNGFutureTask.run(TestNGFutureTask.java:22)
	at java.base/java.util.concurrent.ThreadPoolExecutor.runWorker(ThreadPoolExecutor.java:1136)
	at java.base/java.util.concurrent.ThreadPoolExecutor$Worker.run(ThreadPoolExecutor.java:635)
	at java.base/java.lang.Thread.run(Thread.java:833)
]]></failure>
    <system-out><![CDATA[2025-08-10 20:08:00.639 [TestNG-test-Player Controller Tests-1] INFO  a.PlayerDeleteTest - Cleaning up 4 created players
2025-08-10 20:08:00.639 [TestNG-test-Player Controller Tests-1] INFO  a.c.RestClient - Deleting player with editor: supervisor, playerId: 944673566
2025-08-10 20:08:00.640 [TestNG-test-Player Controller Tests-1] INFO  a.c.RestClient - HTTP DELETE /player/delete/{editor}
Request method:	DELETE
Request URI:	http://3.68.165.45/player/delete/supervisor
Proxy:			<none>
Request params:	<none>
Query params:	<none>
Form params:	<none>
Path params:	editor=supervisor
Headers:		Accept=*/*
				Content-Type=application/json
Cookies:		<none>
Multiparts:		<none>
Body:
{
    "playerId": 944673566
}
2025-08-10 20:08:00.731 [TestNG-test-Player Controller Tests-1] INFO  a.c.RestClient - HTTP DELETE /player/delete/{editor} -> 403 (62 ms)
HTTP/1.1 403 
Content-Length: 0
Date: Sun, 10 Aug 2025 17:08:09 GMT
Keep-Alive: timeout=60
Connection: keep-alive
2025-08-10 20:08:00.731 [TestNG-test-Player Controller Tests-1] INFO  a.PlayerDeleteTest - Cleaned up player with ID: 944673566
2025-08-10 20:08:00.733 [TestNG-test-Player Controller Tests-1] INFO  a.c.RestClient - Deleting player with editor: supervisor, playerId: 944673566
2025-08-10 20:08:00.733 [TestNG-test-Player Controller Tests-1] INFO  a.c.RestClient - HTTP DELETE /player/delete/{editor}
Request method:	DELETE
Request URI:	http://3.68.165.45/player/delete/supervisor
Proxy:			<none>
Request params:	<none>
Query params:	<none>
Form params:	<none>
Path params:	editor=supervisor
Headers:		Accept=*/*
				Content-Type=application/json
Cookies:		<none>
Multiparts:		<none>
Body:
{
    "playerId": 944673566
}
2025-08-10 20:08:00.818 [TestNG-test-Player Controller Tests-1] INFO  a.c.RestClient - HTTP DELETE /player/delete/{editor} -> 403 (58 ms)
HTTP/1.1 403 
Content-Length: 0
Date: Sun, 10 Aug 2025 17:08:09 GMT
Keep-Alive: timeout=60
Connection: keep-alive
2025-08-10 20:08:00.819 [TestNG-test-Player Controller Tests-1] INFO  a.PlayerDeleteTest - Cleaned up player with ID: 944673566
2025-08-10 20:08:00.819 [TestNG-test-Player Controller Tests-1] INFO  a.c.RestClient - Deleting player with editor: supervisor, playerId: 1849325903
2025-08-10 20:08:00.819 [TestNG-test-Player Controller Tests-1] INFO  a.c.RestClient - HTTP DELETE /player/delete/{editor}
Request method:	DELETE
Request URI:	http://3.68.165.45/player/delete/supervisor
Proxy:			<none>
Request params:	<none>
Query params:	<none>
Form params:	<none>
Path params:	editor=supervisor
Headers:		Accept=*/*
				Content-Type=application/json
Cookies:		<none>
Multiparts:		<none>
Body:
{
    "playerId": 1849325903
}
2025-08-10 20:08:00.903 [TestNG-test-Player Controller Tests-1] INFO  a.c.RestClient - HTTP DELETE /player/delete/{editor} -> 204 (60 ms)
HTTP/1.1 204 
Date: Sun, 10 Aug 2025 17:08:09 GMT
Keep-Alive: timeout=60
Connection: keep-alive
2025-08-10 20:08:00.903 [TestNG-test-Player Controller Tests-1] INFO  a.PlayerDeleteTest - Cleaned up player with ID: 1849325903
2025-08-10 20:08:00.904 [TestNG-test-Player Controller Tests-1] INFO  a.c.RestClient - Deleting player with editor: supervisor, playerId: 1849325903
2025-08-10 20:08:00.904 [TestNG-test-Player Controller Tests-1] INFO  a.c.RestClient - HTTP DELETE /player/delete/{editor}
Request method:	DELETE
Request URI:	http://3.68.165.45/player/delete/supervisor
Proxy:			<none>
Request params:	<none>
Query params:	<none>
Form params:	<none>
Path params:	editor=supervisor
Headers:		Accept=*/*
				Content-Type=application/json
Cookies:		<none>
Multiparts:		<none>
Body:
{
    "playerId": 1849325903
}
2025-08-10 20:08:00.992 [TestNG-test-Player Controller Tests-1] INFO  a.c.RestClient - HTTP DELETE /player/delete/{editor} -> 403 (61 ms)
HTTP/1.1 403 
Content-Length: 0
Date: Sun, 10 Aug 2025 17:08:09 GMT
Keep-Alive: timeout=60
Connection: keep-alive
2025-08-10 20:08:00.992 [TestNG-test-Player Controller Tests-1] INFO  a.PlayerDeleteTest - Cleaned up player with ID: 1849325903
2025-08-10 20:08:01.001 [TestNG-test-Player Controller Tests-1] INFO  a.PlayerDeleteTest - Setting up PlayerDeleteTest
2025-08-10 20:08:01.001 [TestNG-test-Player Controller Tests-1] INFO  a.c.RestClient - Initializing RestClient with baseUri=http://3.68.165.45, contentType=application/json
2025-08-10 20:08:01.002 [TestNG-test-Player Controller Tests-1] INFO  a.c.RestClient - Creating player with editor: supervisor, player: Player{age=39, gender='female', login='shon.considine', role='user', screenName='81839323'}
2025-08-10 20:08:01.002 [TestNG-test-Player Controller Tests-1] INFO  a.c.RestClient - HTTP GET /player/create/{editor}
Request method:	GET
Request URI:	http://3.68.165.45/player/create/supervisor?password=L35gd2AL1aND&role=user&gender=female&screenName=81839323&login=shon.considine&age=39
Proxy:			<none>
Request params:	<none>
Query params:	password=L35gd2AL1aND
				role=user
				gender=female
				screenName=81839323
				login=shon.considine
				age=39
Form params:	<none>
Path params:	editor=supervisor
Headers:		Accept=*/*
				Content-Type=application/json
Cookies:		<none>
Multiparts:		<none>
Body:			<none>
2025-08-10 20:08:01.086 [TestNG-test-Player Controller Tests-1] INFO  a.c.RestClient - HTTP GET /player/create/{editor} -> 200 (58 ms)
HTTP/1.1 200 
Content-Type: application/json
Transfer-Encoding: chunked
Date: Sun, 10 Aug 2025 17:08:09 GMT
Keep-Alive: timeout=60
Connection: keep-alive

{
    "id": 1373228873,
    "login": "shon.considine",
    "password": null,
    "screenName": null,
    "gender": null,
    "age": null,
    "role": null
}
2025-08-10 20:08:01.087 [TestNG-test-Player Controller Tests-1] INFO  a.PlayerDeleteTest - Created test player with ID: 1373228873
2025-08-10 20:08:01.088 [TestNG-test-Player Controller Tests-1] INFO  a.c.RestClient - Creating player with editor: supervisor, player: Player{age=51, gender='female', login='birgit.roberts', role='admin', screenName='8872d9fe'}
2025-08-10 20:08:01.088 [TestNG-test-Player Controller Tests-1] INFO  a.c.RestClient - HTTP GET /player/create/{editor}
Request method:	GET
Request URI:	http://3.68.165.45/player/create/supervisor?password=E618tz2xe83di7&role=admin&gender=female&screenName=8872d9fe&login=birgit.roberts&age=51
Proxy:			<none>
Request params:	<none>
Query params:	password=E618tz2xe83di7
				role=admin
				gender=female
				screenName=8872d9fe
				login=birgit.roberts
				age=51
Form params:	<none>
Path params:	editor=supervisor
Headers:		Accept=*/*
				Content-Type=application/json
Cookies:		<none>
Multiparts:		<none>
Body:			<none>
2025-08-10 20:08:01.172 [TestNG-test-Player Controller Tests-1] INFO  a.c.RestClient - HTTP GET /player/create/{editor} -> 200 (59 ms)
HTTP/1.1 200 
Content-Type: application/json
Transfer-Encoding: chunked
Date: Sun, 10 Aug 2025 17:08:09 GMT
Keep-Alive: timeout=60
Connection: keep-alive

{
    "id": 1205691794,
    "login": "birgit.roberts",
    "password": null,
    "screenName": null,
    "gender": null,
    "age": null,
    "role": null
}
2025-08-10 20:08:01.173 [TestNG-test-Player Controller Tests-1] INFO  a.PlayerDeleteTest - Created admin with ID: 1205691794 for deletion test
2025-08-10 20:08:01.184 [TestNG-test-Player Controller Tests-1] INFO  a.PlayerDeleteTest - Testing delete admin by admin (self-deletion)
2025-08-10 20:08:01.184 [TestNG-test-Player Controller Tests-1] INFO  a.c.RestClient - Deleting player with editor: birgit.roberts, playerId: 1205691794
2025-08-10 20:08:01.184 [TestNG-test-Player Controller Tests-1] INFO  a.c.RestClient - HTTP DELETE /player/delete/{editor}
Request method:	DELETE
Request URI:	http://3.68.165.45/player/delete/birgit.roberts
Proxy:			<none>
Request params:	<none>
Query params:	<none>
Form params:	<none>
Path params:	editor=birgit.roberts
Headers:		Accept=*/*
				Content-Type=application/json
Cookies:		<none>
Multiparts:		<none>
Body:
{
    "playerId": 1205691794
}
2025-08-10 20:08:01.278 [TestNG-test-Player Controller Tests-1] INFO  a.c.RestClient - HTTP DELETE /player/delete/{editor} -> 204 (65 ms)
HTTP/1.1 204 
Date: Sun, 10 Aug 2025 17:08:09 GMT
Keep-Alive: timeout=60
Connection: keep-alive
]]></system-out>
  </testcase>
  <testcase name="testDeleteAdminBySupervisor" classname="api.PlayerDeleteTest" time="0.165">
    <failure message="Expected status code 404 for not found user. expected [404] but found [200]" type="java.lang.AssertionError"><![CDATA[java.lang.AssertionError: Expected status code 404 for not found user. expected [404] but found [200]
	at org.testng.Assert.fail(Assert.java:111)
	at org.testng.Assert.failNotEquals(Assert.java:1578)
	at org.testng.Assert.assertEqualsImpl(Assert.java:150)
	at org.testng.Assert.assertEquals(Assert.java:132)
	at org.testng.Assert.assertEquals(Assert.java:1419)
	at org.testng.Assert.assertEquals(Assert.java:1383)
	at api.PlayerDeleteTest.verifyPlayerDeletion(PlayerDeleteTest.java:201)
	at api.PlayerDeleteTest.testDeleteAdminBySupervisor(PlayerDeleteTest.java:95)
	at java.base/jdk.internal.reflect.DirectMethodHandleAccessor.invoke(DirectMethodHandleAccessor.java:104)
	at java.base/java.lang.reflect.Method.invoke(Method.java:577)
	at org.testng.internal.invokers.MethodInvocationHelper.invokeMethod(MethodInvocationHelper.java:139)
	at org.testng.internal.invokers.TestInvoker.invokeMethod(TestInvoker.java:664)
	at org.testng.internal.invokers.TestInvoker.invokeTestMethod(TestInvoker.java:228)
	at org.testng.internal.invokers.MethodRunner.runInSequence(MethodRunner.java:63)
	at org.testng.internal.invokers.TestInvoker$MethodInvocationAgent.invoke(TestInvoker.java:961)
	at org.testng.internal.invokers.TestInvoker.invokeTestMethods(TestInvoker.java:201)
	at org.testng.internal.invokers.TestMethodWorker.invokeTestMethods(TestMethodWorker.java:148)
	at org.testng.internal.invokers.TestMethodWorker.run(TestMethodWorker.java:128)
	at java.base/java.util.concurrent.Executors$RunnableAdapter.call(Executors.java:539)
	at java.base/java.util.concurrent.FutureTask.run(FutureTask.java:264)
	at org.testng.internal.thread.graph.TestNGFutureTask.run(TestNGFutureTask.java:22)
	at java.base/java.util.concurrent.ThreadPoolExecutor.runWorker(ThreadPoolExecutor.java:1136)
	at java.base/java.util.concurrent.ThreadPoolExecutor$Worker.run(ThreadPoolExecutor.java:635)
	at java.base/java.lang.Thread.run(Thread.java:833)
]]></failure>
    <system-out><![CDATA[2025-08-10 20:08:01.289 [TestNG-test-Player Controller Tests-1] INFO  a.PlayerDeleteTest - Cleaning up 4 created players
2025-08-10 20:08:01.289 [TestNG-test-Player Controller Tests-1] INFO  a.c.RestClient - Deleting player with editor: supervisor, playerId: 1373228873
2025-08-10 20:08:01.289 [TestNG-test-Player Controller Tests-1] INFO  a.c.RestClient - HTTP DELETE /player/delete/{editor}
Request method:	DELETE
Request URI:	http://3.68.165.45/player/delete/supervisor
Proxy:			<none>
Request params:	<none>
Query params:	<none>
Form params:	<none>
Path params:	editor=supervisor
Headers:		Accept=*/*
				Content-Type=application/json
Cookies:		<none>
Multiparts:		<none>
Body:
{
    "playerId": 1373228873
}
2025-08-10 20:08:01.375 [TestNG-test-Player Controller Tests-1] INFO  a.c.RestClient - HTTP DELETE /player/delete/{editor} -> 204 (60 ms)
HTTP/1.1 204 
Date: Sun, 10 Aug 2025 17:08:09 GMT
Keep-Alive: timeout=60
Connection: keep-alive
2025-08-10 20:08:01.375 [TestNG-test-Player Controller Tests-1] INFO  a.PlayerDeleteTest - Cleaned up player with ID: 1373228873
2025-08-10 20:08:01.377 [TestNG-test-Player Controller Tests-1] INFO  a.c.RestClient - Deleting player with editor: supervisor, playerId: 1373228873
2025-08-10 20:08:01.377 [TestNG-test-Player Controller Tests-1] INFO  a.c.RestClient - HTTP DELETE /player/delete/{editor}
Request method:	DELETE
Request URI:	http://3.68.165.45/player/delete/supervisor
Proxy:			<none>
Request params:	<none>
Query params:	<none>
Form params:	<none>
Path params:	editor=supervisor
Headers:		Accept=*/*
				Content-Type=application/json
Cookies:		<none>
Multiparts:		<none>
Body:
{
    "playerId": 1373228873
}
2025-08-10 20:08:01.466 [TestNG-test-Player Controller Tests-1] INFO  a.c.RestClient - HTTP DELETE /player/delete/{editor} -> 403 (63 ms)
HTTP/1.1 403 
Content-Length: 0
Date: Sun, 10 Aug 2025 17:08:09 GMT
Keep-Alive: timeout=60
Connection: keep-alive
2025-08-10 20:08:01.468 [TestNG-test-Player Controller Tests-1] INFO  a.PlayerDeleteTest - Cleaned up player with ID: 1373228873
2025-08-10 20:08:01.468 [TestNG-test-Player Controller Tests-1] INFO  a.c.RestClient - Deleting player with editor: supervisor, playerId: 1205691794
2025-08-10 20:08:01.468 [TestNG-test-Player Controller Tests-1] INFO  a.c.RestClient - HTTP DELETE /player/delete/{editor}
Request method:	DELETE
Request URI:	http://3.68.165.45/player/delete/supervisor
Proxy:			<none>
Request params:	<none>
Query params:	<none>
Form params:	<none>
Path params:	editor=supervisor
Headers:		Accept=*/*
				Content-Type=application/json
Cookies:		<none>
Multiparts:		<none>
Body:
{
    "playerId": 1205691794
}
2025-08-10 20:08:01.558 [TestNG-test-Player Controller Tests-1] INFO  a.c.RestClient - HTTP DELETE /player/delete/{editor} -> 403 (61 ms)
HTTP/1.1 403 
Content-Length: 0
Date: Sun, 10 Aug 2025 17:08:10 GMT
Keep-Alive: timeout=60
Connection: keep-alive
2025-08-10 20:08:01.558 [TestNG-test-Player Controller Tests-1] INFO  a.PlayerDeleteTest - Cleaned up player with ID: 1205691794
2025-08-10 20:08:01.558 [TestNG-test-Player Controller Tests-1] INFO  a.c.RestClient - Deleting player with editor: supervisor, playerId: 1205691794
2025-08-10 20:08:01.559 [TestNG-test-Player Controller Tests-1] INFO  a.c.RestClient - HTTP DELETE /player/delete/{editor}
Request method:	DELETE
Request URI:	http://3.68.165.45/player/delete/supervisor
Proxy:			<none>
Request params:	<none>
Query params:	<none>
Form params:	<none>
Path params:	editor=supervisor
Headers:		Accept=*/*
				Content-Type=application/json
Cookies:		<none>
Multiparts:		<none>
Body:
{
    "playerId": 1205691794
}
2025-08-10 20:08:01.636 [TestNG-test-Player Controller Tests-1] INFO  a.c.RestClient - HTTP DELETE /player/delete/{editor} -> 403 (57 ms)
HTTP/1.1 403 
Content-Length: 0
Date: Sun, 10 Aug 2025 17:08:10 GMT
Keep-Alive: timeout=60
Connection: keep-alive
2025-08-10 20:08:01.636 [TestNG-test-Player Controller Tests-1] INFO  a.PlayerDeleteTest - Cleaned up player with ID: 1205691794
2025-08-10 20:08:01.645 [TestNG-test-Player Controller Tests-1] INFO  a.PlayerDeleteTest - Setting up PlayerDeleteTest
2025-08-10 20:08:01.645 [TestNG-test-Player Controller Tests-1] INFO  a.c.RestClient - Initializing RestClient with baseUri=http://3.68.165.45, contentType=application/json
2025-08-10 20:08:01.647 [TestNG-test-Player Controller Tests-1] INFO  a.c.RestClient - Creating player with editor: supervisor, player: Player{age=37, gender='female', login='erin.kautzer', role='user', screenName='350f0d1e'}
2025-08-10 20:08:01.647 [TestNG-test-Player Controller Tests-1] INFO  a.c.RestClient - HTTP GET /player/create/{editor}
Request method:	GET
Request URI:	http://3.68.165.45/player/create/supervisor?password=Tx6ymd6Qv8g&role=user&gender=female&screenName=350f0d1e&login=erin.kautzer&age=37
Proxy:			<none>
Request params:	<none>
Query params:	password=Tx6ymd6Qv8g
				role=user
				gender=female
				screenName=350f0d1e
				login=erin.kautzer
				age=37
Form params:	<none>
Path params:	editor=supervisor
Headers:		Accept=*/*
				Content-Type=application/json
Cookies:		<none>
Multiparts:		<none>
Body:			<none>
2025-08-10 20:08:01.723 [TestNG-test-Player Controller Tests-1] INFO  a.c.RestClient - HTTP GET /player/create/{editor} -> 200 (56 ms)
HTTP/1.1 200 
Content-Type: application/json
Transfer-Encoding: chunked
Date: Sun, 10 Aug 2025 17:08:10 GMT
Keep-Alive: timeout=60
Connection: keep-alive

{
    "id": 504016299,
    "login": "erin.kautzer",
    "password": null,
    "screenName": null,
    "gender": null,
    "age": null,
    "role": null
}
2025-08-10 20:08:01.723 [TestNG-test-Player Controller Tests-1] INFO  a.PlayerDeleteTest - Created test player with ID: 504016299
2025-08-10 20:08:01.724 [TestNG-test-Player Controller Tests-1] INFO  a.c.RestClient - Creating player with editor: supervisor, player: Player{age=56, gender='male', login='ezequiel.rau', role='admin', screenName='6a20b1de'}
2025-08-10 20:08:01.724 [TestNG-test-Player Controller Tests-1] INFO  a.c.RestClient - HTTP GET /player/create/{editor}
Request method:	GET
Request URI:	http://3.68.165.45/player/create/supervisor?password=8q79LEpS7&role=admin&gender=male&screenName=6a20b1de&login=ezequiel.rau&age=56
Proxy:			<none>
Request params:	<none>
Query params:	password=8q79LEpS7
				role=admin
				gender=male
				screenName=6a20b1de
				login=ezequiel.rau
				age=56
Form params:	<none>
Path params:	editor=supervisor
Headers:		Accept=*/*
				Content-Type=application/json
Cookies:		<none>
Multiparts:		<none>
Body:			<none>
2025-08-10 20:08:01.808 [TestNG-test-Player Controller Tests-1] INFO  a.c.RestClient - HTTP GET /player/create/{editor} -> 200 (62 ms)
HTTP/1.1 200 
Content-Type: application/json
Transfer-Encoding: chunked
Date: Sun, 10 Aug 2025 17:08:10 GMT
Keep-Alive: timeout=60
Connection: keep-alive

{
    "id": 967357364,
    "login": "ezequiel.rau",
    "password": null,
    "screenName": null,
    "gender": null,
    "age": null,
    "role": null
}
2025-08-10 20:08:01.808 [TestNG-test-Player Controller Tests-1] INFO  a.PlayerDeleteTest - Created admin with ID: 967357364 for deletion test
2025-08-10 20:08:01.819 [TestNG-test-Player Controller Tests-1] INFO  a.PlayerDeleteTest - Testing delete admin by supervisor
2025-08-10 20:08:01.820 [TestNG-test-Player Controller Tests-1] INFO  a.c.RestClient - Deleting player with editor: supervisor, playerId: 967357364
2025-08-10 20:08:01.820 [TestNG-test-Player Controller Tests-1] INFO  a.c.RestClient - HTTP DELETE /player/delete/{editor}
Request method:	DELETE
Request URI:	http://3.68.165.45/player/delete/supervisor
Proxy:			<none>
Request params:	<none>
Query params:	<none>
Form params:	<none>
Path params:	editor=supervisor
Headers:		Accept=*/*
				Content-Type=application/json
Cookies:		<none>
Multiparts:		<none>
Body:
{
    "playerId": 967357364
}
2025-08-10 20:08:01.901 [TestNG-test-Player Controller Tests-1] INFO  a.c.RestClient - HTTP DELETE /player/delete/{editor} -> 204 (60 ms)
HTTP/1.1 204 
Date: Sun, 10 Aug 2025 17:08:10 GMT
Keep-Alive: timeout=60
Connection: keep-alive
2025-08-10 20:08:01.901 [TestNG-test-Player Controller Tests-1] INFO  a.PlayerDeleteTest - Successfully deleted admin by supervisor
2025-08-10 20:08:01.901 [TestNG-test-Player Controller Tests-1] INFO  a.c.RestClient - Getting player with ID: 967357364
2025-08-10 20:08:01.902 [TestNG-test-Player Controller Tests-1] INFO  a.c.RestClient - HTTP POST /player/get
Request method:	POST
Request URI:	http://3.68.165.45/player/get
Proxy:			<none>
Request params:	<none>
Query params:	<none>
Form params:	<none>
Path params:	<none>
Headers:		Accept=*/*
				Content-Type=application/json
Cookies:		<none>
Multiparts:		<none>
Body:
{
    "playerId": 967357364
}
2025-08-10 20:08:01.982 [TestNG-test-Player Controller Tests-1] INFO  a.c.RestClient - HTTP POST /player/get -> 200 (55 ms)
HTTP/1.1 200 
Content-Length: 0
Date: Sun, 10 Aug 2025 17:08:10 GMT
Keep-Alive: timeout=60
Connection: keep-alive
]]></system-out>
  </testcase>
  <testcase name="testDeleteNonExistentPlayer" classname="api.PlayerDeleteTest" time="0.075">
    <failure message="Status code should be 404 when deleting non-existent player expected [404] but found [403]" type="java.lang.AssertionError"><![CDATA[java.lang.AssertionError: Status code should be 404 when deleting non-existent player expected [404] but found [403]
	at org.testng.Assert.fail(Assert.java:111)
	at org.testng.Assert.failNotEquals(Assert.java:1578)
	at org.testng.Assert.assertEqualsImpl(Assert.java:150)
	at org.testng.Assert.assertEquals(Assert.java:132)
	at org.testng.Assert.assertEquals(Assert.java:1419)
	at org.testng.Assert.assertEquals(Assert.java:1383)
	at api.PlayerDeleteTest.testDeleteNonExistentPlayer(PlayerDeleteTest.java:104)
	at java.base/jdk.internal.reflect.DirectMethodHandleAccessor.invoke(DirectMethodHandleAccessor.java:104)
	at java.base/java.lang.reflect.Method.invoke(Method.java:577)
	at org.testng.internal.invokers.MethodInvocationHelper.invokeMethod(MethodInvocationHelper.java:139)
	at org.testng.internal.invokers.TestInvoker.invokeMethod(TestInvoker.java:664)
	at org.testng.internal.invokers.TestInvoker.invokeTestMethod(TestInvoker.java:228)
	at org.testng.internal.invokers.MethodRunner.runInSequence(MethodRunner.java:63)
	at org.testng.internal.invokers.TestInvoker$MethodInvocationAgent.invoke(TestInvoker.java:961)
	at org.testng.internal.invokers.TestInvoker.invokeTestMethods(TestInvoker.java:201)
	at org.testng.internal.invokers.TestMethodWorker.invokeTestMethods(TestMethodWorker.java:148)
	at org.testng.internal.invokers.TestMethodWorker.run(TestMethodWorker.java:128)
	at java.base/java.util.concurrent.Executors$RunnableAdapter.call(Executors.java:539)
	at java.base/java.util.concurrent.FutureTask.run(FutureTask.java:264)
	at org.testng.internal.thread.graph.TestNGFutureTask.run(TestNGFutureTask.java:22)
	at java.base/java.util.concurrent.ThreadPoolExecutor.runWorker(ThreadPoolExecutor.java:1136)
	at java.base/java.util.concurrent.ThreadPoolExecutor$Worker.run(ThreadPoolExecutor.java:635)
	at java.base/java.lang.Thread.run(Thread.java:833)
]]></failure>
    <system-out><![CDATA[2025-08-10 20:08:01.994 [TestNG-test-Player Controller Tests-1] INFO  a.PlayerDeleteTest - Cleaning up 4 created players
2025-08-10 20:08:01.995 [TestNG-test-Player Controller Tests-1] INFO  a.c.RestClient - Deleting player with editor: supervisor, playerId: 504016299
2025-08-10 20:08:01.995 [TestNG-test-Player Controller Tests-1] INFO  a.c.RestClient - HTTP DELETE /player/delete/{editor}
Request method:	DELETE
Request URI:	http://3.68.165.45/player/delete/supervisor
Proxy:			<none>
Request params:	<none>
Query params:	<none>
Form params:	<none>
Path params:	editor=supervisor
Headers:		Accept=*/*
				Content-Type=application/json
Cookies:		<none>
Multiparts:		<none>
Body:
{
    "playerId": 504016299
}
2025-08-10 20:08:02.080 [TestNG-test-Player Controller Tests-1] INFO  a.c.RestClient - HTTP DELETE /player/delete/{editor} -> 204 (57 ms)
HTTP/1.1 204 
Date: Sun, 10 Aug 2025 17:08:10 GMT
Keep-Alive: timeout=60
Connection: keep-alive
2025-08-10 20:08:02.081 [TestNG-test-Player Controller Tests-1] INFO  a.PlayerDeleteTest - Cleaned up player with ID: 504016299
2025-08-10 20:08:02.081 [TestNG-test-Player Controller Tests-1] INFO  a.c.RestClient - Deleting player with editor: supervisor, playerId: 504016299
2025-08-10 20:08:02.081 [TestNG-test-Player Controller Tests-1] INFO  a.c.RestClient - HTTP DELETE /player/delete/{editor}
Request method:	DELETE
Request URI:	http://3.68.165.45/player/delete/supervisor
Proxy:			<none>
Request params:	<none>
Query params:	<none>
Form params:	<none>
Path params:	editor=supervisor
Headers:		Accept=*/*
				Content-Type=application/json
Cookies:		<none>
Multiparts:		<none>
Body:
{
    "playerId": 504016299
}
2025-08-10 20:08:02.167 [TestNG-test-Player Controller Tests-1] INFO  a.c.RestClient - HTTP DELETE /player/delete/{editor} -> 403 (54 ms)
HTTP/1.1 403 
Content-Length: 0
Date: Sun, 10 Aug 2025 17:08:10 GMT
Keep-Alive: timeout=60
Connection: keep-alive
2025-08-10 20:08:02.168 [TestNG-test-Player Controller Tests-1] INFO  a.PlayerDeleteTest - Cleaned up player with ID: 504016299
2025-08-10 20:08:02.169 [TestNG-test-Player Controller Tests-1] INFO  a.c.RestClient - Deleting player with editor: supervisor, playerId: 967357364
2025-08-10 20:08:02.169 [TestNG-test-Player Controller Tests-1] INFO  a.c.RestClient - HTTP DELETE /player/delete/{editor}
Request method:	DELETE
Request URI:	http://3.68.165.45/player/delete/supervisor
Proxy:			<none>
Request params:	<none>
Query params:	<none>
Form params:	<none>
Path params:	editor=supervisor
Headers:		Accept=*/*
				Content-Type=application/json
Cookies:		<none>
Multiparts:		<none>
Body:
{
    "playerId": 967357364
}
2025-08-10 20:08:02.256 [TestNG-test-Player Controller Tests-1] INFO  a.c.RestClient - HTTP DELETE /player/delete/{editor} -> 403 (62 ms)
HTTP/1.1 403 
Content-Length: 0
Date: Sun, 10 Aug 2025 17:08:10 GMT
Keep-Alive: timeout=60
Connection: keep-alive
2025-08-10 20:08:02.257 [TestNG-test-Player Controller Tests-1] INFO  a.PlayerDeleteTest - Cleaned up player with ID: 967357364
2025-08-10 20:08:02.257 [TestNG-test-Player Controller Tests-1] INFO  a.c.RestClient - Deleting player with editor: supervisor, playerId: 967357364
2025-08-10 20:08:02.258 [TestNG-test-Player Controller Tests-1] INFO  a.c.RestClient - HTTP DELETE /player/delete/{editor}
Request method:	DELETE
Request URI:	http://3.68.165.45/player/delete/supervisor
Proxy:			<none>
Request params:	<none>
Query params:	<none>
Form params:	<none>
Path params:	editor=supervisor
Headers:		Accept=*/*
				Content-Type=application/json
Cookies:		<none>
Multiparts:		<none>
Body:
{
    "playerId": 967357364
}
2025-08-10 20:08:02.343 [TestNG-test-Player Controller Tests-1] INFO  a.c.RestClient - HTTP DELETE /player/delete/{editor} -> 403 (59 ms)
HTTP/1.1 403 
Content-Length: 0
Date: Sun, 10 Aug 2025 17:08:10 GMT
Keep-Alive: timeout=60
Connection: keep-alive
2025-08-10 20:08:02.343 [TestNG-test-Player Controller Tests-1] INFO  a.PlayerDeleteTest - Cleaned up player with ID: 967357364
2025-08-10 20:08:02.351 [TestNG-test-Player Controller Tests-1] INFO  a.PlayerDeleteTest - Setting up PlayerDeleteTest
2025-08-10 20:08:02.351 [TestNG-test-Player Controller Tests-1] INFO  a.c.RestClient - Initializing RestClient with baseUri=http://3.68.165.45, contentType=application/json
2025-08-10 20:08:02.352 [TestNG-test-Player Controller Tests-1] INFO  a.c.RestClient - Creating player with editor: supervisor, player: Player{age=48, gender='male', login='carmel.larkin', role='user', screenName='9115bcf0'}
2025-08-10 20:08:02.353 [TestNG-test-Player Controller Tests-1] INFO  a.c.RestClient - HTTP GET /player/create/{editor}
Request method:	GET
Request URI:	http://3.68.165.45/player/create/supervisor?password=8uoP09v&role=user&gender=male&screenName=9115bcf0&login=carmel.larkin&age=48
Proxy:			<none>
Request params:	<none>
Query params:	password=8uoP09v
				role=user
				gender=male
				screenName=9115bcf0
				login=carmel.larkin
				age=48
Form params:	<none>
Path params:	editor=supervisor
Headers:		Accept=*/*
				Content-Type=application/json
Cookies:		<none>
Multiparts:		<none>
Body:			<none>
2025-08-10 20:08:02.437 [TestNG-test-Player Controller Tests-1] INFO  a.c.RestClient - HTTP GET /player/create/{editor} -> 200 (56 ms)
HTTP/1.1 200 
Content-Type: application/json
Transfer-Encoding: chunked
Date: Sun, 10 Aug 2025 17:08:10 GMT
Keep-Alive: timeout=60
Connection: keep-alive

{
    "id": 755770089,
    "login": "carmel.larkin",
    "password": null,
    "screenName": null,
    "gender": null,
    "age": null,
    "role": null
}
2025-08-10 20:08:02.438 [TestNG-test-Player Controller Tests-1] INFO  a.PlayerDeleteTest - Created test player with ID: 755770089
2025-08-10 20:08:02.438 [TestNG-test-Player Controller Tests-1] INFO  a.c.RestClient - Creating player with editor: supervisor, player: Player{age=27, gender='male', login='bula.fay', role='admin', screenName='cb827089'}
2025-08-10 20:08:02.440 [TestNG-test-Player Controller Tests-1] INFO  a.c.RestClient - HTTP GET /player/create/{editor}
Request method:	GET
Request URI:	http://3.68.165.45/player/create/supervisor?password=FmBb1NcmS&role=admin&gender=male&screenName=cb827089&login=bula.fay&age=27
Proxy:			<none>
Request params:	<none>
Query params:	password=FmBb1NcmS
				role=admin
				gender=male
				screenName=cb827089
				login=bula.fay
				age=27
Form params:	<none>
Path params:	editor=supervisor
Headers:		Accept=*/*
				Content-Type=application/json
Cookies:		<none>
Multiparts:		<none>
Body:			<none>
2025-08-10 20:08:02.528 [TestNG-test-Player Controller Tests-1] INFO  a.c.RestClient - HTTP GET /player/create/{editor} -> 200 (61 ms)
HTTP/1.1 200 
Content-Type: application/json
Transfer-Encoding: chunked
Date: Sun, 10 Aug 2025 17:08:10 GMT
Keep-Alive: timeout=60
Connection: keep-alive

{
    "id": 1366602901,
    "login": "bula.fay",
    "password": null,
    "screenName": null,
    "gender": null,
    "age": null,
    "role": null
}
2025-08-10 20:08:02.530 [TestNG-test-Player Controller Tests-1] INFO  a.PlayerDeleteTest - Created admin with ID: 1366602901 for deletion test
2025-08-10 20:08:02.543 [TestNG-test-Player Controller Tests-1] INFO  a.PlayerDeleteTest - Testing delete non-existent player
2025-08-10 20:08:02.544 [TestNG-test-Player Controller Tests-1] INFO  a.c.RestClient - Deleting player with editor: supervisor, playerId: 999999
2025-08-10 20:08:02.544 [TestNG-test-Player Controller Tests-1] INFO  a.c.RestClient - HTTP DELETE /player/delete/{editor}
Request method:	DELETE
Request URI:	http://3.68.165.45/player/delete/supervisor
Proxy:			<none>
Request params:	<none>
Query params:	<none>
Form params:	<none>
Path params:	editor=supervisor
Headers:		Accept=*/*
				Content-Type=application/json
Cookies:		<none>
Multiparts:		<none>
Body:
{
    "playerId": 999999
}
2025-08-10 20:08:02.629 [TestNG-test-Player Controller Tests-1] INFO  a.c.RestClient - HTTP DELETE /player/delete/{editor} -> 403 (58 ms)
HTTP/1.1 403 
Content-Length: 0
Date: Sun, 10 Aug 2025 17:08:11 GMT
Keep-Alive: timeout=60
Connection: keep-alive
]]></system-out>
  </testcase>
  <testcase name="testDeletePlayerWithAdmin" classname="api.PlayerDeleteTest" time="0.163">
    <failure message="Expected status code 404 for not found user. expected [404] but found [200]" type="java.lang.AssertionError"><![CDATA[java.lang.AssertionError: Expected status code 404 for not found user. expected [404] but found [200]
	at org.testng.Assert.fail(Assert.java:111)
	at org.testng.Assert.failNotEquals(Assert.java:1578)
	at org.testng.Assert.assertEqualsImpl(Assert.java:150)
	at org.testng.Assert.assertEquals(Assert.java:132)
	at org.testng.Assert.assertEquals(Assert.java:1419)
	at org.testng.Assert.assertEquals(Assert.java:1383)
	at api.PlayerDeleteTest.verifyPlayerDeletion(PlayerDeleteTest.java:201)
	at api.PlayerDeleteTest.testDeletePlayerWithAdmin(PlayerDeleteTest.java:83)
	at java.base/jdk.internal.reflect.DirectMethodHandleAccessor.invoke(DirectMethodHandleAccessor.java:104)
	at java.base/java.lang.reflect.Method.invoke(Method.java:577)
	at org.testng.internal.invokers.MethodInvocationHelper.invokeMethod(MethodInvocationHelper.java:139)
	at org.testng.internal.invokers.TestInvoker.invokeMethod(TestInvoker.java:664)
	at org.testng.internal.invokers.TestInvoker.invokeTestMethod(TestInvoker.java:228)
	at org.testng.internal.invokers.MethodRunner.runInSequence(MethodRunner.java:63)
	at org.testng.internal.invokers.TestInvoker$MethodInvocationAgent.invoke(TestInvoker.java:961)
	at org.testng.internal.invokers.TestInvoker.invokeTestMethods(TestInvoker.java:201)
	at org.testng.internal.invokers.TestMethodWorker.invokeTestMethods(TestMethodWorker.java:148)
	at org.testng.internal.invokers.TestMethodWorker.run(TestMethodWorker.java:128)
	at java.base/java.util.concurrent.Executors$RunnableAdapter.call(Executors.java:539)
	at java.base/java.util.concurrent.FutureTask.run(FutureTask.java:264)
	at org.testng.internal.thread.graph.TestNGFutureTask.run(TestNGFutureTask.java:22)
	at java.base/java.util.concurrent.ThreadPoolExecutor.runWorker(ThreadPoolExecutor.java:1136)
	at java.base/java.util.concurrent.ThreadPoolExecutor$Worker.run(ThreadPoolExecutor.java:635)
	at java.base/java.lang.Thread.run(Thread.java:833)
]]></failure>
    <system-out><![CDATA[2025-08-10 20:08:02.642 [TestNG-test-Player Controller Tests-1] INFO  a.PlayerDeleteTest - Cleaning up 4 created players
2025-08-10 20:08:02.642 [TestNG-test-Player Controller Tests-1] INFO  a.c.RestClient - Deleting player with editor: supervisor, playerId: 755770089
2025-08-10 20:08:02.642 [TestNG-test-Player Controller Tests-1] INFO  a.c.RestClient - HTTP DELETE /player/delete/{editor}
Request method:	DELETE
Request URI:	http://3.68.165.45/player/delete/supervisor
Proxy:			<none>
Request params:	<none>
Query params:	<none>
Form params:	<none>
Path params:	editor=supervisor
Headers:		Accept=*/*
				Content-Type=application/json
Cookies:		<none>
Multiparts:		<none>
Body:
{
    "playerId": 755770089
}
2025-08-10 20:08:02.732 [TestNG-test-Player Controller Tests-1] INFO  a.c.RestClient - HTTP DELETE /player/delete/{editor} -> 204 (57 ms)
HTTP/1.1 204 
Date: Sun, 10 Aug 2025 17:08:11 GMT
Keep-Alive: timeout=60
Connection: keep-alive
2025-08-10 20:08:02.732 [TestNG-test-Player Controller Tests-1] INFO  a.PlayerDeleteTest - Cleaned up player with ID: 755770089
2025-08-10 20:08:02.733 [TestNG-test-Player Controller Tests-1] INFO  a.c.RestClient - Deleting player with editor: supervisor, playerId: 755770089
2025-08-10 20:08:02.733 [TestNG-test-Player Controller Tests-1] INFO  a.c.RestClient - HTTP DELETE /player/delete/{editor}
Request method:	DELETE
Request URI:	http://3.68.165.45/player/delete/supervisor
Proxy:			<none>
Request params:	<none>
Query params:	<none>
Form params:	<none>
Path params:	editor=supervisor
Headers:		Accept=*/*
				Content-Type=application/json
Cookies:		<none>
Multiparts:		<none>
Body:
{
    "playerId": 755770089
}
2025-08-10 20:08:02.822 [TestNG-test-Player Controller Tests-1] INFO  a.c.RestClient - HTTP DELETE /player/delete/{editor} -> 403 (59 ms)
HTTP/1.1 403 
Content-Length: 0
Date: Sun, 10 Aug 2025 17:08:11 GMT
Keep-Alive: timeout=60
Connection: keep-alive
2025-08-10 20:08:02.823 [TestNG-test-Player Controller Tests-1] INFO  a.PlayerDeleteTest - Cleaned up player with ID: 755770089
2025-08-10 20:08:02.823 [TestNG-test-Player Controller Tests-1] INFO  a.c.RestClient - Deleting player with editor: supervisor, playerId: 1366602901
2025-08-10 20:08:02.823 [TestNG-test-Player Controller Tests-1] INFO  a.c.RestClient - HTTP DELETE /player/delete/{editor}
Request method:	DELETE
Request URI:	http://3.68.165.45/player/delete/supervisor
Proxy:			<none>
Request params:	<none>
Query params:	<none>
Form params:	<none>
Path params:	editor=supervisor
Headers:		Accept=*/*
				Content-Type=application/json
Cookies:		<none>
Multiparts:		<none>
Body:
{
    "playerId": 1366602901
}
2025-08-10 20:08:02.904 [TestNG-test-Player Controller Tests-1] INFO  a.c.RestClient - HTTP DELETE /player/delete/{editor} -> 204 (61 ms)
HTTP/1.1 204 
Date: Sun, 10 Aug 2025 17:08:11 GMT
Keep-Alive: timeout=60
Connection: keep-alive
2025-08-10 20:08:02.904 [TestNG-test-Player Controller Tests-1] INFO  a.PlayerDeleteTest - Cleaned up player with ID: 1366602901
2025-08-10 20:08:02.906 [TestNG-test-Player Controller Tests-1] INFO  a.c.RestClient - Deleting player with editor: supervisor, playerId: 1366602901
2025-08-10 20:08:02.906 [TestNG-test-Player Controller Tests-1] INFO  a.c.RestClient - HTTP DELETE /player/delete/{editor}
Request method:	DELETE
Request URI:	http://3.68.165.45/player/delete/supervisor
Proxy:			<none>
Request params:	<none>
Query params:	<none>
Form params:	<none>
Path params:	editor=supervisor
Headers:		Accept=*/*
				Content-Type=application/json
Cookies:		<none>
Multiparts:		<none>
Body:
{
    "playerId": 1366602901
}
2025-08-10 20:08:02.983 [TestNG-test-Player Controller Tests-1] INFO  a.c.RestClient - HTTP DELETE /player/delete/{editor} -> 403 (55 ms)
HTTP/1.1 403 
Content-Length: 0
Date: Sun, 10 Aug 2025 17:08:11 GMT
Keep-Alive: timeout=60
Connection: keep-alive
2025-08-10 20:08:02.983 [TestNG-test-Player Controller Tests-1] INFO  a.PlayerDeleteTest - Cleaned up player with ID: 1366602901
2025-08-10 20:08:02.990 [TestNG-test-Player Controller Tests-1] INFO  a.PlayerDeleteTest - Setting up PlayerDeleteTest
2025-08-10 20:08:02.990 [TestNG-test-Player Controller Tests-1] INFO  a.c.RestClient - Initializing RestClient with baseUri=http://3.68.165.45, contentType=application/json
2025-08-10 20:08:02.992 [TestNG-test-Player Controller Tests-1] INFO  a.c.RestClient - Creating player with editor: supervisor, player: Player{age=24, gender='female', login='sterling.balistreri', role='user', screenName='50dbdf75'}
2025-08-10 20:08:02.992 [TestNG-test-Player Controller Tests-1] INFO  a.c.RestClient - HTTP GET /player/create/{editor}
Request method:	GET
Request URI:	http://3.68.165.45/player/create/supervisor?password=w89jfCD24so9ef6&role=user&gender=female&screenName=50dbdf75&login=sterling.balistreri&age=24
Proxy:			<none>
Request params:	<none>
Query params:	password=w89jfCD24so9ef6
				role=user
				gender=female
				screenName=50dbdf75
				login=sterling.balistreri
				age=24
Form params:	<none>
Path params:	editor=supervisor
Headers:		Accept=*/*
				Content-Type=application/json
Cookies:		<none>
Multiparts:		<none>
Body:			<none>
2025-08-10 20:08:03.080 [TestNG-test-Player Controller Tests-1] INFO  a.c.RestClient - HTTP GET /player/create/{editor} -> 200 (61 ms)
HTTP/1.1 200 
Content-Type: application/json
Transfer-Encoding: chunked
Date: Sun, 10 Aug 2025 17:08:11 GMT
Keep-Alive: timeout=60
Connection: keep-alive

{
    "id": 432671341,
    "login": "sterling.balistreri",
    "password": null,
    "screenName": null,
    "gender": null,
    "age": null,
    "role": null
}
2025-08-10 20:08:03.081 [TestNG-test-Player Controller Tests-1] INFO  a.PlayerDeleteTest - Created test player with ID: 432671341
2025-08-10 20:08:03.081 [TestNG-test-Player Controller Tests-1] INFO  a.c.RestClient - Creating player with editor: supervisor, player: Player{age=18, gender='female', login='edyth.boyer', role='admin', screenName='fc23aa2f'}
2025-08-10 20:08:03.081 [TestNG-test-Player Controller Tests-1] INFO  a.c.RestClient - HTTP GET /player/create/{editor}
Request method:	GET
Request URI:	http://3.68.165.45/player/create/supervisor?password=29CJOVla4&role=admin&gender=female&screenName=fc23aa2f&login=edyth.boyer&age=18
Proxy:			<none>
Request params:	<none>
Query params:	password=29CJOVla4
				role=admin
				gender=female
				screenName=fc23aa2f
				login=edyth.boyer
				age=18
Form params:	<none>
Path params:	editor=supervisor
Headers:		Accept=*/*
				Content-Type=application/json
Cookies:		<none>
Multiparts:		<none>
Body:			<none>
2025-08-10 20:08:03.175 [TestNG-test-Player Controller Tests-1] INFO  a.c.RestClient - HTTP GET /player/create/{editor} -> 200 (63 ms)
HTTP/1.1 200 
Content-Type: application/json
Transfer-Encoding: chunked
Date: Sun, 10 Aug 2025 17:08:11 GMT
Keep-Alive: timeout=60
Connection: keep-alive

{
    "id": 701468038,
    "login": "edyth.boyer",
    "password": null,
    "screenName": null,
    "gender": null,
    "age": null,
    "role": null
}
2025-08-10 20:08:03.176 [TestNG-test-Player Controller Tests-1] INFO  a.PlayerDeleteTest - Created admin with ID: 701468038 for deletion test
2025-08-10 20:08:03.188 [TestNG-test-Player Controller Tests-1] INFO  a.PlayerDeleteTest - Testing delete player with admin
2025-08-10 20:08:03.188 [TestNG-test-Player Controller Tests-1] INFO  a.c.RestClient - Deleting player with editor: admin, playerId: 432671341
2025-08-10 20:08:03.189 [TestNG-test-Player Controller Tests-1] INFO  a.c.RestClient - HTTP DELETE /player/delete/{editor}
Request method:	DELETE
Request URI:	http://3.68.165.45/player/delete/admin
Proxy:			<none>
Request params:	<none>
Query params:	<none>
Form params:	<none>
Path params:	editor=admin
Headers:		Accept=*/*
				Content-Type=application/json
Cookies:		<none>
Multiparts:		<none>
Body:
{
    "playerId": 432671341
}
2025-08-10 20:08:03.274 [TestNG-test-Player Controller Tests-1] INFO  a.c.RestClient - HTTP DELETE /player/delete/{editor} -> 204 (60 ms)
HTTP/1.1 204 
Date: Sun, 10 Aug 2025 17:08:11 GMT
Keep-Alive: timeout=60
Connection: keep-alive
2025-08-10 20:08:03.274 [TestNG-test-Player Controller Tests-1] INFO  a.PlayerDeleteTest - Successfully deleted player with admin
2025-08-10 20:08:03.274 [TestNG-test-Player Controller Tests-1] INFO  a.c.RestClient - Getting player with ID: 432671341
2025-08-10 20:08:03.275 [TestNG-test-Player Controller Tests-1] INFO  a.c.RestClient - HTTP POST /player/get
Request method:	POST
Request URI:	http://3.68.165.45/player/get
Proxy:			<none>
Request params:	<none>
Query params:	<none>
Form params:	<none>
Path params:	<none>
Headers:		Accept=*/*
				Content-Type=application/json
Cookies:		<none>
Multiparts:		<none>
Body:
{
    "playerId": 432671341
}
2025-08-10 20:08:03.354 [TestNG-test-Player Controller Tests-1] INFO  a.c.RestClient - HTTP POST /player/get -> 200 (58 ms)
HTTP/1.1 200 
Content-Length: 0
Date: Sun, 10 Aug 2025 17:08:11 GMT
Keep-Alive: timeout=60
Connection: keep-alive
]]></system-out>
  </testcase>
  <testcase name="testDeletePlayerWithBoundaryIds" classname="api.PlayerDeleteTest" time="0.085">
    <failure message="Status code should be 404 when deleting player with very large ID expected [400] but found [403]" type="java.lang.AssertionError"><![CDATA[java.lang.AssertionError: Status code should be 404 when deleting player with very large ID expected [400] but found [403]
	at org.testng.Assert.fail(Assert.java:111)
	at org.testng.Assert.failNotEquals(Assert.java:1578)
	at org.testng.Assert.assertEqualsImpl(Assert.java:150)
	at org.testng.Assert.assertEquals(Assert.java:132)
	at org.testng.Assert.assertEquals(Assert.java:1419)
	at org.testng.Assert.assertEquals(Assert.java:1383)
	at api.PlayerDeleteTest.testDeletePlayerWithBoundaryIds(PlayerDeleteTest.java:171)
	at java.base/jdk.internal.reflect.DirectMethodHandleAccessor.invoke(DirectMethodHandleAccessor.java:104)
	at java.base/java.lang.reflect.Method.invoke(Method.java:577)
	at org.testng.internal.invokers.MethodInvocationHelper.invokeMethod(MethodInvocationHelper.java:139)
	at org.testng.internal.invokers.TestInvoker.invokeMethod(TestInvoker.java:664)
	at org.testng.internal.invokers.TestInvoker.invokeTestMethod(TestInvoker.java:228)
	at org.testng.internal.invokers.MethodRunner.runInSequence(MethodRunner.java:63)
	at org.testng.internal.invokers.TestInvoker$MethodInvocationAgent.invoke(TestInvoker.java:961)
	at org.testng.internal.invokers.TestInvoker.invokeTestMethods(TestInvoker.java:201)
	at org.testng.internal.invokers.TestMethodWorker.invokeTestMethods(TestMethodWorker.java:148)
	at org.testng.internal.invokers.TestMethodWorker.run(TestMethodWorker.java:128)
	at java.base/java.util.concurrent.Executors$RunnableAdapter.call(Executors.java:539)
	at java.base/java.util.concurrent.FutureTask.run(FutureTask.java:264)
	at org.testng.internal.thread.graph.TestNGFutureTask.run(TestNGFutureTask.java:22)
	at java.base/java.util.concurrent.ThreadPoolExecutor.runWorker(ThreadPoolExecutor.java:1136)
	at java.base/java.util.concurrent.ThreadPoolExecutor$Worker.run(ThreadPoolExecutor.java:635)
	at java.base/java.lang.Thread.run(Thread.java:833)
]]></failure>
    <system-out><![CDATA[2025-08-10 20:08:03.365 [TestNG-test-Player Controller Tests-1] INFO  a.PlayerDeleteTest - Cleaning up 4 created players
2025-08-10 20:08:03.365 [TestNG-test-Player Controller Tests-1] INFO  a.c.RestClient - Deleting player with editor: supervisor, playerId: 432671341
2025-08-10 20:08:03.365 [TestNG-test-Player Controller Tests-1] INFO  a.c.RestClient - HTTP DELETE /player/delete/{editor}
Request method:	DELETE
Request URI:	http://3.68.165.45/player/delete/supervisor
Proxy:			<none>
Request params:	<none>
Query params:	<none>
Form params:	<none>
Path params:	editor=supervisor
Headers:		Accept=*/*
				Content-Type=application/json
Cookies:		<none>
Multiparts:		<none>
Body:
{
    "playerId": 432671341
}
2025-08-10 20:08:03.453 [TestNG-test-Player Controller Tests-1] INFO  a.c.RestClient - HTTP DELETE /player/delete/{editor} -> 403 (61 ms)
HTTP/1.1 403 
Content-Length: 0
Date: Sun, 10 Aug 2025 17:08:11 GMT
Keep-Alive: timeout=60
Connection: keep-alive
2025-08-10 20:08:03.453 [TestNG-test-Player Controller Tests-1] INFO  a.PlayerDeleteTest - Cleaned up player with ID: 432671341
2025-08-10 20:08:03.454 [TestNG-test-Player Controller Tests-1] INFO  a.c.RestClient - Deleting player with editor: supervisor, playerId: 432671341
2025-08-10 20:08:03.454 [TestNG-test-Player Controller Tests-1] INFO  a.c.RestClient - HTTP DELETE /player/delete/{editor}
Request method:	DELETE
Request URI:	http://3.68.165.45/player/delete/supervisor
Proxy:			<none>
Request params:	<none>
Query params:	<none>
Form params:	<none>
Path params:	editor=supervisor
Headers:		Accept=*/*
				Content-Type=application/json
Cookies:		<none>
Multiparts:		<none>
Body:
{
    "playerId": 432671341
}
2025-08-10 20:08:03.530 [TestNG-test-Player Controller Tests-1] INFO  a.c.RestClient - HTTP DELETE /player/delete/{editor} -> 403 (56 ms)
HTTP/1.1 403 
Content-Length: 0
Date: Sun, 10 Aug 2025 17:08:11 GMT
Keep-Alive: timeout=60
Connection: keep-alive
2025-08-10 20:08:03.530 [TestNG-test-Player Controller Tests-1] INFO  a.PlayerDeleteTest - Cleaned up player with ID: 432671341
2025-08-10 20:08:03.531 [TestNG-test-Player Controller Tests-1] INFO  a.c.RestClient - Deleting player with editor: supervisor, playerId: 701468038
2025-08-10 20:08:03.531 [TestNG-test-Player Controller Tests-1] INFO  a.c.RestClient - HTTP DELETE /player/delete/{editor}
Request method:	DELETE
Request URI:	http://3.68.165.45/player/delete/supervisor
Proxy:			<none>
Request params:	<none>
Query params:	<none>
Form params:	<none>
Path params:	editor=supervisor
Headers:		Accept=*/*
				Content-Type=application/json
Cookies:		<none>
Multiparts:		<none>
Body:
{
    "playerId": 701468038
}
2025-08-10 20:08:03.612 [TestNG-test-Player Controller Tests-1] INFO  a.c.RestClient - HTTP DELETE /player/delete/{editor} -> 204 (60 ms)
HTTP/1.1 204 
Date: Sun, 10 Aug 2025 17:08:11 GMT
Keep-Alive: timeout=60
Connection: keep-alive
2025-08-10 20:08:03.612 [TestNG-test-Player Controller Tests-1] INFO  a.PlayerDeleteTest - Cleaned up player with ID: 701468038
2025-08-10 20:08:03.613 [TestNG-test-Player Controller Tests-1] INFO  a.c.RestClient - Deleting player with editor: supervisor, playerId: 701468038
2025-08-10 20:08:03.613 [TestNG-test-Player Controller Tests-1] INFO  a.c.RestClient - HTTP DELETE /player/delete/{editor}
Request method:	DELETE
Request URI:	http://3.68.165.45/player/delete/supervisor
Proxy:			<none>
Request params:	<none>
Query params:	<none>
Form params:	<none>
Path params:	editor=supervisor
Headers:		Accept=*/*
				Content-Type=application/json
Cookies:		<none>
Multiparts:		<none>
Body:
{
    "playerId": 701468038
}
2025-08-10 20:08:03.694 [TestNG-test-Player Controller Tests-1] INFO  a.c.RestClient - HTTP DELETE /player/delete/{editor} -> 403 (58 ms)
HTTP/1.1 403 
Content-Length: 0
Date: Sun, 10 Aug 2025 17:08:12 GMT
Keep-Alive: timeout=60
Connection: keep-alive
2025-08-10 20:08:03.694 [TestNG-test-Player Controller Tests-1] INFO  a.PlayerDeleteTest - Cleaned up player with ID: 701468038
2025-08-10 20:08:03.700 [TestNG-test-Player Controller Tests-1] INFO  a.PlayerDeleteTest - Setting up PlayerDeleteTest
2025-08-10 20:08:03.702 [TestNG-test-Player Controller Tests-1] INFO  a.c.RestClient - Initializing RestClient with baseUri=http://3.68.165.45, contentType=application/json
2025-08-10 20:08:03.703 [TestNG-test-Player Controller Tests-1] INFO  a.c.RestClient - Creating player with editor: supervisor, player: Player{age=23, gender='female', login='dion.runolfsdottir', role='user', screenName='d601fa5b'}
2025-08-10 20:08:03.703 [TestNG-test-Player Controller Tests-1] INFO  a.c.RestClient - HTTP GET /player/create/{editor}
Request method:	GET
Request URI:	http://3.68.165.45/player/create/supervisor?password=0ju7i5K52&role=user&gender=female&screenName=d601fa5b&login=dion.runolfsdottir&age=23
Proxy:			<none>
Request params:	<none>
Query params:	password=0ju7i5K52
				role=user
				gender=female
				screenName=d601fa5b
				login=dion.runolfsdottir
				age=23
Form params:	<none>
Path params:	editor=supervisor
Headers:		Accept=*/*
				Content-Type=application/json
Cookies:		<none>
Multiparts:		<none>
Body:			<none>
2025-08-10 20:08:03.788 [TestNG-test-Player Controller Tests-1] INFO  a.c.RestClient - HTTP GET /player/create/{editor} -> 200 (59 ms)
HTTP/1.1 200 
Content-Type: application/json
Transfer-Encoding: chunked
Date: Sun, 10 Aug 2025 17:08:12 GMT
Keep-Alive: timeout=60
Connection: keep-alive

{
    "id": 1352887184,
    "login": "dion.runolfsdottir",
    "password": null,
    "screenName": null,
    "gender": null,
    "age": null,
    "role": null
}
2025-08-10 20:08:03.788 [TestNG-test-Player Controller Tests-1] INFO  a.PlayerDeleteTest - Created test player with ID: 1352887184
2025-08-10 20:08:03.789 [TestNG-test-Player Controller Tests-1] INFO  a.c.RestClient - Creating player with editor: supervisor, player: Player{age=34, gender='male', login='andrea.morissette', role='admin', screenName='209a0554'}
2025-08-10 20:08:03.789 [TestNG-test-Player Controller Tests-1] INFO  a.c.RestClient - HTTP GET /player/create/{editor}
Request method:	GET
Request URI:	http://3.68.165.45/player/create/supervisor?password=0lAxGZ4&role=admin&gender=male&screenName=209a0554&login=andrea.morissette&age=34
Proxy:			<none>
Request params:	<none>
Query params:	password=0lAxGZ4
				role=admin
				gender=male
				screenName=209a0554
				login=andrea.morissette
				age=34
Form params:	<none>
Path params:	editor=supervisor
Headers:		Accept=*/*
				Content-Type=application/json
Cookies:		<none>
Multiparts:		<none>
Body:			<none>
2025-08-10 20:08:03.872 [TestNG-test-Player Controller Tests-1] INFO  a.c.RestClient - HTTP GET /player/create/{editor} -> 200 (58 ms)
HTTP/1.1 200 
Content-Type: application/json
Transfer-Encoding: chunked
Date: Sun, 10 Aug 2025 17:08:12 GMT
Keep-Alive: timeout=60
Connection: keep-alive

{
    "id": 1959383707,
    "login": "andrea.morissette",
    "password": null,
    "screenName": null,
    "gender": null,
    "age": null,
    "role": null
}
2025-08-10 20:08:03.872 [TestNG-test-Player Controller Tests-1] INFO  a.PlayerDeleteTest - Created admin with ID: 1959383707 for deletion test
2025-08-10 20:08:03.887 [TestNG-test-Player Controller Tests-1] INFO  a.PlayerDeleteTest - Testing delete player with boundary ID values
2025-08-10 20:08:03.889 [TestNG-test-Player Controller Tests-1] INFO  a.c.RestClient - Deleting player with editor: supervisor, playerId: 2147483647
2025-08-10 20:08:03.890 [TestNG-test-Player Controller Tests-1] INFO  a.c.RestClient - HTTP DELETE /player/delete/{editor}
Request method:	DELETE
Request URI:	http://3.68.165.45/player/delete/supervisor
Proxy:			<none>
Request params:	<none>
Query params:	<none>
Form params:	<none>
Path params:	editor=supervisor
Headers:		Accept=*/*
				Content-Type=application/json
Cookies:		<none>
Multiparts:		<none>
Body:
{
    "playerId": 2147483647
}
2025-08-10 20:08:03.972 [TestNG-test-Player Controller Tests-1] INFO  a.c.RestClient - HTTP DELETE /player/delete/{editor} -> 403 (62 ms)
HTTP/1.1 403 
Content-Length: 0
Date: Sun, 10 Aug 2025 17:08:12 GMT
Keep-Alive: timeout=60
Connection: keep-alive
]]></system-out>
  </testcase>
  <testcase name="testDeletePlayerWithNonExistentEditor" classname="api.PlayerDeleteTest" time="0.1">
    <failure message="Status code should be 403 when deleting with non-existent editor expected [403] but found [204]" type="java.lang.AssertionError"><![CDATA[java.lang.AssertionError: Status code should be 403 when deleting with non-existent editor expected [403] but found [204]
	at org.testng.Assert.fail(Assert.java:111)
	at org.testng.Assert.failNotEquals(Assert.java:1578)
	at org.testng.Assert.assertEqualsImpl(Assert.java:150)
	at org.testng.Assert.assertEquals(Assert.java:132)
	at org.testng.Assert.assertEquals(Assert.java:1419)
	at org.testng.Assert.assertEquals(Assert.java:1383)
	at api.PlayerDeleteTest.testDeletePlayerWithNonExistentEditor(PlayerDeleteTest.java:112)
	at java.base/jdk.internal.reflect.DirectMethodHandleAccessor.invoke(DirectMethodHandleAccessor.java:104)
	at java.base/java.lang.reflect.Method.invoke(Method.java:577)
	at org.testng.internal.invokers.MethodInvocationHelper.invokeMethod(MethodInvocationHelper.java:139)
	at org.testng.internal.invokers.TestInvoker.invokeMethod(TestInvoker.java:664)
	at org.testng.internal.invokers.TestInvoker.invokeTestMethod(TestInvoker.java:228)
	at org.testng.internal.invokers.MethodRunner.runInSequence(MethodRunner.java:63)
	at org.testng.internal.invokers.TestInvoker$MethodInvocationAgent.invoke(TestInvoker.java:961)
	at org.testng.internal.invokers.TestInvoker.invokeTestMethods(TestInvoker.java:201)
	at org.testng.internal.invokers.TestMethodWorker.invokeTestMethods(TestMethodWorker.java:148)
	at org.testng.internal.invokers.TestMethodWorker.run(TestMethodWorker.java:128)
	at java.base/java.util.concurrent.Executors$RunnableAdapter.call(Executors.java:539)
	at java.base/java.util.concurrent.FutureTask.run(FutureTask.java:264)
	at org.testng.internal.thread.graph.TestNGFutureTask.run(TestNGFutureTask.java:22)
	at java.base/java.util.concurrent.ThreadPoolExecutor.runWorker(ThreadPoolExecutor.java:1136)
	at java.base/java.util.concurrent.ThreadPoolExecutor$Worker.run(ThreadPoolExecutor.java:635)
	at java.base/java.lang.Thread.run(Thread.java:833)
]]></failure>
    <system-out><![CDATA[2025-08-10 20:08:03.983 [TestNG-test-Player Controller Tests-1] INFO  a.PlayerDeleteTest - Cleaning up 4 created players
2025-08-10 20:08:03.983 [TestNG-test-Player Controller Tests-1] INFO  a.c.RestClient - Deleting player with editor: supervisor, playerId: 1352887184
2025-08-10 20:08:03.983 [TestNG-test-Player Controller Tests-1] INFO  a.c.RestClient - HTTP DELETE /player/delete/{editor}
Request method:	DELETE
Request URI:	http://3.68.165.45/player/delete/supervisor
Proxy:			<none>
Request params:	<none>
Query params:	<none>
Form params:	<none>
Path params:	editor=supervisor
Headers:		Accept=*/*
				Content-Type=application/json
Cookies:		<none>
Multiparts:		<none>
Body:
{
    "playerId": 1352887184
}
2025-08-10 20:08:04.071 [TestNG-test-Player Controller Tests-1] INFO  a.c.RestClient - HTTP DELETE /player/delete/{editor} -> 204 (69 ms)
HTTP/1.1 204 
Date: Sun, 10 Aug 2025 17:08:12 GMT
Keep-Alive: timeout=60
Connection: keep-alive
2025-08-10 20:08:04.071 [TestNG-test-Player Controller Tests-1] INFO  a.PlayerDeleteTest - Cleaned up player with ID: 1352887184
2025-08-10 20:08:04.072 [TestNG-test-Player Controller Tests-1] INFO  a.c.RestClient - Deleting player with editor: supervisor, playerId: 1352887184
2025-08-10 20:08:04.072 [TestNG-test-Player Controller Tests-1] INFO  a.c.RestClient - HTTP DELETE /player/delete/{editor}
Request method:	DELETE
Request URI:	http://3.68.165.45/player/delete/supervisor
Proxy:			<none>
Request params:	<none>
Query params:	<none>
Form params:	<none>
Path params:	editor=supervisor
Headers:		Accept=*/*
				Content-Type=application/json
Cookies:		<none>
Multiparts:		<none>
Body:
{
    "playerId": 1352887184
}
2025-08-10 20:08:04.164 [TestNG-test-Player Controller Tests-1] INFO  a.c.RestClient - HTTP DELETE /player/delete/{editor} -> 403 (56 ms)
HTTP/1.1 403 
Content-Length: 0
Date: Sun, 10 Aug 2025 17:08:12 GMT
Keep-Alive: timeout=60
Connection: keep-alive
2025-08-10 20:08:04.165 [TestNG-test-Player Controller Tests-1] INFO  a.PlayerDeleteTest - Cleaned up player with ID: 1352887184
2025-08-10 20:08:04.165 [TestNG-test-Player Controller Tests-1] INFO  a.c.RestClient - Deleting player with editor: supervisor, playerId: 1959383707
2025-08-10 20:08:04.165 [TestNG-test-Player Controller Tests-1] INFO  a.c.RestClient - HTTP DELETE /player/delete/{editor}
Request method:	DELETE
Request URI:	http://3.68.165.45/player/delete/supervisor
Proxy:			<none>
Request params:	<none>
Query params:	<none>
Form params:	<none>
Path params:	editor=supervisor
Headers:		Accept=*/*
				Content-Type=application/json
Cookies:		<none>
Multiparts:		<none>
Body:
{
    "playerId": 1959383707
}
2025-08-10 20:08:04.254 [TestNG-test-Player Controller Tests-1] INFO  a.c.RestClient - HTTP DELETE /player/delete/{editor} -> 204 (57 ms)
HTTP/1.1 204 
Date: Sun, 10 Aug 2025 17:08:12 GMT
Keep-Alive: timeout=60
Connection: keep-alive
2025-08-10 20:08:04.255 [TestNG-test-Player Controller Tests-1] INFO  a.PlayerDeleteTest - Cleaned up player with ID: 1959383707
2025-08-10 20:08:04.255 [TestNG-test-Player Controller Tests-1] INFO  a.c.RestClient - Deleting player with editor: supervisor, playerId: 1959383707
2025-08-10 20:08:04.255 [TestNG-test-Player Controller Tests-1] INFO  a.c.RestClient - HTTP DELETE /player/delete/{editor}
Request method:	DELETE
Request URI:	http://3.68.165.45/player/delete/supervisor
Proxy:			<none>
Request params:	<none>
Query params:	<none>
Form params:	<none>
Path params:	editor=supervisor
Headers:		Accept=*/*
				Content-Type=application/json
Cookies:		<none>
Multiparts:		<none>
Body:
{
    "playerId": 1959383707
}
2025-08-10 20:08:04.344 [TestNG-test-Player Controller Tests-1] INFO  a.c.RestClient - HTTP DELETE /player/delete/{editor} -> 403 (63 ms)
HTTP/1.1 403 
Content-Length: 0
Date: Sun, 10 Aug 2025 17:08:12 GMT
Keep-Alive: timeout=60
Connection: keep-alive
2025-08-10 20:08:04.344 [TestNG-test-Player Controller Tests-1] INFO  a.PlayerDeleteTest - Cleaned up player with ID: 1959383707
2025-08-10 20:08:04.353 [TestNG-test-Player Controller Tests-1] INFO  a.PlayerDeleteTest - Setting up PlayerDeleteTest
2025-08-10 20:08:04.354 [TestNG-test-Player Controller Tests-1] INFO  a.c.RestClient - Initializing RestClient with baseUri=http://3.68.165.45, contentType=application/json
2025-08-10 20:08:04.356 [TestNG-test-Player Controller Tests-1] INFO  a.c.RestClient - Creating player with editor: supervisor, player: Player{age=52, gender='female', login='sang.gleason', role='user', screenName='4a6ddc0a'}
2025-08-10 20:08:04.356 [TestNG-test-Player Controller Tests-1] INFO  a.c.RestClient - HTTP GET /player/create/{editor}
Request method:	GET
Request URI:	http://3.68.165.45/player/create/supervisor?password=rGExR6s03b9l&role=user&gender=female&screenName=4a6ddc0a&login=sang.gleason&age=52
Proxy:			<none>
Request params:	<none>
Query params:	password=rGExR6s03b9l
				role=user
				gender=female
				screenName=4a6ddc0a
				login=sang.gleason
				age=52
Form params:	<none>
Path params:	editor=supervisor
Headers:		Accept=*/*
				Content-Type=application/json
Cookies:		<none>
Multiparts:		<none>
Body:			<none>
2025-08-10 20:08:04.447 [TestNG-test-Player Controller Tests-1] INFO  a.c.RestClient - HTTP GET /player/create/{editor} -> 200 (59 ms)
HTTP/1.1 200 
Content-Type: application/json
Transfer-Encoding: chunked
Date: Sun, 10 Aug 2025 17:08:12 GMT
Keep-Alive: timeout=60
Connection: keep-alive

{
    "id": 1179470317,
    "login": "sang.gleason",
    "password": null,
    "screenName": null,
    "gender": null,
    "age": null,
    "role": null
}
2025-08-10 20:08:04.448 [TestNG-test-Player Controller Tests-1] INFO  a.PlayerDeleteTest - Created test player with ID: 1179470317
2025-08-10 20:08:04.448 [TestNG-test-Player Controller Tests-1] INFO  a.c.RestClient - Creating player with editor: supervisor, player: Player{age=55, gender='male', login='elijah.morar', role='admin', screenName='8e03e18d'}
2025-08-10 20:08:04.449 [TestNG-test-Player Controller Tests-1] INFO  a.c.RestClient - HTTP GET /player/create/{editor}
Request method:	GET
Request URI:	http://3.68.165.45/player/create/supervisor?password=e6klsiw75A4R&role=admin&gender=male&screenName=8e03e18d&login=elijah.morar&age=55
Proxy:			<none>
Request params:	<none>
Query params:	password=e6klsiw75A4R
				role=admin
				gender=male
				screenName=8e03e18d
				login=elijah.morar
				age=55
Form params:	<none>
Path params:	editor=supervisor
Headers:		Accept=*/*
				Content-Type=application/json
Cookies:		<none>
Multiparts:		<none>
Body:			<none>
2025-08-10 20:08:04.565 [TestNG-test-Player Controller Tests-1] INFO  a.c.RestClient - HTTP GET /player/create/{editor} -> 200 (67 ms)
HTTP/1.1 200 
Content-Type: application/json
Transfer-Encoding: chunked
Date: Sun, 10 Aug 2025 17:08:12 GMT
Keep-Alive: timeout=60
Connection: keep-alive

{
    "id": 1679424375,
    "login": "elijah.morar",
    "password": null,
    "screenName": null,
    "gender": null,
    "age": null,
    "role": null
}
2025-08-10 20:08:04.565 [TestNG-test-Player Controller Tests-1] INFO  a.PlayerDeleteTest - Created admin with ID: 1679424375 for deletion test
2025-08-10 20:08:04.584 [TestNG-test-Player Controller Tests-1] INFO  a.PlayerDeleteTest - Testing delete player with non-existent editor
2025-08-10 20:08:04.585 [TestNG-test-Player Controller Tests-1] INFO  a.c.RestClient - Deleting player with editor: nonexistent_editor, playerId: 1179470317
2025-08-10 20:08:04.585 [TestNG-test-Player Controller Tests-1] INFO  a.c.RestClient - HTTP DELETE /player/delete/{editor}
Request method:	DELETE
Request URI:	http://3.68.165.45/player/delete/nonexistent_editor
Proxy:			<none>
Request params:	<none>
Query params:	<none>
Form params:	<none>
Path params:	editor=nonexistent_editor
Headers:		Accept=*/*
				Content-Type=application/json
Cookies:		<none>
Multiparts:		<none>
Body:
{
    "playerId": 1179470317
}
2025-08-10 20:08:04.698 [TestNG-test-Player Controller Tests-1] INFO  a.c.RestClient - HTTP DELETE /player/delete/{editor} -> 204 (70 ms)
HTTP/1.1 204 
Date: Sun, 10 Aug 2025 17:08:12 GMT
Keep-Alive: timeout=60
Connection: keep-alive
]]></system-out>
  </testcase>
  <testcase name="setUp" classname="api.PlayerDeleteTest" time="0.588">
    <failure message="Expected HTTP status code 200, but was 400 expected [200] but found [400]" type="java.lang.AssertionError"><![CDATA[java.lang.AssertionError: Expected HTTP status code 200, but was 400 expected [200] but found [400]
	at org.testng.Assert.fail(Assert.java:111)
	at org.testng.Assert.failNotEquals(Assert.java:1578)
	at org.testng.Assert.assertEqualsImpl(Assert.java:150)
	at org.testng.Assert.assertEquals(Assert.java:132)
	at org.testng.Assert.assertEquals(Assert.java:1419)
	at org.testng.Assert.assertEquals(Assert.java:1383)
	at api.client.ResponseWrapper.expectingStatusCode(ResponseWrapper.java:49)
	at api.PlayerDeleteTest.createAndVerifyPlayer(PlayerDeleteTest.java:185)
	at api.PlayerDeleteTest.setUp(PlayerDeleteTest.java:38)
	at java.base/jdk.internal.reflect.DirectMethodHandleAccessor.invoke(DirectMethodHandleAccessor.java:104)
	at java.base/java.lang.reflect.Method.invoke(Method.java:577)
	at org.testng.internal.invokers.MethodInvocationHelper.invokeMethod(MethodInvocationHelper.java:139)
	at org.testng.internal.invokers.MethodInvocationHelper.invokeMethodConsideringTimeout(MethodInvocationHelper.java:69)
	at org.testng.internal.invokers.ConfigInvoker.invokeConfigurationMethod(ConfigInvoker.java:393)
	at org.testng.internal.invokers.ConfigInvoker.invokeConfigurations(ConfigInvoker.java:326)
	at org.testng.internal.invokers.TestInvoker.runConfigMethods(TestInvoker.java:810)
	at org.testng.internal.invokers.TestInvoker.invokeMethod(TestInvoker.java:578)
	at org.testng.internal.invokers.TestInvoker.invokeTestMethod(TestInvoker.java:228)
	at org.testng.internal.invokers.MethodRunner.runInSequence(MethodRunner.java:63)
	at org.testng.internal.invokers.TestInvoker$MethodInvocationAgent.invoke(TestInvoker.java:961)
	at org.testng.internal.invokers.TestInvoker.invokeTestMethods(TestInvoker.java:201)
	at org.testng.internal.invokers.TestMethodWorker.invokeTestMethods(TestMethodWorker.java:148)
	at org.testng.internal.invokers.TestMethodWorker.run(TestMethodWorker.java:128)
	at java.base/java.util.concurrent.Executors$RunnableAdapter.call(Executors.java:539)
	at java.base/java.util.concurrent.FutureTask.run(FutureTask.java:264)
	at org.testng.internal.thread.graph.TestNGFutureTask.run(TestNGFutureTask.java:22)
	at java.base/java.util.concurrent.ThreadPoolExecutor.runWorker(ThreadPoolExecutor.java:1136)
	at java.base/java.util.concurrent.ThreadPoolExecutor$Worker.run(ThreadPoolExecutor.java:635)
	at java.base/java.lang.Thread.run(Thread.java:833)
]]></failure>
    <system-out><![CDATA[2025-08-10 20:08:04.712 [TestNG-test-Player Controller Tests-1] INFO  a.PlayerDeleteTest - Cleaning up 4 created players
2025-08-10 20:08:04.712 [TestNG-test-Player Controller Tests-1] INFO  a.c.RestClient - Deleting player with editor: supervisor, playerId: 1179470317
2025-08-10 20:08:04.712 [TestNG-test-Player Controller Tests-1] INFO  a.c.RestClient - HTTP DELETE /player/delete/{editor}
Request method:	DELETE
Request URI:	http://3.68.165.45/player/delete/supervisor
Proxy:			<none>
Request params:	<none>
Query params:	<none>
Form params:	<none>
Path params:	editor=supervisor
Headers:		Accept=*/*
				Content-Type=application/json
Cookies:		<none>
Multiparts:		<none>
Body:
{
    "playerId": 1179470317
}
2025-08-10 20:08:04.827 [TestNG-test-Player Controller Tests-1] INFO  a.c.RestClient - HTTP DELETE /player/delete/{editor} -> 403 (73 ms)
HTTP/1.1 403 
Content-Length: 0
Date: Sun, 10 Aug 2025 17:08:13 GMT
Keep-Alive: timeout=60
Connection: keep-alive
2025-08-10 20:08:04.827 [TestNG-test-Player Controller Tests-1] INFO  a.PlayerDeleteTest - Cleaned up player with ID: 1179470317
2025-08-10 20:08:04.829 [TestNG-test-Player Controller Tests-1] INFO  a.c.RestClient - Deleting player with editor: supervisor, playerId: 1179470317
2025-08-10 20:08:04.829 [TestNG-test-Player Controller Tests-1] INFO  a.c.RestClient - HTTP DELETE /player/delete/{editor}
Request method:	DELETE
Request URI:	http://3.68.165.45/player/delete/supervisor
Proxy:			<none>
Request params:	<none>
Query params:	<none>
Form params:	<none>
Path params:	editor=supervisor
Headers:		Accept=*/*
				Content-Type=application/json
Cookies:		<none>
Multiparts:		<none>
Body:
{
    "playerId": 1179470317
}
2025-08-10 20:08:04.918 [TestNG-test-Player Controller Tests-1] INFO  a.c.RestClient - HTTP DELETE /player/delete/{editor} -> 403 (60 ms)
HTTP/1.1 403 
Content-Length: 0
Date: Sun, 10 Aug 2025 17:08:13 GMT
Keep-Alive: timeout=60
Connection: keep-alive
2025-08-10 20:08:04.918 [TestNG-test-Player Controller Tests-1] INFO  a.PlayerDeleteTest - Cleaned up player with ID: 1179470317
2025-08-10 20:08:04.919 [TestNG-test-Player Controller Tests-1] INFO  a.c.RestClient - Deleting player with editor: supervisor, playerId: 1679424375
2025-08-10 20:08:04.919 [TestNG-test-Player Controller Tests-1] INFO  a.c.RestClient - HTTP DELETE /player/delete/{editor}
Request method:	DELETE
Request URI:	http://3.68.165.45/player/delete/supervisor
Proxy:			<none>
Request params:	<none>
Query params:	<none>
Form params:	<none>
Path params:	editor=supervisor
Headers:		Accept=*/*
				Content-Type=application/json
Cookies:		<none>
Multiparts:		<none>
Body:
{
    "playerId": 1679424375
}
2025-08-10 20:08:05.010 [TestNG-test-Player Controller Tests-1] INFO  a.c.RestClient - HTTP DELETE /player/delete/{editor} -> 204 (61 ms)
HTTP/1.1 204 
Date: Sun, 10 Aug 2025 17:08:13 GMT
Keep-Alive: timeout=60
Connection: keep-alive
2025-08-10 20:08:05.011 [TestNG-test-Player Controller Tests-1] INFO  a.PlayerDeleteTest - Cleaned up player with ID: 1679424375
2025-08-10 20:08:05.011 [TestNG-test-Player Controller Tests-1] INFO  a.c.RestClient - Deleting player with editor: supervisor, playerId: 1679424375
2025-08-10 20:08:05.011 [TestNG-test-Player Controller Tests-1] INFO  a.c.RestClient - HTTP DELETE /player/delete/{editor}
Request method:	DELETE
Request URI:	http://3.68.165.45/player/delete/supervisor
Proxy:			<none>
Request params:	<none>
Query params:	<none>
Form params:	<none>
Path params:	editor=supervisor
Headers:		Accept=*/*
				Content-Type=application/json
Cookies:		<none>
Multiparts:		<none>
Body:
{
    "playerId": 1679424375
}
2025-08-10 20:08:05.092 [TestNG-test-Player Controller Tests-1] INFO  a.c.RestClient - HTTP DELETE /player/delete/{editor} -> 403 (58 ms)
HTTP/1.1 403 
Content-Length: 0
Date: Sun, 10 Aug 2025 17:08:13 GMT
Keep-Alive: timeout=60
Connection: keep-alive
2025-08-10 20:08:05.092 [TestNG-test-Player Controller Tests-1] INFO  a.PlayerDeleteTest - Cleaned up player with ID: 1679424375
2025-08-10 20:08:05.100 [TestNG-test-Player Controller Tests-1] INFO  a.PlayerDeleteTest - Setting up PlayerDeleteTest
2025-08-10 20:08:05.100 [TestNG-test-Player Controller Tests-1] INFO  a.c.RestClient - Initializing RestClient with baseUri=http://3.68.165.45, contentType=application/json
2025-08-10 20:08:05.101 [TestNG-test-Player Controller Tests-1] INFO  a.c.RestClient - Creating player with editor: supervisor, player: Player{age=16, gender='female', login='russell.lakin', role='user', screenName='49fd3ce4'}
2025-08-10 20:08:05.101 [TestNG-test-Player Controller Tests-1] INFO  a.c.RestClient - HTTP GET /player/create/{editor}
Request method:	GET
Request URI:	http://3.68.165.45/player/create/supervisor?password=9Cnla1s&role=user&gender=female&screenName=49fd3ce4&login=russell.lakin&age=16
Proxy:			<none>
Request params:	<none>
Query params:	password=9Cnla1s
				role=user
				gender=female
				screenName=49fd3ce4
				login=russell.lakin
				age=16
Form params:	<none>
Path params:	editor=supervisor
Headers:		Accept=*/*
				Content-Type=application/json
Cookies:		<none>
Multiparts:		<none>
Body:			<none>
2025-08-10 20:08:05.185 [TestNG-test-Player Controller Tests-1] INFO  a.c.RestClient - HTTP GET /player/create/{editor} -> 400 (60 ms)
HTTP/1.1 400 
Content-Length: 0
Date: Sun, 10 Aug 2025 17:08:13 GMT
Connection: close
]]></system-out>
  </testcase>
  <testcase name="setUp" classname="api.PlayerDeleteTest" time="0.0">
    <skipped/>
  </testcase>
  <testcase name="setUp" classname="api.PlayerDeleteTest" time="0.0">
    <skipped/>
  </testcase>
  <testcase name="setUp" classname="api.PlayerDeleteTest" time="0.0">
    <skipped/>
  </testcase>
  <testcase name="testDeletePlayerWithSupervisor" classname="api.PlayerDeleteTest" time="0.0">
    <skipped message="Expected HTTP status code 200, but was 400 expected [200] but found [400]"/>
    <system-out><![CDATA[2025-08-10 20:08:05.200 [TestNG-test-Player Controller Tests-3] INFO  a.c.RestClient - HTTP POST /player/get -> 200 (10070 ms)
HTTP/1.1 200 
Content-Type: application/json
Transfer-Encoding: chunked
Date: Sun, 10 Aug 2025 17:08:13 GMT
Keep-Alive: timeout=60
Connection: keep-alive

{
    "id": 2061500654,
    "login": "jesse.hyatt",
    "password": "fBp18Ey8J",
    "screenName": "5b59636e",
    "gender": "female",
    "age": 48,
    "role": "user"
}
2025-08-10 20:08:05.201 [TestNG-test-Player Controller Tests-3] INFO  a.PlayerControllerTest - Iteration 1: Core data consistency verified
2025-08-10 20:08:05.201 [TestNG-test-Player Controller Tests-3] INFO  a.c.RestClient - Updating player with editor: supervisor, playerId: 2061500654, player: Player{age=20, gender='null', login='null', role='null', screenName='null'}
2025-08-10 20:08:05.201 [TestNG-test-Player Controller Tests-3] INFO  a.c.RestClient - HTTP PATCH /player/update/{editor}/{id}
Request method:	PATCH
Request URI:	http://3.68.165.45/player/update/supervisor/2061500654
Proxy:			<none>
Request params:	<none>
Query params:	<none>
Form params:	<none>
Path params:	editor=supervisor
				id=2061500654
Headers:		Accept=*/*
				Content-Type=application/json
Cookies:		<none>
Multiparts:		<none>
Body:
{
    "age": 20
}
]]></system-out>
  </testcase>
  <testcase name="tearDown" classname="api.PlayerDeleteTest" time="0.0">
    <skipped/>
  </testcase>
  <testcase name="tearDown" classname="api.PlayerDeleteTest" time="0.0">
    <skipped/>
  </testcase>
  <testcase name="tearDown" classname="api.PlayerDeleteTest" time="0.0">
    <skipped/>
  </testcase>
  <testcase name="tearDown" classname="api.PlayerDeleteTest" time="0.0">
    <skipped/>
    <system-out><![CDATA[2025-08-10 20:08:05.297 [TestNG-test-Player Controller Tests-3] INFO  a.c.RestClient - HTTP PATCH /player/update/{editor}/{id} -> 200 (66 ms)
2025-08-10 20:08:05.298 [TestNG-test-Player Controller Tests-3] INFO  a.PlayerControllerTest - Iteration 1: Successfully updated player age
2025-08-10 20:08:05.298 [TestNG-test-Player Controller Tests-3] INFO  a.c.RestClient - Getting player with ID: 2061500654
2025-08-10 20:08:05.298 [TestNG-test-Player Controller Tests-3] INFO  a.c.RestClient - HTTP POST /player/get
Request method:	POST
Request URI:	http://3.68.165.45/player/get
Proxy:			<none>
Request params:	<none>
Query params:	<none>
Form params:	<none>
Path params:	<none>
Headers:		Accept=*/*
				Content-Type=application/json
Cookies:		<none>
Multiparts:		<none>
Body:
{
    "playerId": 2061500654
}
]]></system-out>
  </testcase>
  <testcase name="testDeleteSupervisor" classname="api.PlayerDeleteTest" time="0.0">
    <skipped message="Expected HTTP status code 200, but was 400 expected [200] but found [400]"/>
  </testcase>
  <testcase name="testDeleteUserByUser" classname="api.PlayerDeleteTest" time="0.0">
    <skipped message="Expected HTTP status code 200, but was 400 expected [200] but found [400]"/>
  </testcase>
  <testcase name="testUserCannotDeleteAdmin" classname="api.PlayerDeleteTest" time="0.0">
    <skipped message="Expected HTTP status code 200, but was 400 expected [200] but found [400]"/>
  </testcase>
  <testcase name="testGetPlayerAfterCreation" classname="api.PlayerGetTest" time="0.105">
    <failure message="The following asserts failed:&#10;	Age should match expected [47] but found [24],&#10;	Gender should match expected [female] but found [male],&#10;	Login should match expected [dana.pfannerstill] but found [gail.wehner],&#10;	Password should match expected [6591ee1FpI2N8W9] but found [SZi1lC78ywAeMi],&#10;	ScreenName should match expected [c87c109c] but found [91ad93a9]" type="java.lang.AssertionError"><![CDATA[java.lang.AssertionError: 
The following asserts failed:
	Age should match expected [47] but found [24],
	Gender should match expected [female] but found [male],
	Login should match expected [dana.pfannerstill] but found [gail.wehner],
	Password should match expected [6591ee1FpI2N8W9] but found [SZi1lC78ywAeMi],
	ScreenName should match expected [c87c109c] but found [91ad93a9]
	at org.testng.asserts.SoftAssert.assertAll(SoftAssert.java:46)
	at org.testng.asserts.SoftAssert.assertAll(SoftAssert.java:30)
	at api.PlayerGetTest.testGetPlayerAfterCreation(PlayerGetTest.java:108)
	at java.base/jdk.internal.reflect.DirectMethodHandleAccessor.invoke(DirectMethodHandleAccessor.java:104)
	at java.base/java.lang.reflect.Method.invoke(Method.java:577)
	at org.testng.internal.invokers.MethodInvocationHelper.invokeMethod(MethodInvocationHelper.java:139)
	at org.testng.internal.invokers.TestInvoker.invokeMethod(TestInvoker.java:664)
	at org.testng.internal.invokers.TestInvoker.invokeTestMethod(TestInvoker.java:228)
	at org.testng.internal.invokers.MethodRunner.runInSequence(MethodRunner.java:63)
	at org.testng.internal.invokers.TestInvoker$MethodInvocationAgent.invoke(TestInvoker.java:961)
	at org.testng.internal.invokers.TestInvoker.invokeTestMethods(TestInvoker.java:201)
	at org.testng.internal.invokers.TestMethodWorker.invokeTestMethods(TestMethodWorker.java:148)
	at org.testng.internal.invokers.TestMethodWorker.run(TestMethodWorker.java:128)
	at java.base/java.util.concurrent.Executors$RunnableAdapter.call(Executors.java:539)
	at java.base/java.util.concurrent.FutureTask.run(FutureTask.java:264)
	at org.testng.internal.thread.graph.TestNGFutureTask.run(TestNGFutureTask.java:22)
	at java.base/java.util.concurrent.ThreadPoolExecutor.runWorker(ThreadPoolExecutor.java:1136)
	at java.base/java.util.concurrent.ThreadPoolExecutor$Worker.run(ThreadPoolExecutor.java:635)
	at java.base/java.lang.Thread.run(Thread.java:833)
]]></failure>
    <system-out><![CDATA[2025-08-10 20:08:06.105 [TestNG-test-Player Controller Tests-2] INFO  a.PlayerControllerTest - Cleaning up 3 created players
2025-08-10 20:08:06.106 [TestNG-test-Player Controller Tests-2] INFO  a.c.RestClient - Deleting player with editor: supervisor, playerId: 1834400328
2025-08-10 20:08:06.106 [TestNG-test-Player Controller Tests-2] INFO  a.c.RestClient - HTTP DELETE /player/delete/{editor}
Request method:	DELETE
Request URI:	http://3.68.165.45/player/delete/supervisor
Proxy:			<none>
Request params:	<none>
Query params:	<none>
Form params:	<none>
Path params:	editor=supervisor
Headers:		Accept=*/*
				Content-Type=application/json
Cookies:		<none>
Multiparts:		<none>
Body:
{
    "playerId": 1834400328
}
2025-08-10 20:08:06.151 [TestNG-test-Player Controller Tests-3] INFO  a.c.RestClient - HTTP DELETE /player/delete/{editor} -> 204 (63 ms)
HTTP/1.1 204 
Date: Sun, 10 Aug 2025 17:08:14 GMT
Keep-Alive: timeout=60
Connection: keep-alive
2025-08-10 20:08:06.152 [TestNG-test-Player Controller Tests-3] INFO  a.PlayerControllerTest - Cleaned up player with ID: 1957133727
2025-08-10 20:08:06.152 [TestNG-test-Player Controller Tests-3] INFO  a.c.RestClient - Deleting player with editor: supervisor, playerId: 1936633206
2025-08-10 20:08:06.152 [TestNG-test-Player Controller Tests-3] INFO  a.c.RestClient - HTTP DELETE /player/delete/{editor}
Request method:	DELETE
Request URI:	http://3.68.165.45/player/delete/supervisor
Proxy:			<none>
Request params:	<none>
Query params:	<none>
Form params:	<none>
Path params:	editor=supervisor
Headers:		Accept=*/*
				Content-Type=application/json
Cookies:		<none>
Multiparts:		<none>
Body:
{
    "playerId": 1936633206
}
2025-08-10 20:08:06.207 [TestNG-test-Player Controller Tests-2] INFO  a.c.RestClient - HTTP DELETE /player/delete/{editor} -> 403 (64 ms)
HTTP/1.1 403 
Content-Length: 0
Date: Sun, 10 Aug 2025 17:08:14 GMT
Keep-Alive: timeout=60
Connection: keep-alive
2025-08-10 20:08:06.209 [TestNG-test-Player Controller Tests-2] INFO  a.PlayerControllerTest - Cleaned up player with ID: 1834400328
2025-08-10 20:08:06.209 [TestNG-test-Player Controller Tests-2] INFO  a.c.RestClient - Deleting player with editor: supervisor, playerId: 1957133727
2025-08-10 20:08:06.209 [TestNG-test-Player Controller Tests-2] INFO  a.c.RestClient - HTTP DELETE /player/delete/{editor}
Request method:	DELETE
Request URI:	http://3.68.165.45/player/delete/supervisor
Proxy:			<none>
Request params:	<none>
Query params:	<none>
Form params:	<none>
Path params:	editor=supervisor
Headers:		Accept=*/*
				Content-Type=application/json
Cookies:		<none>
Multiparts:		<none>
Body:
{
    "playerId": 1957133727
}
2025-08-10 20:08:06.266 [TestNG-test-Player Controller Tests-3] INFO  a.c.RestClient - HTTP DELETE /player/delete/{editor} -> 204 (59 ms)
HTTP/1.1 204 
Date: Sun, 10 Aug 2025 17:08:14 GMT
Keep-Alive: timeout=60
Connection: keep-alive
2025-08-10 20:08:06.267 [TestNG-test-Player Controller Tests-3] INFO  a.PlayerControllerTest - Cleaned up player with ID: 1936633206
2025-08-10 20:08:06.279 [TestNG-test-Player Controller Tests-3] INFO  a.PlayerGetTest - Setting up PlayerGetTest
2025-08-10 20:08:06.280 [TestNG-test-Player Controller Tests-3] INFO  a.c.RestClient - Initializing RestClient with baseUri=http://3.68.165.45, contentType=application/json
2025-08-10 20:08:06.281 [TestNG-test-Player Controller Tests-3] INFO  a.c.RestClient - Creating player with editor: supervisor, player: Player{age=24, gender='male', login='gail.wehner', role='user', screenName='91ad93a9'}
2025-08-10 20:08:06.282 [TestNG-test-Player Controller Tests-3] INFO  a.c.RestClient - HTTP GET /player/create/{editor}
Request method:	GET
Request URI:	http://3.68.165.45/player/create/supervisor?password=SZi1lC78ywAeMi&role=user&gender=male&screenName=91ad93a9&login=gail.wehner&age=24
Proxy:			<none>
Request params:	<none>
Query params:	password=SZi1lC78ywAeMi
				role=user
				gender=male
				screenName=91ad93a9
				login=gail.wehner
				age=24
Form params:	<none>
Path params:	editor=supervisor
Headers:		Accept=*/*
				Content-Type=application/json
Cookies:		<none>
Multiparts:		<none>
Body:			<none>
2025-08-10 20:08:06.311 [TestNG-test-Player Controller Tests-2] INFO  a.c.RestClient - HTTP DELETE /player/delete/{editor} -> 403 (63 ms)
HTTP/1.1 403 
Content-Length: 0
Date: Sun, 10 Aug 2025 17:08:14 GMT
Keep-Alive: timeout=60
Connection: keep-alive
2025-08-10 20:08:06.312 [TestNG-test-Player Controller Tests-2] INFO  a.PlayerControllerTest - Cleaned up player with ID: 1957133727
2025-08-10 20:08:06.313 [TestNG-test-Player Controller Tests-2] INFO  a.c.RestClient - Deleting player with editor: supervisor, playerId: 1936633206
2025-08-10 20:08:06.313 [TestNG-test-Player Controller Tests-2] INFO  a.c.RestClient - HTTP DELETE /player/delete/{editor}
Request method:	DELETE
Request URI:	http://3.68.165.45/player/delete/supervisor
Proxy:			<none>
Request params:	<none>
Query params:	<none>
Form params:	<none>
Path params:	editor=supervisor
Headers:		Accept=*/*
				Content-Type=application/json
Cookies:		<none>
Multiparts:		<none>
Body:
{
    "playerId": 1936633206
}
2025-08-10 20:08:06.370 [TestNG-test-Player Controller Tests-3] INFO  a.c.RestClient - HTTP GET /player/create/{editor} -> 200 (57 ms)
HTTP/1.1 200 
Content-Type: application/json
Transfer-Encoding: chunked
Date: Sun, 10 Aug 2025 17:08:14 GMT
Keep-Alive: timeout=60
Connection: keep-alive

{
    "id": 1233842975,
    "login": "gail.wehner",
    "password": null,
    "screenName": null,
    "gender": null,
    "age": null,
    "role": null
}
2025-08-10 20:08:06.371 [TestNG-test-Player Controller Tests-3] INFO  a.PlayerGetTest - Created test player with ID: 1233842975
2025-08-10 20:08:06.382 [TestNG-test-Player Controller Tests-3] INFO  a.PlayerGetTest - Testing get player after creation with field verification
2025-08-10 20:08:06.383 [TestNG-test-Player Controller Tests-3] INFO  a.c.RestClient - Getting player with ID: 1233842975
2025-08-10 20:08:06.383 [TestNG-test-Player Controller Tests-3] INFO  a.c.RestClient - HTTP POST /player/get
Request method:	POST
Request URI:	http://3.68.165.45/player/get
Proxy:			<none>
Request params:	<none>
Query params:	<none>
Form params:	<none>
Path params:	<none>
Headers:		Accept=*/*
				Content-Type=application/json
Cookies:		<none>
Multiparts:		<none>
Body:
{
    "playerId": 1233842975
}
2025-08-10 20:08:06.411 [TestNG-test-Player Controller Tests-2] INFO  a.c.RestClient - HTTP DELETE /player/delete/{editor} -> 403 (64 ms)
HTTP/1.1 403 
Content-Length: 0
Date: Sun, 10 Aug 2025 17:08:14 GMT
Keep-Alive: timeout=60
Connection: keep-alive
2025-08-10 20:08:06.411 [TestNG-test-Player Controller Tests-2] INFO  a.PlayerControllerTest - Cleaned up player with ID: 1936633206
2025-08-10 20:08:06.423 [TestNG-test-Player Controller Tests-2] INFO  a.PlayerGetTest - Setting up PlayerGetTest
2025-08-10 20:08:06.423 [TestNG-test-Player Controller Tests-2] INFO  a.c.RestClient - Initializing RestClient with baseUri=http://3.68.165.45, contentType=application/json
2025-08-10 20:08:06.425 [TestNG-test-Player Controller Tests-2] INFO  a.c.RestClient - Creating player with editor: supervisor, player: Player{age=47, gender='female', login='dana.pfannerstill', role='user', screenName='c87c109c'}
2025-08-10 20:08:06.426 [TestNG-test-Player Controller Tests-2] INFO  a.c.RestClient - HTTP GET /player/create/{editor}
Request method:	GET
Request URI:	http://3.68.165.45/player/create/supervisor?password=6591ee1FpI2N8W9&role=user&gender=female&screenName=c87c109c&login=dana.pfannerstill&age=47
Proxy:			<none>
Request params:	<none>
Query params:	password=6591ee1FpI2N8W9
				role=user
				gender=female
				screenName=c87c109c
				login=dana.pfannerstill
				age=47
Form params:	<none>
Path params:	editor=supervisor
Headers:		Accept=*/*
				Content-Type=application/json
Cookies:		<none>
Multiparts:		<none>
Body:			<none>
2025-08-10 20:08:06.475 [TestNG-test-Player Controller Tests-3] INFO  a.c.RestClient - HTTP POST /player/get -> 200 (64 ms)
HTTP/1.1 200 
Content-Type: application/json
Transfer-Encoding: chunked
Date: Sun, 10 Aug 2025 17:08:14 GMT
Keep-Alive: timeout=60
Connection: keep-alive

{
    "id": 1233842975,
    "login": "gail.wehner",
    "password": "SZi1lC78ywAeMi",
    "screenName": "91ad93a9",
    "gender": "male",
    "age": 24,
    "role": "user"
}
]]></system-out>
  </testcase>
  <testcase name="testGetPlayerByNonExistentId" classname="api.PlayerGetTest" time="0.002">
    <failure message="Expected HTTP status code 404, but was 200 expected [404] but found [200]" type="java.lang.AssertionError"><![CDATA[java.lang.AssertionError: Expected HTTP status code 404, but was 200 expected [404] but found [200]
	at org.testng.Assert.fail(Assert.java:111)
	at org.testng.Assert.failNotEquals(Assert.java:1578)
	at org.testng.Assert.assertEqualsImpl(Assert.java:150)
	at org.testng.Assert.assertEquals(Assert.java:132)
	at org.testng.Assert.assertEquals(Assert.java:1419)
	at org.testng.Assert.assertEquals(Assert.java:1383)
	at api.client.ResponseWrapper.expectingStatusCode(ResponseWrapper.java:49)
	at api.PlayerGetTest.testGetPlayerByNonExistentId(PlayerGetTest.java:76)
	at java.base/jdk.internal.reflect.DirectMethodHandleAccessor.invoke(DirectMethodHandleAccessor.java:104)
	at java.base/java.lang.reflect.Method.invoke(Method.java:577)
	at org.testng.internal.invokers.MethodInvocationHelper.invokeMethod(MethodInvocationHelper.java:139)
	at org.testng.internal.invokers.TestInvoker.invokeMethod(TestInvoker.java:664)
	at org.testng.internal.invokers.TestInvoker.invokeTestMethod(TestInvoker.java:228)
	at org.testng.internal.invokers.MethodRunner.runInSequence(MethodRunner.java:63)
	at org.testng.internal.invokers.TestInvoker$MethodInvocationAgent.invoke(TestInvoker.java:961)
	at org.testng.internal.invokers.TestInvoker.invokeTestMethods(TestInvoker.java:201)
	at org.testng.internal.invokers.TestMethodWorker.invokeTestMethods(TestMethodWorker.java:148)
	at org.testng.internal.invokers.TestMethodWorker.run(TestMethodWorker.java:128)
	at java.base/java.util.concurrent.Executors$RunnableAdapter.call(Executors.java:539)
	at java.base/java.util.concurrent.FutureTask.run(FutureTask.java:264)
	at org.testng.internal.thread.graph.TestNGFutureTask.run(TestNGFutureTask.java:22)
	at java.base/java.util.concurrent.ThreadPoolExecutor.runWorker(ThreadPoolExecutor.java:1136)
	at java.base/java.util.concurrent.ThreadPoolExecutor$Worker.run(ThreadPoolExecutor.java:635)
	at java.base/java.lang.Thread.run(Thread.java:833)
]]></failure>
    <system-out><![CDATA[2025-08-10 20:08:06.490 [TestNG-test-Player Controller Tests-3] INFO  a.PlayerGetTest - Cleaning up 0 created players
2025-08-10 20:08:06.501 [TestNG-test-Player Controller Tests-3] INFO  a.PlayerGetTest - Setting up PlayerGetTest
2025-08-10 20:08:06.503 [TestNG-test-Player Controller Tests-3] INFO  a.c.RestClient - Initializing RestClient with baseUri=http://3.68.165.45, contentType=application/json
2025-08-10 20:08:06.504 [TestNG-test-Player Controller Tests-3] INFO  a.c.RestClient - Creating player with editor: supervisor, player: Player{age=20, gender='male', login='gary.langosh', role='user', screenName='acb5978f'}
2025-08-10 20:08:06.504 [TestNG-test-Player Controller Tests-3] INFO  a.c.RestClient - HTTP GET /player/create/{editor}
Request method:	GET
Request URI:	http://3.68.165.45/player/create/supervisor?password=2TdlbN7&role=user&gender=male&screenName=acb5978f&login=gary.langosh&age=20
Proxy:			<none>
Request params:	<none>
Query params:	password=2TdlbN7
				role=user
				gender=male
				screenName=acb5978f
				login=gary.langosh
				age=20
Form params:	<none>
Path params:	editor=supervisor
Headers:		Accept=*/*
				Content-Type=application/json
Cookies:		<none>
Multiparts:		<none>
Body:			<none>
2025-08-10 20:08:06.525 [TestNG-test-Player Controller Tests-2] INFO  a.c.RestClient - HTTP GET /player/create/{editor} -> 200 (63 ms)
HTTP/1.1 200 
Content-Type: application/json
Transfer-Encoding: chunked
Date: Sun, 10 Aug 2025 17:08:14 GMT
Keep-Alive: timeout=60
Connection: keep-alive

{
    "id": 1062572577,
    "login": "dana.pfannerstill",
    "password": null,
    "screenName": null,
    "gender": null,
    "age": null,
    "role": null
}
2025-08-10 20:08:06.525 [TestNG-test-Player Controller Tests-2] INFO  a.PlayerGetTest - Created test player with ID: 1062572577
2025-08-10 20:08:06.541 [TestNG-test-Player Controller Tests-2] INFO  a.PlayerGetTest - Testing get player by non-existent ID
2025-08-10 20:08:06.541 [TestNG-test-Player Controller Tests-2] INFO  a.c.RestClient - Getting player with ID: 999999
2025-08-10 20:08:06.542 [TestNG-test-Player Controller Tests-2] INFO  a.c.RestClient - HTTP POST /player/get
Request method:	POST
Request URI:	http://3.68.165.45/player/get
Proxy:			<none>
Request params:	<none>
Query params:	<none>
Form params:	<none>
Path params:	<none>
Headers:		Accept=*/*
				Content-Type=application/json
Cookies:		<none>
Multiparts:		<none>
Body:
{
    "playerId": 999999
}
2025-08-10 20:08:06.603 [TestNG-test-Player Controller Tests-3] INFO  a.c.RestClient - HTTP GET /player/create/{editor} -> 200 (64 ms)
HTTP/1.1 200 
Content-Type: application/json
Transfer-Encoding: chunked
Date: Sun, 10 Aug 2025 17:08:14 GMT
Keep-Alive: timeout=60
Connection: keep-alive

{
    "id": 750352209,
    "login": "gary.langosh",
    "password": null,
    "screenName": null,
    "gender": null,
    "age": null,
    "role": null
}
2025-08-10 20:08:06.605 [TestNG-test-Player Controller Tests-3] INFO  a.PlayerGetTest - Created test player with ID: 750352209
2025-08-10 20:08:06.627 [TestNG-test-Player Controller Tests-3] INFO  a.PlayerGetTest - Testing get player with boundary ID values
2025-08-10 20:08:06.629 [TestNG-test-Player Controller Tests-3] INFO  a.c.RestClient - Getting player with ID: 1
2025-08-10 20:08:06.629 [TestNG-test-Player Controller Tests-3] INFO  a.c.RestClient - HTTP POST /player/get
2025-08-10 20:08:06.632 [TestNG-test-Player Controller Tests-2] INFO  a.c.RestClient - HTTP POST /player/get -> 200 (57 ms)
Request method:	POST
Request URI:	http://3.68.165.45/player/get
Proxy:			<none>
Request params:	<none>
Query params:	<none>
Form params:	<none>
Path params:	<none>
Headers:		Accept=*/*
				Content-Type=application/json
Cookies:		<none>
Multiparts:		<none>
Body:
{
    "playerId": 1
}
HTTP/1.1 200 
Content-Length: 0
Date: Sun, 10 Aug 2025 17:08:14 GMT
Keep-Alive: timeout=60
Connection: keep-alive
]]></system-out>
  </testcase>
  <testcase name="testGetAllPlayers" classname="api.PlayerGetTest" time="0.355">
    <system-out><![CDATA[2025-08-10 20:08:06.651 [TestNG-test-Player Controller Tests-2] INFO  a.PlayerGetTest - Cleaning up 4 created players
2025-08-10 20:08:06.651 [TestNG-test-Player Controller Tests-2] INFO  a.c.RestClient - Deleting player with editor: supervisor, playerId: 1062572577
2025-08-10 20:08:06.651 [TestNG-test-Player Controller Tests-2] INFO  a.c.RestClient - HTTP DELETE /player/delete/{editor}
Request method:	DELETE
Request URI:	http://3.68.165.45/player/delete/supervisor
Proxy:			<none>
Request params:	<none>
Query params:	<none>
Form params:	<none>
Path params:	editor=supervisor
Headers:		Accept=*/*
				Content-Type=application/json
Cookies:		<none>
Multiparts:		<none>
Body:
{
    "playerId": 1062572577
}
2025-08-10 20:08:06.752 [TestNG-test-Player Controller Tests-2] INFO  a.c.RestClient - HTTP DELETE /player/delete/{editor} -> 204 (66 ms)
HTTP/1.1 204 
Date: Sun, 10 Aug 2025 17:08:14 GMT
Keep-Alive: timeout=60
Connection: keep-alive
2025-08-10 20:08:06.753 [TestNG-test-Player Controller Tests-2] INFO  a.PlayerGetTest - Cleaned up player with ID: 1062572577
2025-08-10 20:08:06.753 [TestNG-test-Player Controller Tests-2] INFO  a.c.RestClient - Deleting player with editor: supervisor, playerId: 1062572577
2025-08-10 20:08:06.754 [TestNG-test-Player Controller Tests-2] INFO  a.c.RestClient - HTTP DELETE /player/delete/{editor}
Request method:	DELETE
Request URI:	http://3.68.165.45/player/delete/supervisor
Proxy:			<none>
Request params:	<none>
Query params:	<none>
Form params:	<none>
Path params:	editor=supervisor
Headers:		Accept=*/*
				Content-Type=application/json
Cookies:		<none>
Multiparts:		<none>
Body:
{
    "playerId": 1062572577
}
2025-08-10 20:08:06.851 [TestNG-test-Player Controller Tests-2] INFO  a.c.RestClient - HTTP DELETE /player/delete/{editor} -> 403 (63 ms)
HTTP/1.1 403 
Content-Length: 0
Date: Sun, 10 Aug 2025 17:08:15 GMT
Keep-Alive: timeout=60
Connection: keep-alive
2025-08-10 20:08:06.851 [TestNG-test-Player Controller Tests-2] INFO  a.PlayerGetTest - Cleaned up player with ID: 1062572577
2025-08-10 20:08:06.852 [TestNG-test-Player Controller Tests-2] INFO  a.c.RestClient - Deleting player with editor: supervisor, playerId: 750352209
2025-08-10 20:08:06.853 [TestNG-test-Player Controller Tests-2] INFO  a.c.RestClient - HTTP DELETE /player/delete/{editor}
Request method:	DELETE
Request URI:	http://3.68.165.45/player/delete/supervisor
Proxy:			<none>
Request params:	<none>
Query params:	<none>
Form params:	<none>
Path params:	editor=supervisor
Headers:		Accept=*/*
				Content-Type=application/json
Cookies:		<none>
Multiparts:		<none>
Body:
{
    "playerId": 750352209
}
2025-08-10 20:08:06.952 [TestNG-test-Player Controller Tests-2] INFO  a.c.RestClient - HTTP DELETE /player/delete/{editor} -> 204 (61 ms)
HTTP/1.1 204 
Date: Sun, 10 Aug 2025 17:08:15 GMT
Keep-Alive: timeout=60
Connection: keep-alive
2025-08-10 20:08:06.952 [TestNG-test-Player Controller Tests-2] INFO  a.PlayerGetTest - Cleaned up player with ID: 750352209
2025-08-10 20:08:06.954 [TestNG-test-Player Controller Tests-2] INFO  a.c.RestClient - Deleting player with editor: supervisor, playerId: 750352209
2025-08-10 20:08:06.954 [TestNG-test-Player Controller Tests-2] INFO  a.c.RestClient - HTTP DELETE /player/delete/{editor}
Request method:	DELETE
Request URI:	http://3.68.165.45/player/delete/supervisor
Proxy:			<none>
Request params:	<none>
Query params:	<none>
Form params:	<none>
Path params:	editor=supervisor
Headers:		Accept=*/*
				Content-Type=application/json
Cookies:		<none>
Multiparts:		<none>
Body:
{
    "playerId": 750352209
}
2025-08-10 20:08:07.003 [TestNG-test-Player Controller Tests-1] INFO  a.PlayerGetTest - Successfully retrieved all players and validated schema
]]></system-out>
  </testcase>
  <testcase name="testGetPlayerWithNullId" classname="api.PlayerGetTest" time="0.087">
    <failure message="Expected HTTP status code 400, but was 200 expected [400] but found [200]" type="java.lang.AssertionError"><![CDATA[java.lang.AssertionError: Expected HTTP status code 400, but was 200 expected [400] but found [200]
	at org.testng.Assert.fail(Assert.java:111)
	at org.testng.Assert.failNotEquals(Assert.java:1578)
	at org.testng.Assert.assertEqualsImpl(Assert.java:150)
	at org.testng.Assert.assertEquals(Assert.java:132)
	at org.testng.Assert.assertEquals(Assert.java:1419)
	at org.testng.Assert.assertEquals(Assert.java:1383)
	at api.client.ResponseWrapper.expectingStatusCode(ResponseWrapper.java:49)
	at api.PlayerGetTest.testGetPlayerWithNullId(PlayerGetTest.java:86)
	at java.base/jdk.internal.reflect.DirectMethodHandleAccessor.invoke(DirectMethodHandleAccessor.java:104)
	at java.base/java.lang.reflect.Method.invoke(Method.java:577)
	at org.testng.internal.invokers.MethodInvocationHelper.invokeMethod(MethodInvocationHelper.java:139)
	at org.testng.internal.invokers.TestInvoker.invokeMethod(TestInvoker.java:664)
	at org.testng.internal.invokers.TestInvoker.invokeTestMethod(TestInvoker.java:228)
	at org.testng.internal.invokers.MethodRunner.runInSequence(MethodRunner.java:63)
	at org.testng.internal.invokers.TestInvoker$MethodInvocationAgent.invoke(TestInvoker.java:961)
	at org.testng.internal.invokers.TestInvoker.invokeTestMethods(TestInvoker.java:201)
	at org.testng.internal.invokers.TestMethodWorker.invokeTestMethods(TestMethodWorker.java:148)
	at org.testng.internal.invokers.TestMethodWorker.run(TestMethodWorker.java:128)
	at java.base/java.util.concurrent.Executors$RunnableAdapter.call(Executors.java:539)
	at java.base/java.util.concurrent.FutureTask.run(FutureTask.java:264)
	at org.testng.internal.thread.graph.TestNGFutureTask.run(TestNGFutureTask.java:22)
	at java.base/java.util.concurrent.ThreadPoolExecutor.runWorker(ThreadPoolExecutor.java:1136)
	at java.base/java.util.concurrent.ThreadPoolExecutor$Worker.run(ThreadPoolExecutor.java:635)
	at java.base/java.lang.Thread.run(Thread.java:833)
]]></failure>
    <system-out><![CDATA[2025-08-10 20:08:07.017 [TestNG-test-Player Controller Tests-1] INFO  a.PlayerGetTest - Cleaning up 4 created players
2025-08-10 20:08:07.019 [TestNG-test-Player Controller Tests-1] INFO  a.c.RestClient - Deleting player with editor: supervisor, playerId: 1062572577
2025-08-10 20:08:07.020 [TestNG-test-Player Controller Tests-1] INFO  a.c.RestClient - HTTP DELETE /player/delete/{editor}
Request method:	DELETE
Request URI:	http://3.68.165.45/player/delete/supervisor
Proxy:			<none>
Request params:	<none>
Query params:	<none>
Form params:	<none>
Path params:	editor=supervisor
Headers:		Accept=*/*
				Content-Type=application/json
Cookies:		<none>
Multiparts:		<none>
Body:
{
    "playerId": 1062572577
}
2025-08-10 20:08:07.055 [TestNG-test-Player Controller Tests-2] INFO  a.c.RestClient - HTTP DELETE /player/delete/{editor} -> 403 (58 ms)
HTTP/1.1 403 
Content-Length: 0
Date: Sun, 10 Aug 2025 17:08:15 GMT
Keep-Alive: timeout=60
Connection: keep-alive
2025-08-10 20:08:07.055 [TestNG-test-Player Controller Tests-2] INFO  a.PlayerGetTest - Cleaned up player with ID: 750352209
2025-08-10 20:08:07.068 [TestNG-test-Player Controller Tests-2] INFO  a.PlayerGetTest - Setting up PlayerGetTest
2025-08-10 20:08:07.070 [TestNG-test-Player Controller Tests-2] INFO  a.c.RestClient - Initializing RestClient with baseUri=http://3.68.165.45, contentType=application/json
2025-08-10 20:08:07.071 [TestNG-test-Player Controller Tests-2] INFO  a.c.RestClient - Creating player with editor: supervisor, player: Player{age=43, gender='male', login='young.treutel', role='user', screenName='e6bda60f'}
2025-08-10 20:08:07.071 [TestNG-test-Player Controller Tests-2] INFO  a.c.RestClient - HTTP GET /player/create/{editor}
Request method:	GET
Request URI:	http://3.68.165.45/player/create/supervisor?password=BZE0QEG8V&role=user&gender=male&screenName=e6bda60f&login=young.treutel&age=43
Proxy:			<none>
Request params:	<none>
Query params:	password=BZE0QEG8V
				role=user
				gender=male
				screenName=e6bda60f
				login=young.treutel
				age=43
Form params:	<none>
Path params:	editor=supervisor
Headers:		Accept=*/*
				Content-Type=application/json
Cookies:		<none>
Multiparts:		<none>
Body:			<none>
2025-08-10 20:08:07.124 [TestNG-test-Player Controller Tests-1] INFO  a.c.RestClient - HTTP DELETE /player/delete/{editor} -> 403 (64 ms)
HTTP/1.1 403 
Content-Length: 0
Date: Sun, 10 Aug 2025 17:08:15 GMT
Keep-Alive: timeout=60
Connection: keep-alive
2025-08-10 20:08:07.124 [TestNG-test-Player Controller Tests-1] INFO  a.PlayerGetTest - Cleaned up player with ID: 1062572577
2025-08-10 20:08:07.125 [TestNG-test-Player Controller Tests-1] INFO  a.c.RestClient - Deleting player with editor: supervisor, playerId: 1062572577
2025-08-10 20:08:07.125 [TestNG-test-Player Controller Tests-1] INFO  a.c.RestClient - HTTP DELETE /player/delete/{editor}
Request method:	DELETE
Request URI:	http://3.68.165.45/player/delete/supervisor
Proxy:			<none>
Request params:	<none>
Query params:	<none>
Form params:	<none>
Path params:	editor=supervisor
Headers:		Accept=*/*
				Content-Type=application/json
Cookies:		<none>
Multiparts:		<none>
Body:
{
    "playerId": 1062572577
}
2025-08-10 20:08:07.160 [TestNG-test-Player Controller Tests-2] INFO  a.c.RestClient - HTTP GET /player/create/{editor} -> 200 (60 ms)
HTTP/1.1 200 
Content-Type: application/json
Transfer-Encoding: chunked
Date: Sun, 10 Aug 2025 17:08:15 GMT
Keep-Alive: timeout=60
Connection: keep-alive

{
    "id": 1699055164,
    "login": "young.treutel",
    "password": null,
    "screenName": null,
    "gender": null,
    "age": null,
    "role": null
}
2025-08-10 20:08:07.161 [TestNG-test-Player Controller Tests-2] INFO  a.PlayerGetTest - Created test player with ID: 1699055164
2025-08-10 20:08:07.169 [TestNG-test-Player Controller Tests-2] INFO  a.PlayerGetTest - Testing get player with null playerId
2025-08-10 20:08:07.170 [TestNG-test-Player Controller Tests-2] INFO  a.c.RestClient - Getting player with ID: null
2025-08-10 20:08:07.170 [TestNG-test-Player Controller Tests-2] INFO  a.c.RestClient - HTTP POST /player/get
Request method:	POST
Request URI:	http://3.68.165.45/player/get
Proxy:			<none>
Request params:	<none>
Query params:	<none>
Form params:	<none>
Path params:	<none>
Headers:		Accept=*/*
				Content-Type=application/json
Cookies:		<none>
Multiparts:		<none>
Body:
{
    "playerId": null
}
2025-08-10 20:08:07.217 [TestNG-test-Player Controller Tests-1] INFO  a.c.RestClient - HTTP DELETE /player/delete/{editor} -> 403 (60 ms)
HTTP/1.1 403 
Content-Length: 0
Date: Sun, 10 Aug 2025 17:08:15 GMT
Keep-Alive: timeout=60
Connection: keep-alive
2025-08-10 20:08:07.217 [TestNG-test-Player Controller Tests-1] INFO  a.PlayerGetTest - Cleaned up player with ID: 1062572577
2025-08-10 20:08:07.218 [TestNG-test-Player Controller Tests-1] INFO  a.c.RestClient - Deleting player with editor: supervisor, playerId: 750352209
2025-08-10 20:08:07.218 [TestNG-test-Player Controller Tests-1] INFO  a.c.RestClient - HTTP DELETE /player/delete/{editor}
Request method:	DELETE
Request URI:	http://3.68.165.45/player/delete/supervisor
Proxy:			<none>
Request params:	<none>
Query params:	<none>
Form params:	<none>
Path params:	editor=supervisor
Headers:		Accept=*/*
				Content-Type=application/json
Cookies:		<none>
Multiparts:		<none>
Body:
{
    "playerId": 750352209
}
2025-08-10 20:08:07.255 [TestNG-test-Player Controller Tests-2] INFO  a.c.RestClient - HTTP POST /player/get -> 200 (62 ms)
HTTP/1.1 200 
Content-Length: 0
Date: Sun, 10 Aug 2025 17:08:15 GMT
Keep-Alive: timeout=60
Connection: keep-alive
]]></system-out>
  </testcase>
  <testcase name="testGetPlayerWithBoundaryIds" classname="api.PlayerGetTest" time="8.683">
    <failure message="Expected HTTP status code 400, but was 200 expected [400] but found [200]" type="java.lang.AssertionError"><![CDATA[java.lang.AssertionError: Expected HTTP status code 400, but was 200 expected [400] but found [200]
	at org.testng.Assert.fail(Assert.java:111)
	at org.testng.Assert.failNotEquals(Assert.java:1578)
	at org.testng.Assert.assertEqualsImpl(Assert.java:150)
	at org.testng.Assert.assertEquals(Assert.java:132)
	at org.testng.Assert.assertEquals(Assert.java:1419)
	at org.testng.Assert.assertEquals(Assert.java:1383)
	at api.client.ResponseWrapper.expectingStatusCode(ResponseWrapper.java:49)
	at api.PlayerGetTest.testGetPlayerWithBoundaryIds(PlayerGetTest.java:129)
	at java.base/jdk.internal.reflect.DirectMethodHandleAccessor.invoke(DirectMethodHandleAccessor.java:104)
	at java.base/java.lang.reflect.Method.invoke(Method.java:577)
	at org.testng.internal.invokers.MethodInvocationHelper.invokeMethod(MethodInvocationHelper.java:139)
	at org.testng.internal.invokers.TestInvoker.invokeMethod(TestInvoker.java:664)
	at org.testng.internal.invokers.TestInvoker.invokeTestMethod(TestInvoker.java:228)
	at org.testng.internal.invokers.MethodRunner.runInSequence(MethodRunner.java:63)
	at org.testng.internal.invokers.TestInvoker$MethodInvocationAgent.invoke(TestInvoker.java:961)
	at org.testng.internal.invokers.TestInvoker.invokeTestMethods(TestInvoker.java:201)
	at org.testng.internal.invokers.TestMethodWorker.invokeTestMethods(TestMethodWorker.java:148)
	at org.testng.internal.invokers.TestMethodWorker.run(TestMethodWorker.java:128)
	at java.base/java.util.concurrent.Executors$RunnableAdapter.call(Executors.java:539)
	at java.base/java.util.concurrent.FutureTask.run(FutureTask.java:264)
	at org.testng.internal.thread.graph.TestNGFutureTask.run(TestNGFutureTask.java:22)
	at java.base/java.util.concurrent.ThreadPoolExecutor.runWorker(ThreadPoolExecutor.java:1136)
	at java.base/java.util.concurrent.ThreadPoolExecutor$Worker.run(ThreadPoolExecutor.java:635)
	at java.base/java.lang.Thread.run(Thread.java:833)
]]></failure>
    <system-out><![CDATA[2025-08-10 20:08:07.660 [TestNG-test-Player Controller Tests-2] INFO  a.PlayerUpdateTest - Cleaning up 4 created players
2025-08-10 20:08:07.661 [TestNG-test-Player Controller Tests-2] INFO  a.c.RestClient - Deleting player with editor: supervisor, playerId: 557832627
2025-08-10 20:08:07.661 [TestNG-test-Player Controller Tests-2] INFO  a.c.RestClient - HTTP DELETE /player/delete/{editor}
Request method:	DELETE
Request URI:	http://3.68.165.45/player/delete/supervisor
Proxy:			<none>
Request params:	<none>
Query params:	<none>
Form params:	<none>
Path params:	editor=supervisor
Headers:		Accept=*/*
				Content-Type=application/json
Cookies:		<none>
Multiparts:		<none>
Body:
{
    "playerId": 557832627
}
2025-08-10 20:08:07.684 [TestNG-test-Player Controller Tests-1] INFO  a.c.RestClient - HTTP DELETE /player/delete/{editor} -> 204 (61 ms)
HTTP/1.1 204 
Date: Sun, 10 Aug 2025 17:08:15 GMT
Keep-Alive: timeout=60
Connection: keep-alive
2025-08-10 20:08:07.684 [TestNG-test-Player Controller Tests-1] INFO  a.PlayerUpdateTest - Cleaned up player with ID: 557832627
2025-08-10 20:08:07.685 [TestNG-test-Player Controller Tests-1] INFO  a.c.RestClient - Deleting player with editor: supervisor, playerId: 557832627
2025-08-10 20:08:07.685 [TestNG-test-Player Controller Tests-1] INFO  a.c.RestClient - HTTP DELETE /player/delete/{editor}
Request method:	DELETE
Request URI:	http://3.68.165.45/player/delete/supervisor
Proxy:			<none>
Request params:	<none>
Query params:	<none>
Form params:	<none>
Path params:	editor=supervisor
Headers:		Accept=*/*
				Content-Type=application/json
Cookies:		<none>
Multiparts:		<none>
Body:
{
    "playerId": 557832627
}
2025-08-10 20:08:07.749 [TestNG-test-Player Controller Tests-2] INFO  a.c.RestClient - HTTP DELETE /player/delete/{editor} -> 403 (62 ms)
HTTP/1.1 403 
Content-Length: 0
Date: Sun, 10 Aug 2025 17:08:15 GMT
Keep-Alive: timeout=60
Connection: keep-alive
2025-08-10 20:08:07.750 [TestNG-test-Player Controller Tests-2] INFO  a.PlayerUpdateTest - Cleaned up player with ID: 557832627
2025-08-10 20:08:07.750 [TestNG-test-Player Controller Tests-2] INFO  a.c.RestClient - Deleting player with editor: supervisor, playerId: 557832627
2025-08-10 20:08:07.750 [TestNG-test-Player Controller Tests-2] INFO  a.c.RestClient - HTTP DELETE /player/delete/{editor}
Request method:	DELETE
Request URI:	http://3.68.165.45/player/delete/supervisor
Proxy:			<none>
Request params:	<none>
Query params:	<none>
Form params:	<none>
Path params:	editor=supervisor
Headers:		Accept=*/*
				Content-Type=application/json
Cookies:		<none>
Multiparts:		<none>
Body:
{
    "playerId": 557832627
}
2025-08-10 20:08:07.775 [TestNG-test-Player Controller Tests-1] INFO  a.c.RestClient - HTTP DELETE /player/delete/{editor} -> 403 (60 ms)
HTTP/1.1 403 
Content-Length: 0
Date: Sun, 10 Aug 2025 17:08:15 GMT
Keep-Alive: timeout=60
Connection: keep-alive
2025-08-10 20:08:07.777 [TestNG-test-Player Controller Tests-1] INFO  a.PlayerUpdateTest - Cleaned up player with ID: 557832627
2025-08-10 20:08:07.777 [TestNG-test-Player Controller Tests-1] INFO  a.c.RestClient - Deleting player with editor: supervisor, playerId: 1994365741
2025-08-10 20:08:07.778 [TestNG-test-Player Controller Tests-1] INFO  a.c.RestClient - HTTP DELETE /player/delete/{editor}
Request method:	DELETE
Request URI:	http://3.68.165.45/player/delete/supervisor
Proxy:			<none>
Request params:	<none>
Query params:	<none>
Form params:	<none>
Path params:	editor=supervisor
Headers:		Accept=*/*
				Content-Type=application/json
Cookies:		<none>
Multiparts:		<none>
Body:
{
    "playerId": 1994365741
}
2025-08-10 20:08:07.835 [TestNG-test-Player Controller Tests-2] INFO  a.c.RestClient - HTTP DELETE /player/delete/{editor} -> 403 (62 ms)
HTTP/1.1 403 
Content-Length: 0
Date: Sun, 10 Aug 2025 17:08:15 GMT
Keep-Alive: timeout=60
Connection: keep-alive
2025-08-10 20:08:07.836 [TestNG-test-Player Controller Tests-2] INFO  a.PlayerUpdateTest - Cleaned up player with ID: 557832627
2025-08-10 20:08:07.836 [TestNG-test-Player Controller Tests-2] INFO  a.c.RestClient - Deleting player with editor: supervisor, playerId: 1994365741
2025-08-10 20:08:07.836 [TestNG-test-Player Controller Tests-2] INFO  a.c.RestClient - HTTP DELETE /player/delete/{editor}
Request method:	DELETE
Request URI:	http://3.68.165.45/player/delete/supervisor
Proxy:			<none>
Request params:	<none>
Query params:	<none>
Form params:	<none>
Path params:	editor=supervisor
Headers:		Accept=*/*
				Content-Type=application/json
Cookies:		<none>
Multiparts:		<none>
Body:
{
    "playerId": 1994365741
}
2025-08-10 20:08:07.868 [TestNG-test-Player Controller Tests-1] INFO  a.c.RestClient - HTTP DELETE /player/delete/{editor} -> 204 (59 ms)
HTTP/1.1 204 
Date: Sun, 10 Aug 2025 17:08:16 GMT
Keep-Alive: timeout=60
Connection: keep-alive
2025-08-10 20:08:07.868 [TestNG-test-Player Controller Tests-1] INFO  a.PlayerUpdateTest - Cleaned up player with ID: 1994365741
2025-08-10 20:08:07.869 [TestNG-test-Player Controller Tests-1] INFO  a.c.RestClient - Deleting player with editor: supervisor, playerId: 1994365741
2025-08-10 20:08:07.869 [TestNG-test-Player Controller Tests-1] INFO  a.c.RestClient - HTTP DELETE /player/delete/{editor}
Request method:	DELETE
Request URI:	http://3.68.165.45/player/delete/supervisor
Proxy:			<none>
Request params:	<none>
Query params:	<none>
Form params:	<none>
Path params:	editor=supervisor
Headers:		Accept=*/*
				Content-Type=application/json
Cookies:		<none>
Multiparts:		<none>
Body:
{
    "playerId": 1994365741
}
2025-08-10 20:08:07.918 [TestNG-test-Player Controller Tests-2] INFO  a.c.RestClient - HTTP DELETE /player/delete/{editor} -> 403 (60 ms)
HTTP/1.1 403 
Content-Length: 0
Date: Sun, 10 Aug 2025 17:08:16 GMT
Keep-Alive: timeout=60
Connection: keep-alive
2025-08-10 20:08:07.918 [TestNG-test-Player Controller Tests-2] INFO  a.PlayerUpdateTest - Cleaned up player with ID: 1994365741
2025-08-10 20:08:07.918 [TestNG-test-Player Controller Tests-2] INFO  a.c.RestClient - Deleting player with editor: supervisor, playerId: 1994365741
2025-08-10 20:08:07.918 [TestNG-test-Player Controller Tests-2] INFO  a.c.RestClient - HTTP DELETE /player/delete/{editor}
Request method:	DELETE
Request URI:	http://3.68.165.45/player/delete/supervisor
Proxy:			<none>
Request params:	<none>
Query params:	<none>
Form params:	<none>
Path params:	editor=supervisor
Headers:		Accept=*/*
				Content-Type=application/json
Cookies:		<none>
Multiparts:		<none>
Body:
{
    "playerId": 1994365741
}
2025-08-10 20:08:07.959 [TestNG-test-Player Controller Tests-1] INFO  a.c.RestClient - HTTP DELETE /player/delete/{editor} -> 403 (62 ms)
HTTP/1.1 403 
Content-Length: 0
Date: Sun, 10 Aug 2025 17:08:16 GMT
Keep-Alive: timeout=60
Connection: keep-alive
2025-08-10 20:08:07.959 [TestNG-test-Player Controller Tests-1] INFO  a.PlayerUpdateTest - Cleaned up player with ID: 1994365741
2025-08-10 20:08:07.968 [TestNG-test-Player Controller Tests-1] INFO  a.PlayerUpdateTest - Setting up PlayerUpdateTest
2025-08-10 20:08:07.968 [TestNG-test-Player Controller Tests-1] INFO  a.c.RestClient - Initializing RestClient with baseUri=http://3.68.165.45, contentType=application/json
2025-08-10 20:08:07.969 [TestNG-test-Player Controller Tests-1] INFO  a.c.RestClient - Creating player with editor: supervisor, player: Player{age=30, gender='female', login='olin.stracke', role='user', screenName='1739a93b'}
2025-08-10 20:08:07.969 [TestNG-test-Player Controller Tests-1] INFO  a.c.RestClient - HTTP GET /player/create/{editor}
Request method:	GET
Request URI:	http://3.68.165.45/player/create/supervisor?password=M0SdSjl9p8&role=user&gender=female&screenName=1739a93b&login=olin.stracke&age=30
Proxy:			<none>
Request params:	<none>
Query params:	password=M0SdSjl9p8
				role=user
				gender=female
				screenName=1739a93b
				login=olin.stracke
				age=30
Form params:	<none>
Path params:	editor=supervisor
Headers:		Accept=*/*
				Content-Type=application/json
Cookies:		<none>
Multiparts:		<none>
Body:			<none>
2025-08-10 20:08:07.996 [TestNG-test-Player Controller Tests-2] INFO  a.c.RestClient - HTTP DELETE /player/delete/{editor} -> 403 (60 ms)
HTTP/1.1 403 
Content-Length: 0
Date: Sun, 10 Aug 2025 17:08:16 GMT
Keep-Alive: timeout=60
Connection: keep-alive
2025-08-10 20:08:07.996 [TestNG-test-Player Controller Tests-2] INFO  a.PlayerUpdateTest - Cleaned up player with ID: 1994365741
2025-08-10 20:08:08.008 [TestNG-test-Player Controller Tests-2] INFO  a.PlayerUpdateTest - Setting up PlayerUpdateTest
2025-08-10 20:08:08.008 [TestNG-test-Player Controller Tests-2] INFO  a.c.RestClient - Initializing RestClient with baseUri=http://3.68.165.45, contentType=application/json
2025-08-10 20:08:08.010 [TestNG-test-Player Controller Tests-2] INFO  a.c.RestClient - Creating player with editor: supervisor, player: Player{age=47, gender='male', login='burt.abshire', role='user', screenName='bc240fe2'}
2025-08-10 20:08:08.010 [TestNG-test-Player Controller Tests-2] INFO  a.c.RestClient - HTTP GET /player/create/{editor}
Request method:	GET
Request URI:	http://3.68.165.45/player/create/supervisor?password=ar0TP3uje&role=user&gender=male&screenName=bc240fe2&login=burt.abshire&age=47
Proxy:			<none>
Request params:	<none>
Query params:	password=ar0TP3uje
				role=user
				gender=male
				screenName=bc240fe2
				login=burt.abshire
				age=47
Form params:	<none>
Path params:	editor=supervisor
Headers:		Accept=*/*
				Content-Type=application/json
Cookies:		<none>
Multiparts:		<none>
Body:			<none>
2025-08-10 20:08:08.051 [TestNG-test-Player Controller Tests-1] INFO  a.c.RestClient - HTTP GET /player/create/{editor} -> 200 (62 ms)
HTTP/1.1 200 
Content-Type: application/json
Transfer-Encoding: chunked
Date: Sun, 10 Aug 2025 17:08:16 GMT
Keep-Alive: timeout=60
Connection: keep-alive

{
    "id": 1174021362,
    "login": "olin.stracke",
    "password": null,
    "screenName": null,
    "gender": null,
    "age": null,
    "role": null
}
2025-08-10 20:08:08.051 [TestNG-test-Player Controller Tests-1] INFO  a.PlayerUpdateTest - Created test player with ID: 1174021362
2025-08-10 20:08:08.059 [TestNG-test-Player Controller Tests-1] INFO  a.PlayerUpdateTest - Testing update player age
2025-08-10 20:08:08.059 [TestNG-test-Player Controller Tests-1] INFO  a.c.RestClient - Updating player with editor: supervisor, playerId: 1174021362, player: Player{age=30, gender='null', login='null', role='null', screenName='null'}
2025-08-10 20:08:08.060 [TestNG-test-Player Controller Tests-1] INFO  a.c.RestClient - HTTP PATCH /player/update/{editor}/{id}
Request method:	PATCH
Request URI:	http://3.68.165.45/player/update/supervisor/1174021362
Proxy:			<none>
Request params:	<none>
Query params:	<none>
Form params:	<none>
Path params:	editor=supervisor
				id=1174021362
Headers:		Accept=*/*
				Content-Type=application/json
Cookies:		<none>
Multiparts:		<none>
Body:
{
    "age": 30
}
2025-08-10 20:08:08.090 [TestNG-test-Player Controller Tests-2] INFO  a.c.RestClient - HTTP GET /player/create/{editor} -> 200 (57 ms)
HTTP/1.1 200 
Content-Type: application/json
Transfer-Encoding: chunked
Date: Sun, 10 Aug 2025 17:08:16 GMT
Keep-Alive: timeout=60
Connection: keep-alive

{
    "id": 705423168,
    "login": "burt.abshire",
    "password": null,
    "screenName": null,
    "gender": null,
    "age": null,
    "role": null
}
2025-08-10 20:08:08.091 [TestNG-test-Player Controller Tests-2] INFO  a.PlayerUpdateTest - Created test player with ID: 705423168
2025-08-10 20:08:08.104 [TestNG-test-Player Controller Tests-2] INFO  a.PlayerUpdateTest - Testing update player gender
2025-08-10 20:08:08.104 [TestNG-test-Player Controller Tests-2] INFO  a.c.RestClient - Updating player with editor: supervisor, playerId: 705423168, player: Player{age=null, gender='female', login='null', role='null', screenName='null'}
2025-08-10 20:08:08.104 [TestNG-test-Player Controller Tests-2] INFO  a.c.RestClient - HTTP PATCH /player/update/{editor}/{id}
Request method:	PATCH
Request URI:	http://3.68.165.45/player/update/supervisor/705423168
Proxy:			<none>
Request params:	<none>
Query params:	<none>
Form params:	<none>
Path params:	editor=supervisor
				id=705423168
Headers:		Accept=*/*
				Content-Type=application/json
Cookies:		<none>
Multiparts:		<none>
Body:
{
    "gender": "female"
}
2025-08-10 20:08:08.144 [TestNG-test-Player Controller Tests-1] INFO  a.c.RestClient - HTTP PATCH /player/update/{editor}/{id} -> 200 (58 ms)
2025-08-10 20:08:08.145 [TestNG-test-Player Controller Tests-1] INFO  a.PlayerUpdateTest - Successfully updated player age
2025-08-10 20:08:08.145 [TestNG-test-Player Controller Tests-1] INFO  a.c.RestClient - Getting player with ID: 705423168
2025-08-10 20:08:08.145 [TestNG-test-Player Controller Tests-1] INFO  a.c.RestClient - HTTP POST /player/get
Request method:	POST
Request URI:	http://3.68.165.45/player/get
Proxy:			<none>
Request params:	<none>
Query params:	<none>
Form params:	<none>
Path params:	<none>
Headers:		Accept=*/*
				Content-Type=application/json
Cookies:		<none>
Multiparts:		<none>
Body:
{
    "playerId": 705423168
}
2025-08-10 20:08:08.189 [TestNG-test-Player Controller Tests-2] INFO  a.c.RestClient - HTTP PATCH /player/update/{editor}/{id} -> 200 (63 ms)
2025-08-10 20:08:08.189 [TestNG-test-Player Controller Tests-2] INFO  a.PlayerUpdateTest - Successfully updated player gender
2025-08-10 20:08:08.190 [TestNG-test-Player Controller Tests-2] INFO  a.c.RestClient - Getting player with ID: 705423168
2025-08-10 20:08:08.190 [TestNG-test-Player Controller Tests-2] INFO  a.c.RestClient - HTTP POST /player/get
Request method:	POST
Request URI:	http://3.68.165.45/player/get
Proxy:			<none>
Request params:	<none>
Query params:	<none>
Form params:	<none>
Path params:	<none>
Headers:		Accept=*/*
				Content-Type=application/json
Cookies:		<none>
Multiparts:		<none>
Body:
{
    "playerId": 705423168
}
2025-08-10 20:08:16.713 [TestNG-test-Player Controller Tests-3] INFO  a.c.RestClient - HTTP POST /player/get -> 200 (10056 ms)
HTTP/1.1 200 
Content-Type: application/json
Transfer-Encoding: chunked
Date: Sun, 10 Aug 2025 17:08:25 GMT
Keep-Alive: timeout=60
Connection: keep-alive

{
    "id": 1,
    "login": "supervisor",
    "password": "password",
    "screenName": "supervisor",
    "gender": "non-binery",
    "age": 40,
    "role": "supervisor"
}
2025-08-10 20:08:16.714 [TestNG-test-Player Controller Tests-3] INFO  a.PlayerGetTest - Successfully retrieved player with ID 1: supervisor
2025-08-10 20:08:16.714 [TestNG-test-Player Controller Tests-3] INFO  a.c.RestClient - Getting player with ID: 2147483647
2025-08-10 20:08:16.714 [TestNG-test-Player Controller Tests-3] INFO  a.c.RestClient - HTTP POST /player/get
Request method:	POST
Request URI:	http://3.68.165.45/player/get
Proxy:			<none>
Request params:	<none>
Query params:	<none>
Form params:	<none>
Path params:	<none>
Headers:		Accept=*/*
				Content-Type=application/json
Cookies:		<none>
Multiparts:		<none>
Body:
{
    "playerId": 2147483647
}
2025-08-10 20:08:16.787 [TestNG-test-Player Controller Tests-3] INFO  a.c.RestClient - HTTP POST /player/get -> 200 (56 ms)
HTTP/1.1 200 
Content-Length: 0
Date: Sun, 10 Aug 2025 17:08:25 GMT
Keep-Alive: timeout=60
Connection: keep-alive
]]></system-out>
  </testcase>
  <testcase name="testUpdateMultipleFields" classname="api.PlayerUpdateTest" time="0.032">
    <failure message="Expected HTTP status code 200, but was 409 expected [200] but found [409]" type="java.lang.AssertionError"><![CDATA[java.lang.AssertionError: Expected HTTP status code 200, but was 409 expected [200] but found [409]
	at org.testng.Assert.fail(Assert.java:111)
	at org.testng.Assert.failNotEquals(Assert.java:1578)
	at org.testng.Assert.assertEqualsImpl(Assert.java:150)
	at org.testng.Assert.assertEquals(Assert.java:132)
	at org.testng.Assert.assertEquals(Assert.java:1419)
	at org.testng.Assert.assertEquals(Assert.java:1383)
	at api.client.ResponseWrapper.expectingStatusCode(ResponseWrapper.java:49)
	at api.PlayerUpdateTest.testUpdateMultipleFields(PlayerUpdateTest.java:149)
	at java.base/jdk.internal.reflect.DirectMethodHandleAccessor.invoke(DirectMethodHandleAccessor.java:104)
	at java.base/java.lang.reflect.Method.invoke(Method.java:577)
	at org.testng.internal.invokers.MethodInvocationHelper.invokeMethod(MethodInvocationHelper.java:139)
	at org.testng.internal.invokers.TestInvoker.invokeMethod(TestInvoker.java:664)
	at org.testng.internal.invokers.TestInvoker.invokeTestMethod(TestInvoker.java:228)
	at org.testng.internal.invokers.MethodRunner.runInSequence(MethodRunner.java:63)
	at org.testng.internal.invokers.TestInvoker$MethodInvocationAgent.invoke(TestInvoker.java:961)
	at org.testng.internal.invokers.TestInvoker.invokeTestMethods(TestInvoker.java:201)
	at org.testng.internal.invokers.TestMethodWorker.invokeTestMethods(TestMethodWorker.java:148)
	at org.testng.internal.invokers.TestMethodWorker.run(TestMethodWorker.java:128)
	at java.base/java.util.concurrent.Executors$RunnableAdapter.call(Executors.java:539)
	at java.base/java.util.concurrent.FutureTask.run(FutureTask.java:264)
	at org.testng.internal.thread.graph.TestNGFutureTask.run(TestNGFutureTask.java:22)
	at java.base/java.util.concurrent.ThreadPoolExecutor.runWorker(ThreadPoolExecutor.java:1136)
	at java.base/java.util.concurrent.ThreadPoolExecutor$Worker.run(ThreadPoolExecutor.java:635)
	at java.base/java.lang.Thread.run(Thread.java:833)
]]></failure>
    <system-out><![CDATA[2025-08-10 20:08:07.268 [TestNG-test-Player Controller Tests-2] INFO  a.PlayerGetTest - Cleaning up 2 created players
2025-08-10 20:08:07.269 [TestNG-test-Player Controller Tests-2] INFO  a.c.RestClient - Deleting player with editor: supervisor, playerId: 1699055164
2025-08-10 20:08:07.269 [TestNG-test-Player Controller Tests-2] INFO  a.c.RestClient - HTTP DELETE /player/delete/{editor}
Request method:	DELETE
Request URI:	http://3.68.165.45/player/delete/supervisor
Proxy:			<none>
Request params:	<none>
Query params:	<none>
Form params:	<none>
Path params:	editor=supervisor
Headers:		Accept=*/*
				Content-Type=application/json
Cookies:		<none>
Multiparts:		<none>
Body:
{
    "playerId": 1699055164
}
2025-08-10 20:08:07.297 [TestNG-test-Player Controller Tests-1] INFO  a.c.RestClient - HTTP DELETE /player/delete/{editor} -> 403 (57 ms)
HTTP/1.1 403 
Content-Length: 0
Date: Sun, 10 Aug 2025 17:08:15 GMT
Keep-Alive: timeout=60
Connection: keep-alive
2025-08-10 20:08:07.297 [TestNG-test-Player Controller Tests-1] INFO  a.PlayerGetTest - Cleaned up player with ID: 750352209
2025-08-10 20:08:07.298 [TestNG-test-Player Controller Tests-1] INFO  a.c.RestClient - Deleting player with editor: supervisor, playerId: 750352209
2025-08-10 20:08:07.298 [TestNG-test-Player Controller Tests-1] INFO  a.c.RestClient - HTTP DELETE /player/delete/{editor}
Request method:	DELETE
Request URI:	http://3.68.165.45/player/delete/supervisor
Proxy:			<none>
Request params:	<none>
Query params:	<none>
Form params:	<none>
Path params:	editor=supervisor
Headers:		Accept=*/*
				Content-Type=application/json
Cookies:		<none>
Multiparts:		<none>
Body:
{
    "playerId": 750352209
}
2025-08-10 20:08:07.351 [TestNG-test-Player Controller Tests-2] INFO  a.c.RestClient - HTTP DELETE /player/delete/{editor} -> 204 (58 ms)
HTTP/1.1 204 
Date: Sun, 10 Aug 2025 17:08:15 GMT
Keep-Alive: timeout=60
Connection: keep-alive
2025-08-10 20:08:07.351 [TestNG-test-Player Controller Tests-2] INFO  a.PlayerGetTest - Cleaned up player with ID: 1699055164
2025-08-10 20:08:07.352 [TestNG-test-Player Controller Tests-2] INFO  a.c.RestClient - Deleting player with editor: supervisor, playerId: 1699055164
2025-08-10 20:08:07.352 [TestNG-test-Player Controller Tests-2] INFO  a.c.RestClient - HTTP DELETE /player/delete/{editor}
Request method:	DELETE
Request URI:	http://3.68.165.45/player/delete/supervisor
Proxy:			<none>
Request params:	<none>
Query params:	<none>
Form params:	<none>
Path params:	editor=supervisor
Headers:		Accept=*/*
				Content-Type=application/json
Cookies:		<none>
Multiparts:		<none>
Body:
{
    "playerId": 1699055164
}
2025-08-10 20:08:07.378 [TestNG-test-Player Controller Tests-1] INFO  a.c.RestClient - HTTP DELETE /player/delete/{editor} -> 403 (56 ms)
HTTP/1.1 403 
Content-Length: 0
Date: Sun, 10 Aug 2025 17:08:15 GMT
Keep-Alive: timeout=60
Connection: keep-alive
2025-08-10 20:08:07.378 [TestNG-test-Player Controller Tests-1] INFO  a.PlayerGetTest - Cleaned up player with ID: 750352209
2025-08-10 20:08:07.387 [TestNG-test-Player Controller Tests-1] INFO  a.PlayerUpdateTest - Setting up PlayerUpdateTest
2025-08-10 20:08:07.387 [TestNG-test-Player Controller Tests-1] INFO  a.c.RestClient - Initializing RestClient with baseUri=http://3.68.165.45, contentType=application/json
2025-08-10 20:08:07.388 [TestNG-test-Player Controller Tests-1] INFO  a.c.RestClient - Creating player with editor: supervisor, player: Player{age=53, gender='male', login='carry.damore', role='user', screenName='82ee7a72'}
2025-08-10 20:08:07.388 [TestNG-test-Player Controller Tests-1] INFO  a.c.RestClient - HTTP GET /player/create/{editor}
Request method:	GET
Request URI:	http://3.68.165.45/player/create/supervisor?password=Z67sT4xwOM42&role=user&gender=male&screenName=82ee7a72&login=carry.damore&age=53
Proxy:			<none>
Request params:	<none>
Query params:	password=Z67sT4xwOM42
				role=user
				gender=male
				screenName=82ee7a72
				login=carry.damore
				age=53
Form params:	<none>
Path params:	editor=supervisor
Headers:		Accept=*/*
				Content-Type=application/json
Cookies:		<none>
Multiparts:		<none>
Body:			<none>
2025-08-10 20:08:07.428 [TestNG-test-Player Controller Tests-2] INFO  a.c.RestClient - HTTP DELETE /player/delete/{editor} -> 403 (56 ms)
HTTP/1.1 403 
Content-Length: 0
Date: Sun, 10 Aug 2025 17:08:15 GMT
Keep-Alive: timeout=60
Connection: keep-alive
2025-08-10 20:08:07.428 [TestNG-test-Player Controller Tests-2] INFO  a.PlayerGetTest - Cleaned up player with ID: 1699055164
2025-08-10 20:08:07.436 [TestNG-test-Player Controller Tests-2] INFO  a.PlayerUpdateTest - Setting up PlayerUpdateTest
2025-08-10 20:08:07.437 [TestNG-test-Player Controller Tests-2] INFO  a.c.RestClient - Initializing RestClient with baseUri=http://3.68.165.45, contentType=application/json
2025-08-10 20:08:07.438 [TestNG-test-Player Controller Tests-2] INFO  a.c.RestClient - Creating player with editor: supervisor, player: Player{age=57, gender='male', login='bennie.keeling', role='user', screenName='f69f84e7'}
2025-08-10 20:08:07.438 [TestNG-test-Player Controller Tests-2] INFO  a.c.RestClient - HTTP GET /player/create/{editor}
Request method:	GET
Request URI:	http://3.68.165.45/player/create/supervisor?password=D6v7tmN&role=user&gender=male&screenName=f69f84e7&login=bennie.keeling&age=57
Proxy:			<none>
Request params:	<none>
Query params:	password=D6v7tmN
				role=user
				gender=male
				screenName=f69f84e7
				login=bennie.keeling
				age=57
Form params:	<none>
Path params:	editor=supervisor
Headers:		Accept=*/*
				Content-Type=application/json
Cookies:		<none>
Multiparts:		<none>
Body:			<none>
2025-08-10 20:08:07.469 [TestNG-test-Player Controller Tests-1] INFO  a.c.RestClient - HTTP GET /player/create/{editor} -> 200 (58 ms)
HTTP/1.1 200 
Content-Type: application/json
Transfer-Encoding: chunked
Date: Sun, 10 Aug 2025 17:08:15 GMT
Keep-Alive: timeout=60
Connection: keep-alive

{
    "id": 557832627,
    "login": "carry.damore",
    "password": null,
    "screenName": null,
    "gender": null,
    "age": null,
    "role": null
}
2025-08-10 20:08:07.469 [TestNG-test-Player Controller Tests-1] INFO  a.PlayerUpdateTest - Created test player with ID: 557832627
2025-08-10 20:08:07.481 [TestNG-test-Player Controller Tests-1] INFO  a.PlayerUpdateTest - Testing update multiple fields at once
2025-08-10 20:08:07.482 [TestNG-test-Player Controller Tests-1] INFO  a.c.RestClient - Updating player with editor: supervisor, playerId: 557832627, player: Player{age=35, gender='female', login='updatedLogin123', role='null', screenName='null'}
2025-08-10 20:08:07.482 [TestNG-test-Player Controller Tests-1] INFO  a.c.RestClient - HTTP PATCH /player/update/{editor}/{id}
Request method:	PATCH
Request URI:	http://3.68.165.45/player/update/supervisor/557832627
Proxy:			<none>
Request params:	<none>
Query params:	<none>
Form params:	<none>
Path params:	editor=supervisor
				id=557832627
Headers:		Accept=*/*
				Content-Type=application/json
Cookies:		<none>
Multiparts:		<none>
Body:
{
    "age": 35,
    "gender": "female",
    "login": "updatedLogin123"
}
2025-08-10 20:08:07.533 [TestNG-test-Player Controller Tests-2] INFO  a.c.RestClient - HTTP GET /player/create/{editor} -> 200 (66 ms)
HTTP/1.1 200 
Content-Type: application/json
Transfer-Encoding: chunked
Date: Sun, 10 Aug 2025 17:08:15 GMT
Keep-Alive: timeout=60
Connection: keep-alive

{
    "id": 1994365741,
    "login": "bennie.keeling",
    "password": null,
    "screenName": null,
    "gender": null,
    "age": null,
    "role": null
}
2025-08-10 20:08:07.535 [TestNG-test-Player Controller Tests-2] INFO  a.PlayerUpdateTest - Created test player with ID: 1994365741
2025-08-10 20:08:07.547 [TestNG-test-Player Controller Tests-2] INFO  a.PlayerUpdateTest - Testing update non-existent player
2025-08-10 20:08:07.548 [TestNG-test-Player Controller Tests-2] INFO  a.c.RestClient - Updating player with editor: supervisor, playerId: 999999, player: Player{age=25, gender='null', login='null', role='null', screenName='null'}
2025-08-10 20:08:07.549 [TestNG-test-Player Controller Tests-2] INFO  a.c.RestClient - HTTP PATCH /player/update/{editor}/{id}
Request method:	PATCH
Request URI:	http://3.68.165.45/player/update/supervisor/999999
Proxy:			<none>
Request params:	<none>
Query params:	<none>
Form params:	<none>
Path params:	editor=supervisor
				id=999999
Headers:		Accept=*/*
				Content-Type=application/json
Cookies:		<none>
Multiparts:		<none>
Body:
{
    "age": 25
}
2025-08-10 20:08:07.579 [TestNG-test-Player Controller Tests-1] INFO  a.c.RestClient - HTTP PATCH /player/update/{editor}/{id} -> 409 (63 ms)
]]></system-out>
  </testcase>
  <testcase name="testUpdateNonExistentPlayer" classname="api.PlayerUpdateTest" time="0.103">
    <failure message="Expected HTTP status code 404, but was 200 expected [404] but found [200]" type="java.lang.AssertionError"><![CDATA[java.lang.AssertionError: Expected HTTP status code 404, but was 200 expected [404] but found [200]
	at org.testng.Assert.fail(Assert.java:111)
	at org.testng.Assert.failNotEquals(Assert.java:1578)
	at org.testng.Assert.assertEqualsImpl(Assert.java:150)
	at org.testng.Assert.assertEquals(Assert.java:132)
	at org.testng.Assert.assertEquals(Assert.java:1419)
	at org.testng.Assert.assertEquals(Assert.java:1383)
	at api.client.ResponseWrapper.expectingStatusCode(ResponseWrapper.java:49)
	at api.PlayerUpdateTest.assertUpdatePlayerWithAuthorizationError(PlayerUpdateTest.java:311)
	at api.PlayerUpdateTest.testUpdateNonExistentPlayer(PlayerUpdateTest.java:204)
	at java.base/jdk.internal.reflect.DirectMethodHandleAccessor.invoke(DirectMethodHandleAccessor.java:104)
	at java.base/java.lang.reflect.Method.invoke(Method.java:577)
	at org.testng.internal.invokers.MethodInvocationHelper.invokeMethod(MethodInvocationHelper.java:139)
	at org.testng.internal.invokers.TestInvoker.invokeMethod(TestInvoker.java:664)
	at org.testng.internal.invokers.TestInvoker.invokeTestMethod(TestInvoker.java:228)
	at org.testng.internal.invokers.MethodRunner.runInSequence(MethodRunner.java:63)
	at org.testng.internal.invokers.TestInvoker$MethodInvocationAgent.invoke(TestInvoker.java:961)
	at org.testng.internal.invokers.TestInvoker.invokeTestMethods(TestInvoker.java:201)
	at org.testng.internal.invokers.TestMethodWorker.invokeTestMethods(TestMethodWorker.java:148)
	at org.testng.internal.invokers.TestMethodWorker.run(TestMethodWorker.java:128)
	at java.base/java.util.concurrent.Executors$RunnableAdapter.call(Executors.java:539)
	at java.base/java.util.concurrent.FutureTask.run(FutureTask.java:264)
	at org.testng.internal.thread.graph.TestNGFutureTask.run(TestNGFutureTask.java:22)
	at java.base/java.util.concurrent.ThreadPoolExecutor.runWorker(ThreadPoolExecutor.java:1136)
	at java.base/java.util.concurrent.ThreadPoolExecutor$Worker.run(ThreadPoolExecutor.java:635)
	at java.base/java.lang.Thread.run(Thread.java:833)
]]></failure>
    <system-out><![CDATA[2025-08-10 20:08:07.592 [TestNG-test-Player Controller Tests-1] INFO  a.PlayerUpdateTest - Cleaning up 4 created players
2025-08-10 20:08:07.592 [TestNG-test-Player Controller Tests-1] INFO  a.c.RestClient - Deleting player with editor: supervisor, playerId: 557832627
2025-08-10 20:08:07.592 [TestNG-test-Player Controller Tests-1] INFO  a.c.RestClient - HTTP DELETE /player/delete/{editor}
Request method:	DELETE
Request URI:	http://3.68.165.45/player/delete/supervisor
Proxy:			<none>
Request params:	<none>
Query params:	<none>
Form params:	<none>
Path params:	editor=supervisor
Headers:		Accept=*/*
				Content-Type=application/json
Cookies:		<none>
Multiparts:		<none>
Body:
{
    "playerId": 557832627
}
2025-08-10 20:08:07.648 [TestNG-test-Player Controller Tests-2] INFO  a.c.RestClient - HTTP PATCH /player/update/{editor}/{id} -> 200 (65 ms)
]]></system-out>
  </testcase>
  <testcase name="testUpdatePlayerLogin" classname="api.PlayerUpdateTest" time="0.162">
    <system-out><![CDATA[2025-08-10 20:08:16.795 [TestNG-test-Player Controller Tests-3] INFO  a.PlayerGetTest - Cleaning up 2 created players
2025-08-10 20:08:16.797 [TestNG-test-Player Controller Tests-3] INFO  a.c.RestClient - Deleting player with editor: supervisor, playerId: 1699055164
2025-08-10 20:08:16.797 [TestNG-test-Player Controller Tests-3] INFO  a.c.RestClient - HTTP DELETE /player/delete/{editor}
Request method:	DELETE
Request URI:	http://3.68.165.45/player/delete/supervisor
Proxy:			<none>
Request params:	<none>
Query params:	<none>
Form params:	<none>
Path params:	editor=supervisor
Headers:		Accept=*/*
				Content-Type=application/json
Cookies:		<none>
Multiparts:		<none>
Body:
{
    "playerId": 1699055164
}
2025-08-10 20:08:16.870 [TestNG-test-Player Controller Tests-3] INFO  a.c.RestClient - HTTP DELETE /player/delete/{editor} -> 403 (58 ms)
HTTP/1.1 403 
Content-Length: 0
Date: Sun, 10 Aug 2025 17:08:25 GMT
Keep-Alive: timeout=60
Connection: keep-alive
2025-08-10 20:08:16.871 [TestNG-test-Player Controller Tests-3] INFO  a.PlayerGetTest - Cleaned up player with ID: 1699055164
2025-08-10 20:08:16.871 [TestNG-test-Player Controller Tests-3] INFO  a.c.RestClient - Deleting player with editor: supervisor, playerId: 1699055164
2025-08-10 20:08:16.871 [TestNG-test-Player Controller Tests-3] INFO  a.c.RestClient - HTTP DELETE /player/delete/{editor}
Request method:	DELETE
Request URI:	http://3.68.165.45/player/delete/supervisor
Proxy:			<none>
Request params:	<none>
Query params:	<none>
Form params:	<none>
Path params:	editor=supervisor
Headers:		Accept=*/*
				Content-Type=application/json
Cookies:		<none>
Multiparts:		<none>
Body:
{
    "playerId": 1699055164
}
2025-08-10 20:08:16.944 [TestNG-test-Player Controller Tests-3] INFO  a.c.RestClient - HTTP DELETE /player/delete/{editor} -> 403 (58 ms)
HTTP/1.1 403 
Content-Length: 0
Date: Sun, 10 Aug 2025 17:08:25 GMT
Keep-Alive: timeout=60
Connection: keep-alive
2025-08-10 20:08:16.944 [TestNG-test-Player Controller Tests-3] INFO  a.PlayerGetTest - Cleaned up player with ID: 1699055164
2025-08-10 20:08:16.952 [TestNG-test-Player Controller Tests-3] INFO  a.PlayerUpdateTest - Setting up PlayerUpdateTest
2025-08-10 20:08:16.952 [TestNG-test-Player Controller Tests-3] INFO  a.c.RestClient - Initializing RestClient with baseUri=http://3.68.165.45, contentType=application/json
2025-08-10 20:08:16.954 [TestNG-test-Player Controller Tests-3] INFO  a.c.RestClient - Creating player with editor: supervisor, player: Player{age=27, gender='female', login='edgardo.zemlak', role='user', screenName='36f2b735'}
2025-08-10 20:08:16.954 [TestNG-test-Player Controller Tests-3] INFO  a.c.RestClient - HTTP GET /player/create/{editor}
Request method:	GET
Request URI:	http://3.68.165.45/player/create/supervisor?password=DT2499Hs60547&role=user&gender=female&screenName=36f2b735&login=edgardo.zemlak&age=27
Proxy:			<none>
Request params:	<none>
Query params:	password=DT2499Hs60547
				role=user
				gender=female
				screenName=36f2b735
				login=edgardo.zemlak
				age=27
Form params:	<none>
Path params:	editor=supervisor
Headers:		Accept=*/*
				Content-Type=application/json
Cookies:		<none>
Multiparts:		<none>
Body:			<none>
2025-08-10 20:08:17.024 [TestNG-test-Player Controller Tests-3] INFO  a.c.RestClient - HTTP GET /player/create/{editor} -> 200 (54 ms)
HTTP/1.1 200 
Content-Type: application/json
Transfer-Encoding: chunked
Date: Sun, 10 Aug 2025 17:08:25 GMT
Keep-Alive: timeout=60
Connection: keep-alive

{
    "id": 283042506,
    "login": "edgardo.zemlak",
    "password": null,
    "screenName": null,
    "gender": null,
    "age": null,
    "role": null
}
2025-08-10 20:08:17.024 [TestNG-test-Player Controller Tests-3] INFO  a.PlayerUpdateTest - Created test player with ID: 283042506
2025-08-10 20:08:17.033 [TestNG-test-Player Controller Tests-3] INFO  a.PlayerUpdateTest - Testing update player login
2025-08-10 20:08:17.033 [TestNG-test-Player Controller Tests-3] INFO  a.c.RestClient - Updating player with editor: supervisor, playerId: 283042506, player: Player{age=null, gender='null', login='cody.blick', role='null', screenName='null'}
2025-08-10 20:08:17.033 [TestNG-test-Player Controller Tests-3] INFO  a.c.RestClient - HTTP PATCH /player/update/{editor}/{id}
Request method:	PATCH
Request URI:	http://3.68.165.45/player/update/supervisor/283042506
Proxy:			<none>
Request params:	<none>
Query params:	<none>
Form params:	<none>
Path params:	editor=supervisor
				id=283042506
Headers:		Accept=*/*
				Content-Type=application/json
Cookies:		<none>
Multiparts:		<none>
Body:
{
    "login": "cody.blick"
}
2025-08-10 20:08:17.113 [TestNG-test-Player Controller Tests-3] INFO  a.c.RestClient - HTTP PATCH /player/update/{editor}/{id} -> 200 (58 ms)
2025-08-10 20:08:17.113 [TestNG-test-Player Controller Tests-3] INFO  a.PlayerUpdateTest - Successfully updated player login
2025-08-10 20:08:17.113 [TestNG-test-Player Controller Tests-3] INFO  a.c.RestClient - Getting player with ID: 283042506
2025-08-10 20:08:17.113 [TestNG-test-Player Controller Tests-3] INFO  a.c.RestClient - HTTP POST /player/get
Request method:	POST
Request URI:	http://3.68.165.45/player/get
Proxy:			<none>
Request params:	<none>
Query params:	<none>
Form params:	<none>
Path params:	<none>
Headers:		Accept=*/*
				Content-Type=application/json
Cookies:		<none>
Multiparts:		<none>
Body:
{
    "playerId": 283042506
}
2025-08-10 20:08:17.192 [TestNG-test-Player Controller Tests-3] INFO  a.c.RestClient - HTTP POST /player/get -> 200 (61 ms)
HTTP/1.1 200 
Content-Type: application/json
Transfer-Encoding: chunked
Date: Sun, 10 Aug 2025 17:08:25 GMT
Keep-Alive: timeout=60
Connection: keep-alive

{
    "id": 283042506,
    "login": "cody.blick",
    "password": "DT2499Hs60547",
    "screenName": "36f2b735",
    "gender": "female",
    "age": 27,
    "role": "user"
}
2025-08-10 20:08:17.192 [TestNG-test-Player Controller Tests-3] INFO  a.PlayerUpdateTest - Successfully verified field update: login = cody.blick
]]></system-out>
  </testcase>
  <testcase name="testUpdatePlayerAge" classname="api.PlayerUpdateTest" time="0.78">
    <failure message="Age should be updated correctly expected [30] but found [47]" type="java.lang.AssertionError"><![CDATA[java.lang.AssertionError: Age should be updated correctly expected [30] but found [47]
	at org.testng.Assert.fail(Assert.java:111)
	at org.testng.Assert.failNotEquals(Assert.java:1578)
	at org.testng.Assert.assertEqualsImpl(Assert.java:150)
	at org.testng.Assert.assertEquals(Assert.java:132)
	at api.PlayerUpdateTest.verifyPlayerFieldUpdate(PlayerUpdateTest.java:277)
	at api.PlayerUpdateTest.testUpdatePlayerAge(PlayerUpdateTest.java:71)
	at java.base/jdk.internal.reflect.DirectMethodHandleAccessor.invoke(DirectMethodHandleAccessor.java:104)
	at java.base/java.lang.reflect.Method.invoke(Method.java:577)
	at org.testng.internal.invokers.MethodInvocationHelper.invokeMethod(MethodInvocationHelper.java:139)
	at org.testng.internal.invokers.TestInvoker.invokeMethod(TestInvoker.java:664)
	at org.testng.internal.invokers.TestInvoker.invokeTestMethod(TestInvoker.java:228)
	at org.testng.internal.invokers.MethodRunner.runInSequence(MethodRunner.java:63)
	at org.testng.internal.invokers.TestInvoker$MethodInvocationAgent.invoke(TestInvoker.java:961)
	at org.testng.internal.invokers.TestInvoker.invokeTestMethods(TestInvoker.java:201)
	at org.testng.internal.invokers.TestMethodWorker.invokeTestMethods(TestMethodWorker.java:148)
	at org.testng.internal.invokers.TestMethodWorker.run(TestMethodWorker.java:128)
	at java.base/java.util.concurrent.Executors$RunnableAdapter.call(Executors.java:539)
	at java.base/java.util.concurrent.FutureTask.run(FutureTask.java:264)
	at org.testng.internal.thread.graph.TestNGFutureTask.run(TestNGFutureTask.java:22)
	at java.base/java.util.concurrent.ThreadPoolExecutor.runWorker(ThreadPoolExecutor.java:1136)
	at java.base/java.util.concurrent.ThreadPoolExecutor$Worker.run(ThreadPoolExecutor.java:635)
	at java.base/java.lang.Thread.run(Thread.java:833)
]]></failure>
    <system-out><![CDATA[2025-08-10 20:08:17.201 [TestNG-test-Player Controller Tests-3] INFO  a.PlayerUpdateTest - Cleaning up 2 created players
2025-08-10 20:08:17.201 [TestNG-test-Player Controller Tests-3] INFO  a.c.RestClient - Deleting player with editor: supervisor, playerId: 283042506
2025-08-10 20:08:17.201 [TestNG-test-Player Controller Tests-3] INFO  a.c.RestClient - HTTP DELETE /player/delete/{editor}
Request method:	DELETE
Request URI:	http://3.68.165.45/player/delete/supervisor
Proxy:			<none>
Request params:	<none>
Query params:	<none>
Form params:	<none>
Path params:	editor=supervisor
Headers:		Accept=*/*
				Content-Type=application/json
Cookies:		<none>
Multiparts:		<none>
Body:
{
    "playerId": 283042506
}
2025-08-10 20:08:17.283 [TestNG-test-Player Controller Tests-3] INFO  a.c.RestClient - HTTP DELETE /player/delete/{editor} -> 204 (58 ms)
HTTP/1.1 204 
Date: Sun, 10 Aug 2025 17:08:25 GMT
Keep-Alive: timeout=60
Connection: keep-alive
2025-08-10 20:08:17.283 [TestNG-test-Player Controller Tests-3] INFO  a.PlayerUpdateTest - Cleaned up player with ID: 283042506
2025-08-10 20:08:17.283 [TestNG-test-Player Controller Tests-3] INFO  a.c.RestClient - Deleting player with editor: supervisor, playerId: 283042506
2025-08-10 20:08:17.283 [TestNG-test-Player Controller Tests-3] INFO  a.c.RestClient - HTTP DELETE /player/delete/{editor}
Request method:	DELETE
Request URI:	http://3.68.165.45/player/delete/supervisor
Proxy:			<none>
Request params:	<none>
Query params:	<none>
Form params:	<none>
Path params:	editor=supervisor
Headers:		Accept=*/*
				Content-Type=application/json
Cookies:		<none>
Multiparts:		<none>
Body:
{
    "playerId": 283042506
}
2025-08-10 20:08:17.358 [TestNG-test-Player Controller Tests-3] INFO  a.c.RestClient - HTTP DELETE /player/delete/{editor} -> 403 (58 ms)
HTTP/1.1 403 
Content-Length: 0
Date: Sun, 10 Aug 2025 17:08:25 GMT
Keep-Alive: timeout=60
Connection: keep-alive
2025-08-10 20:08:17.359 [TestNG-test-Player Controller Tests-3] INFO  a.PlayerUpdateTest - Cleaned up player with ID: 283042506
2025-08-10 20:08:17.365 [TestNG-test-Player Controller Tests-3] INFO  a.PlayerUpdateTest - Setting up PlayerUpdateTest
2025-08-10 20:08:17.365 [TestNG-test-Player Controller Tests-3] INFO  a.c.RestClient - Initializing RestClient with baseUri=http://3.68.165.45, contentType=application/json
2025-08-10 20:08:17.366 [TestNG-test-Player Controller Tests-3] INFO  a.c.RestClient - Creating player with editor: supervisor, player: Player{age=37, gender='male', login='asley.klocko', role='user', screenName='f8bb2d14'}
2025-08-10 20:08:17.366 [TestNG-test-Player Controller Tests-3] INFO  a.c.RestClient - HTTP GET /player/create/{editor}
Request method:	GET
Request URI:	http://3.68.165.45/player/create/supervisor?password=q4031a6I&role=user&gender=male&screenName=f8bb2d14&login=asley.klocko&age=37
Proxy:			<none>
Request params:	<none>
Query params:	password=q4031a6I
				role=user
				gender=male
				screenName=f8bb2d14
				login=asley.klocko
				age=37
Form params:	<none>
Path params:	editor=supervisor
Headers:		Accept=*/*
				Content-Type=application/json
Cookies:		<none>
Multiparts:		<none>
Body:			<none>
2025-08-10 20:08:17.447 [TestNG-test-Player Controller Tests-3] INFO  a.c.RestClient - HTTP GET /player/create/{editor} -> 200 (62 ms)
HTTP/1.1 200 
Content-Type: application/json
Transfer-Encoding: chunked
Date: Sun, 10 Aug 2025 17:08:25 GMT
Keep-Alive: timeout=60
Connection: keep-alive

{
    "id": 588026994,
    "login": "asley.klocko",
    "password": null,
    "screenName": null,
    "gender": null,
    "age": null,
    "role": null
}
2025-08-10 20:08:17.447 [TestNG-test-Player Controller Tests-3] INFO  a.PlayerUpdateTest - Created test player with ID: 588026994
2025-08-10 20:08:17.453 [TestNG-test-Player Controller Tests-3] INFO  a.PlayerUpdateTest - Testing update player password
2025-08-10 20:08:17.453 [TestNG-test-Player Controller Tests-3] INFO  a.c.RestClient - Updating player with editor: supervisor, playerId: 588026994, player: Player{age=null, gender='null', login='null', role='null', screenName='null'}
2025-08-10 20:08:17.453 [TestNG-test-Player Controller Tests-3] INFO  a.c.RestClient - HTTP PATCH /player/update/{editor}/{id}
Request method:	PATCH
Request URI:	http://3.68.165.45/player/update/supervisor/588026994
Proxy:			<none>
Request params:	<none>
Query params:	<none>
Form params:	<none>
Path params:	editor=supervisor
				id=588026994
Headers:		Accept=*/*
				Content-Type=application/json
Cookies:		<none>
Multiparts:		<none>
Body:
{
    "password": "6K55mu6TuXvz9j"
}
2025-08-10 20:08:17.531 [TestNG-test-Player Controller Tests-3] INFO  a.c.RestClient - HTTP PATCH /player/update/{editor}/{id} -> 200 (57 ms)
2025-08-10 20:08:17.531 [TestNG-test-Player Controller Tests-3] INFO  a.PlayerUpdateTest - Successfully updated player password
2025-08-10 20:08:17.531 [TestNG-test-Player Controller Tests-3] INFO  a.c.RestClient - Getting player with ID: 588026994
2025-08-10 20:08:17.531 [TestNG-test-Player Controller Tests-3] INFO  a.c.RestClient - HTTP POST /player/get
Request method:	POST
Request URI:	http://3.68.165.45/player/get
Proxy:			<none>
Request params:	<none>
Query params:	<none>
Form params:	<none>
Path params:	<none>
Headers:		Accept=*/*
				Content-Type=application/json
Cookies:		<none>
Multiparts:		<none>
Body:
{
    "playerId": 588026994
}
2025-08-10 20:08:18.231 [TestNG-test-Player Controller Tests-1] INFO  a.c.RestClient - HTTP POST /player/get -> 200 (10063 ms)
HTTP/1.1 200 
Content-Type: application/json
Transfer-Encoding: chunked
Date: Sun, 10 Aug 2025 17:08:27 GMT
Keep-Alive: timeout=60
Connection: keep-alive

{
    "id": 705423168,
    "login": "burt.abshire",
    "password": "ar0TP3uje",
    "screenName": "bc240fe2",
    "gender": "female",
    "age": 47,
    "role": "user"
}
]]></system-out>
  </testcase>
  <testcase name="testUpdatePlayerGender" classname="api.PlayerUpdateTest" time="0.816">
    <system-out><![CDATA[2025-08-10 20:08:18.238 [TestNG-test-Player Controller Tests-1] INFO  a.PlayerUpdateTest - Cleaning up 2 created players
2025-08-10 20:08:18.238 [TestNG-test-Player Controller Tests-1] INFO  a.c.RestClient - Deleting player with editor: supervisor, playerId: 588026994
2025-08-10 20:08:18.238 [TestNG-test-Player Controller Tests-1] INFO  a.c.RestClient - HTTP DELETE /player/delete/{editor}
Request method:	DELETE
Request URI:	http://3.68.165.45/player/delete/supervisor
Proxy:			<none>
Request params:	<none>
Query params:	<none>
Form params:	<none>
Path params:	editor=supervisor
Headers:		Accept=*/*
				Content-Type=application/json
Cookies:		<none>
Multiparts:		<none>
Body:
{
    "playerId": 588026994
}
2025-08-10 20:08:18.265 [TestNG-test-Player Controller Tests-2] INFO  a.c.RestClient - HTTP POST /player/get -> 200 (10058 ms)
HTTP/1.1 200 
Content-Type: application/json
Transfer-Encoding: chunked
Date: Sun, 10 Aug 2025 17:08:27 GMT
Keep-Alive: timeout=60
Connection: keep-alive

{
    "id": 705423168,
    "login": "burt.abshire",
    "password": "ar0TP3uje",
    "screenName": "bc240fe2",
    "gender": "female",
    "age": 47,
    "role": "user"
}
2025-08-10 20:08:18.265 [TestNG-test-Player Controller Tests-2] INFO  a.PlayerUpdateTest - Successfully verified field update: gender = female
]]></system-out>
  </testcase>
  <testcase name="testUpdatePlayerPassword" classname="api.PlayerUpdateTest" time="9.039">
    <system-out><![CDATA[2025-08-10 20:08:18.274 [TestNG-test-Player Controller Tests-2] INFO  a.PlayerUpdateTest - Cleaning up 2 created players
2025-08-10 20:08:18.274 [TestNG-test-Player Controller Tests-2] INFO  a.c.RestClient - Deleting player with editor: supervisor, playerId: 588026994
2025-08-10 20:08:18.274 [TestNG-test-Player Controller Tests-2] INFO  a.c.RestClient - HTTP DELETE /player/delete/{editor}
Request method:	DELETE
Request URI:	http://3.68.165.45/player/delete/supervisor
Proxy:			<none>
Request params:	<none>
Query params:	<none>
Form params:	<none>
Path params:	editor=supervisor
Headers:		Accept=*/*
				Content-Type=application/json
Cookies:		<none>
Multiparts:		<none>
Body:
{
    "playerId": 588026994
}
2025-08-10 20:08:18.311 [TestNG-test-Player Controller Tests-1] INFO  a.c.RestClient - HTTP DELETE /player/delete/{editor} -> 204 (59 ms)
HTTP/1.1 204 
Date: Sun, 10 Aug 2025 17:08:27 GMT
Keep-Alive: timeout=60
Connection: keep-alive
2025-08-10 20:08:18.311 [TestNG-test-Player Controller Tests-1] INFO  a.PlayerUpdateTest - Cleaned up player with ID: 588026994
2025-08-10 20:08:18.311 [TestNG-test-Player Controller Tests-1] INFO  a.c.RestClient - Deleting player with editor: supervisor, playerId: 588026994
2025-08-10 20:08:18.312 [TestNG-test-Player Controller Tests-1] INFO  a.c.RestClient - HTTP DELETE /player/delete/{editor}
Request method:	DELETE
Request URI:	http://3.68.165.45/player/delete/supervisor
Proxy:			<none>
Request params:	<none>
Query params:	<none>
Form params:	<none>
Path params:	editor=supervisor
Headers:		Accept=*/*
				Content-Type=application/json
Cookies:		<none>
Multiparts:		<none>
Body:
{
    "playerId": 588026994
}
2025-08-10 20:08:18.351 [TestNG-test-Player Controller Tests-2] INFO  a.c.RestClient - HTTP DELETE /player/delete/{editor} -> 403 (57 ms)
HTTP/1.1 403 
Content-Length: 0
Date: Sun, 10 Aug 2025 17:08:27 GMT
Keep-Alive: timeout=60
Connection: keep-alive
2025-08-10 20:08:18.351 [TestNG-test-Player Controller Tests-2] INFO  a.PlayerUpdateTest - Cleaned up player with ID: 588026994
2025-08-10 20:08:18.351 [TestNG-test-Player Controller Tests-2] INFO  a.c.RestClient - Deleting player with editor: supervisor, playerId: 588026994
2025-08-10 20:08:18.352 [TestNG-test-Player Controller Tests-2] INFO  a.c.RestClient - HTTP DELETE /player/delete/{editor}
Request method:	DELETE
Request URI:	http://3.68.165.45/player/delete/supervisor
Proxy:			<none>
Request params:	<none>
Query params:	<none>
Form params:	<none>
Path params:	editor=supervisor
Headers:		Accept=*/*
				Content-Type=application/json
Cookies:		<none>
Multiparts:		<none>
Body:
{
    "playerId": 588026994
}
2025-08-10 20:08:18.382 [TestNG-test-Player Controller Tests-1] INFO  a.c.RestClient - HTTP DELETE /player/delete/{editor} -> 403 (55 ms)
HTTP/1.1 403 
Content-Length: 0
Date: Sun, 10 Aug 2025 17:08:27 GMT
Keep-Alive: timeout=60
Connection: keep-alive
2025-08-10 20:08:18.382 [TestNG-test-Player Controller Tests-1] INFO  a.PlayerUpdateTest - Cleaned up player with ID: 588026994
2025-08-10 20:08:18.391 [TestNG-test-Player Controller Tests-1] INFO  a.PlayerUpdateTest - Setting up PlayerUpdateTest
2025-08-10 20:08:18.391 [TestNG-test-Player Controller Tests-1] INFO  a.c.RestClient - Initializing RestClient with baseUri=http://3.68.165.45, contentType=application/json
2025-08-10 20:08:18.392 [TestNG-test-Player Controller Tests-1] INFO  a.c.RestClient - Creating player with editor: supervisor, player: Player{age=22, gender='female', login='nida.emmerich', role='user', screenName='89ab6628'}
2025-08-10 20:08:18.392 [TestNG-test-Player Controller Tests-1] INFO  a.c.RestClient - HTTP GET /player/create/{editor}
Request method:	GET
Request URI:	http://3.68.165.45/player/create/supervisor?password=UG2CFQD21ZBK&role=user&gender=female&screenName=89ab6628&login=nida.emmerich&age=22
Proxy:			<none>
Request params:	<none>
Query params:	password=UG2CFQD21ZBK
				role=user
				gender=female
				screenName=89ab6628
				login=nida.emmerich
				age=22
Form params:	<none>
Path params:	editor=supervisor
Headers:		Accept=*/*
				Content-Type=application/json
Cookies:		<none>
Multiparts:		<none>
Body:			<none>
2025-08-10 20:08:18.427 [TestNG-test-Player Controller Tests-2] INFO  a.c.RestClient - HTTP DELETE /player/delete/{editor} -> 403 (59 ms)
HTTP/1.1 403 
Content-Length: 0
Date: Sun, 10 Aug 2025 17:08:27 GMT
Keep-Alive: timeout=60
Connection: keep-alive
2025-08-10 20:08:18.427 [TestNG-test-Player Controller Tests-2] INFO  a.PlayerUpdateTest - Cleaned up player with ID: 588026994
2025-08-10 20:08:18.436 [TestNG-test-Player Controller Tests-2] INFO  a.PlayerUpdateTest - Setting up PlayerUpdateTest
2025-08-10 20:08:18.437 [TestNG-test-Player Controller Tests-2] INFO  a.c.RestClient - Initializing RestClient with baseUri=http://3.68.165.45, contentType=application/json
2025-08-10 20:08:18.438 [TestNG-test-Player Controller Tests-2] INFO  a.c.RestClient - Creating player with editor: supervisor, player: Player{age=21, gender='female', login='mana.zemlak', role='user', screenName='de2d1a83'}
2025-08-10 20:08:18.438 [TestNG-test-Player Controller Tests-2] INFO  a.c.RestClient - HTTP GET /player/create/{editor}
Request method:	GET
Request URI:	http://3.68.165.45/player/create/supervisor?password=r5fMbni&role=user&gender=female&screenName=de2d1a83&login=mana.zemlak&age=21
Proxy:			<none>
Request params:	<none>
Query params:	password=r5fMbni
				role=user
				gender=female
				screenName=de2d1a83
				login=mana.zemlak
				age=21
Form params:	<none>
Path params:	editor=supervisor
Headers:		Accept=*/*
				Content-Type=application/json
Cookies:		<none>
Multiparts:		<none>
Body:			<none>
2025-08-10 20:08:18.488 [TestNG-test-Player Controller Tests-1] INFO  a.c.RestClient - HTTP GET /player/create/{editor} -> 200 (75 ms)
HTTP/1.1 200 
Content-Type: application/json
Transfer-Encoding: chunked
Date: Sun, 10 Aug 2025 17:08:27 GMT
Keep-Alive: timeout=60
Connection: keep-alive

{
    "id": 677419554,
    "login": "nida.emmerich",
    "password": null,
    "screenName": null,
    "gender": null,
    "age": null,
    "role": null
}
2025-08-10 20:08:18.490 [TestNG-test-Player Controller Tests-1] INFO  a.PlayerUpdateTest - Created test player with ID: 677419554
2025-08-10 20:08:18.510 [TestNG-test-Player Controller Tests-1] INFO  a.PlayerUpdateTest - Testing update player screenName
2025-08-10 20:08:18.510 [TestNG-test-Player Controller Tests-1] INFO  a.c.RestClient - Updating player with editor: supervisor, playerId: 677419554, player: Player{age=null, gender='null', login='null', role='null', screenName='bf7ed155'}
2025-08-10 20:08:18.510 [TestNG-test-Player Controller Tests-1] INFO  a.c.RestClient - HTTP PATCH /player/update/{editor}/{id}
Request method:	PATCH
Request URI:	http://3.68.165.45/player/update/supervisor/677419554
Proxy:			<none>
Request params:	<none>
Query params:	<none>
Form params:	<none>
Path params:	editor=supervisor
				id=677419554
Headers:		Accept=*/*
				Content-Type=application/json
Cookies:		<none>
Multiparts:		<none>
Body:
{
    "screenName": "bf7ed155"
}
2025-08-10 20:08:18.565 [TestNG-test-Player Controller Tests-2] INFO  a.c.RestClient - HTTP GET /player/create/{editor} -> 200 (65 ms)
HTTP/1.1 200 
Content-Type: application/json
Transfer-Encoding: chunked
Date: Sun, 10 Aug 2025 17:08:27 GMT
Keep-Alive: timeout=60
Connection: keep-alive

{
    "id": 1908382253,
    "login": "mana.zemlak",
    "password": null,
    "screenName": null,
    "gender": null,
    "age": null,
    "role": null
}
2025-08-10 20:08:18.565 [TestNG-test-Player Controller Tests-2] INFO  a.PlayerUpdateTest - Created test player with ID: 1908382253
2025-08-10 20:08:18.576 [TestNG-test-Player Controller Tests-2] INFO  a.PlayerUpdateTest - Testing update player with admin editor
2025-08-10 20:08:18.577 [TestNG-test-Player Controller Tests-2] INFO  a.c.RestClient - Updating player with editor: admin, playerId: 1908382253, player: Player{age=40, gender='null', login='null', role='null', screenName='null'}
2025-08-10 20:08:18.577 [TestNG-test-Player Controller Tests-2] INFO  a.c.RestClient - HTTP PATCH /player/update/{editor}/{id}
Request method:	PATCH
Request URI:	http://3.68.165.45/player/update/admin/1908382253
Proxy:			<none>
Request params:	<none>
Query params:	<none>
Form params:	<none>
Path params:	editor=admin
				id=1908382253
Headers:		Accept=*/*
				Content-Type=application/json
Cookies:		<none>
Multiparts:		<none>
Body:
{
    "age": 40
}
2025-08-10 20:08:18.597 [TestNG-test-Player Controller Tests-1] INFO  a.c.RestClient - HTTP PATCH /player/update/{editor}/{id} -> 200 (56 ms)
2025-08-10 20:08:18.597 [TestNG-test-Player Controller Tests-1] INFO  a.PlayerUpdateTest - Successfully updated player screenName
2025-08-10 20:08:18.598 [TestNG-test-Player Controller Tests-1] INFO  a.c.RestClient - Getting player with ID: 1908382253
2025-08-10 20:08:18.598 [TestNG-test-Player Controller Tests-1] INFO  a.c.RestClient - HTTP POST /player/get
Request method:	POST
Request URI:	http://3.68.165.45/player/get
Proxy:			<none>
Request params:	<none>
Query params:	<none>
Form params:	<none>
Path params:	<none>
Headers:		Accept=*/*
				Content-Type=application/json
Cookies:		<none>
Multiparts:		<none>
Body:
{
    "playerId": 1908382253
}
2025-08-10 20:08:18.664 [TestNG-test-Player Controller Tests-2] INFO  a.c.RestClient - HTTP PATCH /player/update/{editor}/{id} -> 200 (59 ms)
2025-08-10 20:08:18.665 [TestNG-test-Player Controller Tests-2] INFO  a.PlayerUpdateTest - Successfully updated player using admin editor
2025-08-10 20:08:18.665 [TestNG-test-Player Controller Tests-2] INFO  a.c.RestClient - Getting player with ID: 1908382253
2025-08-10 20:08:18.665 [TestNG-test-Player Controller Tests-2] INFO  a.c.RestClient - HTTP POST /player/get
Request method:	POST
Request URI:	http://3.68.165.45/player/get
Proxy:			<none>
Request params:	<none>
Query params:	<none>
Form params:	<none>
Path params:	<none>
Headers:		Accept=*/*
				Content-Type=application/json
Cookies:		<none>
Multiparts:		<none>
Body:
{
    "playerId": 1908382253
}
2025-08-10 20:08:27.617 [TestNG-test-Player Controller Tests-3] INFO  a.c.RestClient - HTTP POST /player/get -> 200 (10063 ms)
HTTP/1.1 200 
Content-Type: application/json
Transfer-Encoding: chunked
Date: Sun, 10 Aug 2025 17:08:36 GMT
Keep-Alive: timeout=60
Connection: keep-alive

{
    "id": 588026994,
    "login": "asley.klocko",
    "password": "6K55mu6TuXvz9j",
    "screenName": "f8bb2d14",
    "gender": "male",
    "age": 37,
    "role": "user"
}
2025-08-10 20:08:27.617 [TestNG-test-Player Controller Tests-3] INFO  a.PlayerUpdateTest - Successfully verified field update: password = 6K55mu6TuXvz9j
]]></system-out>
  </testcase>
  <testcase name="testUpdatePlayerWithInvalidAge" classname="api.PlayerUpdateTest" time="0.087">
    <failure message="Expected HTTP status code 403, but was 200 expected [403] but found [200]" type="java.lang.AssertionError"><![CDATA[java.lang.AssertionError: Expected HTTP status code 403, but was 200 expected [403] but found [200]
	at org.testng.Assert.fail(Assert.java:111)
	at org.testng.Assert.failNotEquals(Assert.java:1578)
	at org.testng.Assert.assertEqualsImpl(Assert.java:150)
	at org.testng.Assert.assertEquals(Assert.java:132)
	at org.testng.Assert.assertEquals(Assert.java:1419)
	at org.testng.Assert.assertEquals(Assert.java:1383)
	at api.client.ResponseWrapper.expectingStatusCode(ResponseWrapper.java:49)
	at api.PlayerUpdateTest.assertUpdatePlayerWithValidationError(PlayerUpdateTest.java:301)
	at api.PlayerUpdateTest.testUpdatePlayerWithInvalidAge(PlayerUpdateTest.java:172)
	at java.base/jdk.internal.reflect.DirectMethodHandleAccessor.invoke(DirectMethodHandleAccessor.java:104)
	at java.base/java.lang.reflect.Method.invoke(Method.java:577)
	at org.testng.internal.invokers.MethodInvocationHelper.invokeMethod(MethodInvocationHelper.java:139)
	at org.testng.internal.invokers.TestInvoker.invokeMethod(TestInvoker.java:664)
	at org.testng.internal.invokers.TestInvoker.invokeTestMethod(TestInvoker.java:228)
	at org.testng.internal.invokers.MethodRunner.runInSequence(MethodRunner.java:63)
	at org.testng.internal.invokers.TestInvoker$MethodInvocationAgent.invoke(TestInvoker.java:961)
	at org.testng.internal.invokers.TestInvoker.invokeTestMethods(TestInvoker.java:201)
	at org.testng.internal.invokers.TestMethodWorker.invokeTestMethods(TestMethodWorker.java:148)
	at org.testng.internal.invokers.TestMethodWorker.run(TestMethodWorker.java:128)
	at java.base/java.util.concurrent.Executors$RunnableAdapter.call(Executors.java:539)
	at java.base/java.util.concurrent.FutureTask.run(FutureTask.java:264)
	at org.testng.internal.thread.graph.TestNGFutureTask.run(TestNGFutureTask.java:22)
	at java.base/java.util.concurrent.ThreadPoolExecutor.runWorker(ThreadPoolExecutor.java:1136)
	at java.base/java.util.concurrent.ThreadPoolExecutor$Worker.run(ThreadPoolExecutor.java:635)
	at java.base/java.lang.Thread.run(Thread.java:833)
]]></failure>
    <system-out><![CDATA[2025-08-10 20:08:27.627 [TestNG-test-Player Controller Tests-3] INFO  a.PlayerUpdateTest - Cleaning up 4 created players
2025-08-10 20:08:27.628 [TestNG-test-Player Controller Tests-3] INFO  a.c.RestClient - Deleting player with editor: supervisor, playerId: 677419554
2025-08-10 20:08:27.628 [TestNG-test-Player Controller Tests-3] INFO  a.c.RestClient - HTTP DELETE /player/delete/{editor}
Request method:	DELETE
Request URI:	http://3.68.165.45/player/delete/supervisor
Proxy:			<none>
Request params:	<none>
Query params:	<none>
Form params:	<none>
Path params:	editor=supervisor
Headers:		Accept=*/*
				Content-Type=application/json
Cookies:		<none>
Multiparts:		<none>
Body:
{
    "playerId": 677419554
}
2025-08-10 20:08:27.703 [TestNG-test-Player Controller Tests-3] INFO  a.c.RestClient - HTTP DELETE /player/delete/{editor} -> 204 (56 ms)
HTTP/1.1 204 
Date: Sun, 10 Aug 2025 17:08:36 GMT
Keep-Alive: timeout=60
Connection: keep-alive
2025-08-10 20:08:27.703 [TestNG-test-Player Controller Tests-3] INFO  a.PlayerUpdateTest - Cleaned up player with ID: 677419554
2025-08-10 20:08:27.703 [TestNG-test-Player Controller Tests-3] INFO  a.c.RestClient - Deleting player with editor: supervisor, playerId: 677419554
2025-08-10 20:08:27.704 [TestNG-test-Player Controller Tests-3] INFO  a.c.RestClient - HTTP DELETE /player/delete/{editor}
Request method:	DELETE
Request URI:	http://3.68.165.45/player/delete/supervisor
Proxy:			<none>
Request params:	<none>
Query params:	<none>
Form params:	<none>
Path params:	editor=supervisor
Headers:		Accept=*/*
				Content-Type=application/json
Cookies:		<none>
Multiparts:		<none>
Body:
{
    "playerId": 677419554
}
2025-08-10 20:08:27.785 [TestNG-test-Player Controller Tests-3] INFO  a.c.RestClient - HTTP DELETE /player/delete/{editor} -> 403 (63 ms)
HTTP/1.1 403 
Content-Length: 0
Date: Sun, 10 Aug 2025 17:08:36 GMT
Keep-Alive: timeout=60
Connection: keep-alive
2025-08-10 20:08:27.786 [TestNG-test-Player Controller Tests-3] INFO  a.PlayerUpdateTest - Cleaned up player with ID: 677419554
2025-08-10 20:08:27.786 [TestNG-test-Player Controller Tests-3] INFO  a.c.RestClient - Deleting player with editor: supervisor, playerId: 1908382253
2025-08-10 20:08:27.786 [TestNG-test-Player Controller Tests-3] INFO  a.c.RestClient - HTTP DELETE /player/delete/{editor}
Request method:	DELETE
Request URI:	http://3.68.165.45/player/delete/supervisor
Proxy:			<none>
Request params:	<none>
Query params:	<none>
Form params:	<none>
Path params:	editor=supervisor
Headers:		Accept=*/*
				Content-Type=application/json
Cookies:		<none>
Multiparts:		<none>
Body:
{
    "playerId": 1908382253
}
2025-08-10 20:08:27.862 [TestNG-test-Player Controller Tests-3] INFO  a.c.RestClient - HTTP DELETE /player/delete/{editor} -> 204 (59 ms)
HTTP/1.1 204 
Date: Sun, 10 Aug 2025 17:08:36 GMT
Keep-Alive: timeout=60
Connection: keep-alive
2025-08-10 20:08:27.862 [TestNG-test-Player Controller Tests-3] INFO  a.PlayerUpdateTest - Cleaned up player with ID: 1908382253
2025-08-10 20:08:27.862 [TestNG-test-Player Controller Tests-3] INFO  a.c.RestClient - Deleting player with editor: supervisor, playerId: 1908382253
2025-08-10 20:08:27.863 [TestNG-test-Player Controller Tests-3] INFO  a.c.RestClient - HTTP DELETE /player/delete/{editor}
Request method:	DELETE
Request URI:	http://3.68.165.45/player/delete/supervisor
Proxy:			<none>
Request params:	<none>
Query params:	<none>
Form params:	<none>
Path params:	editor=supervisor
Headers:		Accept=*/*
				Content-Type=application/json
Cookies:		<none>
Multiparts:		<none>
Body:
{
    "playerId": 1908382253
}
2025-08-10 20:08:27.938 [TestNG-test-Player Controller Tests-3] INFO  a.c.RestClient - HTTP DELETE /player/delete/{editor} -> 403 (55 ms)
HTTP/1.1 403 
Content-Length: 0
Date: Sun, 10 Aug 2025 17:08:36 GMT
Keep-Alive: timeout=60
Connection: keep-alive
2025-08-10 20:08:27.938 [TestNG-test-Player Controller Tests-3] INFO  a.PlayerUpdateTest - Cleaned up player with ID: 1908382253
2025-08-10 20:08:27.946 [TestNG-test-Player Controller Tests-3] INFO  a.PlayerUpdateTest - Setting up PlayerUpdateTest
2025-08-10 20:08:27.946 [TestNG-test-Player Controller Tests-3] INFO  a.c.RestClient - Initializing RestClient with baseUri=http://3.68.165.45, contentType=application/json
2025-08-10 20:08:27.948 [TestNG-test-Player Controller Tests-3] INFO  a.c.RestClient - Creating player with editor: supervisor, player: Player{age=54, gender='male', login='alton.cruickshank', role='user', screenName='4cbd955a'}
2025-08-10 20:08:27.948 [TestNG-test-Player Controller Tests-3] INFO  a.c.RestClient - HTTP GET /player/create/{editor}
Request method:	GET
Request URI:	http://3.68.165.45/player/create/supervisor?password=o8DkLY7geo2Rh9&role=user&gender=male&screenName=4cbd955a&login=alton.cruickshank&age=54
Proxy:			<none>
Request params:	<none>
Query params:	password=o8DkLY7geo2Rh9
				role=user
				gender=male
				screenName=4cbd955a
				login=alton.cruickshank
				age=54
Form params:	<none>
Path params:	editor=supervisor
Headers:		Accept=*/*
				Content-Type=application/json
Cookies:		<none>
Multiparts:		<none>
Body:			<none>
2025-08-10 20:08:28.026 [TestNG-test-Player Controller Tests-3] INFO  a.c.RestClient - HTTP GET /player/create/{editor} -> 200 (56 ms)
HTTP/1.1 200 
Content-Type: application/json
Transfer-Encoding: chunked
Date: Sun, 10 Aug 2025 17:08:36 GMT
Keep-Alive: timeout=60
Connection: keep-alive

{
    "id": 190347330,
    "login": "alton.cruickshank",
    "password": null,
    "screenName": null,
    "gender": null,
    "age": null,
    "role": null
}
2025-08-10 20:08:28.026 [TestNG-test-Player Controller Tests-3] INFO  a.PlayerUpdateTest - Created test player with ID: 190347330
2025-08-10 20:08:28.036 [TestNG-test-Player Controller Tests-3] INFO  a.PlayerUpdateTest - Testing update player with invalid age
2025-08-10 20:08:28.036 [TestNG-test-Player Controller Tests-3] INFO  a.c.RestClient - Updating player with editor: supervisor, playerId: 190347330, player: Player{age=15, gender='null', login='null', role='null', screenName='null'}
2025-08-10 20:08:28.036 [TestNG-test-Player Controller Tests-3] INFO  a.c.RestClient - HTTP PATCH /player/update/{editor}/{id}
Request method:	PATCH
Request URI:	http://3.68.165.45/player/update/supervisor/190347330
Proxy:			<none>
Request params:	<none>
Query params:	<none>
Form params:	<none>
Path params:	editor=supervisor
				id=190347330
Headers:		Accept=*/*
				Content-Type=application/json
Cookies:		<none>
Multiparts:		<none>
Body:
{
    "age": 15
}
2025-08-10 20:08:28.121 [TestNG-test-Player Controller Tests-3] INFO  a.c.RestClient - HTTP PATCH /player/update/{editor}/{id} -> 200 (60 ms)
]]></system-out>
  </testcase>
  <testcase name="testUpdatePlayerWithInvalidGender" classname="api.PlayerUpdateTest" time="0.08">
    <failure message="Expected HTTP status code 400, but was 200 expected [400] but found [200]" type="java.lang.AssertionError"><![CDATA[java.lang.AssertionError: Expected HTTP status code 400, but was 200 expected [400] but found [200]
	at org.testng.Assert.fail(Assert.java:111)
	at org.testng.Assert.failNotEquals(Assert.java:1578)
	at org.testng.Assert.assertEqualsImpl(Assert.java:150)
	at org.testng.Assert.assertEquals(Assert.java:132)
	at org.testng.Assert.assertEquals(Assert.java:1419)
	at org.testng.Assert.assertEquals(Assert.java:1383)
	at api.client.ResponseWrapper.expectingStatusCode(ResponseWrapper.java:49)
	at api.PlayerUpdateTest.assertUpdatePlayerWithValidationError(PlayerUpdateTest.java:301)
	at api.PlayerUpdateTest.testUpdatePlayerWithInvalidGender(PlayerUpdateTest.java:182)
	at java.base/jdk.internal.reflect.DirectMethodHandleAccessor.invoke(DirectMethodHandleAccessor.java:104)
	at java.base/java.lang.reflect.Method.invoke(Method.java:577)
	at org.testng.internal.invokers.MethodInvocationHelper.invokeMethod(MethodInvocationHelper.java:139)
	at org.testng.internal.invokers.TestInvoker.invokeMethod(TestInvoker.java:664)
	at org.testng.internal.invokers.TestInvoker.invokeTestMethod(TestInvoker.java:228)
	at org.testng.internal.invokers.MethodRunner.runInSequence(MethodRunner.java:63)
	at org.testng.internal.invokers.TestInvoker$MethodInvocationAgent.invoke(TestInvoker.java:961)
	at org.testng.internal.invokers.TestInvoker.invokeTestMethods(TestInvoker.java:201)
	at org.testng.internal.invokers.TestMethodWorker.invokeTestMethods(TestMethodWorker.java:148)
	at org.testng.internal.invokers.TestMethodWorker.run(TestMethodWorker.java:128)
	at java.base/java.util.concurrent.Executors$RunnableAdapter.call(Executors.java:539)
	at java.base/java.util.concurrent.FutureTask.run(FutureTask.java:264)
	at org.testng.internal.thread.graph.TestNGFutureTask.run(TestNGFutureTask.java:22)
	at java.base/java.util.concurrent.ThreadPoolExecutor.runWorker(ThreadPoolExecutor.java:1136)
	at java.base/java.util.concurrent.ThreadPoolExecutor$Worker.run(ThreadPoolExecutor.java:635)
	at java.base/java.lang.Thread.run(Thread.java:833)
]]></failure>
    <system-out><![CDATA[2025-08-10 20:08:28.129 [TestNG-test-Player Controller Tests-3] INFO  a.PlayerUpdateTest - Cleaning up 2 created players
2025-08-10 20:08:28.129 [TestNG-test-Player Controller Tests-3] INFO  a.c.RestClient - Deleting player with editor: supervisor, playerId: 190347330
2025-08-10 20:08:28.129 [TestNG-test-Player Controller Tests-3] INFO  a.c.RestClient - HTTP DELETE /player/delete/{editor}
Request method:	DELETE
Request URI:	http://3.68.165.45/player/delete/supervisor
Proxy:			<none>
Request params:	<none>
Query params:	<none>
Form params:	<none>
Path params:	editor=supervisor
Headers:		Accept=*/*
				Content-Type=application/json
Cookies:		<none>
Multiparts:		<none>
Body:
{
    "playerId": 190347330
}
2025-08-10 20:08:28.210 [TestNG-test-Player Controller Tests-3] INFO  a.c.RestClient - HTTP DELETE /player/delete/{editor} -> 204 (60 ms)
HTTP/1.1 204 
Date: Sun, 10 Aug 2025 17:08:36 GMT
Keep-Alive: timeout=60
Connection: keep-alive
2025-08-10 20:08:28.210 [TestNG-test-Player Controller Tests-3] INFO  a.PlayerUpdateTest - Cleaned up player with ID: 190347330
2025-08-10 20:08:28.211 [TestNG-test-Player Controller Tests-3] INFO  a.c.RestClient - Deleting player with editor: supervisor, playerId: 190347330
2025-08-10 20:08:28.211 [TestNG-test-Player Controller Tests-3] INFO  a.c.RestClient - HTTP DELETE /player/delete/{editor}
Request method:	DELETE
Request URI:	http://3.68.165.45/player/delete/supervisor
Proxy:			<none>
Request params:	<none>
Query params:	<none>
Form params:	<none>
Path params:	editor=supervisor
Headers:		Accept=*/*
				Content-Type=application/json
Cookies:		<none>
Multiparts:		<none>
Body:
{
    "playerId": 190347330
}
2025-08-10 20:08:28.290 [TestNG-test-Player Controller Tests-3] INFO  a.c.RestClient - HTTP DELETE /player/delete/{editor} -> 403 (62 ms)
HTTP/1.1 403 
Content-Length: 0
Date: Sun, 10 Aug 2025 17:08:36 GMT
Keep-Alive: timeout=60
Connection: keep-alive
2025-08-10 20:08:28.290 [TestNG-test-Player Controller Tests-3] INFO  a.PlayerUpdateTest - Cleaned up player with ID: 190347330
2025-08-10 20:08:28.297 [TestNG-test-Player Controller Tests-3] INFO  a.PlayerUpdateTest - Setting up PlayerUpdateTest
2025-08-10 20:08:28.297 [TestNG-test-Player Controller Tests-3] INFO  a.c.RestClient - Initializing RestClient with baseUri=http://3.68.165.45, contentType=application/json
2025-08-10 20:08:28.297 [TestNG-test-Player Controller Tests-3] INFO  a.c.RestClient - Creating player with editor: supervisor, player: Player{age=39, gender='female', login='florencio.kemmer', role='user', screenName='467aaba3'}
2025-08-10 20:08:28.298 [TestNG-test-Player Controller Tests-3] INFO  a.c.RestClient - HTTP GET /player/create/{editor}
Request method:	GET
Request URI:	http://3.68.165.45/player/create/supervisor?password=W95J69Gq47i4Pf&role=user&gender=female&screenName=467aaba3&login=florencio.kemmer&age=39
Proxy:			<none>
Request params:	<none>
Query params:	password=W95J69Gq47i4Pf
				role=user
				gender=female
				screenName=467aaba3
				login=florencio.kemmer
				age=39
Form params:	<none>
Path params:	editor=supervisor
Headers:		Accept=*/*
				Content-Type=application/json
Cookies:		<none>
Multiparts:		<none>
Body:			<none>
2025-08-10 20:08:28.375 [TestNG-test-Player Controller Tests-3] INFO  a.c.RestClient - HTTP GET /player/create/{editor} -> 200 (61 ms)
HTTP/1.1 200 
Content-Type: application/json
Transfer-Encoding: chunked
Date: Sun, 10 Aug 2025 17:08:36 GMT
Keep-Alive: timeout=60
Connection: keep-alive

{
    "id": 129701419,
    "login": "florencio.kemmer",
    "password": null,
    "screenName": null,
    "gender": null,
    "age": null,
    "role": null
}
2025-08-10 20:08:28.375 [TestNG-test-Player Controller Tests-3] INFO  a.PlayerUpdateTest - Created test player with ID: 129701419
2025-08-10 20:08:28.381 [TestNG-test-Player Controller Tests-3] INFO  a.PlayerUpdateTest - Testing update player with invalid gender
2025-08-10 20:08:28.382 [TestNG-test-Player Controller Tests-3] INFO  a.c.RestClient - Updating player with editor: supervisor, playerId: 129701419, player: Player{age=null, gender='invalid_gender', login='null', role='null', screenName='null'}
2025-08-10 20:08:28.382 [TestNG-test-Player Controller Tests-3] INFO  a.c.RestClient - HTTP PATCH /player/update/{editor}/{id}
Request method:	PATCH
Request URI:	http://3.68.165.45/player/update/supervisor/129701419
Proxy:			<none>
Request params:	<none>
Query params:	<none>
Form params:	<none>
Path params:	editor=supervisor
				id=129701419
Headers:		Accept=*/*
				Content-Type=application/json
Cookies:		<none>
Multiparts:		<none>
Body:
{
    "gender": "invalid_gender"
}
2025-08-10 20:08:28.461 [TestNG-test-Player Controller Tests-3] INFO  a.c.RestClient - HTTP PATCH /player/update/{editor}/{id} -> 200 (62 ms)
]]></system-out>
  </testcase>
  <testcase name="testUpdatePlayerScreenName" classname="api.PlayerUpdateTest" time="0.307">
    <failure message="ScreenName should be updated correctly expected [bf7ed155] but found [de2d1a83]" type="java.lang.AssertionError"><![CDATA[java.lang.AssertionError: ScreenName should be updated correctly expected [bf7ed155] but found [de2d1a83]
	at org.testng.Assert.fail(Assert.java:111)
	at org.testng.Assert.failNotEquals(Assert.java:1578)
	at org.testng.Assert.assertEqualsImpl(Assert.java:150)
	at org.testng.Assert.assertEquals(Assert.java:132)
	at api.PlayerUpdateTest.verifyPlayerFieldUpdate(PlayerUpdateTest.java:289)
	at api.PlayerUpdateTest.testUpdatePlayerScreenName(PlayerUpdateTest.java:119)
	at java.base/jdk.internal.reflect.DirectMethodHandleAccessor.invoke(DirectMethodHandleAccessor.java:104)
	at java.base/java.lang.reflect.Method.invoke(Method.java:577)
	at org.testng.internal.invokers.MethodInvocationHelper.invokeMethod(MethodInvocationHelper.java:139)
	at org.testng.internal.invokers.TestInvoker.invokeMethod(TestInvoker.java:664)
	at org.testng.internal.invokers.TestInvoker.invokeTestMethod(TestInvoker.java:228)
	at org.testng.internal.invokers.MethodRunner.runInSequence(MethodRunner.java:63)
	at org.testng.internal.invokers.TestInvoker$MethodInvocationAgent.invoke(TestInvoker.java:961)
	at org.testng.internal.invokers.TestInvoker.invokeTestMethods(TestInvoker.java:201)
	at org.testng.internal.invokers.TestMethodWorker.invokeTestMethods(TestMethodWorker.java:148)
	at org.testng.internal.invokers.TestMethodWorker.run(TestMethodWorker.java:128)
	at java.base/java.util.concurrent.Executors$RunnableAdapter.call(Executors.java:539)
	at java.base/java.util.concurrent.FutureTask.run(FutureTask.java:264)
	at org.testng.internal.thread.graph.TestNGFutureTask.run(TestNGFutureTask.java:22)
	at java.base/java.util.concurrent.ThreadPoolExecutor.runWorker(ThreadPoolExecutor.java:1136)
	at java.base/java.util.concurrent.ThreadPoolExecutor$Worker.run(ThreadPoolExecutor.java:635)
	at java.base/java.lang.Thread.run(Thread.java:833)
]]></failure>
    <system-out><![CDATA[2025-08-10 20:08:28.471 [TestNG-test-Player Controller Tests-3] INFO  a.PlayerUpdateTest - Cleaning up 2 created players
2025-08-10 20:08:28.472 [TestNG-test-Player Controller Tests-3] INFO  a.c.RestClient - Deleting player with editor: supervisor, playerId: 129701419
2025-08-10 20:08:28.472 [TestNG-test-Player Controller Tests-3] INFO  a.c.RestClient - HTTP DELETE /player/delete/{editor}
Request method:	DELETE
Request URI:	http://3.68.165.45/player/delete/supervisor
Proxy:			<none>
Request params:	<none>
Query params:	<none>
Form params:	<none>
Path params:	editor=supervisor
Headers:		Accept=*/*
				Content-Type=application/json
Cookies:		<none>
Multiparts:		<none>
Body:
{
    "playerId": 129701419
}
2025-08-10 20:08:28.551 [TestNG-test-Player Controller Tests-3] INFO  a.c.RestClient - HTTP DELETE /player/delete/{editor} -> 204 (61 ms)
HTTP/1.1 204 
Date: Sun, 10 Aug 2025 17:08:36 GMT
Keep-Alive: timeout=60
Connection: keep-alive
2025-08-10 20:08:28.551 [TestNG-test-Player Controller Tests-3] INFO  a.PlayerUpdateTest - Cleaned up player with ID: 129701419
2025-08-10 20:08:28.551 [TestNG-test-Player Controller Tests-3] INFO  a.c.RestClient - Deleting player with editor: supervisor, playerId: 129701419
2025-08-10 20:08:28.551 [TestNG-test-Player Controller Tests-3] INFO  a.c.RestClient - HTTP DELETE /player/delete/{editor}
Request method:	DELETE
Request URI:	http://3.68.165.45/player/delete/supervisor
Proxy:			<none>
Request params:	<none>
Query params:	<none>
Form params:	<none>
Path params:	editor=supervisor
Headers:		Accept=*/*
				Content-Type=application/json
Cookies:		<none>
Multiparts:		<none>
Body:
{
    "playerId": 129701419
}
2025-08-10 20:08:28.629 [TestNG-test-Player Controller Tests-3] INFO  a.c.RestClient - HTTP DELETE /player/delete/{editor} -> 403 (59 ms)
HTTP/1.1 403 
Content-Length: 0
Date: Sun, 10 Aug 2025 17:08:37 GMT
Keep-Alive: timeout=60
Connection: keep-alive
2025-08-10 20:08:28.629 [TestNG-test-Player Controller Tests-3] INFO  a.PlayerUpdateTest - Cleaned up player with ID: 129701419
2025-08-10 20:08:28.639 [TestNG-test-Player Controller Tests-3] INFO  a.PlayerUpdateTest - Setting up PlayerUpdateTest
2025-08-10 20:08:28.639 [TestNG-test-Player Controller Tests-3] INFO  a.c.RestClient - Initializing RestClient with baseUri=http://3.68.165.45, contentType=application/json
2025-08-10 20:08:28.640 [TestNG-test-Player Controller Tests-3] INFO  a.c.RestClient - Creating player with editor: supervisor, player: Player{age=16, gender='male', login='gerardo.ledner', role='user', screenName='b941b15c'}
2025-08-10 20:08:28.641 [TestNG-test-Player Controller Tests-3] INFO  a.c.RestClient - HTTP GET /player/create/{editor}
Request method:	GET
Request URI:	http://3.68.165.45/player/create/supervisor?password=0F7i5W77gz4xN3l&role=user&gender=male&screenName=b941b15c&login=gerardo.ledner&age=16
Proxy:			<none>
Request params:	<none>
Query params:	password=0F7i5W77gz4xN3l
				role=user
				gender=male
				screenName=b941b15c
				login=gerardo.ledner
				age=16
Form params:	<none>
Path params:	editor=supervisor
Headers:		Accept=*/*
				Content-Type=application/json
Cookies:		<none>
Multiparts:		<none>
Body:			<none>
2025-08-10 20:08:28.685 [TestNG-test-Player Controller Tests-1] INFO  a.c.RestClient - HTTP POST /player/get -> 200 (10061 ms)
HTTP/1.1 200 
Content-Type: application/json
Transfer-Encoding: chunked
Date: Sun, 10 Aug 2025 17:08:37 GMT
Keep-Alive: timeout=60
Connection: keep-alive

{
    "id": 1908382253,
    "login": "mana.zemlak",
    "password": "r5fMbni",
    "screenName": "de2d1a83",
    "gender": "female",
    "age": 40,
    "role": "user"
}
]]></system-out>
  </testcase>
  <testcase name="setUp" classname="api.PlayerUpdateTest" time="0.353">
    <failure message="User should be created. expected [200] but found [400]" type="java.lang.AssertionError"><![CDATA[java.lang.AssertionError: User should be created. expected [200] but found [400]
	at org.testng.Assert.fail(Assert.java:111)
	at org.testng.Assert.failNotEquals(Assert.java:1578)
	at org.testng.Assert.assertEqualsImpl(Assert.java:150)
	at org.testng.Assert.assertEquals(Assert.java:132)
	at org.testng.Assert.assertEquals(Assert.java:1419)
	at org.testng.Assert.assertEquals(Assert.java:1383)
	at api.PlayerUpdateTest.createAndVerifyPlayer(PlayerUpdateTest.java:258)
	at api.PlayerUpdateTest.setUp(PlayerUpdateTest.java:37)
	at java.base/jdk.internal.reflect.DirectMethodHandleAccessor.invoke(DirectMethodHandleAccessor.java:104)
	at java.base/java.lang.reflect.Method.invoke(Method.java:577)
	at org.testng.internal.invokers.MethodInvocationHelper.invokeMethod(MethodInvocationHelper.java:139)
	at org.testng.internal.invokers.MethodInvocationHelper.invokeMethodConsideringTimeout(MethodInvocationHelper.java:69)
	at org.testng.internal.invokers.ConfigInvoker.invokeConfigurationMethod(ConfigInvoker.java:393)
	at org.testng.internal.invokers.ConfigInvoker.invokeConfigurations(ConfigInvoker.java:326)
	at org.testng.internal.invokers.TestInvoker.runConfigMethods(TestInvoker.java:810)
	at org.testng.internal.invokers.TestInvoker.invokeMethod(TestInvoker.java:578)
	at org.testng.internal.invokers.TestInvoker.invokeTestMethod(TestInvoker.java:228)
	at org.testng.internal.invokers.MethodRunner.runInSequence(MethodRunner.java:63)
	at org.testng.internal.invokers.TestInvoker$MethodInvocationAgent.invoke(TestInvoker.java:961)
	at org.testng.internal.invokers.TestInvoker.invokeTestMethods(TestInvoker.java:201)
	at org.testng.internal.invokers.TestMethodWorker.invokeTestMethods(TestMethodWorker.java:148)
	at org.testng.internal.invokers.TestMethodWorker.run(TestMethodWorker.java:128)
	at java.base/java.util.concurrent.Executors$RunnableAdapter.call(Executors.java:539)
	at java.base/java.util.concurrent.FutureTask.run(FutureTask.java:264)
	at org.testng.internal.thread.graph.TestNGFutureTask.run(TestNGFutureTask.java:22)
	at java.base/java.util.concurrent.ThreadPoolExecutor.runWorker(ThreadPoolExecutor.java:1136)
	at java.base/java.util.concurrent.ThreadPoolExecutor$Worker.run(ThreadPoolExecutor.java:635)
	at java.base/java.lang.Thread.run(Thread.java:833)
]]></failure>
    <system-out><![CDATA[2025-08-10 20:08:28.697 [TestNG-test-Player Controller Tests-1] INFO  a.PlayerUpdateTest - Cleaning up 0 created players
2025-08-10 20:08:28.707 [TestNG-test-Player Controller Tests-1] INFO  a.PlayerUpdateTest - Setting up PlayerUpdateTest
2025-08-10 20:08:28.707 [TestNG-test-Player Controller Tests-1] INFO  a.c.RestClient - Initializing RestClient with baseUri=http://3.68.165.45, contentType=application/json
2025-08-10 20:08:28.708 [TestNG-test-Player Controller Tests-1] INFO  a.c.RestClient - Creating player with editor: supervisor, player: Player{age=16, gender='female', login='minerva.blick', role='user', screenName='bae4f3cc'}
2025-08-10 20:08:28.708 [TestNG-test-Player Controller Tests-1] INFO  a.c.RestClient - HTTP GET /player/create/{editor}
Request method:	GET
Request URI:	http://3.68.165.45/player/create/supervisor?password=zy7II13vadcl4c1&role=user&gender=female&screenName=bae4f3cc&login=minerva.blick&age=16
Proxy:			<none>
Request params:	<none>
Query params:	password=zy7II13vadcl4c1
				role=user
				gender=female
				screenName=bae4f3cc
				login=minerva.blick
				age=16
Form params:	<none>
Path params:	editor=supervisor
Headers:		Accept=*/*
				Content-Type=application/json
Cookies:		<none>
Multiparts:		<none>
Body:			<none>
2025-08-10 20:08:28.722 [TestNG-test-Player Controller Tests-3] INFO  a.c.RestClient - HTTP GET /player/create/{editor} -> 400 (61 ms)
HTTP/1.1 400 
Content-Length: 0
Date: Sun, 10 Aug 2025 17:08:37 GMT
Connection: close
]]></system-out>
  </testcase>
  <testcase name="setUp" classname="api.PlayerUpdateTest" time="0.0">
    <skipped/>
  </testcase>
  <testcase name="setUp" classname="api.PlayerUpdateTest" time="0.023">
    <failure message="User should be created. expected [200] but found [400]" type="java.lang.AssertionError"><![CDATA[java.lang.AssertionError: User should be created. expected [200] but found [400]
	at org.testng.Assert.fail(Assert.java:111)
	at org.testng.Assert.failNotEquals(Assert.java:1578)
	at org.testng.Assert.assertEqualsImpl(Assert.java:150)
	at org.testng.Assert.assertEquals(Assert.java:132)
	at org.testng.Assert.assertEquals(Assert.java:1419)
	at org.testng.Assert.assertEquals(Assert.java:1383)
	at api.PlayerUpdateTest.createAndVerifyPlayer(PlayerUpdateTest.java:258)
	at api.PlayerUpdateTest.setUp(PlayerUpdateTest.java:37)
	at java.base/jdk.internal.reflect.DirectMethodHandleAccessor.invoke(DirectMethodHandleAccessor.java:104)
	at java.base/java.lang.reflect.Method.invoke(Method.java:577)
	at org.testng.internal.invokers.MethodInvocationHelper.invokeMethod(MethodInvocationHelper.java:139)
	at org.testng.internal.invokers.MethodInvocationHelper.invokeMethodConsideringTimeout(MethodInvocationHelper.java:69)
	at org.testng.internal.invokers.ConfigInvoker.invokeConfigurationMethod(ConfigInvoker.java:393)
	at org.testng.internal.invokers.ConfigInvoker.invokeConfigurations(ConfigInvoker.java:326)
	at org.testng.internal.invokers.TestInvoker.runConfigMethods(TestInvoker.java:810)
	at org.testng.internal.invokers.TestInvoker.invokeMethod(TestInvoker.java:578)
	at org.testng.internal.invokers.TestInvoker.invokeTestMethod(TestInvoker.java:228)
	at org.testng.internal.invokers.MethodRunner.runInSequence(MethodRunner.java:63)
	at org.testng.internal.invokers.TestInvoker$MethodInvocationAgent.invoke(TestInvoker.java:961)
	at org.testng.internal.invokers.TestInvoker.invokeTestMethods(TestInvoker.java:201)
	at org.testng.internal.invokers.TestMethodWorker.invokeTestMethods(TestMethodWorker.java:148)
	at org.testng.internal.invokers.TestMethodWorker.run(TestMethodWorker.java:128)
	at java.base/java.util.concurrent.Executors$RunnableAdapter.call(Executors.java:539)
	at java.base/java.util.concurrent.FutureTask.run(FutureTask.java:264)
	at org.testng.internal.thread.graph.TestNGFutureTask.run(TestNGFutureTask.java:22)
	at java.base/java.util.concurrent.ThreadPoolExecutor.runWorker(ThreadPoolExecutor.java:1136)
	at java.base/java.util.concurrent.ThreadPoolExecutor$Worker.run(ThreadPoolExecutor.java:635)
	at java.base/java.lang.Thread.run(Thread.java:833)
]]></failure>
    <system-out><![CDATA[2025-08-10 20:08:28.783 [TestNG-test-Player Controller Tests-2] INFO  a.PlayerUpdateTest - Setting up PlayerUpdateTest
2025-08-10 20:08:28.783 [TestNG-test-Player Controller Tests-2] INFO  a.c.RestClient - Initializing RestClient with baseUri=http://3.68.165.45, contentType=application/json
2025-08-10 20:08:28.785 [TestNG-test-Player Controller Tests-2] INFO  a.c.RestClient - Creating player with editor: supervisor, player: Player{age=25, gender='female', login='israel.simonis', role='user', screenName='5bab2774'}
2025-08-10 20:08:28.785 [TestNG-test-Player Controller Tests-2] INFO  a.c.RestClient - HTTP GET /player/create/{editor}
Request method:	GET
Request URI:	http://3.68.165.45/player/create/supervisor?password=KfzOVQt3Q11zDxM&role=user&gender=female&screenName=5bab2774&login=israel.simonis&age=25
Proxy:			<none>
Request params:	<none>
Query params:	password=KfzOVQt3Q11zDxM
				role=user
				gender=female
				screenName=5bab2774
				login=israel.simonis
				age=25
Form params:	<none>
Path params:	editor=supervisor
Headers:		Accept=*/*
				Content-Type=application/json
Cookies:		<none>
Multiparts:		<none>
Body:			<none>
2025-08-10 20:08:28.802 [TestNG-test-Player Controller Tests-1] INFO  a.c.RestClient - HTTP GET /player/create/{editor} -> 400 (67 ms)
HTTP/1.1 400 
Content-Length: 0
Date: Sun, 10 Aug 2025 17:08:37 GMT
Connection: close
]]></system-out>
  </testcase>
  <testcase name="testUpdatePlayerWithInvalidPassword" classname="api.PlayerUpdateTest" time="0.0">
    <skipped message="User should be created. expected [200] but found [400]"/>
  </testcase>
  <testcase name="testUpdatePlayerWithAdminEditor" classname="api.PlayerUpdateTest" time="0.023">
    <system-out><![CDATA[2025-08-10 20:08:28.758 [TestNG-test-Player Controller Tests-2] INFO  a.c.RestClient - HTTP POST /player/get -> 200 (10070 ms)
HTTP/1.1 200 
Content-Type: application/json
Transfer-Encoding: chunked
Date: Sun, 10 Aug 2025 17:08:37 GMT
Keep-Alive: timeout=60
Connection: keep-alive

{
    "id": 1908382253,
    "login": "mana.zemlak",
    "password": "r5fMbni",
    "screenName": "de2d1a83",
    "gender": "female",
    "age": 40,
    "role": "user"
}
2025-08-10 20:08:28.758 [TestNG-test-Player Controller Tests-2] INFO  a.PlayerUpdateTest - Successfully verified field update: age = 40
]]></system-out>
  </testcase>
  <testcase name="tearDown" classname="api.PlayerUpdateTest" time="0.0">
    <skipped/>
  </testcase>
  <testcase name="tearDown" classname="api.PlayerUpdateTest" time="0.0">
    <skipped/>
  </testcase>
  <testcase name="tearDown" classname="api.PlayerUpdateTest" time="0.0">
    <skipped/>
  </testcase>
  <testcase name="tearDown" classname="api.PlayerUpdateTest" time="0.0">
    <skipped/>
  </testcase>
  <testcase name="testUserCanUpdateOwnProfile" classname="api.PlayerUpdateTest" time="0.0">
    <skipped message="User should be created. expected [200] but found [400]"/>
  </testcase>
  <testcase name="testUpdatePlayerWithNonExistentEditor" classname="api.PlayerUpdateTest" time="0.0">
    <skipped message="User should be created. expected [200] but found [400]"/>
    <system-out><![CDATA[2025-08-10 20:08:28.825 [TestNG-test-Player Controller Tests-3] INFO  a.PlayerUpdateTest - Setting up PlayerUpdateTest
2025-08-10 20:08:28.825 [TestNG-test-Player Controller Tests-3] INFO  a.c.RestClient - Initializing RestClient with baseUri=http://3.68.165.45, contentType=application/json
2025-08-10 20:08:28.825 [TestNG-test-Player Controller Tests-3] INFO  a.c.RestClient - Creating player with editor: supervisor, player: Player{age=36, gender='female', login='ahmed.ward', role='user', screenName='54f81b36'}
2025-08-10 20:08:28.825 [TestNG-test-Player Controller Tests-3] INFO  a.c.RestClient - HTTP GET /player/create/{editor}
Request method:	GET
Request URI:	http://3.68.165.45/player/create/supervisor?password=F2wZ8jK9g2Z&role=user&gender=female&screenName=54f81b36&login=ahmed.ward&age=36
Proxy:			<none>
Request params:	<none>
Query params:	password=F2wZ8jK9g2Z
				role=user
				gender=female
				screenName=54f81b36
				login=ahmed.ward
				age=36
Form params:	<none>
Path params:	editor=supervisor
Headers:		Accept=*/*
				Content-Type=application/json
Cookies:		<none>
Multiparts:		<none>
Body:			<none>
]]></system-out>
  </testcase>
  <testcase name="testUpdatePlayerWithUserEditor" classname="api.PlayerUserEditorNegativeTest" time="0.048">
    <failure message="Expected HTTP status code 403, but was 200 expected [403] but found [200]" type="java.lang.AssertionError"><![CDATA[java.lang.AssertionError: Expected HTTP status code 403, but was 200 expected [403] but found [200]
	at org.testng.Assert.fail(Assert.java:111)
	at org.testng.Assert.failNotEquals(Assert.java:1578)
	at org.testng.Assert.assertEqualsImpl(Assert.java:150)
	at org.testng.Assert.assertEquals(Assert.java:132)
	at org.testng.Assert.assertEquals(Assert.java:1419)
	at org.testng.Assert.assertEquals(Assert.java:1383)
	at api.client.ResponseWrapper.expectingStatusCode(ResponseWrapper.java:49)
	at api.PlayerUserEditorNegativeTest.assertUpdatePlayerWithAuthorizationError(PlayerUserEditorNegativeTest.java:107)
	at api.PlayerUserEditorNegativeTest.testUpdatePlayerWithUserEditor(PlayerUserEditorNegativeTest.java:72)
	at java.base/jdk.internal.reflect.DirectMethodHandleAccessor.invoke(DirectMethodHandleAccessor.java:104)
	at java.base/java.lang.reflect.Method.invoke(Method.java:577)
	at org.testng.internal.invokers.MethodInvocationHelper.invokeMethod(MethodInvocationHelper.java:139)
	at org.testng.internal.invokers.TestInvoker.invokeMethod(TestInvoker.java:664)
	at org.testng.internal.invokers.TestInvoker.invokeTestMethod(TestInvoker.java:228)
	at org.testng.internal.invokers.MethodRunner.runInSequence(MethodRunner.java:63)
	at org.testng.internal.invokers.TestInvoker$MethodInvocationAgent.invoke(TestInvoker.java:961)
	at org.testng.internal.invokers.TestInvoker.invokeTestMethods(TestInvoker.java:201)
	at org.testng.internal.invokers.TestMethodWorker.invokeTestMethods(TestMethodWorker.java:148)
	at org.testng.internal.invokers.TestMethodWorker.run(TestMethodWorker.java:128)
	at java.base/java.util.concurrent.Executors$RunnableAdapter.call(Executors.java:539)
	at java.base/java.util.concurrent.FutureTask.run(FutureTask.java:264)
	at org.testng.internal.thread.graph.TestNGFutureTask.run(TestNGFutureTask.java:22)
	at java.base/java.util.concurrent.ThreadPoolExecutor.runWorker(ThreadPoolExecutor.java:1136)
	at java.base/java.util.concurrent.ThreadPoolExecutor$Worker.run(ThreadPoolExecutor.java:635)
	at java.base/java.lang.Thread.run(Thread.java:833)
]]></failure>
    <system-out><![CDATA[2025-08-10 20:08:28.899 [TestNG-test-Player Controller Tests-2] INFO  a.c.RestClient - HTTP GET /player/create/{editor} -> 200 (78 ms)
HTTP/1.1 200 
Content-Type: application/json
Transfer-Encoding: chunked
Date: Sun, 10 Aug 2025 17:08:37 GMT
Keep-Alive: timeout=60
Connection: keep-alive

{
    "id": 1596451795,
    "login": "israel.simonis",
    "password": null,
    "screenName": null,
    "gender": null,
    "age": null,
    "role": null
}
2025-08-10 20:08:28.899 [TestNG-test-Player Controller Tests-2] INFO  a.PlayerUpdateTest - Created test player with ID: 1596451795
2025-08-10 20:08:28.901 [TestNG-test-Player Controller Tests-2] INFO  a.c.RestClient - Creating player with editor: supervisor, player: Player{age=54, gender='female', login='bunny.nader', role='user', screenName='74141c30'}
2025-08-10 20:08:28.901 [TestNG-test-Player Controller Tests-2] INFO  a.c.RestClient - HTTP GET /player/create/{editor}
Request method:	GET
Request URI:	http://3.68.165.45/player/create/supervisor?password=29P483D72Yq7ock&role=user&gender=female&screenName=74141c30&login=bunny.nader&age=54
Proxy:			<none>
Request params:	<none>
Query params:	password=29P483D72Yq7ock
				role=user
				gender=female
				screenName=74141c30
				login=bunny.nader
				age=54
Form params:	<none>
Path params:	editor=supervisor
Headers:		Accept=*/*
				Content-Type=application/json
Cookies:		<none>
Multiparts:		<none>
Body:			<none>
2025-08-10 20:08:28.934 [TestNG-test-Player Controller Tests-3] INFO  a.c.RestClient - HTTP GET /player/create/{editor} -> 200 (79 ms)
HTTP/1.1 200 
Content-Type: application/json
Transfer-Encoding: chunked
Date: Sun, 10 Aug 2025 17:08:37 GMT
Keep-Alive: timeout=60
Connection: keep-alive

{
    "id": 1967913744,
    "login": "ahmed.ward",
    "password": null,
    "screenName": null,
    "gender": null,
    "age": null,
    "role": null
}
2025-08-10 20:08:28.935 [TestNG-test-Player Controller Tests-3] INFO  a.PlayerUpdateTest - Created test player with ID: 1967913744
2025-08-10 20:08:28.936 [TestNG-test-Player Controller Tests-3] INFO  a.c.RestClient - Creating player with editor: supervisor, player: Player{age=53, gender='male', login='kennith.lueilwitz', role='user', screenName='2a50af29'}
2025-08-10 20:08:28.936 [TestNG-test-Player Controller Tests-3] INFO  a.c.RestClient - HTTP GET /player/create/{editor}
Request method:	GET
Request URI:	http://3.68.165.45/player/create/supervisor?password=w0W0FlDZx9jW&role=user&gender=male&screenName=2a50af29&login=kennith.lueilwitz&age=53
Proxy:			<none>
Request params:	<none>
Query params:	password=w0W0FlDZx9jW
				role=user
				gender=male
				screenName=2a50af29
				login=kennith.lueilwitz
				age=53
Form params:	<none>
Path params:	editor=supervisor
Headers:		Accept=*/*
				Content-Type=application/json
Cookies:		<none>
Multiparts:		<none>
Body:			<none>
2025-08-10 20:08:28.990 [TestNG-test-Player Controller Tests-2] INFO  a.c.RestClient - HTTP GET /player/create/{editor} -> 200 (59 ms)
HTTP/1.1 200 
Content-Type: application/json
Transfer-Encoding: chunked
Date: Sun, 10 Aug 2025 17:08:37 GMT
Keep-Alive: timeout=60
Connection: keep-alive

{
    "id": 601220217,
    "login": "bunny.nader",
    "password": null,
    "screenName": null,
    "gender": null,
    "age": null,
    "role": null
}
2025-08-10 20:08:28.991 [TestNG-test-Player Controller Tests-2] INFO  a.PlayerUpdateTest - Created target player with ID: 601220217
2025-08-10 20:08:29.003 [TestNG-test-Player Controller Tests-2] INFO  a.PlayerUpdateTest - Testing update player with user editor (unauthorized)
2025-08-10 20:08:29.003 [TestNG-test-Player Controller Tests-2] INFO  a.c.RestClient - Updating player with editor: ahmed.ward, playerId: 601220217, player: Player{age=25, gender='null', login='null', role='null', screenName='null'}
2025-08-10 20:08:29.003 [TestNG-test-Player Controller Tests-2] INFO  a.c.RestClient - HTTP PATCH /player/update/{editor}/{id}
Request method:	PATCH
Request URI:	http://3.68.165.45/player/update/ahmed.ward/601220217
Proxy:			<none>
Request params:	<none>
Query params:	<none>
Form params:	<none>
Path params:	editor=ahmed.ward
				id=601220217
Headers:		Accept=*/*
				Content-Type=application/json
Cookies:		<none>
Multiparts:		<none>
Body:
{
    "age": 25
}
2025-08-10 20:08:29.026 [TestNG-test-Player Controller Tests-3] INFO  a.c.RestClient - HTTP GET /player/create/{editor} -> 200 (62 ms)
HTTP/1.1 200 
Content-Type: application/json
Transfer-Encoding: chunked
Date: Sun, 10 Aug 2025 17:08:37 GMT
Keep-Alive: timeout=60
Connection: keep-alive

{
    "id": 1726234102,
    "login": "kennith.lueilwitz",
    "password": null,
    "screenName": null,
    "gender": null,
    "age": null,
    "role": null
}
2025-08-10 20:08:29.027 [TestNG-test-Player Controller Tests-3] INFO  a.PlayerUpdateTest - Created target player with ID: 1726234102
2025-08-10 20:08:29.039 [TestNG-test-Player Controller Tests-3] INFO  a.PlayerUpdateTest - Testing user cannot delete other users
2025-08-10 20:08:29.039 [TestNG-test-Player Controller Tests-3] INFO  a.c.RestClient - Deleting player with editor: ahmed.ward, playerId: 1726234102
2025-08-10 20:08:29.040 [TestNG-test-Player Controller Tests-3] INFO  a.c.RestClient - HTTP DELETE /player/delete/{editor}
Request method:	DELETE
Request URI:	http://3.68.165.45/player/delete/ahmed.ward
Proxy:			<none>
Request params:	<none>
Query params:	<none>
Form params:	<none>
Path params:	editor=ahmed.ward
Headers:		Accept=*/*
				Content-Type=application/json
Cookies:		<none>
Multiparts:		<none>
Body:
{
    "playerId": 1726234102
}
2025-08-10 20:08:29.086 [TestNG-test-Player Controller Tests-2] INFO  a.c.RestClient - HTTP PATCH /player/update/{editor}/{id} -> 200 (58 ms)
]]></system-out>
  </testcase>
  <testcase name="testUserCannotDeleteOtherUsers" classname="api.PlayerUserEditorNegativeTest" time="0.09">
    <failure message="Status code should be 403 when user tries to delete another user expected [403] but found [204]" type="java.lang.AssertionError"><![CDATA[java.lang.AssertionError: Status code should be 403 when user tries to delete another user expected [403] but found [204]
	at org.testng.Assert.fail(Assert.java:111)
	at org.testng.Assert.failNotEquals(Assert.java:1578)
	at org.testng.Assert.assertEqualsImpl(Assert.java:150)
	at org.testng.Assert.assertEquals(Assert.java:132)
	at org.testng.Assert.assertEquals(Assert.java:1419)
	at org.testng.Assert.assertEquals(Assert.java:1383)
	at api.PlayerUserEditorNegativeTest.testUserCannotDeleteOtherUsers(PlayerUserEditorNegativeTest.java:84)
	at java.base/jdk.internal.reflect.DirectMethodHandleAccessor.invoke(DirectMethodHandleAccessor.java:104)
	at java.base/java.lang.reflect.Method.invoke(Method.java:577)
	at org.testng.internal.invokers.MethodInvocationHelper.invokeMethod(MethodInvocationHelper.java:139)
	at org.testng.internal.invokers.TestInvoker.invokeMethod(TestInvoker.java:664)
	at org.testng.internal.invokers.TestInvoker.invokeTestMethod(TestInvoker.java:228)
	at org.testng.internal.invokers.MethodRunner.runInSequence(MethodRunner.java:63)
	at org.testng.internal.invokers.TestInvoker$MethodInvocationAgent.invoke(TestInvoker.java:961)
	at org.testng.internal.invokers.TestInvoker.invokeTestMethods(TestInvoker.java:201)
	at org.testng.internal.invokers.TestMethodWorker.invokeTestMethods(TestMethodWorker.java:148)
	at org.testng.internal.invokers.TestMethodWorker.run(TestMethodWorker.java:128)
	at java.base/java.util.concurrent.Executors$RunnableAdapter.call(Executors.java:539)
	at java.base/java.util.concurrent.FutureTask.run(FutureTask.java:264)
	at org.testng.internal.thread.graph.TestNGFutureTask.run(TestNGFutureTask.java:22)
	at java.base/java.util.concurrent.ThreadPoolExecutor.runWorker(ThreadPoolExecutor.java:1136)
	at java.base/java.util.concurrent.ThreadPoolExecutor$Worker.run(ThreadPoolExecutor.java:635)
	at java.base/java.lang.Thread.run(Thread.java:833)
]]></failure>
    <system-out><![CDATA[2025-08-10 20:08:29.095 [TestNG-test-Player Controller Tests-2] INFO  a.PlayerUpdateTest - Cleaning up 8 created players
2025-08-10 20:08:29.096 [TestNG-test-Player Controller Tests-2] INFO  a.c.RestClient - Deleting player with editor: supervisor, playerId: 1596451795
2025-08-10 20:08:29.096 [TestNG-test-Player Controller Tests-2] INFO  a.c.RestClient - HTTP DELETE /player/delete/{editor}
Request method:	DELETE
Request URI:	http://3.68.165.45/player/delete/supervisor
Proxy:			<none>
Request params:	<none>
Query params:	<none>
Form params:	<none>
Path params:	editor=supervisor
Headers:		Accept=*/*
				Content-Type=application/json
Cookies:		<none>
Multiparts:		<none>
Body:
{
    "playerId": 1596451795
}
2025-08-10 20:08:29.128 [TestNG-test-Player Controller Tests-3] INFO  a.c.RestClient - HTTP DELETE /player/delete/{editor} -> 204 (62 ms)
HTTP/1.1 204 
Date: Sun, 10 Aug 2025 17:08:37 GMT
Keep-Alive: timeout=60
Connection: keep-alive
]]></system-out>
  </testcase>
</testsuite>